[16.830s] Invoking command in '/home/perry/Jesus/Prueba6/src/my_package': PYTHONPATH=/home/perry/Jesus/Prueba6/build/my_package/prefix_override:/usr/lib/python3/dist-packages/colcon_core/task/python/colcon_distutils_commands:/home/perry/Jesus/Prueba6/install/my_package/lib/python3.10/site-packages:${PYTHONPATH} /usr/bin/python3 -W ignore:setup.py install is deprecated -W ignore:easy_install command is deprecated setup.py egg_info --egg-base ../../build/my_package build --build-base /home/perry/Jesus/Prueba6/build/my_package/build install --record /home/perry/Jesus/Prueba6/build/my_package/install.log --single-version-externally-managed install_data
[22.259s] running egg_info
[22.268s] writing ../../build/my_package/my_package.egg-info/PKG-INFO
[22.274s] writing dependency_links to ../../build/my_package/my_package.egg-info/dependency_links.txt
[22.278s] writing entry points to ../../build/my_package/my_package.egg-info/entry_points.txt
[22.280s] writing requirements to ../../build/my_package/my_package.egg-info/requires.txt
[22.285s] writing top-level names to ../../build/my_package/my_package.egg-info/top_level.txt
[22.317s] reading manifest file '../../build/my_package/my_package.egg-info/SOURCES.txt'
[22.328s] writing manifest file '../../build/my_package/my_package.egg-info/SOURCES.txt'
[22.330s] running build
[22.331s] running build_py
[22.338s] running install
[22.342s] running install_lib
[22.369s] running install_data
[22.371s] running install_egg_info
[22.397s] removing '/home/perry/Jesus/Prueba6/install/my_package/lib/python3.10/site-packages/my_package-0.0.0-py3.10.egg-info' (and everything under it)
[22.401s] Copying ../../build/my_package/my_package.egg-info to /home/perry/Jesus/Prueba6/install/my_package/lib/python3.10/site-packages/my_package-0.0.0-py3.10.egg-info
[22.423s] running install_scripts
[22.692s] Installing nodo_cinematica script to /home/perry/Jesus/Prueba6/install/my_package/lib/my_package
[22.694s] Installing nodo_cinematica_inv script to /home/perry/Jesus/Prueba6/install/my_package/lib/my_package
[22.698s] Installing nodo_mando script to /home/perry/Jesus/Prueba6/install/my_package/lib/my_package
[22.704s] writing list of installed files to '/home/perry/Jesus/Prueba6/build/my_package/install.log'
[23.011s] Invoked command in '/home/perry/Jesus/Prueba6/src/my_package' returned '0': PYTHONPATH=/home/perry/Jesus/Prueba6/build/my_package/prefix_override:/usr/lib/python3/dist-packages/colcon_core/task/python/colcon_distutils_commands:/home/perry/Jesus/Prueba6/install/my_package/lib/python3.10/site-packages:${PYTHONPATH} /usr/bin/python3 -W ignore:setup.py install is deprecated -W ignore:easy_install command is deprecated setup.py egg_info --egg-base ../../build/my_package build --build-base /home/perry/Jesus/Prueba6/build/my_package/build install --record /home/perry/Jesus/Prueba6/build/my_package/install.log --single-version-externally-managed install_data
