[0.180s] Invoking command in '/home/perry/Jesus/Prueba6/build/moveit': CMAKE_PREFIX_PATH=/home/perry/Jesus/Prueba6/install/irc_ros_description:/home/perry/Jesus/Prueba6/install/moveit:/home/perry/Jesus/Prueba6/install/hello_moveit:/home/perry/Jesus/Prueba6/install/my_package:/opt/ros/humble /usr/bin/cmake /home/perry/Jesus/Prueba6/src/moveit -DCMAKE_INSTALL_PREFIX=/home/perry/Jesus/Prueba6/install/moveit
[0.384s] -- Found ament_cmake: 1.3.11 (/opt/ros/humble/share/ament_cmake/cmake)
[2.203s] -- Override CMake install command with custom implementation using symlinks instead of copying resources
[3.405s] -- Configuring done
[3.458s] -- Generating done
[3.509s] -- Build files have been written to: /home/perry/Jesus/Prueba6/build/moveit
[3.539s] Invoked command in '/home/perry/Jesus/Prueba6/build/moveit' returned '0': CMAKE_PREFIX_PATH=/home/perry/Jesus/Prueba6/install/irc_ros_description:/home/perry/Jesus/Prueba6/install/moveit:/home/perry/Jesus/Prueba6/install/hello_moveit:/home/perry/Jesus/Prueba6/install/my_package:/opt/ros/humble /usr/bin/cmake /home/perry/Jesus/Prueba6/src/moveit -DCMAKE_INSTALL_PREFIX=/home/perry/Jesus/Prueba6/install/moveit
[3.614s] Invoking command in '/home/perry/Jesus/Prueba6/build/moveit': CMAKE_PREFIX_PATH=/home/perry/Jesus/Prueba6/install/irc_ros_description:/home/perry/Jesus/Prueba6/install/moveit:/home/perry/Jesus/Prueba6/install/hello_moveit:/home/perry/Jesus/Prueba6/install/my_package:/opt/ros/humble /usr/bin/cmake --build /home/perry/Jesus/Prueba6/build/moveit -- -j4 -l4
[4.081s] Invoked command in '/home/perry/Jesus/Prueba6/build/moveit' returned '0': CMAKE_PREFIX_PATH=/home/perry/Jesus/Prueba6/install/irc_ros_description:/home/perry/Jesus/Prueba6/install/moveit:/home/perry/Jesus/Prueba6/install/hello_moveit:/home/perry/Jesus/Prueba6/install/my_package:/opt/ros/humble /usr/bin/cmake --build /home/perry/Jesus/Prueba6/build/moveit -- -j4 -l4
[4.237s] Invoking command in '/home/perry/Jesus/Prueba6/build/moveit': CMAKE_PREFIX_PATH=/home/perry/Jesus/Prueba6/install/irc_ros_description:/home/perry/Jesus/Prueba6/install/moveit:/home/perry/Jesus/Prueba6/install/hello_moveit:/home/perry/Jesus/Prueba6/install/my_package:/opt/ros/humble /usr/bin/cmake --install /home/perry/Jesus/Prueba6/build/moveit
[4.330s] -- Install configuration: "Debug"
[4.338s] -- Execute custom install script
[4.344s] -- Up-to-date symlink: /home/perry/Jesus/Prueba6/install/moveit/share/ament_index/resource_index/package_run_dependencies/moveit
[4.349s] -- Up-to-date symlink: /home/perry/Jesus/Prueba6/install/moveit/share/ament_index/resource_index/parent_prefix_path/moveit
[4.356s] -- Up-to-date symlink: /home/perry/Jesus/Prueba6/install/moveit/share/moveit/environment/ament_prefix_path.sh
[4.362s] -- Up-to-date symlink: /home/perry/Jesus/Prueba6/install/moveit/share/moveit/environment/ament_prefix_path.dsv
[4.367s] -- Up-to-date symlink: /home/perry/Jesus/Prueba6/install/moveit/share/moveit/environment/path.sh
[4.372s] -- Up-to-date symlink: /home/perry/Jesus/Prueba6/install/moveit/share/moveit/environment/path.dsv
[4.378s] -- Up-to-date symlink: /home/perry/Jesus/Prueba6/install/moveit/share/moveit/local_setup.bash
[4.384s] -- Up-to-date symlink: /home/perry/Jesus/Prueba6/install/moveit/share/moveit/local_setup.sh
[4.391s] -- Up-to-date symlink: /home/perry/Jesus/Prueba6/install/moveit/share/moveit/local_setup.zsh
[4.396s] -- Up-to-date symlink: /home/perry/Jesus/Prueba6/install/moveit/share/moveit/local_setup.dsv
[4.400s] -- Symlinking: /home/perry/Jesus/Prueba6/install/moveit/share/moveit/package.dsv
[4.493s] -- Up-to-date symlink: /home/perry/Jesus/Prueba6/install/moveit/share/ament_index/resource_index/packages/moveit
[4.500s] -- Up-to-date symlink: /home/perry/Jesus/Prueba6/install/moveit/share/moveit/cmake/moveitConfig.cmake
[4.510s] -- Up-to-date symlink: /home/perry/Jesus/Prueba6/install/moveit/share/moveit/cmake/moveitConfig-version.cmake
[4.516s] -- Up-to-date symlink: /home/perry/Jesus/Prueba6/install/moveit/share/moveit/package.xml
[4.536s] -- Symlinking: /home/perry/Jesus/Prueba6/install/moveit/share/moveit/launch/demo.launch.py
[4.635s] -- Symlinking: /home/perry/Jesus/Prueba6/install/moveit/share/moveit/launch/move_group.launch.py
[4.740s] -- Symlinking: /home/perry/Jesus/Prueba6/install/moveit/share/moveit/launch/moveit_rviz.launch.py
[4.839s] -- Symlinking: /home/perry/Jesus/Prueba6/install/moveit/share/moveit/launch/rsp.launch.py
[4.962s] -- Symlinking: /home/perry/Jesus/Prueba6/install/moveit/share/moveit/launch/setup_assistant.launch.py
[5.028s] -- Symlinking: /home/perry/Jesus/Prueba6/install/moveit/share/moveit/launch/spawn_controllers.launch.py
[5.085s] -- Symlinking: /home/perry/Jesus/Prueba6/install/moveit/share/moveit/launch/static_virtual_joint_tfs.launch.py
[5.179s] -- Symlinking: /home/perry/Jesus/Prueba6/install/moveit/share/moveit/launch/warehouse_db.launch.py
[5.278s] -- Up-to-date symlink: /home/perry/Jesus/Prueba6/install/moveit/share/moveit/config/igus_rebel_6dof.ros2_control.xacro
[5.279s] -- Up-to-date symlink: /home/perry/Jesus/Prueba6/install/moveit/share/moveit/config/igus_rebel_6dof.srdf
[5.285s] -- Up-to-date symlink: /home/perry/Jesus/Prueba6/install/moveit/share/moveit/config/igus_rebel_6dof.urdf.xacro
[5.287s] -- Up-to-date symlink: /home/perry/Jesus/Prueba6/install/moveit/share/moveit/config/initial_positions.yaml
[5.288s] -- Up-to-date symlink: /home/perry/Jesus/Prueba6/install/moveit/share/moveit/config/joint_limits.yaml
[5.289s] -- Up-to-date symlink: /home/perry/Jesus/Prueba6/install/moveit/share/moveit/config/kinematics.yaml
[5.290s] -- Symlinking: /home/perry/Jesus/Prueba6/install/moveit/share/moveit/config/moveit.rviz
[5.370s] -- Symlinking: /home/perry/Jesus/Prueba6/install/moveit/share/moveit/config/moveit_controllers.yaml
[5.458s] -- Up-to-date symlink: /home/perry/Jesus/Prueba6/install/moveit/share/moveit/config/pilz_cartesian_limits.yaml
[5.459s] -- Symlinking: /home/perry/Jesus/Prueba6/install/moveit/share/moveit/config/ros2_controllers.yaml
[5.536s] -- Up-to-date symlink: /home/perry/Jesus/Prueba6/install/moveit/share/moveit/.setup_assistant
[5.562s] Invoked command in '/home/perry/Jesus/Prueba6/build/moveit' returned '0': CMAKE_PREFIX_PATH=/home/perry/Jesus/Prueba6/install/irc_ros_description:/home/perry/Jesus/Prueba6/install/moveit:/home/perry/Jesus/Prueba6/install/hello_moveit:/home/perry/Jesus/Prueba6/install/my_package:/opt/ros/humble /usr/bin/cmake --install /home/perry/Jesus/Prueba6/build/moveit
