[3.743s] DEBUG:colcon:Command line arguments: ['/usr/bin/colcon', 'build', '--packages-select', 'my_package']
[3.744s] DEBUG:colcon:Parsed command line arguments: Namespace(log_base=None, log_level=None, verb_name='build', build_base='build', install_base='install', merge_install=False, symlink_install=False, test_result_base=None, continue_on_error=False, executor='parallel', parallel_workers=4, event_handlers=None, ignore_user_meta=False, metas=['./colcon.meta'], base_paths=['.'], packages_ignore=None, packages_ignore_regex=None, paths=None, packages_up_to=None, packages_up_to_regex=None, packages_above=None, packages_above_and_dependencies=None, packages_above_depth=None, packages_select_by_dep=None, packages_skip_by_dep=None, packages_skip_up_to=None, packages_select_build_failed=False, packages_skip_build_finished=False, packages_select_test_failures=False, packages_skip_test_passed=False, packages_select=['my_package'], packages_skip=None, packages_select_regex=None, packages_skip_regex=None, packages_start=None, packages_end=None, allow_overriding=[], cmake_args=None, cmake_target=None, cmake_target_skip_unavailable=False, cmake_clean_cache=False, cmake_clean_first=False, cmake_force_configure=False, ament_cmake_args=None, catkin_cmake_args=None, catkin_skip_building_tests=False, mixin_files=None, mixin=None, verb_parser=<colcon_mixin.mixin.mixin_argument.MixinArgumentDecorator object at 0xffff7f1f0cd0>, verb_extension=<colcon_core.verb.build.BuildVerb object at 0xffff7f1f0820>, main=<bound method BuildVerb.main of <colcon_core.verb.build.BuildVerb object at 0xffff7f1f0820>>, mixin_verb=('build',))
[9.751s] Level 1:colcon.colcon_core.package_discovery:discover_packages(colcon_meta) check parameters
[9.754s] Level 1:colcon.colcon_core.package_discovery:discover_packages(recursive) check parameters
[9.755s] Level 1:colcon.colcon_core.package_discovery:discover_packages(ignore) check parameters
[9.757s] Level 1:colcon.colcon_core.package_discovery:discover_packages(path) check parameters
[9.758s] Level 1:colcon.colcon_core.package_discovery:discover_packages(colcon_meta) discover
[9.759s] Level 1:colcon.colcon_core.package_discovery:discover_packages(recursive) discover
[9.760s] INFO:colcon.colcon_core.package_discovery:Crawling recursively for packages in '/home/perry/Jesus/Prueba6'
[9.761s] Level 1:colcon.colcon_core.package_identification:_identify(.) by extensions ['ignore', 'ignore_ament_install']
[9.765s] Level 1:colcon.colcon_core.package_identification:_identify(.) by extension 'ignore'
[9.766s] Level 1:colcon.colcon_core.package_identification:_identify(.) by extension 'ignore_ament_install'
[9.768s] Level 1:colcon.colcon_core.package_identification:_identify(.) by extensions ['colcon_pkg']
[9.769s] Level 1:colcon.colcon_core.package_identification:_identify(.) by extension 'colcon_pkg'
[9.771s] Level 1:colcon.colcon_core.package_identification:_identify(.) by extensions ['colcon_meta']
[9.773s] Level 1:colcon.colcon_core.package_identification:_identify(.) by extension 'colcon_meta'
[9.774s] Level 1:colcon.colcon_core.package_identification:_identify(.) by extensions ['ros']
[9.775s] Level 1:colcon.colcon_core.package_identification:_identify(.) by extension 'ros'
[10.112s] Level 1:colcon.colcon_core.package_identification:_identify(.) by extensions ['cmake', 'python']
[10.112s] Level 1:colcon.colcon_core.package_identification:_identify(.) by extension 'cmake'
[10.113s] Level 1:colcon.colcon_core.package_identification:_identify(.) by extension 'python'
[10.115s] Level 1:colcon.colcon_core.package_identification:_identify(.) by extensions ['python_setup_py']
[10.117s] Level 1:colcon.colcon_core.package_identification:_identify(.) by extension 'python_setup_py'
[10.120s] Level 1:colcon.colcon_core.package_identification:_identify(build) by extensions ['ignore', 'ignore_ament_install']
[10.123s] Level 1:colcon.colcon_core.package_identification:_identify(build) by extension 'ignore'
[10.125s] Level 1:colcon.colcon_core.package_identification:_identify(build) ignored
[10.130s] Level 1:colcon.colcon_core.package_identification:_identify(install) by extensions ['ignore', 'ignore_ament_install']
[10.132s] Level 1:colcon.colcon_core.package_identification:_identify(install) by extension 'ignore'
[10.133s] Level 1:colcon.colcon_core.package_identification:_identify(install) ignored
[10.137s] Level 1:colcon.colcon_core.package_identification:_identify(log) by extensions ['ignore', 'ignore_ament_install']
[10.139s] Level 1:colcon.colcon_core.package_identification:_identify(log) by extension 'ignore'
[10.142s] Level 1:colcon.colcon_core.package_identification:_identify(log) ignored
[10.145s] Level 1:colcon.colcon_core.package_identification:_identify(src) by extensions ['ignore', 'ignore_ament_install']
[10.147s] Level 1:colcon.colcon_core.package_identification:_identify(src) by extension 'ignore'
[10.149s] Level 1:colcon.colcon_core.package_identification:_identify(src) by extension 'ignore_ament_install'
[10.151s] Level 1:colcon.colcon_core.package_identification:_identify(src) by extensions ['colcon_pkg']
[10.153s] Level 1:colcon.colcon_core.package_identification:_identify(src) by extension 'colcon_pkg'
[10.154s] Level 1:colcon.colcon_core.package_identification:_identify(src) by extensions ['colcon_meta']
[10.156s] Level 1:colcon.colcon_core.package_identification:_identify(src) by extension 'colcon_meta'
[10.159s] Level 1:colcon.colcon_core.package_identification:_identify(src) by extensions ['ros']
[10.160s] Level 1:colcon.colcon_core.package_identification:_identify(src) by extension 'ros'
[10.163s] Level 1:colcon.colcon_core.package_identification:_identify(src) by extensions ['cmake', 'python']
[10.164s] Level 1:colcon.colcon_core.package_identification:_identify(src) by extension 'cmake'
[10.166s] Level 1:colcon.colcon_core.package_identification:_identify(src) by extension 'python'
[10.167s] Level 1:colcon.colcon_core.package_identification:_identify(src) by extensions ['python_setup_py']
[10.169s] Level 1:colcon.colcon_core.package_identification:_identify(src) by extension 'python_setup_py'
[10.172s] Level 1:colcon.colcon_core.package_identification:_identify(src/hello_moveit) by extensions ['ignore', 'ignore_ament_install']
[10.176s] Level 1:colcon.colcon_core.package_identification:_identify(src/hello_moveit) by extension 'ignore'
[10.178s] Level 1:colcon.colcon_core.package_identification:_identify(src/hello_moveit) by extension 'ignore_ament_install'
[10.181s] Level 1:colcon.colcon_core.package_identification:_identify(src/hello_moveit) by extensions ['colcon_pkg']
[10.182s] Level 1:colcon.colcon_core.package_identification:_identify(src/hello_moveit) by extension 'colcon_pkg'
[10.183s] Level 1:colcon.colcon_core.package_identification:_identify(src/hello_moveit) by extensions ['colcon_meta']
[10.184s] Level 1:colcon.colcon_core.package_identification:_identify(src/hello_moveit) by extension 'colcon_meta'
[10.185s] Level 1:colcon.colcon_core.package_identification:_identify(src/hello_moveit) by extensions ['ros']
[10.186s] Level 1:colcon.colcon_core.package_identification:_identify(src/hello_moveit) by extension 'ros'
[10.237s] DEBUG:colcon.colcon_core.package_identification:Package 'src/hello_moveit' with type 'ros.ament_cmake' and name 'hello_moveit'
[10.239s] Level 1:colcon.colcon_core.package_identification:_identify(src/irc_ros_description) by extensions ['ignore', 'ignore_ament_install']
[10.240s] Level 1:colcon.colcon_core.package_identification:_identify(src/irc_ros_description) by extension 'ignore'
[10.242s] Level 1:colcon.colcon_core.package_identification:_identify(src/irc_ros_description) by extension 'ignore_ament_install'
[10.244s] Level 1:colcon.colcon_core.package_identification:_identify(src/irc_ros_description) by extensions ['colcon_pkg']
[10.245s] Level 1:colcon.colcon_core.package_identification:_identify(src/irc_ros_description) by extension 'colcon_pkg'
[10.251s] Level 1:colcon.colcon_core.package_identification:_identify(src/irc_ros_description) by extensions ['colcon_meta']
[10.252s] Level 1:colcon.colcon_core.package_identification:_identify(src/irc_ros_description) by extension 'colcon_meta'
[10.254s] Level 1:colcon.colcon_core.package_identification:_identify(src/irc_ros_description) by extensions ['ros']
[10.255s] Level 1:colcon.colcon_core.package_identification:_identify(src/irc_ros_description) by extension 'ros'
[10.270s] DEBUG:colcon.colcon_core.package_identification:Package 'src/irc_ros_description' with type 'ros.ament_cmake' and name 'irc_ros_description'
[10.272s] Level 1:colcon.colcon_core.package_identification:_identify(src/moveit2_pose_target) by extensions ['ignore', 'ignore_ament_install']
[10.275s] Level 1:colcon.colcon_core.package_identification:_identify(src/moveit2_pose_target) by extension 'ignore'
[10.277s] Level 1:colcon.colcon_core.package_identification:_identify(src/moveit2_pose_target) by extension 'ignore_ament_install'
[10.279s] Level 1:colcon.colcon_core.package_identification:_identify(src/moveit2_pose_target) by extensions ['colcon_pkg']
[10.280s] Level 1:colcon.colcon_core.package_identification:_identify(src/moveit2_pose_target) by extension 'colcon_pkg'
[10.281s] Level 1:colcon.colcon_core.package_identification:_identify(src/moveit2_pose_target) by extensions ['colcon_meta']
[10.282s] Level 1:colcon.colcon_core.package_identification:_identify(src/moveit2_pose_target) by extension 'colcon_meta'
[10.283s] Level 1:colcon.colcon_core.package_identification:_identify(src/moveit2_pose_target) by extensions ['ros']
[10.283s] Level 1:colcon.colcon_core.package_identification:_identify(src/moveit2_pose_target) by extension 'ros'
[10.294s] DEBUG:colcon.colcon_core.package_identification:Package 'src/moveit2_pose_target' with type 'ros.ament_cmake' and name 'moveit2_pose_target'
[10.296s] Level 1:colcon.colcon_core.package_identification:_identify(src/my_package) by extensions ['ignore', 'ignore_ament_install']
[10.297s] Level 1:colcon.colcon_core.package_identification:_identify(src/my_package) by extension 'ignore'
[10.298s] Level 1:colcon.colcon_core.package_identification:_identify(src/my_package) by extension 'ignore_ament_install'
[10.300s] Level 1:colcon.colcon_core.package_identification:_identify(src/my_package) by extensions ['colcon_pkg']
[10.301s] Level 1:colcon.colcon_core.package_identification:_identify(src/my_package) by extension 'colcon_pkg'
[10.303s] Level 1:colcon.colcon_core.package_identification:_identify(src/my_package) by extensions ['colcon_meta']
[10.304s] Level 1:colcon.colcon_core.package_identification:_identify(src/my_package) by extension 'colcon_meta'
[10.306s] Level 1:colcon.colcon_core.package_identification:_identify(src/my_package) by extensions ['ros']
[10.307s] Level 1:colcon.colcon_core.package_identification:_identify(src/my_package) by extension 'ros'
[10.317s] DEBUG:colcon.colcon_core.package_identification:Package 'src/my_package' with type 'ros.ament_python' and name 'my_package'
[10.319s] Level 1:colcon.colcon_core.package_identification:_identify(src/robot) by extensions ['ignore', 'ignore_ament_install']
[10.320s] Level 1:colcon.colcon_core.package_identification:_identify(src/robot) by extension 'ignore'
[10.323s] Level 1:colcon.colcon_core.package_identification:_identify(src/robot) by extension 'ignore_ament_install'
[10.327s] Level 1:colcon.colcon_core.package_identification:_identify(src/robot) by extensions ['colcon_pkg']
[10.328s] Level 1:colcon.colcon_core.package_identification:_identify(src/robot) by extension 'colcon_pkg'
[10.329s] Level 1:colcon.colcon_core.package_identification:_identify(src/robot) by extensions ['colcon_meta']
[10.330s] Level 1:colcon.colcon_core.package_identification:_identify(src/robot) by extension 'colcon_meta'
[10.330s] Level 1:colcon.colcon_core.package_identification:_identify(src/robot) by extensions ['ros']
[10.331s] Level 1:colcon.colcon_core.package_identification:_identify(src/robot) by extension 'ros'
[10.348s] DEBUG:colcon.colcon_core.package_identification:Package 'src/robot' with type 'ros.ament_cmake' and name 'robot'
[10.349s] Level 1:colcon.colcon_core.package_discovery:discover_packages(recursive) using defaults
[10.350s] Level 1:colcon.colcon_core.package_discovery:discover_packages(ignore) discover
[10.352s] Level 1:colcon.colcon_core.package_discovery:discover_packages(ignore) using defaults
[10.353s] Level 1:colcon.colcon_core.package_discovery:discover_packages(path) discover
[10.354s] Level 1:colcon.colcon_core.package_discovery:discover_packages(path) using defaults
[10.799s] INFO:colcon.colcon_core.package_selection:Skipping not selected package 'hello_moveit' in 'src/hello_moveit'
[10.800s] INFO:colcon.colcon_core.package_selection:Skipping not selected package 'irc_ros_description' in 'src/irc_ros_description'
[10.800s] INFO:colcon.colcon_core.package_selection:Skipping not selected package 'moveit2_pose_target' in 'src/moveit2_pose_target'
[10.801s] INFO:colcon.colcon_core.package_selection:Skipping not selected package 'robot' in 'src/robot'
[10.809s] Level 1:colcon.colcon_core.package_discovery:discover_packages(prefix_path) check parameters
[10.810s] Level 1:colcon.colcon_core.package_discovery:discover_packages(prefix_path) discover
[10.916s] DEBUG:colcon.colcon_installed_package_information.package_discovery:Found 12 installed packages in /home/perry/Jesus/Prueba6/install
[10.956s] DEBUG:colcon.colcon_installed_package_information.package_discovery:Found 444 installed packages in /opt/ros/humble
[10.981s] Level 1:colcon.colcon_core.package_discovery:discover_packages(prefix_path) using defaults
[12.859s] Level 5:colcon.colcon_core.verb:set package 'my_package' build argument 'cmake_args' from command line to 'None'
[12.860s] Level 5:colcon.colcon_core.verb:set package 'my_package' build argument 'cmake_target' from command line to 'None'
[12.860s] Level 5:colcon.colcon_core.verb:set package 'my_package' build argument 'cmake_target_skip_unavailable' from command line to 'False'
[12.861s] Level 5:colcon.colcon_core.verb:set package 'my_package' build argument 'cmake_clean_cache' from command line to 'False'
[12.861s] Level 5:colcon.colcon_core.verb:set package 'my_package' build argument 'cmake_clean_first' from command line to 'False'
[12.861s] Level 5:colcon.colcon_core.verb:set package 'my_package' build argument 'cmake_force_configure' from command line to 'False'
[12.862s] Level 5:colcon.colcon_core.verb:set package 'my_package' build argument 'ament_cmake_args' from command line to 'None'
[12.862s] Level 5:colcon.colcon_core.verb:set package 'my_package' build argument 'catkin_cmake_args' from command line to 'None'
[12.862s] Level 5:colcon.colcon_core.verb:set package 'my_package' build argument 'catkin_skip_building_tests' from command line to 'False'
[12.862s] DEBUG:colcon.colcon_core.verb:Building package 'my_package' with the following arguments: {'ament_cmake_args': None, 'build_base': '/home/perry/Jesus/Prueba6/build/my_package', 'catkin_cmake_args': None, 'catkin_skip_building_tests': False, 'cmake_args': None, 'cmake_clean_cache': False, 'cmake_clean_first': False, 'cmake_force_configure': False, 'cmake_target': None, 'cmake_target_skip_unavailable': False, 'install_base': '/home/perry/Jesus/Prueba6/install/my_package', 'merge_install': False, 'path': '/home/perry/Jesus/Prueba6/src/my_package', 'symlink_install': False, 'test_result_base': None}
[12.865s] INFO:colcon.colcon_core.executor:Executing jobs using 'parallel' executor
[12.874s] DEBUG:colcon.colcon_parallel_executor.executor.parallel:run_until_complete
[12.877s] INFO:colcon.colcon_ros.task.ament_python.build:Building ROS package in '/home/perry/Jesus/Prueba6/src/my_package' with build type 'ament_python'
[12.885s] Level 1:colcon.colcon_core.shell:create_environment_hook('my_package', 'ament_prefix_path')
[12.950s] INFO:colcon.colcon_core.plugin_system:Skipping extension 'colcon_core.shell.bat': Not used on non-Windows systems
[12.953s] INFO:colcon.colcon_core.shell:Creating environment hook '/home/perry/Jesus/Prueba6/install/my_package/share/my_package/hook/ament_prefix_path.ps1'
[12.964s] INFO:colcon.colcon_core.shell:Creating environment descriptor '/home/perry/Jesus/Prueba6/install/my_package/share/my_package/hook/ament_prefix_path.dsv'
[12.973s] INFO:colcon.colcon_core.shell:Creating environment hook '/home/perry/Jesus/Prueba6/install/my_package/share/my_package/hook/ament_prefix_path.sh'
[12.989s] INFO:colcon.colcon_core.shell:Skip shell extension 'powershell' for command environment: Not usable outside of PowerShell
[12.990s] DEBUG:colcon.colcon_core.shell:Skip shell extension 'dsv' for command environment
[18.903s] INFO:colcon.colcon_core.task.python.build:Building Python package in '/home/perry/Jesus/Prueba6/src/my_package'
[18.907s] INFO:colcon.colcon_core.shell:Skip shell extension 'powershell' for command environment: Not usable outside of PowerShell
[18.908s] DEBUG:colcon.colcon_core.shell:Skip shell extension 'dsv' for command environment
[30.692s] DEBUG:colcon.colcon_core.event_handler.log_command:Invoking command in '/home/perry/Jesus/Prueba6/src/my_package': PYTHONPATH=/home/perry/Jesus/Prueba6/build/my_package/prefix_override:/usr/lib/python3/dist-packages/colcon_core/task/python/colcon_distutils_commands:/home/perry/Jesus/Prueba6/install/my_package/lib/python3.10/site-packages:${PYTHONPATH} /usr/bin/python3 -W ignore:setup.py install is deprecated -W ignore:easy_install command is deprecated setup.py egg_info --egg-base ../../build/my_package build --build-base /home/perry/Jesus/Prueba6/build/my_package/build install --record /home/perry/Jesus/Prueba6/build/my_package/install.log --single-version-externally-managed install_data
[38.460s] DEBUG:colcon.colcon_core.event_handler.log_command:Invoked command in '/home/perry/Jesus/Prueba6/src/my_package' returned '0': PYTHONPATH=/home/perry/Jesus/Prueba6/build/my_package/prefix_override:/usr/lib/python3/dist-packages/colcon_core/task/python/colcon_distutils_commands:/home/perry/Jesus/Prueba6/install/my_package/lib/python3.10/site-packages:${PYTHONPATH} /usr/bin/python3 -W ignore:setup.py install is deprecated -W ignore:easy_install command is deprecated setup.py egg_info --egg-base ../../build/my_package build --build-base /home/perry/Jesus/Prueba6/build/my_package/build install --record /home/perry/Jesus/Prueba6/build/my_package/install.log --single-version-externally-managed install_data
[38.525s] Level 1:colcon.colcon_core.environment:checking '/home/perry/Jesus/Prueba6/install/my_package' for CMake module files
[38.537s] Level 1:colcon.colcon_core.environment:checking '/home/perry/Jesus/Prueba6/install/my_package' for CMake config files
[38.553s] Level 1:colcon.colcon_core.environment:checking '/home/perry/Jesus/Prueba6/install/my_package/lib'
[38.557s] Level 1:colcon.colcon_core.environment:checking '/home/perry/Jesus/Prueba6/install/my_package/bin'
[38.559s] Level 1:colcon.colcon_core.environment:checking '/home/perry/Jesus/Prueba6/install/my_package/lib/pkgconfig/my_package.pc'
[38.564s] Level 1:colcon.colcon_core.environment:checking '/home/perry/Jesus/Prueba6/install/my_package/lib/python3.10/site-packages'
[38.567s] Level 1:colcon.colcon_core.shell:create_environment_hook('my_package', 'pythonpath')
[38.572s] INFO:colcon.colcon_core.shell:Creating environment hook '/home/perry/Jesus/Prueba6/install/my_package/share/my_package/hook/pythonpath.ps1'
[38.579s] INFO:colcon.colcon_core.shell:Creating environment descriptor '/home/perry/Jesus/Prueba6/install/my_package/share/my_package/hook/pythonpath.dsv'
[38.589s] INFO:colcon.colcon_core.shell:Creating environment hook '/home/perry/Jesus/Prueba6/install/my_package/share/my_package/hook/pythonpath.sh'
[38.596s] Level 1:colcon.colcon_core.environment:checking '/home/perry/Jesus/Prueba6/install/my_package/bin'
[38.598s] Level 1:colcon.colcon_core.environment:create_environment_scripts_only(my_package)
[38.604s] INFO:colcon.colcon_core.shell:Creating package script '/home/perry/Jesus/Prueba6/install/my_package/share/my_package/package.ps1'
[38.620s] INFO:colcon.colcon_core.shell:Creating package descriptor '/home/perry/Jesus/Prueba6/install/my_package/share/my_package/package.dsv'
[38.629s] INFO:colcon.colcon_core.shell:Creating package script '/home/perry/Jesus/Prueba6/install/my_package/share/my_package/package.sh'
[38.641s] INFO:colcon.colcon_core.shell:Creating package script '/home/perry/Jesus/Prueba6/install/my_package/share/my_package/package.bash'
[38.650s] INFO:colcon.colcon_core.shell:Creating package script '/home/perry/Jesus/Prueba6/install/my_package/share/my_package/package.zsh'
[38.660s] Level 1:colcon.colcon_core.environment:create_file_with_runtime_dependencies(/home/perry/Jesus/Prueba6/install/my_package/share/colcon-core/packages/my_package)
[38.675s] DEBUG:colcon.colcon_parallel_executor.executor.parallel:closing loop
[38.677s] DEBUG:colcon.colcon_parallel_executor.executor.parallel:loop closed
[38.679s] DEBUG:colcon.colcon_parallel_executor.executor.parallel:run_until_complete finished with '0'
[38.681s] DEBUG:colcon.colcon_core.event_reactor:joining thread
[38.812s] INFO:colcon.colcon_core.plugin_system:Skipping extension 'colcon_notification.desktop_notification.terminal_notifier': Not used on non-Darwin systems
[38.814s] INFO:colcon.colcon_core.plugin_system:Skipping extension 'colcon_notification.desktop_notification.win32': Not used on non-Windows systems
[38.816s] INFO:colcon.colcon_notification.desktop_notification:Sending desktop notification using 'notify2'
[39.051s] DEBUG:colcon.colcon_core.event_reactor:joined thread
[39.061s] INFO:colcon.colcon_core.shell:Creating prefix script '/home/perry/Jesus/Prueba6/install/local_setup.ps1'
[39.081s] INFO:colcon.colcon_core.shell:Creating prefix util module '/home/perry/Jesus/Prueba6/install/_local_setup_util_ps1.py'
[39.103s] INFO:colcon.colcon_core.shell:Creating prefix chain script '/home/perry/Jesus/Prueba6/install/setup.ps1'
[39.124s] INFO:colcon.colcon_core.shell:Creating prefix script '/home/perry/Jesus/Prueba6/install/local_setup.sh'
[39.134s] INFO:colcon.colcon_core.shell:Creating prefix util module '/home/perry/Jesus/Prueba6/install/_local_setup_util_sh.py'
[39.142s] INFO:colcon.colcon_core.shell:Creating prefix chain script '/home/perry/Jesus/Prueba6/install/setup.sh'
[39.163s] INFO:colcon.colcon_core.shell:Creating prefix script '/home/perry/Jesus/Prueba6/install/local_setup.bash'
[39.172s] INFO:colcon.colcon_core.shell:Creating prefix chain script '/home/perry/Jesus/Prueba6/install/setup.bash'
[39.190s] INFO:colcon.colcon_core.shell:Creating prefix script '/home/perry/Jesus/Prueba6/install/local_setup.zsh'
[39.196s] INFO:colcon.colcon_core.shell:Creating prefix chain script '/home/perry/Jesus/Prueba6/install/setup.zsh'
