[0.238s] Invoking command in '/home/perry/Jesus/Prueba6/build/moveit2_pose_target': CMAKE_PREFIX_PATH=${CMAKE_PREFIX_PATH}:/home/perry/Jesus/Prueba6/install/my_package:/home/perry/Jesus/Prueba6/install/moveit_configs_utils:/opt/ros/humble /usr/bin/cmake --build /home/perry/Jesus/Prueba6/build/moveit2_pose_target -- -j4 -l4
[1.508s] [ 50%] [32mBuilding CXX object CMakeFiles/move_to_pose_node.dir/src/move_to_pose_node.cpp.o[0m
[253.690s] [100%] [32m[1mLinking CXX executable move_to_pose_node[0m
[269.584s] [100%] Built target move_to_pose_node
[269.864s] Invoked command in '/home/perry/Jesus/Prueba6/build/moveit2_pose_target' returned '0': CMAKE_PREFIX_PATH=${CMAKE_PREFIX_PATH}:/home/perry/Jesus/Prueba6/install/my_package:/home/perry/Jesus/Prueba6/install/moveit_configs_utils:/opt/ros/humble /usr/bin/cmake --build /home/perry/Jesus/Prueba6/build/moveit2_pose_target -- -j4 -l4
[270.081s] Invoking command in '/home/perry/Jesus/Prueba6/build/moveit2_pose_target': CMAKE_PREFIX_PATH=${CMAKE_PREFIX_PATH}:/home/perry/Jesus/Prueba6/install/my_package:/home/perry/Jesus/Prueba6/install/moveit_configs_utils:/opt/ros/humble /usr/bin/cmake --install /home/perry/Jesus/Prueba6/build/moveit2_pose_target
[270.285s] -- Install configuration: "Debug"
[270.340s] -- Execute custom install script
[270.524s] -- Up-to-date symlink: /home/perry/Jesus/Prueba6/install/moveit2_pose_target/lib/moveit2_pose_target/move_to_pose_node
[270.592s] -- Up-to-date symlink: /home/perry/Jesus/Prueba6/install/moveit2_pose_target/share/ament_index/resource_index/package_run_dependencies/moveit2_pose_target
[270.625s] -- Up-to-date symlink: /home/perry/Jesus/Prueba6/install/moveit2_pose_target/share/ament_index/resource_index/parent_prefix_path/moveit2_pose_target
[270.755s] -- Up-to-date symlink: /home/perry/Jesus/Prueba6/install/moveit2_pose_target/share/moveit2_pose_target/environment/ament_prefix_path.sh
[270.814s] -- Up-to-date symlink: /home/perry/Jesus/Prueba6/install/moveit2_pose_target/share/moveit2_pose_target/environment/ament_prefix_path.dsv
[270.835s] -- Up-to-date symlink: /home/perry/Jesus/Prueba6/install/moveit2_pose_target/share/moveit2_pose_target/environment/path.sh
[270.870s] -- Up-to-date symlink: /home/perry/Jesus/Prueba6/install/moveit2_pose_target/share/moveit2_pose_target/environment/path.dsv
[270.909s] -- Up-to-date symlink: /home/perry/Jesus/Prueba6/install/moveit2_pose_target/share/moveit2_pose_target/local_setup.bash
[270.943s] -- Up-to-date symlink: /home/perry/Jesus/Prueba6/install/moveit2_pose_target/share/moveit2_pose_target/local_setup.sh
[270.974s] -- Up-to-date symlink: /home/perry/Jesus/Prueba6/install/moveit2_pose_target/share/moveit2_pose_target/local_setup.zsh
[271.005s] -- Up-to-date symlink: /home/perry/Jesus/Prueba6/install/moveit2_pose_target/share/moveit2_pose_target/local_setup.dsv
[271.007s] -- Symlinking: /home/perry/Jesus/Prueba6/install/moveit2_pose_target/share/moveit2_pose_target/package.dsv
[271.396s] -- Up-to-date symlink: /home/perry/Jesus/Prueba6/install/moveit2_pose_target/share/ament_index/resource_index/packages/moveit2_pose_target
[271.453s] -- Up-to-date symlink: /home/perry/Jesus/Prueba6/install/moveit2_pose_target/share/moveit2_pose_target/cmake/moveit2_pose_targetConfig.cmake
[271.464s] -- Up-to-date symlink: /home/perry/Jesus/Prueba6/install/moveit2_pose_target/share/moveit2_pose_target/cmake/moveit2_pose_targetConfig-version.cmake
[271.479s] -- Up-to-date symlink: /home/perry/Jesus/Prueba6/install/moveit2_pose_target/share/moveit2_pose_target/package.xml
[271.511s] Invoked command in '/home/perry/Jesus/Prueba6/build/moveit2_pose_target' returned '0': CMAKE_PREFIX_PATH=${CMAKE_PREFIX_PATH}:/home/perry/Jesus/Prueba6/install/my_package:/home/perry/Jesus/Prueba6/install/moveit_configs_utils:/opt/ros/humble /usr/bin/cmake --install /home/perry/Jesus/Prueba6/build/moveit2_pose_target
