[0.140s] Invoking command in '/home/perry/Jesus/Prueba6/build/robot': CMAKE_PREFIX_PATH=/home/perry/Jesus/Prueba6/install/irc_ros_description:/home/perry/Jesus/Prueba6/install/rviz_marker_tools:/home/perry/Jesus/Prueba6/install/robot:/home/perry/Jesus/Prueba6/install/moveit_task_constructor_msgs:/home/perry/Jesus/Prueba6/install/moveit_resources_prbt_support:/home/perry/Jesus/Prueba6/install/moveit:/home/perry/Jesus/Prueba6/install/moveit_common:/home/perry/Jesus/Prueba6/install/moveit2_pose_target:/home/perry/Jesus/Prueba6/install/hello_moveit:/home/perry/Jesus/Prueba6/install/my_package:/home/perry/Jesus/Prueba6/install/moveit_configs_utils:/opt/ros/humble /usr/bin/cmake --build /home/perry/Jesus/Prueba6/build/robot -- -j4 -l4
[0.763s] Invoked command in '/home/perry/Jesus/Prueba6/build/robot' returned '0': CMAKE_PREFIX_PATH=/home/perry/Jesus/Prueba6/install/irc_ros_description:/home/perry/Jesus/Prueba6/install/rviz_marker_tools:/home/perry/Jesus/Prueba6/install/robot:/home/perry/Jesus/Prueba6/install/moveit_task_constructor_msgs:/home/perry/Jesus/Prueba6/install/moveit_resources_prbt_support:/home/perry/Jesus/Prueba6/install/moveit:/home/perry/Jesus/Prueba6/install/moveit_common:/home/perry/Jesus/Prueba6/install/moveit2_pose_target:/home/perry/Jesus/Prueba6/install/hello_moveit:/home/perry/Jesus/Prueba6/install/my_package:/home/perry/Jesus/Prueba6/install/moveit_configs_utils:/opt/ros/humble /usr/bin/cmake --build /home/perry/Jesus/Prueba6/build/robot -- -j4 -l4
[0.839s] Invoking command in '/home/perry/Jesus/Prueba6/build/robot': CMAKE_PREFIX_PATH=/home/perry/Jesus/Prueba6/install/irc_ros_description:/home/perry/Jesus/Prueba6/install/rviz_marker_tools:/home/perry/Jesus/Prueba6/install/robot:/home/perry/Jesus/Prueba6/install/moveit_task_constructor_msgs:/home/perry/Jesus/Prueba6/install/moveit_resources_prbt_support:/home/perry/Jesus/Prueba6/install/moveit:/home/perry/Jesus/Prueba6/install/moveit_common:/home/perry/Jesus/Prueba6/install/moveit2_pose_target:/home/perry/Jesus/Prueba6/install/hello_moveit:/home/perry/Jesus/Prueba6/install/my_package:/home/perry/Jesus/Prueba6/install/moveit_configs_utils:/opt/ros/humble /usr/bin/cmake --install /home/perry/Jesus/Prueba6/build/robot
[0.992s] -- Install configuration: "Debug"
[0.997s] -- Execute custom install script
[1.006s] -- Up-to-date symlink: /home/perry/Jesus/Prueba6/install/robot/share/ament_index/resource_index/package_run_dependencies/robot
[1.012s] -- Up-to-date symlink: /home/perry/Jesus/Prueba6/install/robot/share/ament_index/resource_index/parent_prefix_path/robot
[1.034s] -- Up-to-date symlink: /home/perry/Jesus/Prueba6/install/robot/share/robot/environment/ament_prefix_path.sh
[1.035s] -- Up-to-date symlink: /home/perry/Jesus/Prueba6/install/robot/share/robot/environment/ament_prefix_path.dsv
[1.036s] -- Up-to-date symlink: /home/perry/Jesus/Prueba6/install/robot/share/robot/environment/path.sh
[1.037s] -- Up-to-date symlink: /home/perry/Jesus/Prueba6/install/robot/share/robot/environment/path.dsv
[1.046s] -- Up-to-date symlink: /home/perry/Jesus/Prueba6/install/robot/share/robot/local_setup.bash
[1.058s] -- Up-to-date symlink: /home/perry/Jesus/Prueba6/install/robot/share/robot/local_setup.sh
[1.077s] -- Up-to-date symlink: /home/perry/Jesus/Prueba6/install/robot/share/robot/local_setup.zsh
[1.082s] -- Up-to-date symlink: /home/perry/Jesus/Prueba6/install/robot/share/robot/local_setup.dsv
[1.089s] -- Symlinking: /home/perry/Jesus/Prueba6/install/robot/share/robot/package.dsv
[1.250s] -- Up-to-date symlink: /home/perry/Jesus/Prueba6/install/robot/share/ament_index/resource_index/packages/robot
[1.267s] -- Up-to-date symlink: /home/perry/Jesus/Prueba6/install/robot/share/robot/cmake/robotConfig.cmake
[1.305s] -- Up-to-date symlink: /home/perry/Jesus/Prueba6/install/robot/share/robot/cmake/robotConfig-version.cmake
[1.306s] -- Up-to-date symlink: /home/perry/Jesus/Prueba6/install/robot/share/robot/package.xml
[1.332s] -- Up-to-date symlink: /home/perry/Jesus/Prueba6/install/robot/share/robot/launch/demo.launch.py
[1.351s] -- Up-to-date symlink: /home/perry/Jesus/Prueba6/install/robot/share/robot/launch/move_group.launch.py
[1.362s] -- Up-to-date symlink: /home/perry/Jesus/Prueba6/install/robot/share/robot/launch/moveit_rviz.launch.py
[1.363s] -- Up-to-date symlink: /home/perry/Jesus/Prueba6/install/robot/share/robot/launch/rsp.launch.py
[1.378s] -- Up-to-date symlink: /home/perry/Jesus/Prueba6/install/robot/share/robot/launch/setup_assistant.launch.py
[1.388s] -- Up-to-date symlink: /home/perry/Jesus/Prueba6/install/robot/share/robot/launch/spawn_controllers.launch.py
[1.403s] -- Up-to-date symlink: /home/perry/Jesus/Prueba6/install/robot/share/robot/launch/static_virtual_joint_tfs.launch.py
[1.413s] -- Up-to-date symlink: /home/perry/Jesus/Prueba6/install/robot/share/robot/launch/warehouse_db.launch.py
[1.447s] -- Up-to-date symlink: /home/perry/Jesus/Prueba6/install/robot/share/robot/config/igus_rebel_6dof.srdf
[1.466s] -- Up-to-date symlink: /home/perry/Jesus/Prueba6/install/robot/share/robot/config/joint_limits.yaml
[1.470s] -- Up-to-date symlink: /home/perry/Jesus/Prueba6/install/robot/share/robot/config/kinematics.yaml
[1.475s] -- Up-to-date symlink: /home/perry/Jesus/Prueba6/install/robot/share/robot/config/moveit.rviz
[1.496s] -- Up-to-date symlink: /home/perry/Jesus/Prueba6/install/robot/share/robot/config/moveit_controllers.yaml
[1.497s] -- Up-to-date symlink: /home/perry/Jesus/Prueba6/install/robot/share/robot/config/pilz_cartesian_limits.yaml
[1.509s] -- Up-to-date symlink: /home/perry/Jesus/Prueba6/install/robot/share/robot/config/ros2_controllers.yaml
[1.511s] -- Up-to-date symlink: /home/perry/Jesus/Prueba6/install/robot/share/robot/config/sensors_3d.yaml
[1.512s] -- Up-to-date symlink: /home/perry/Jesus/Prueba6/install/robot/share/robot/.setup_assistant
[1.559s] Invoked command in '/home/perry/Jesus/Prueba6/build/robot' returned '0': CMAKE_PREFIX_PATH=/home/perry/Jesus/Prueba6/install/irc_ros_description:/home/perry/Jesus/Prueba6/install/rviz_marker_tools:/home/perry/Jesus/Prueba6/install/robot:/home/perry/Jesus/Prueba6/install/moveit_task_constructor_msgs:/home/perry/Jesus/Prueba6/install/moveit_resources_prbt_support:/home/perry/Jesus/Prueba6/install/moveit:/home/perry/Jesus/Prueba6/install/moveit_common:/home/perry/Jesus/Prueba6/install/moveit2_pose_target:/home/perry/Jesus/Prueba6/install/hello_moveit:/home/perry/Jesus/Prueba6/install/my_package:/home/perry/Jesus/Prueba6/install/moveit_configs_utils:/opt/ros/humble /usr/bin/cmake --install /home/perry/Jesus/Prueba6/build/robot
