[0.371s] Invoking command in '/home/perry/Jesus/Prueba6/build/robot': AMENT_PREFIX_PATH=/home/perry/Jesus/Prueba6/install/irc_ros_description:${AMENT_PREFIX_PATH} CMAKE_PREFIX_PATH=/home/perry/Jesus/Prueba6/install/irc_ros_description:/opt/ros/humble /usr/bin/cmake --build /home/perry/Jesus/Prueba6/build/robot -- -j4 -l4
[0.798s] Invoked command in '/home/perry/Jesus/Prueba6/build/robot' returned '0': AMENT_PREFIX_PATH=/home/perry/Jesus/Prueba6/install/irc_ros_description:${AMENT_PREFIX_PATH} CMAKE_PREFIX_PATH=/home/perry/Jesus/Prueba6/install/irc_ros_description:/opt/ros/humble /usr/bin/cmake --build /home/perry/Jesus/Prueba6/build/robot -- -j4 -l4
[0.812s] Invoking command in '/home/perry/Jesus/Prueba6/build/robot': AMENT_PREFIX_PATH=/home/perry/Jesus/Prueba6/install/irc_ros_description:${AMENT_PREFIX_PATH} CMAKE_PREFIX_PATH=/home/perry/Jesus/Prueba6/install/irc_ros_description:/opt/ros/humble /usr/bin/cmake --install /home/perry/Jesus/Prueba6/build/robot
[0.940s] -- Install configuration: "Debug"
[0.943s] -- Up-to-date: /home/perry/Jesus/Prueba6/install/robot/share/ament_index/resource_index/package_run_dependencies/robot
[0.959s] -- Up-to-date: /home/perry/Jesus/Prueba6/install/robot/share/ament_index/resource_index/parent_prefix_path/robot
[0.967s] -- Up-to-date: /home/perry/Jesus/Prueba6/install/robot/share/robot/environment/ament_prefix_path.sh
[0.969s] -- Up-to-date: /home/perry/Jesus/Prueba6/install/robot/share/robot/environment/ament_prefix_path.dsv
[0.984s] -- Up-to-date: /home/perry/Jesus/Prueba6/install/robot/share/robot/environment/path.sh
[0.985s] -- Up-to-date: /home/perry/Jesus/Prueba6/install/robot/share/robot/environment/path.dsv
[1.008s] -- Up-to-date: /home/perry/Jesus/Prueba6/install/robot/share/robot/local_setup.bash
[1.015s] -- Up-to-date: /home/perry/Jesus/Prueba6/install/robot/share/robot/local_setup.sh
[1.016s] -- Up-to-date: /home/perry/Jesus/Prueba6/install/robot/share/robot/local_setup.zsh
[1.018s] -- Up-to-date: /home/perry/Jesus/Prueba6/install/robot/share/robot/local_setup.dsv
[1.020s] -- Installing: /home/perry/Jesus/Prueba6/install/robot/share/robot/package.dsv
[1.028s] -- Up-to-date: /home/perry/Jesus/Prueba6/install/robot/share/ament_index/resource_index/packages/robot
[1.030s] -- Up-to-date: /home/perry/Jesus/Prueba6/install/robot/share/robot/cmake/robotConfig.cmake
[1.032s] -- Up-to-date: /home/perry/Jesus/Prueba6/install/robot/share/robot/cmake/robotConfig-version.cmake
[1.033s] -- Up-to-date: /home/perry/Jesus/Prueba6/install/robot/share/robot/package.xml
[1.055s] -- Up-to-date: /home/perry/Jesus/Prueba6/install/robot/share/robot/launch
[1.056s] -- Up-to-date: /home/perry/Jesus/Prueba6/install/robot/share/robot/launch/setup_assistant.launch.py
[1.056s] -- Up-to-date: /home/perry/Jesus/Prueba6/install/robot/share/robot/launch/moveit_rviz.launch.py
[1.064s] -- Up-to-date: /home/perry/Jesus/Prueba6/install/robot/share/robot/launch/warehouse_db.launch.py
[1.065s] -- Up-to-date: /home/perry/Jesus/Prueba6/install/robot/share/robot/launch/static_virtual_joint_tfs.launch.py
[1.066s] -- Up-to-date: /home/perry/Jesus/Prueba6/install/robot/share/robot/launch/move_group.launch.py
[1.066s] -- Up-to-date: /home/perry/Jesus/Prueba6/install/robot/share/robot/launch/spawn_controllers.launch.py
[1.067s] -- Up-to-date: /home/perry/Jesus/Prueba6/install/robot/share/robot/launch/rsp.launch.py
[1.068s] -- Up-to-date: /home/perry/Jesus/Prueba6/install/robot/share/robot/launch/demo.launch.py
[1.069s] -- Up-to-date: /home/perry/Jesus/Prueba6/install/robot/share/robot/config
[1.080s] -- Up-to-date: /home/perry/Jesus/Prueba6/install/robot/share/robot/config/joint_limits.yaml
[1.081s] -- Up-to-date: /home/perry/Jesus/Prueba6/install/robot/share/robot/config/ros2_controllers.yaml
[1.082s] -- Up-to-date: /home/perry/Jesus/Prueba6/install/robot/share/robot/config/sensors_3d.yaml
[1.083s] -- Up-to-date: /home/perry/Jesus/Prueba6/install/robot/share/robot/config/moveit_controllers.yaml
[1.083s] -- Up-to-date: /home/perry/Jesus/Prueba6/install/robot/share/robot/config/pilz_cartesian_limits.yaml
[1.084s] -- Up-to-date: /home/perry/Jesus/Prueba6/install/robot/share/robot/config/moveit.rviz
[1.085s] -- Up-to-date: /home/perry/Jesus/Prueba6/install/robot/share/robot/config/igus_rebel_6dof.srdf
[1.090s] -- Up-to-date: /home/perry/Jesus/Prueba6/install/robot/share/robot/config/kinematics.yaml
[1.091s] -- Up-to-date: /home/perry/Jesus/Prueba6/install/robot/share/robot/.setup_assistant
[1.093s] Invoked command in '/home/perry/Jesus/Prueba6/build/robot' returned '0': AMENT_PREFIX_PATH=/home/perry/Jesus/Prueba6/install/irc_ros_description:${AMENT_PREFIX_PATH} CMAKE_PREFIX_PATH=/home/perry/Jesus/Prueba6/install/irc_ros_description:/opt/ros/humble /usr/bin/cmake --install /home/perry/Jesus/Prueba6/build/robot
