[1.523s] DEBUG:colcon:Command line arguments: ['/usr/bin/colcon', 'build', '--mixin', 'debug']
[1.523s] DEBUG:colcon:Parsed command line arguments: Namespace(log_base=None, log_level=None, verb_name='build', build_base='build', install_base='install', merge_install=False, symlink_install=False, test_result_base=None, continue_on_error=False, executor='parallel', parallel_workers=4, event_handlers=None, ignore_user_meta=False, metas=['./colcon.meta'], base_paths=['.'], packages_ignore=None, packages_ignore_regex=None, paths=None, packages_up_to=None, packages_up_to_regex=None, packages_above=None, packages_above_and_dependencies=None, packages_above_depth=None, packages_select_by_dep=None, packages_skip_by_dep=None, packages_skip_up_to=None, packages_select_build_failed=False, packages_skip_build_finished=False, packages_select_test_failures=False, packages_skip_test_passed=False, packages_select=None, packages_skip=None, packages_select_regex=None, packages_skip_regex=None, packages_start=None, packages_end=None, allow_overriding=[], cmake_args=['-DCMAKE_BUILD_TYPE=Debug'], cmake_target=None, cmake_target_skip_unavailable=False, cmake_clean_cache=False, cmake_clean_first=False, cmake_force_configure=False, ament_cmake_args=None, catkin_cmake_args=None, catkin_skip_building_tests=False, mixin_files=None, mixin=['debug'], verb_parser=<colcon_mixin.mixin.mixin_argument.MixinArgumentDecorator object at 0xffff9aab7eb0>, verb_extension=<colcon_core.verb.build.BuildVerb object at 0xffff9aab7a00>, main=<bound method BuildVerb.main of <colcon_core.verb.build.BuildVerb object at 0xffff9aab7a00>>, mixin_verb=('build',))
[6.417s] Level 1:colcon.colcon_core.package_discovery:discover_packages(colcon_meta) check parameters
[6.419s] Level 1:colcon.colcon_core.package_discovery:discover_packages(recursive) check parameters
[6.421s] Level 1:colcon.colcon_core.package_discovery:discover_packages(ignore) check parameters
[6.422s] Level 1:colcon.colcon_core.package_discovery:discover_packages(path) check parameters
[6.422s] Level 1:colcon.colcon_core.package_discovery:discover_packages(colcon_meta) discover
[6.423s] Level 1:colcon.colcon_core.package_discovery:discover_packages(recursive) discover
[6.424s] INFO:colcon.colcon_core.package_discovery:Crawling recursively for packages in '/home/perry/Jesus/Prueba6'
[6.426s] Level 1:colcon.colcon_core.package_identification:_identify(.) by extensions ['ignore', 'ignore_ament_install']
[6.427s] Level 1:colcon.colcon_core.package_identification:_identify(.) by extension 'ignore'
[6.427s] Level 1:colcon.colcon_core.package_identification:_identify(.) by extension 'ignore_ament_install'
[6.428s] Level 1:colcon.colcon_core.package_identification:_identify(.) by extensions ['colcon_pkg']
[6.429s] Level 1:colcon.colcon_core.package_identification:_identify(.) by extension 'colcon_pkg'
[6.430s] Level 1:colcon.colcon_core.package_identification:_identify(.) by extensions ['colcon_meta']
[6.431s] Level 1:colcon.colcon_core.package_identification:_identify(.) by extension 'colcon_meta'
[6.433s] Level 1:colcon.colcon_core.package_identification:_identify(.) by extensions ['ros']
[6.434s] Level 1:colcon.colcon_core.package_identification:_identify(.) by extension 'ros'
[6.699s] Level 1:colcon.colcon_core.package_identification:_identify(.) by extensions ['cmake', 'python']
[6.700s] Level 1:colcon.colcon_core.package_identification:_identify(.) by extension 'cmake'
[6.701s] Level 1:colcon.colcon_core.package_identification:_identify(.) by extension 'python'
[6.702s] Level 1:colcon.colcon_core.package_identification:_identify(.) by extensions ['python_setup_py']
[6.703s] Level 1:colcon.colcon_core.package_identification:_identify(.) by extension 'python_setup_py'
[6.705s] Level 1:colcon.colcon_core.package_identification:_identify(build) by extensions ['ignore', 'ignore_ament_install']
[6.706s] Level 1:colcon.colcon_core.package_identification:_identify(build) by extension 'ignore'
[6.707s] Level 1:colcon.colcon_core.package_identification:_identify(build) ignored
[6.710s] Level 1:colcon.colcon_core.package_identification:_identify(install) by extensions ['ignore', 'ignore_ament_install']
[6.713s] Level 1:colcon.colcon_core.package_identification:_identify(install) by extension 'ignore'
[6.714s] Level 1:colcon.colcon_core.package_identification:_identify(install) ignored
[6.716s] Level 1:colcon.colcon_core.package_identification:_identify(log) by extensions ['ignore', 'ignore_ament_install']
[6.718s] Level 1:colcon.colcon_core.package_identification:_identify(log) by extension 'ignore'
[6.720s] Level 1:colcon.colcon_core.package_identification:_identify(log) ignored
[6.723s] Level 1:colcon.colcon_core.package_identification:_identify(src) by extensions ['ignore', 'ignore_ament_install']
[6.725s] Level 1:colcon.colcon_core.package_identification:_identify(src) by extension 'ignore'
[6.727s] Level 1:colcon.colcon_core.package_identification:_identify(src) by extension 'ignore_ament_install'
[6.729s] Level 1:colcon.colcon_core.package_identification:_identify(src) by extensions ['colcon_pkg']
[6.730s] Level 1:colcon.colcon_core.package_identification:_identify(src) by extension 'colcon_pkg'
[6.731s] Level 1:colcon.colcon_core.package_identification:_identify(src) by extensions ['colcon_meta']
[6.732s] Level 1:colcon.colcon_core.package_identification:_identify(src) by extension 'colcon_meta'
[6.732s] Level 1:colcon.colcon_core.package_identification:_identify(src) by extensions ['ros']
[6.733s] Level 1:colcon.colcon_core.package_identification:_identify(src) by extension 'ros'
[6.734s] Level 1:colcon.colcon_core.package_identification:_identify(src) by extensions ['cmake', 'python']
[6.735s] Level 1:colcon.colcon_core.package_identification:_identify(src) by extension 'cmake'
[6.735s] Level 1:colcon.colcon_core.package_identification:_identify(src) by extension 'python'
[6.736s] Level 1:colcon.colcon_core.package_identification:_identify(src) by extensions ['python_setup_py']
[6.738s] Level 1:colcon.colcon_core.package_identification:_identify(src) by extension 'python_setup_py'
[6.740s] Level 1:colcon.colcon_core.package_identification:_identify(src/hello_moveit) by extensions ['ignore', 'ignore_ament_install']
[6.742s] Level 1:colcon.colcon_core.package_identification:_identify(src/hello_moveit) by extension 'ignore'
[6.744s] Level 1:colcon.colcon_core.package_identification:_identify(src/hello_moveit) by extension 'ignore_ament_install'
[6.746s] Level 1:colcon.colcon_core.package_identification:_identify(src/hello_moveit) by extensions ['colcon_pkg']
[6.748s] Level 1:colcon.colcon_core.package_identification:_identify(src/hello_moveit) by extension 'colcon_pkg'
[6.750s] Level 1:colcon.colcon_core.package_identification:_identify(src/hello_moveit) by extensions ['colcon_meta']
[6.751s] Level 1:colcon.colcon_core.package_identification:_identify(src/hello_moveit) by extension 'colcon_meta'
[6.758s] Level 1:colcon.colcon_core.package_identification:_identify(src/hello_moveit) by extensions ['ros']
[6.759s] Level 1:colcon.colcon_core.package_identification:_identify(src/hello_moveit) by extension 'ros'
[6.803s] DEBUG:colcon.colcon_core.package_identification:Package 'src/hello_moveit' with type 'ros.ament_cmake' and name 'hello_moveit'
[6.804s] Level 1:colcon.colcon_core.package_identification:_identify(src/irc_ros_description) by extensions ['ignore', 'ignore_ament_install']
[6.805s] Level 1:colcon.colcon_core.package_identification:_identify(src/irc_ros_description) by extension 'ignore'
[6.807s] Level 1:colcon.colcon_core.package_identification:_identify(src/irc_ros_description) by extension 'ignore_ament_install'
[6.808s] Level 1:colcon.colcon_core.package_identification:_identify(src/irc_ros_description) by extensions ['colcon_pkg']
[6.808s] Level 1:colcon.colcon_core.package_identification:_identify(src/irc_ros_description) by extension 'colcon_pkg'
[6.810s] Level 1:colcon.colcon_core.package_identification:_identify(src/irc_ros_description) by extensions ['colcon_meta']
[6.811s] Level 1:colcon.colcon_core.package_identification:_identify(src/irc_ros_description) by extension 'colcon_meta'
[6.812s] Level 1:colcon.colcon_core.package_identification:_identify(src/irc_ros_description) by extensions ['ros']
[6.813s] Level 1:colcon.colcon_core.package_identification:_identify(src/irc_ros_description) by extension 'ros'
[6.820s] DEBUG:colcon.colcon_core.package_identification:Package 'src/irc_ros_description' with type 'ros.ament_cmake' and name 'irc_ros_description'
[6.822s] Level 1:colcon.colcon_core.package_identification:_identify(src/moveit) by extensions ['ignore', 'ignore_ament_install']
[6.824s] Level 1:colcon.colcon_core.package_identification:_identify(src/moveit) by extension 'ignore'
[6.825s] Level 1:colcon.colcon_core.package_identification:_identify(src/moveit) by extension 'ignore_ament_install'
[6.826s] Level 1:colcon.colcon_core.package_identification:_identify(src/moveit) by extensions ['colcon_pkg']
[6.827s] Level 1:colcon.colcon_core.package_identification:_identify(src/moveit) by extension 'colcon_pkg'
[6.828s] Level 1:colcon.colcon_core.package_identification:_identify(src/moveit) by extensions ['colcon_meta']
[6.828s] Level 1:colcon.colcon_core.package_identification:_identify(src/moveit) by extension 'colcon_meta'
[6.829s] Level 1:colcon.colcon_core.package_identification:_identify(src/moveit) by extensions ['ros']
[6.830s] Level 1:colcon.colcon_core.package_identification:_identify(src/moveit) by extension 'ros'
[6.836s] DEBUG:colcon.colcon_core.package_identification:Package 'src/moveit' with type 'ros.ament_cmake' and name 'moveit'
[6.837s] Level 1:colcon.colcon_core.package_identification:_identify(src/my_package) by extensions ['ignore', 'ignore_ament_install']
[6.838s] Level 1:colcon.colcon_core.package_identification:_identify(src/my_package) by extension 'ignore'
[6.839s] Level 1:colcon.colcon_core.package_identification:_identify(src/my_package) by extension 'ignore_ament_install'
[6.840s] Level 1:colcon.colcon_core.package_identification:_identify(src/my_package) by extensions ['colcon_pkg']
[6.840s] Level 1:colcon.colcon_core.package_identification:_identify(src/my_package) by extension 'colcon_pkg'
[6.842s] Level 1:colcon.colcon_core.package_identification:_identify(src/my_package) by extensions ['colcon_meta']
[6.843s] Level 1:colcon.colcon_core.package_identification:_identify(src/my_package) by extension 'colcon_meta'
[6.844s] Level 1:colcon.colcon_core.package_identification:_identify(src/my_package) by extensions ['ros']
[6.845s] Level 1:colcon.colcon_core.package_identification:_identify(src/my_package) by extension 'ros'
[6.852s] DEBUG:colcon.colcon_core.package_identification:Package 'src/my_package' with type 'ros.ament_python' and name 'my_package'
[6.853s] Level 1:colcon.colcon_core.package_discovery:discover_packages(recursive) using defaults
[6.854s] Level 1:colcon.colcon_core.package_discovery:discover_packages(ignore) discover
[6.854s] Level 1:colcon.colcon_core.package_discovery:discover_packages(ignore) using defaults
[6.854s] Level 1:colcon.colcon_core.package_discovery:discover_packages(path) discover
[6.855s] Level 1:colcon.colcon_core.package_discovery:discover_packages(path) using defaults
[7.251s] Level 1:colcon.colcon_core.package_discovery:discover_packages(prefix_path) check parameters
[7.251s] Level 1:colcon.colcon_core.package_discovery:discover_packages(prefix_path) discover
[7.306s] DEBUG:colcon.colcon_installed_package_information.package_discovery:Found 437 installed packages in /opt/ros/humble
[7.337s] Level 1:colcon.colcon_core.package_discovery:discover_packages(prefix_path) using defaults
[8.016s] Level 5:colcon.colcon_core.verb:set package 'hello_moveit' build argument 'cmake_args' from command line to '['-DCMAKE_BUILD_TYPE=Debug']'
[8.017s] Level 5:colcon.colcon_core.verb:set package 'hello_moveit' build argument 'cmake_target' from command line to 'None'
[8.018s] Level 5:colcon.colcon_core.verb:set package 'hello_moveit' build argument 'cmake_target_skip_unavailable' from command line to 'False'
[8.019s] Level 5:colcon.colcon_core.verb:set package 'hello_moveit' build argument 'cmake_clean_cache' from command line to 'False'
[8.020s] Level 5:colcon.colcon_core.verb:set package 'hello_moveit' build argument 'cmake_clean_first' from command line to 'False'
[8.022s] Level 5:colcon.colcon_core.verb:set package 'hello_moveit' build argument 'cmake_force_configure' from command line to 'False'
[8.023s] Level 5:colcon.colcon_core.verb:set package 'hello_moveit' build argument 'ament_cmake_args' from command line to 'None'
[8.023s] Level 5:colcon.colcon_core.verb:set package 'hello_moveit' build argument 'catkin_cmake_args' from command line to 'None'
[8.024s] Level 5:colcon.colcon_core.verb:set package 'hello_moveit' build argument 'catkin_skip_building_tests' from command line to 'False'
[8.024s] DEBUG:colcon.colcon_core.verb:Building package 'hello_moveit' with the following arguments: {'ament_cmake_args': None, 'build_base': '/home/perry/Jesus/Prueba6/build/hello_moveit', 'catkin_cmake_args': None, 'catkin_skip_building_tests': False, 'cmake_args': ['-DCMAKE_BUILD_TYPE=Debug'], 'cmake_clean_cache': False, 'cmake_clean_first': False, 'cmake_force_configure': False, 'cmake_target': None, 'cmake_target_skip_unavailable': False, 'install_base': '/home/perry/Jesus/Prueba6/install/hello_moveit', 'merge_install': False, 'path': '/home/perry/Jesus/Prueba6/src/hello_moveit', 'symlink_install': False, 'test_result_base': None}
[8.028s] Level 5:colcon.colcon_core.verb:set package 'irc_ros_description' build argument 'cmake_args' from command line to '['-DCMAKE_BUILD_TYPE=Debug']'
[8.029s] Level 5:colcon.colcon_core.verb:set package 'irc_ros_description' build argument 'cmake_target' from command line to 'None'
[8.030s] Level 5:colcon.colcon_core.verb:set package 'irc_ros_description' build argument 'cmake_target_skip_unavailable' from command line to 'False'
[8.030s] Level 5:colcon.colcon_core.verb:set package 'irc_ros_description' build argument 'cmake_clean_cache' from command line to 'False'
[8.031s] Level 5:colcon.colcon_core.verb:set package 'irc_ros_description' build argument 'cmake_clean_first' from command line to 'False'
[8.032s] Level 5:colcon.colcon_core.verb:set package 'irc_ros_description' build argument 'cmake_force_configure' from command line to 'False'
[8.032s] Level 5:colcon.colcon_core.verb:set package 'irc_ros_description' build argument 'ament_cmake_args' from command line to 'None'
[8.033s] Level 5:colcon.colcon_core.verb:set package 'irc_ros_description' build argument 'catkin_cmake_args' from command line to 'None'
[8.035s] Level 5:colcon.colcon_core.verb:set package 'irc_ros_description' build argument 'catkin_skip_building_tests' from command line to 'False'
[8.036s] DEBUG:colcon.colcon_core.verb:Building package 'irc_ros_description' with the following arguments: {'ament_cmake_args': None, 'build_base': '/home/perry/Jesus/Prueba6/build/irc_ros_description', 'catkin_cmake_args': None, 'catkin_skip_building_tests': False, 'cmake_args': ['-DCMAKE_BUILD_TYPE=Debug'], 'cmake_clean_cache': False, 'cmake_clean_first': False, 'cmake_force_configure': False, 'cmake_target': None, 'cmake_target_skip_unavailable': False, 'install_base': '/home/perry/Jesus/Prueba6/install/irc_ros_description', 'merge_install': False, 'path': '/home/perry/Jesus/Prueba6/src/irc_ros_description', 'symlink_install': False, 'test_result_base': None}
[8.041s] Level 5:colcon.colcon_core.verb:set package 'moveit' build argument 'cmake_args' from command line to '['-DCMAKE_BUILD_TYPE=Debug']'
[8.042s] Level 5:colcon.colcon_core.verb:set package 'moveit' build argument 'cmake_target' from command line to 'None'
[8.043s] Level 5:colcon.colcon_core.verb:set package 'moveit' build argument 'cmake_target_skip_unavailable' from command line to 'False'
[8.043s] Level 5:colcon.colcon_core.verb:set package 'moveit' build argument 'cmake_clean_cache' from command line to 'False'
[8.043s] Level 5:colcon.colcon_core.verb:set package 'moveit' build argument 'cmake_clean_first' from command line to 'False'
[8.044s] Level 5:colcon.colcon_core.verb:set package 'moveit' build argument 'cmake_force_configure' from command line to 'False'
[8.044s] Level 5:colcon.colcon_core.verb:set package 'moveit' build argument 'ament_cmake_args' from command line to 'None'
[8.045s] Level 5:colcon.colcon_core.verb:set package 'moveit' build argument 'catkin_cmake_args' from command line to 'None'
[8.045s] Level 5:colcon.colcon_core.verb:set package 'moveit' build argument 'catkin_skip_building_tests' from command line to 'False'
[8.046s] DEBUG:colcon.colcon_core.verb:Building package 'moveit' with the following arguments: {'ament_cmake_args': None, 'build_base': '/home/perry/Jesus/Prueba6/build/moveit', 'catkin_cmake_args': None, 'catkin_skip_building_tests': False, 'cmake_args': ['-DCMAKE_BUILD_TYPE=Debug'], 'cmake_clean_cache': False, 'cmake_clean_first': False, 'cmake_force_configure': False, 'cmake_target': None, 'cmake_target_skip_unavailable': False, 'install_base': '/home/perry/Jesus/Prueba6/install/moveit', 'merge_install': False, 'path': '/home/perry/Jesus/Prueba6/src/moveit', 'symlink_install': False, 'test_result_base': None}
[8.049s] Level 5:colcon.colcon_core.verb:set package 'my_package' build argument 'cmake_args' from command line to '['-DCMAKE_BUILD_TYPE=Debug']'
[8.050s] Level 5:colcon.colcon_core.verb:set package 'my_package' build argument 'cmake_target' from command line to 'None'
[8.051s] Level 5:colcon.colcon_core.verb:set package 'my_package' build argument 'cmake_target_skip_unavailable' from command line to 'False'
[8.051s] Level 5:colcon.colcon_core.verb:set package 'my_package' build argument 'cmake_clean_cache' from command line to 'False'
[8.052s] Level 5:colcon.colcon_core.verb:set package 'my_package' build argument 'cmake_clean_first' from command line to 'False'
[8.052s] Level 5:colcon.colcon_core.verb:set package 'my_package' build argument 'cmake_force_configure' from command line to 'False'
[8.053s] Level 5:colcon.colcon_core.verb:set package 'my_package' build argument 'ament_cmake_args' from command line to 'None'
[8.054s] Level 5:colcon.colcon_core.verb:set package 'my_package' build argument 'catkin_cmake_args' from command line to 'None'
[8.055s] Level 5:colcon.colcon_core.verb:set package 'my_package' build argument 'catkin_skip_building_tests' from command line to 'False'
[8.056s] DEBUG:colcon.colcon_core.verb:Building package 'my_package' with the following arguments: {'ament_cmake_args': None, 'build_base': '/home/perry/Jesus/Prueba6/build/my_package', 'catkin_cmake_args': None, 'catkin_skip_building_tests': False, 'cmake_args': ['-DCMAKE_BUILD_TYPE=Debug'], 'cmake_clean_cache': False, 'cmake_clean_first': False, 'cmake_force_configure': False, 'cmake_target': None, 'cmake_target_skip_unavailable': False, 'install_base': '/home/perry/Jesus/Prueba6/install/my_package', 'merge_install': False, 'path': '/home/perry/Jesus/Prueba6/src/my_package', 'symlink_install': False, 'test_result_base': None}
[8.059s] INFO:colcon.colcon_core.executor:Executing jobs using 'parallel' executor
[8.073s] DEBUG:colcon.colcon_parallel_executor.executor.parallel:run_until_complete
[8.079s] INFO:colcon.colcon_ros.task.ament_cmake.build:Building ROS package in '/home/perry/Jesus/Prueba6/src/hello_moveit' with build type 'ament_cmake'
[8.083s] INFO:colcon.colcon_cmake.task.cmake.build:Building CMake package in '/home/perry/Jesus/Prueba6/src/hello_moveit'
[8.148s] INFO:colcon.colcon_core.plugin_system:Skipping extension 'colcon_core.shell.bat': Not used on non-Windows systems
[8.150s] INFO:colcon.colcon_core.shell:Skip shell extension 'powershell' for command environment: Not usable outside of PowerShell
[8.151s] DEBUG:colcon.colcon_core.shell:Skip shell extension 'dsv' for command environment
[8.204s] INFO:colcon.colcon_ros.task.ament_cmake.build:Building ROS package in '/home/perry/Jesus/Prueba6/src/irc_ros_description' with build type 'ament_cmake'
[8.208s] INFO:colcon.colcon_cmake.task.cmake.build:Building CMake package in '/home/perry/Jesus/Prueba6/src/irc_ros_description'
[8.211s] INFO:colcon.colcon_core.shell:Skip shell extension 'powershell' for command environment: Not usable outside of PowerShell
[8.212s] DEBUG:colcon.colcon_core.shell:Skip shell extension 'dsv' for command environment
[8.255s] INFO:colcon.colcon_ros.task.ament_cmake.build:Building ROS package in '/home/perry/Jesus/Prueba6/src/moveit' with build type 'ament_cmake'
[8.257s] INFO:colcon.colcon_cmake.task.cmake.build:Building CMake package in '/home/perry/Jesus/Prueba6/src/moveit'
[8.262s] INFO:colcon.colcon_core.shell:Skip shell extension 'powershell' for command environment: Not usable outside of PowerShell
[8.263s] DEBUG:colcon.colcon_core.shell:Skip shell extension 'dsv' for command environment
[8.319s] INFO:colcon.colcon_ros.task.ament_python.build:Building ROS package in '/home/perry/Jesus/Prueba6/src/my_package' with build type 'ament_python'
[8.323s] Level 1:colcon.colcon_core.shell:create_environment_hook('my_package', 'ament_prefix_path')
[8.331s] INFO:colcon.colcon_core.shell:Creating environment hook '/home/perry/Jesus/Prueba6/install/my_package/share/my_package/hook/ament_prefix_path.ps1'
[8.356s] INFO:colcon.colcon_core.shell:Creating environment descriptor '/home/perry/Jesus/Prueba6/install/my_package/share/my_package/hook/ament_prefix_path.dsv'
[8.375s] INFO:colcon.colcon_core.shell:Creating environment hook '/home/perry/Jesus/Prueba6/install/my_package/share/my_package/hook/ament_prefix_path.sh'
[8.393s] INFO:colcon.colcon_core.shell:Skip shell extension 'powershell' for command environment: Not usable outside of PowerShell
[8.394s] DEBUG:colcon.colcon_core.shell:Skip shell extension 'dsv' for command environment
[8.502s] DEBUG:colcon.colcon_core.event_handler.log_command:Invoking command in '/home/perry/Jesus/Prueba6/build/hello_moveit': CMAKE_PREFIX_PATH=/opt/ros/humble /usr/bin/cmake /home/perry/Jesus/Prueba6/src/hello_moveit -DCMAKE_BUILD_TYPE=Debug -DCMAKE_INSTALL_PREFIX=/home/perry/Jesus/Prueba6/install/hello_moveit
[8.598s] DEBUG:colcon.colcon_core.event_handler.log_command:Invoking command in '/home/perry/Jesus/Prueba6/build/irc_ros_description': CMAKE_PREFIX_PATH=/opt/ros/humble /usr/bin/cmake /home/perry/Jesus/Prueba6/src/irc_ros_description -DCMAKE_BUILD_TYPE=Debug -DCMAKE_INSTALL_PREFIX=/home/perry/Jesus/Prueba6/install/irc_ros_description
[8.736s] DEBUG:colcon.colcon_core.event_handler.log_command:Invoking command in '/home/perry/Jesus/Prueba6/build/moveit': CMAKE_PREFIX_PATH=/opt/ros/humble /usr/bin/cmake /home/perry/Jesus/Prueba6/src/moveit -DCMAKE_BUILD_TYPE=Debug -DCMAKE_INSTALL_PREFIX=/home/perry/Jesus/Prueba6/install/moveit
[17.825s] INFO:colcon.colcon_core.task.python.build:Building Python package in '/home/perry/Jesus/Prueba6/src/my_package'
[17.828s] INFO:colcon.colcon_core.shell:Skip shell extension 'powershell' for command environment: Not usable outside of PowerShell
[17.830s] DEBUG:colcon.colcon_core.shell:Skip shell extension 'dsv' for command environment
[18.052s] DEBUG:colcon.colcon_core.event_handler.log_command:Invoked command in '/home/perry/Jesus/Prueba6/build/irc_ros_description' returned '0': CMAKE_PREFIX_PATH=/opt/ros/humble /usr/bin/cmake /home/perry/Jesus/Prueba6/src/irc_ros_description -DCMAKE_BUILD_TYPE=Debug -DCMAKE_INSTALL_PREFIX=/home/perry/Jesus/Prueba6/install/irc_ros_description
[18.088s] DEBUG:colcon.colcon_core.event_handler.log_command:Invoking command in '/home/perry/Jesus/Prueba6/build/irc_ros_description': CMAKE_PREFIX_PATH=/opt/ros/humble /usr/bin/cmake --build /home/perry/Jesus/Prueba6/build/irc_ros_description -- -j4 -l4
[18.149s] DEBUG:colcon.colcon_core.event_handler.log_command:Invoked command in '/home/perry/Jesus/Prueba6/build/moveit' returned '0': CMAKE_PREFIX_PATH=/opt/ros/humble /usr/bin/cmake /home/perry/Jesus/Prueba6/src/moveit -DCMAKE_BUILD_TYPE=Debug -DCMAKE_INSTALL_PREFIX=/home/perry/Jesus/Prueba6/install/moveit
[18.169s] DEBUG:colcon.colcon_core.event_handler.log_command:Invoking command in '/home/perry/Jesus/Prueba6/build/moveit': CMAKE_PREFIX_PATH=/opt/ros/humble /usr/bin/cmake --build /home/perry/Jesus/Prueba6/build/moveit -- -j4 -l4
[19.013s] DEBUG:colcon.colcon_core.event_handler.log_command:Invoked command in '/home/perry/Jesus/Prueba6/build/irc_ros_description' returned '0': CMAKE_PREFIX_PATH=/opt/ros/humble /usr/bin/cmake --build /home/perry/Jesus/Prueba6/build/irc_ros_description -- -j4 -l4
[19.235s] DEBUG:colcon.colcon_core.event_handler.log_command:Invoking command in '/home/perry/Jesus/Prueba6/build/irc_ros_description': CMAKE_PREFIX_PATH=/opt/ros/humble /usr/bin/cmake --install /home/perry/Jesus/Prueba6/build/irc_ros_description
[19.295s] DEBUG:colcon.colcon_core.event_handler.log_command:Invoked command in '/home/perry/Jesus/Prueba6/build/moveit' returned '0': CMAKE_PREFIX_PATH=/opt/ros/humble /usr/bin/cmake --build /home/perry/Jesus/Prueba6/build/moveit -- -j4 -l4
[19.336s] DEBUG:colcon.colcon_core.event_handler.log_command:Invoking command in '/home/perry/Jesus/Prueba6/build/moveit': CMAKE_PREFIX_PATH=/opt/ros/humble /usr/bin/cmake --install /home/perry/Jesus/Prueba6/build/moveit
[19.616s] Level 1:colcon.colcon_core.environment:create_environment_scripts_only(moveit)
[19.749s] Level 1:colcon.colcon_core.environment:checking '/home/perry/Jesus/Prueba6/install/moveit' for CMake module files
[19.767s] Level 1:colcon.colcon_core.environment:checking '/home/perry/Jesus/Prueba6/install/moveit' for CMake config files
[19.791s] Level 1:colcon.colcon_core.shell:create_environment_hook('moveit', 'cmake_prefix_path')
[19.793s] INFO:colcon.colcon_core.shell:Creating environment hook '/home/perry/Jesus/Prueba6/install/moveit/share/moveit/hook/cmake_prefix_path.ps1'
[19.817s] INFO:colcon.colcon_core.shell:Creating environment descriptor '/home/perry/Jesus/Prueba6/install/moveit/share/moveit/hook/cmake_prefix_path.dsv'
[19.843s] INFO:colcon.colcon_core.shell:Creating environment hook '/home/perry/Jesus/Prueba6/install/moveit/share/moveit/hook/cmake_prefix_path.sh'
[19.862s] Level 1:colcon.colcon_core.environment:checking '/home/perry/Jesus/Prueba6/install/moveit/bin'
[19.863s] Level 1:colcon.colcon_core.environment:checking '/home/perry/Jesus/Prueba6/install/moveit/lib/pkgconfig/moveit.pc'
[19.864s] Level 1:colcon.colcon_core.environment:checking '/home/perry/Jesus/Prueba6/install/moveit/lib/python3.10/site-packages'
[19.866s] Level 1:colcon.colcon_core.environment:checking '/home/perry/Jesus/Prueba6/install/moveit/bin'
[19.888s] INFO:colcon.colcon_core.shell:Creating package script '/home/perry/Jesus/Prueba6/install/moveit/share/moveit/package.ps1'
[19.906s] INFO:colcon.colcon_core.shell:Creating package descriptor '/home/perry/Jesus/Prueba6/install/moveit/share/moveit/package.dsv'
[19.914s] INFO:colcon.colcon_core.shell:Creating package script '/home/perry/Jesus/Prueba6/install/moveit/share/moveit/package.sh'
[19.998s] INFO:colcon.colcon_core.shell:Creating package script '/home/perry/Jesus/Prueba6/install/moveit/share/moveit/package.bash'
[20.027s] INFO:colcon.colcon_core.shell:Creating package script '/home/perry/Jesus/Prueba6/install/moveit/share/moveit/package.zsh'
[20.038s] DEBUG:colcon.colcon_core.event_handler.log_command:Invoked command in '/home/perry/Jesus/Prueba6/build/moveit' returned '0': CMAKE_PREFIX_PATH=/opt/ros/humble /usr/bin/cmake --install /home/perry/Jesus/Prueba6/build/moveit
[20.043s] Level 1:colcon.colcon_core.environment:create_file_with_runtime_dependencies(/home/perry/Jesus/Prueba6/install/moveit/share/colcon-core/packages/moveit)
[20.048s] Level 1:colcon.colcon_core.environment:create_environment_scripts_only(moveit)
[20.054s] Level 1:colcon.colcon_core.environment:checking '/home/perry/Jesus/Prueba6/install/moveit' for CMake module files
[20.058s] Level 1:colcon.colcon_core.environment:checking '/home/perry/Jesus/Prueba6/install/moveit' for CMake config files
[20.061s] Level 1:colcon.colcon_core.shell:create_environment_hook('moveit', 'cmake_prefix_path')
[20.088s] INFO:colcon.colcon_core.shell:Creating environment hook '/home/perry/Jesus/Prueba6/install/moveit/share/moveit/hook/cmake_prefix_path.ps1'
[20.092s] INFO:colcon.colcon_core.shell:Creating environment descriptor '/home/perry/Jesus/Prueba6/install/moveit/share/moveit/hook/cmake_prefix_path.dsv'
[20.104s] INFO:colcon.colcon_core.shell:Creating environment hook '/home/perry/Jesus/Prueba6/install/moveit/share/moveit/hook/cmake_prefix_path.sh'
[20.115s] Level 1:colcon.colcon_core.environment:checking '/home/perry/Jesus/Prueba6/install/moveit/bin'
[20.116s] Level 1:colcon.colcon_core.environment:checking '/home/perry/Jesus/Prueba6/install/moveit/lib/pkgconfig/moveit.pc'
[20.117s] Level 1:colcon.colcon_core.environment:checking '/home/perry/Jesus/Prueba6/install/moveit/lib/python3.10/site-packages'
[20.120s] Level 1:colcon.colcon_core.environment:checking '/home/perry/Jesus/Prueba6/install/moveit/bin'
[20.122s] INFO:colcon.colcon_core.shell:Creating package script '/home/perry/Jesus/Prueba6/install/moveit/share/moveit/package.ps1'
[20.133s] INFO:colcon.colcon_core.shell:Creating package descriptor '/home/perry/Jesus/Prueba6/install/moveit/share/moveit/package.dsv'
[20.138s] INFO:colcon.colcon_core.shell:Creating package script '/home/perry/Jesus/Prueba6/install/moveit/share/moveit/package.sh'
[20.146s] INFO:colcon.colcon_core.shell:Creating package script '/home/perry/Jesus/Prueba6/install/moveit/share/moveit/package.bash'
[20.151s] INFO:colcon.colcon_core.shell:Creating package script '/home/perry/Jesus/Prueba6/install/moveit/share/moveit/package.zsh'
[20.158s] Level 1:colcon.colcon_core.environment:create_file_with_runtime_dependencies(/home/perry/Jesus/Prueba6/install/moveit/share/colcon-core/packages/moveit)
[20.168s] Level 1:colcon.colcon_core.environment:create_environment_scripts_only(irc_ros_description)
[20.171s] DEBUG:colcon.colcon_core.event_handler.log_command:Invoked command in '/home/perry/Jesus/Prueba6/build/irc_ros_description' returned '0': CMAKE_PREFIX_PATH=/opt/ros/humble /usr/bin/cmake --install /home/perry/Jesus/Prueba6/build/irc_ros_description
[20.175s] Level 1:colcon.colcon_core.environment:checking '/home/perry/Jesus/Prueba6/install/irc_ros_description' for CMake module files
[20.184s] Level 1:colcon.colcon_core.environment:checking '/home/perry/Jesus/Prueba6/install/irc_ros_description' for CMake config files
[20.205s] Level 1:colcon.colcon_core.shell:create_environment_hook('irc_ros_description', 'cmake_prefix_path')
[20.206s] INFO:colcon.colcon_core.shell:Creating environment hook '/home/perry/Jesus/Prueba6/install/irc_ros_description/share/irc_ros_description/hook/cmake_prefix_path.ps1'
[20.222s] INFO:colcon.colcon_core.shell:Creating environment descriptor '/home/perry/Jesus/Prueba6/install/irc_ros_description/share/irc_ros_description/hook/cmake_prefix_path.dsv'
[20.225s] INFO:colcon.colcon_core.shell:Creating environment hook '/home/perry/Jesus/Prueba6/install/irc_ros_description/share/irc_ros_description/hook/cmake_prefix_path.sh'
[20.236s] Level 1:colcon.colcon_core.environment:checking '/home/perry/Jesus/Prueba6/install/irc_ros_description/bin'
[20.236s] Level 1:colcon.colcon_core.environment:checking '/home/perry/Jesus/Prueba6/install/irc_ros_description/lib/pkgconfig/irc_ros_description.pc'
[20.238s] Level 1:colcon.colcon_core.environment:checking '/home/perry/Jesus/Prueba6/install/irc_ros_description/lib/python3.10/site-packages'
[20.239s] Level 1:colcon.colcon_core.environment:checking '/home/perry/Jesus/Prueba6/install/irc_ros_description/bin'
[20.248s] INFO:colcon.colcon_core.shell:Creating package script '/home/perry/Jesus/Prueba6/install/irc_ros_description/share/irc_ros_description/package.ps1'
[20.259s] INFO:colcon.colcon_core.shell:Creating package descriptor '/home/perry/Jesus/Prueba6/install/irc_ros_description/share/irc_ros_description/package.dsv'
[20.263s] INFO:colcon.colcon_core.shell:Creating package script '/home/perry/Jesus/Prueba6/install/irc_ros_description/share/irc_ros_description/package.sh'
[20.270s] INFO:colcon.colcon_core.shell:Creating package script '/home/perry/Jesus/Prueba6/install/irc_ros_description/share/irc_ros_description/package.bash'
[20.273s] INFO:colcon.colcon_core.shell:Creating package script '/home/perry/Jesus/Prueba6/install/irc_ros_description/share/irc_ros_description/package.zsh'
[20.286s] Level 1:colcon.colcon_core.environment:create_file_with_runtime_dependencies(/home/perry/Jesus/Prueba6/install/irc_ros_description/share/colcon-core/packages/irc_ros_description)
[20.290s] Level 1:colcon.colcon_core.environment:create_environment_scripts_only(irc_ros_description)
[20.292s] Level 1:colcon.colcon_core.environment:checking '/home/perry/Jesus/Prueba6/install/irc_ros_description' for CMake module files
[20.311s] Level 1:colcon.colcon_core.environment:checking '/home/perry/Jesus/Prueba6/install/irc_ros_description' for CMake config files
[20.344s] Level 1:colcon.colcon_core.shell:create_environment_hook('irc_ros_description', 'cmake_prefix_path')
[20.347s] INFO:colcon.colcon_core.shell:Creating environment hook '/home/perry/Jesus/Prueba6/install/irc_ros_description/share/irc_ros_description/hook/cmake_prefix_path.ps1'
[20.366s] INFO:colcon.colcon_core.shell:Creating environment descriptor '/home/perry/Jesus/Prueba6/install/irc_ros_description/share/irc_ros_description/hook/cmake_prefix_path.dsv'
[20.369s] INFO:colcon.colcon_core.shell:Creating environment hook '/home/perry/Jesus/Prueba6/install/irc_ros_description/share/irc_ros_description/hook/cmake_prefix_path.sh'
[20.383s] Level 1:colcon.colcon_core.environment:checking '/home/perry/Jesus/Prueba6/install/irc_ros_description/bin'
[20.384s] Level 1:colcon.colcon_core.environment:checking '/home/perry/Jesus/Prueba6/install/irc_ros_description/lib/pkgconfig/irc_ros_description.pc'
[20.385s] Level 1:colcon.colcon_core.environment:checking '/home/perry/Jesus/Prueba6/install/irc_ros_description/lib/python3.10/site-packages'
[20.386s] Level 1:colcon.colcon_core.environment:checking '/home/perry/Jesus/Prueba6/install/irc_ros_description/bin'
[20.388s] INFO:colcon.colcon_core.shell:Creating package script '/home/perry/Jesus/Prueba6/install/irc_ros_description/share/irc_ros_description/package.ps1'
[20.403s] INFO:colcon.colcon_core.shell:Creating package descriptor '/home/perry/Jesus/Prueba6/install/irc_ros_description/share/irc_ros_description/package.dsv'
[20.414s] INFO:colcon.colcon_core.shell:Creating package script '/home/perry/Jesus/Prueba6/install/irc_ros_description/share/irc_ros_description/package.sh'
[20.425s] INFO:colcon.colcon_core.shell:Creating package script '/home/perry/Jesus/Prueba6/install/irc_ros_description/share/irc_ros_description/package.bash'
[20.439s] INFO:colcon.colcon_core.shell:Creating package script '/home/perry/Jesus/Prueba6/install/irc_ros_description/share/irc_ros_description/package.zsh'
[20.450s] Level 1:colcon.colcon_core.environment:create_file_with_runtime_dependencies(/home/perry/Jesus/Prueba6/install/irc_ros_description/share/colcon-core/packages/irc_ros_description)
[29.162s] DEBUG:colcon.colcon_core.event_handler.log_command:Invoking command in '/home/perry/Jesus/Prueba6/src/my_package': PYTHONPATH=/home/perry/Jesus/Prueba6/build/my_package/prefix_override:/usr/lib/python3/dist-packages/colcon_core/task/python/colcon_distutils_commands:/home/perry/Jesus/Prueba6/install/my_package/lib/python3.10/site-packages:${PYTHONPATH} /usr/bin/python3 -W ignore:setup.py install is deprecated -W ignore:easy_install command is deprecated setup.py egg_info --egg-base ../../build/my_package build --build-base /home/perry/Jesus/Prueba6/build/my_package/build install --record /home/perry/Jesus/Prueba6/build/my_package/install.log --single-version-externally-managed install_data
[37.142s] DEBUG:colcon.colcon_core.event_handler.log_command:Invoked command in '/home/perry/Jesus/Prueba6/src/my_package' returned '0': PYTHONPATH=/home/perry/Jesus/Prueba6/build/my_package/prefix_override:/usr/lib/python3/dist-packages/colcon_core/task/python/colcon_distutils_commands:/home/perry/Jesus/Prueba6/install/my_package/lib/python3.10/site-packages:${PYTHONPATH} /usr/bin/python3 -W ignore:setup.py install is deprecated -W ignore:easy_install command is deprecated setup.py egg_info --egg-base ../../build/my_package build --build-base /home/perry/Jesus/Prueba6/build/my_package/build install --record /home/perry/Jesus/Prueba6/build/my_package/install.log --single-version-externally-managed install_data
[37.155s] Level 1:colcon.colcon_core.environment:checking '/home/perry/Jesus/Prueba6/install/my_package' for CMake module files
[37.161s] Level 1:colcon.colcon_core.environment:checking '/home/perry/Jesus/Prueba6/install/my_package' for CMake config files
[37.197s] Level 1:colcon.colcon_core.environment:checking '/home/perry/Jesus/Prueba6/install/my_package/lib'
[37.210s] Level 1:colcon.colcon_core.environment:checking '/home/perry/Jesus/Prueba6/install/my_package/bin'
[37.212s] Level 1:colcon.colcon_core.environment:checking '/home/perry/Jesus/Prueba6/install/my_package/lib/pkgconfig/my_package.pc'
[37.215s] Level 1:colcon.colcon_core.environment:checking '/home/perry/Jesus/Prueba6/install/my_package/lib/python3.10/site-packages'
[37.216s] Level 1:colcon.colcon_core.shell:create_environment_hook('my_package', 'pythonpath')
[37.228s] INFO:colcon.colcon_core.shell:Creating environment hook '/home/perry/Jesus/Prueba6/install/my_package/share/my_package/hook/pythonpath.ps1'
[37.245s] INFO:colcon.colcon_core.shell:Creating environment descriptor '/home/perry/Jesus/Prueba6/install/my_package/share/my_package/hook/pythonpath.dsv'
[37.248s] INFO:colcon.colcon_core.shell:Creating environment hook '/home/perry/Jesus/Prueba6/install/my_package/share/my_package/hook/pythonpath.sh'
[37.257s] Level 1:colcon.colcon_core.environment:checking '/home/perry/Jesus/Prueba6/install/my_package/bin'
[37.260s] Level 1:colcon.colcon_core.environment:create_environment_scripts_only(my_package)
[37.265s] INFO:colcon.colcon_core.shell:Creating package script '/home/perry/Jesus/Prueba6/install/my_package/share/my_package/package.ps1'
[37.279s] INFO:colcon.colcon_core.shell:Creating package descriptor '/home/perry/Jesus/Prueba6/install/my_package/share/my_package/package.dsv'
[37.293s] INFO:colcon.colcon_core.shell:Creating package script '/home/perry/Jesus/Prueba6/install/my_package/share/my_package/package.sh'
[37.303s] INFO:colcon.colcon_core.shell:Creating package script '/home/perry/Jesus/Prueba6/install/my_package/share/my_package/package.bash'
[37.315s] INFO:colcon.colcon_core.shell:Creating package script '/home/perry/Jesus/Prueba6/install/my_package/share/my_package/package.zsh'
[37.329s] Level 1:colcon.colcon_core.environment:create_file_with_runtime_dependencies(/home/perry/Jesus/Prueba6/install/my_package/share/colcon-core/packages/my_package)
[49.582s] DEBUG:colcon.colcon_core.event_handler.log_command:Invoked command in '/home/perry/Jesus/Prueba6/build/hello_moveit' returned '0': CMAKE_PREFIX_PATH=/opt/ros/humble /usr/bin/cmake /home/perry/Jesus/Prueba6/src/hello_moveit -DCMAKE_BUILD_TYPE=Debug -DCMAKE_INSTALL_PREFIX=/home/perry/Jesus/Prueba6/install/hello_moveit
[49.587s] DEBUG:colcon.colcon_core.event_handler.log_command:Invoking command in '/home/perry/Jesus/Prueba6/build/hello_moveit': CMAKE_PREFIX_PATH=/opt/ros/humble /usr/bin/cmake --build /home/perry/Jesus/Prueba6/build/hello_moveit -- -j4 -l4
[154.380s] DEBUG:colcon.colcon_core.event_handler.log_command:Invoked command in '/home/perry/Jesus/Prueba6/build/hello_moveit' returned '0': CMAKE_PREFIX_PATH=/opt/ros/humble /usr/bin/cmake --build /home/perry/Jesus/Prueba6/build/hello_moveit -- -j4 -l4
[154.404s] DEBUG:colcon.colcon_core.event_handler.log_command:Invoking command in '/home/perry/Jesus/Prueba6/build/hello_moveit': CMAKE_PREFIX_PATH=/opt/ros/humble /usr/bin/cmake --install /home/perry/Jesus/Prueba6/build/hello_moveit
[154.589s] Level 1:colcon.colcon_core.environment:create_environment_scripts_only(hello_moveit)
[154.591s] Level 1:colcon.colcon_core.environment:checking '/home/perry/Jesus/Prueba6/install/hello_moveit' for CMake module files
[154.594s] DEBUG:colcon.colcon_core.event_handler.log_command:Invoked command in '/home/perry/Jesus/Prueba6/build/hello_moveit' returned '0': CMAKE_PREFIX_PATH=/opt/ros/humble /usr/bin/cmake --install /home/perry/Jesus/Prueba6/build/hello_moveit
[154.604s] Level 1:colcon.colcon_core.environment:checking '/home/perry/Jesus/Prueba6/install/hello_moveit' for CMake config files
[154.608s] Level 1:colcon.colcon_core.shell:create_environment_hook('hello_moveit', 'cmake_prefix_path')
[154.611s] INFO:colcon.colcon_core.shell:Creating environment hook '/home/perry/Jesus/Prueba6/install/hello_moveit/share/hello_moveit/hook/cmake_prefix_path.ps1'
[154.621s] INFO:colcon.colcon_core.shell:Creating environment descriptor '/home/perry/Jesus/Prueba6/install/hello_moveit/share/hello_moveit/hook/cmake_prefix_path.dsv'
[154.627s] INFO:colcon.colcon_core.shell:Creating environment hook '/home/perry/Jesus/Prueba6/install/hello_moveit/share/hello_moveit/hook/cmake_prefix_path.sh'
[154.640s] Level 1:colcon.colcon_core.environment:checking '/home/perry/Jesus/Prueba6/install/hello_moveit/lib'
[154.644s] Level 1:colcon.colcon_core.environment:checking '/home/perry/Jesus/Prueba6/install/hello_moveit/bin'
[154.647s] Level 1:colcon.colcon_core.environment:checking '/home/perry/Jesus/Prueba6/install/hello_moveit/lib/pkgconfig/hello_moveit.pc'
[154.651s] Level 1:colcon.colcon_core.environment:checking '/home/perry/Jesus/Prueba6/install/hello_moveit/lib/python3.10/site-packages'
[154.655s] Level 1:colcon.colcon_core.environment:checking '/home/perry/Jesus/Prueba6/install/hello_moveit/bin'
[154.658s] INFO:colcon.colcon_core.shell:Creating package script '/home/perry/Jesus/Prueba6/install/hello_moveit/share/hello_moveit/package.ps1'
[154.668s] INFO:colcon.colcon_core.shell:Creating package descriptor '/home/perry/Jesus/Prueba6/install/hello_moveit/share/hello_moveit/package.dsv'
[154.674s] INFO:colcon.colcon_core.shell:Creating package script '/home/perry/Jesus/Prueba6/install/hello_moveit/share/hello_moveit/package.sh'
[154.685s] INFO:colcon.colcon_core.shell:Creating package script '/home/perry/Jesus/Prueba6/install/hello_moveit/share/hello_moveit/package.bash'
[154.690s] INFO:colcon.colcon_core.shell:Creating package script '/home/perry/Jesus/Prueba6/install/hello_moveit/share/hello_moveit/package.zsh'
[154.694s] Level 1:colcon.colcon_core.environment:create_file_with_runtime_dependencies(/home/perry/Jesus/Prueba6/install/hello_moveit/share/colcon-core/packages/hello_moveit)
[154.707s] Level 1:colcon.colcon_core.environment:create_environment_scripts_only(hello_moveit)
[154.711s] Level 1:colcon.colcon_core.environment:checking '/home/perry/Jesus/Prueba6/install/hello_moveit' for CMake module files
[154.719s] Level 1:colcon.colcon_core.environment:checking '/home/perry/Jesus/Prueba6/install/hello_moveit' for CMake config files
[154.726s] Level 1:colcon.colcon_core.shell:create_environment_hook('hello_moveit', 'cmake_prefix_path')
[154.729s] INFO:colcon.colcon_core.shell:Creating environment hook '/home/perry/Jesus/Prueba6/install/hello_moveit/share/hello_moveit/hook/cmake_prefix_path.ps1'
[154.736s] INFO:colcon.colcon_core.shell:Creating environment descriptor '/home/perry/Jesus/Prueba6/install/hello_moveit/share/hello_moveit/hook/cmake_prefix_path.dsv'
[154.744s] INFO:colcon.colcon_core.shell:Creating environment hook '/home/perry/Jesus/Prueba6/install/hello_moveit/share/hello_moveit/hook/cmake_prefix_path.sh'
[154.751s] Level 1:colcon.colcon_core.environment:checking '/home/perry/Jesus/Prueba6/install/hello_moveit/lib'
[154.752s] Level 1:colcon.colcon_core.environment:checking '/home/perry/Jesus/Prueba6/install/hello_moveit/bin'
[154.753s] Level 1:colcon.colcon_core.environment:checking '/home/perry/Jesus/Prueba6/install/hello_moveit/lib/pkgconfig/hello_moveit.pc'
[154.756s] Level 1:colcon.colcon_core.environment:checking '/home/perry/Jesus/Prueba6/install/hello_moveit/lib/python3.10/site-packages'
[154.758s] Level 1:colcon.colcon_core.environment:checking '/home/perry/Jesus/Prueba6/install/hello_moveit/bin'
[154.761s] INFO:colcon.colcon_core.shell:Creating package script '/home/perry/Jesus/Prueba6/install/hello_moveit/share/hello_moveit/package.ps1'
[154.769s] INFO:colcon.colcon_core.shell:Creating package descriptor '/home/perry/Jesus/Prueba6/install/hello_moveit/share/hello_moveit/package.dsv'
[154.779s] INFO:colcon.colcon_core.shell:Creating package script '/home/perry/Jesus/Prueba6/install/hello_moveit/share/hello_moveit/package.sh'
[154.789s] INFO:colcon.colcon_core.shell:Creating package script '/home/perry/Jesus/Prueba6/install/hello_moveit/share/hello_moveit/package.bash'
[154.796s] INFO:colcon.colcon_core.shell:Creating package script '/home/perry/Jesus/Prueba6/install/hello_moveit/share/hello_moveit/package.zsh'
[154.802s] Level 1:colcon.colcon_core.environment:create_file_with_runtime_dependencies(/home/perry/Jesus/Prueba6/install/hello_moveit/share/colcon-core/packages/hello_moveit)
[154.808s] DEBUG:colcon.colcon_parallel_executor.executor.parallel:closing loop
[154.818s] DEBUG:colcon.colcon_parallel_executor.executor.parallel:loop closed
[154.819s] DEBUG:colcon.colcon_parallel_executor.executor.parallel:run_until_complete finished with '0'
[154.820s] DEBUG:colcon.colcon_core.event_reactor:joining thread
[154.939s] INFO:colcon.colcon_core.plugin_system:Skipping extension 'colcon_notification.desktop_notification.terminal_notifier': Not used on non-Darwin systems
[154.940s] INFO:colcon.colcon_core.plugin_system:Skipping extension 'colcon_notification.desktop_notification.win32': Not used on non-Windows systems
[154.941s] INFO:colcon.colcon_notification.desktop_notification:Sending desktop notification using 'notify2'
[155.571s] DEBUG:colcon.colcon_core.event_reactor:joined thread
[155.576s] INFO:colcon.colcon_core.shell:Creating prefix script '/home/perry/Jesus/Prueba6/install/local_setup.ps1'
[155.603s] INFO:colcon.colcon_core.shell:Creating prefix util module '/home/perry/Jesus/Prueba6/install/_local_setup_util_ps1.py'
[155.630s] INFO:colcon.colcon_core.shell:Creating prefix chain script '/home/perry/Jesus/Prueba6/install/setup.ps1'
[155.644s] INFO:colcon.colcon_core.shell:Creating prefix script '/home/perry/Jesus/Prueba6/install/local_setup.sh'
[155.668s] INFO:colcon.colcon_core.shell:Creating prefix util module '/home/perry/Jesus/Prueba6/install/_local_setup_util_sh.py'
[155.679s] INFO:colcon.colcon_core.shell:Creating prefix chain script '/home/perry/Jesus/Prueba6/install/setup.sh'
[155.697s] INFO:colcon.colcon_core.shell:Creating prefix script '/home/perry/Jesus/Prueba6/install/local_setup.bash'
[155.706s] INFO:colcon.colcon_core.shell:Creating prefix chain script '/home/perry/Jesus/Prueba6/install/setup.bash'
[155.722s] INFO:colcon.colcon_core.shell:Creating prefix script '/home/perry/Jesus/Prueba6/install/local_setup.zsh'
[155.734s] INFO:colcon.colcon_core.shell:Creating prefix chain script '/home/perry/Jesus/Prueba6/install/setup.zsh'
