[0.109s] Invoking command in '/home/perry/Jesus/Prueba6/build/robot': AMENT_PREFIX_PATH=/home/perry/Jesus/Prueba6/install/irc_ros_description:${AMENT_PREFIX_PATH} CMAKE_PREFIX_PATH=/home/perry/Jesus/Prueba6/install/irc_ros_description:/opt/ros/humble /usr/bin/cmake --build /home/perry/Jesus/Prueba6/build/robot -- -j4 -l4
[0.463s] Invoked command in '/home/perry/Jesus/Prueba6/build/robot' returned '0': AMENT_PREFIX_PATH=/home/perry/Jesus/Prueba6/install/irc_ros_description:${AMENT_PREFIX_PATH} CMAKE_PREFIX_PATH=/home/perry/Jesus/Prueba6/install/irc_ros_description:/opt/ros/humble /usr/bin/cmake --build /home/perry/Jesus/Prueba6/build/robot -- -j4 -l4
[0.474s] Invoking command in '/home/perry/Jesus/Prueba6/build/robot': AMENT_PREFIX_PATH=/home/perry/Jesus/Prueba6/install/irc_ros_description:${AMENT_PREFIX_PATH} CMAKE_PREFIX_PATH=/home/perry/Jesus/Prueba6/install/irc_ros_description:/opt/ros/humble /usr/bin/cmake --install /home/perry/Jesus/Prueba6/build/robot
[0.557s] -- Install configuration: "Debug"
[0.561s] -- Up-to-date: /home/perry/Jesus/Prueba6/install/robot/share/ament_index/resource_index/package_run_dependencies/robot
[0.565s] -- Up-to-date: /home/perry/Jesus/Prueba6/install/robot/share/ament_index/resource_index/parent_prefix_path/robot
[0.569s] -- Up-to-date: /home/perry/Jesus/Prueba6/install/robot/share/robot/environment/ament_prefix_path.sh
[0.571s] -- Up-to-date: /home/perry/Jesus/Prueba6/install/robot/share/robot/environment/ament_prefix_path.dsv
[0.574s] -- Up-to-date: /home/perry/Jesus/Prueba6/install/robot/share/robot/environment/path.sh
[0.577s] -- Up-to-date: /home/perry/Jesus/Prueba6/install/robot/share/robot/environment/path.dsv
[0.578s] -- Up-to-date: /home/perry/Jesus/Prueba6/install/robot/share/robot/local_setup.bash
[0.579s] -- Up-to-date: /home/perry/Jesus/Prueba6/install/robot/share/robot/local_setup.sh
[0.582s] -- Up-to-date: /home/perry/Jesus/Prueba6/install/robot/share/robot/local_setup.zsh
[0.587s] -- Up-to-date: /home/perry/Jesus/Prueba6/install/robot/share/robot/local_setup.dsv
[0.589s] -- Installing: /home/perry/Jesus/Prueba6/install/robot/share/robot/package.dsv
[0.590s] -- Up-to-date: /home/perry/Jesus/Prueba6/install/robot/share/ament_index/resource_index/packages/robot
[0.592s] -- Up-to-date: /home/perry/Jesus/Prueba6/install/robot/share/robot/cmake/robotConfig.cmake
[0.601s] -- Up-to-date: /home/perry/Jesus/Prueba6/install/robot/share/robot/cmake/robotConfig-version.cmake
[0.610s] -- Up-to-date: /home/perry/Jesus/Prueba6/install/robot/share/robot/package.xml
[0.611s] -- Up-to-date: /home/perry/Jesus/Prueba6/install/robot/share/robot/launch
[0.613s] -- Up-to-date: /home/perry/Jesus/Prueba6/install/robot/share/robot/launch/setup_assistant.launch.py
[0.622s] -- Up-to-date: /home/perry/Jesus/Prueba6/install/robot/share/robot/launch/moveit_rviz.launch.py
[0.628s] -- Up-to-date: /home/perry/Jesus/Prueba6/install/robot/share/robot/launch/warehouse_db.launch.py
[0.636s] -- Up-to-date: /home/perry/Jesus/Prueba6/install/robot/share/robot/launch/static_virtual_joint_tfs.launch.py
[0.641s] -- Up-to-date: /home/perry/Jesus/Prueba6/install/robot/share/robot/launch/move_group.launch.py
[0.643s] -- Up-to-date: /home/perry/Jesus/Prueba6/install/robot/share/robot/launch/spawn_controllers.launch.py
[0.646s] -- Up-to-date: /home/perry/Jesus/Prueba6/install/robot/share/robot/launch/rsp.launch.py
[0.664s] -- Up-to-date: /home/perry/Jesus/Prueba6/install/robot/share/robot/launch/demo.launch.py
[0.665s] -- Up-to-date: /home/perry/Jesus/Prueba6/install/robot/share/robot/config
[0.666s] -- Up-to-date: /home/perry/Jesus/Prueba6/install/robot/share/robot/config/joint_limits.yaml
[0.667s] -- Up-to-date: /home/perry/Jesus/Prueba6/install/robot/share/robot/config/ros2_controllers.yaml
[0.674s] -- Up-to-date: /home/perry/Jesus/Prueba6/install/robot/share/robot/config/sensors_3d.yaml
[0.675s] -- Up-to-date: /home/perry/Jesus/Prueba6/install/robot/share/robot/config/moveit_controllers.yaml
[0.676s] -- Up-to-date: /home/perry/Jesus/Prueba6/install/robot/share/robot/config/pilz_cartesian_limits.yaml
[0.677s] -- Up-to-date: /home/perry/Jesus/Prueba6/install/robot/share/robot/config/moveit.rviz
[0.678s] -- Up-to-date: /home/perry/Jesus/Prueba6/install/robot/share/robot/config/igus_rebel_6dof.srdf
[0.679s] -- Up-to-date: /home/perry/Jesus/Prueba6/install/robot/share/robot/config/kinematics.yaml
[0.680s] -- Up-to-date: /home/perry/Jesus/Prueba6/install/robot/share/robot/.setup_assistant
[0.693s] Invoked command in '/home/perry/Jesus/Prueba6/build/robot' returned '0': AMENT_PREFIX_PATH=/home/perry/Jesus/Prueba6/install/irc_ros_description:${AMENT_PREFIX_PATH} CMAKE_PREFIX_PATH=/home/perry/Jesus/Prueba6/install/irc_ros_description:/opt/ros/humble /usr/bin/cmake --install /home/perry/Jesus/Prueba6/build/robot
