[15.953s] Invoking command in '/home/perry/Jesus/Prueba6/src/my_package': PYTHONPATH=/home/perry/Jesus/Prueba6/build/my_package/prefix_override:/usr/lib/python3/dist-packages/colcon_core/task/python/colcon_distutils_commands:/home/perry/Jesus/Prueba6/install/my_package/lib/python3.10/site-packages:${PYTHONPATH} /usr/bin/python3 -W ignore:setup.py install is deprecated -W ignore:easy_install command is deprecated setup.py egg_info --egg-base ../../build/my_package build --build-base /home/perry/Jesus/Prueba6/build/my_package/build install --record /home/perry/Jesus/Prueba6/build/my_package/install.log --single-version-externally-managed install_data
[21.197s] running egg_info
[21.205s] writing ../../build/my_package/my_package.egg-info/PKG-INFO
[21.213s] writing dependency_links to ../../build/my_package/my_package.egg-info/dependency_links.txt
[21.215s] writing entry points to ../../build/my_package/my_package.egg-info/entry_points.txt
[21.217s] writing requirements to ../../build/my_package/my_package.egg-info/requires.txt
[21.223s] writing top-level names to ../../build/my_package/my_package.egg-info/top_level.txt
[21.248s] reading manifest file '../../build/my_package/my_package.egg-info/SOURCES.txt'
[21.258s] writing manifest file '../../build/my_package/my_package.egg-info/SOURCES.txt'
[21.260s] running build
[21.261s] running build_py
[21.269s] running install
[21.273s] running install_lib
[21.292s] running install_data
[21.295s] running install_egg_info
[21.319s] removing '/home/perry/Jesus/Prueba6/install/my_package/lib/python3.10/site-packages/my_package-0.0.0-py3.10.egg-info' (and everything under it)
[21.325s] Copying ../../build/my_package/my_package.egg-info to /home/perry/Jesus/Prueba6/install/my_package/lib/python3.10/site-packages/my_package-0.0.0-py3.10.egg-info
[21.348s] running install_scripts
[21.616s] Installing nodo_cinematica script to /home/perry/Jesus/Prueba6/install/my_package/lib/my_package
[21.618s] Installing nodo_cinematica_inv script to /home/perry/Jesus/Prueba6/install/my_package/lib/my_package
[21.620s] Installing nodo_mando script to /home/perry/Jesus/Prueba6/install/my_package/lib/my_package
[21.630s] writing list of installed files to '/home/perry/Jesus/Prueba6/build/my_package/install.log'
[22.051s] Invoked command in '/home/perry/Jesus/Prueba6/src/my_package' returned '0': PYTHONPATH=/home/perry/Jesus/Prueba6/build/my_package/prefix_override:/usr/lib/python3/dist-packages/colcon_core/task/python/colcon_distutils_commands:/home/perry/Jesus/Prueba6/install/my_package/lib/python3.10/site-packages:${PYTHONPATH} /usr/bin/python3 -W ignore:setup.py install is deprecated -W ignore:easy_install command is deprecated setup.py egg_info --egg-base ../../build/my_package build --build-base /home/perry/Jesus/Prueba6/build/my_package/build install --record /home/perry/Jesus/Prueba6/build/my_package/install.log --single-version-externally-managed install_data
