[21.820s] Invoking command in '/home/perry/Jesus/Prueba6/src/my_package': PYTHONPATH=/home/perry/Jesus/Prueba6/build/my_package/prefix_override:/usr/lib/python3/dist-packages/colcon_core/task/python/colcon_distutils_commands:/home/perry/Jesus/Prueba6/install/my_package/lib/python3.10/site-packages:${PYTHONPATH} /usr/bin/python3 -W ignore:setup.py install is deprecated -W ignore:easy_install command is deprecated setup.py egg_info --egg-base ../../build/my_package build --build-base /home/perry/Jesus/Prueba6/build/my_package/build install --record /home/perry/Jesus/Prueba6/build/my_package/install.log --single-version-externally-managed install_data
[28.833s] running egg_info
[28.841s] writing ../../build/my_package/my_package.egg-info/PKG-INFO
[28.846s] writing dependency_links to ../../build/my_package/my_package.egg-info/dependency_links.txt
[28.853s] writing entry points to ../../build/my_package/my_package.egg-info/entry_points.txt
[28.860s] writing requirements to ../../build/my_package/my_package.egg-info/requires.txt
[28.861s] writing top-level names to ../../build/my_package/my_package.egg-info/top_level.txt
[28.879s] reading manifest file '../../build/my_package/my_package.egg-info/SOURCES.txt'
[28.892s] writing manifest file '../../build/my_package/my_package.egg-info/SOURCES.txt'
[28.900s] running build
[28.902s] running build_py
[28.909s] running install
[28.914s] running install_lib
[28.930s] running install_data
[28.932s] running install_egg_info
[28.956s] removing '/home/perry/Jesus/Prueba6/install/my_package/lib/python3.10/site-packages/my_package-0.0.0-py3.10.egg-info' (and everything under it)
[28.959s] Copying ../../build/my_package/my_package.egg-info to /home/perry/Jesus/Prueba6/install/my_package/lib/python3.10/site-packages/my_package-0.0.0-py3.10.egg-info
[28.981s] running install_scripts
[29.246s] Installing nodo_cinematica script to /home/perry/Jesus/Prueba6/install/my_package/lib/my_package
[29.250s] Installing nodo_cinematica_inv script to /home/perry/Jesus/Prueba6/install/my_package/lib/my_package
[29.256s] Installing nodo_mando script to /home/perry/Jesus/Prueba6/install/my_package/lib/my_package
[29.261s] writing list of installed files to '/home/perry/Jesus/Prueba6/build/my_package/install.log'
[29.695s] Invoked command in '/home/perry/Jesus/Prueba6/src/my_package' returned '0': PYTHONPATH=/home/perry/Jesus/Prueba6/build/my_package/prefix_override:/usr/lib/python3/dist-packages/colcon_core/task/python/colcon_distutils_commands:/home/perry/Jesus/Prueba6/install/my_package/lib/python3.10/site-packages:${PYTHONPATH} /usr/bin/python3 -W ignore:setup.py install is deprecated -W ignore:easy_install command is deprecated setup.py egg_info --egg-base ../../build/my_package build --build-base /home/perry/Jesus/Prueba6/build/my_package/build install --record /home/perry/Jesus/Prueba6/build/my_package/install.log --single-version-externally-managed install_data
