[0.295s] DEBUG:colcon:Command line arguments: ['/usr/bin/colcon', 'list', '-p', '--base-paths', '/home/jesus/p_mando']
[0.295s] DEBUG:colcon:Parsed command line arguments: Namespace(log_base=None, log_level=None, verb_name='list', build_base='build', ignore_user_meta=False, metas=['./colcon.meta'], base_paths=['/home/jesus/p_mando'], packages_ignore=None, packages_ignore_regex=None, paths=None, packages_up_to=None, packages_up_to_regex=None, packages_above=None, packages_above_and_dependencies=None, packages_above_depth=None, packages_select_by_dep=None, packages_skip_by_dep=None, packages_skip_up_to=None, packages_select_build_failed=False, packages_skip_build_finished=False, packages_select_test_failures=False, packages_skip_test_passed=False, packages_select=None, packages_skip=None, packages_select_regex=None, packages_skip_regex=None, packages_start=None, packages_end=None, allow_overriding=[], topological_order=False, names_only=False, paths_only=True, topological_graph=False, topological_graph_dot=False, topological_graph_density=False, topological_graph_legend=False, topological_graph_dot_cluster=False, topological_graph_dot_include_skipped=False, mixin_files=None, mixin=None, verb_parser=<colcon_mixin.mixin.mixin_argument.MixinArgumentDecorator object at 0x739534380c80>, verb_extension=<colcon_package_information.verb.list.ListVerb object at 0x7395343800e0>, main=<bound method ListVerb.main of <colcon_package_information.verb.list.ListVerb object at 0x7395343800e0>>, mixin_verb=('list',))
[0.430s] Level 1:colcon.colcon_core.package_discovery:discover_packages(colcon_meta) check parameters
[0.430s] Level 1:colcon.colcon_core.package_discovery:discover_packages(recursive) check parameters
[0.430s] Level 1:colcon.colcon_core.package_discovery:discover_packages(ignore) check parameters
[0.430s] Level 1:colcon.colcon_core.package_discovery:discover_packages(path) check parameters
[0.430s] Level 1:colcon.colcon_core.package_discovery:discover_packages(recursive) discover
[0.431s] INFO:colcon.colcon_core.package_discovery:Crawling recursively for packages in '/home/jesus/p_mando'
[0.431s] Level 1:colcon.colcon_core.package_identification:_identify(/home/jesus/p_mando) by extensions ['ignore', 'ignore_ament_install']
[0.431s] Level 1:colcon.colcon_core.package_identification:_identify(/home/jesus/p_mando) by extension 'ignore'
[0.431s] Level 1:colcon.colcon_core.package_identification:_identify(/home/jesus/p_mando) by extension 'ignore_ament_install'
[0.432s] Level 1:colcon.colcon_core.package_identification:_identify(/home/jesus/p_mando) by extensions ['colcon_pkg']
[0.432s] Level 1:colcon.colcon_core.package_identification:_identify(/home/jesus/p_mando) by extension 'colcon_pkg'
[0.432s] Level 1:colcon.colcon_core.package_identification:_identify(/home/jesus/p_mando) by extensions ['colcon_meta']
[0.432s] Level 1:colcon.colcon_core.package_identification:_identify(/home/jesus/p_mando) by extension 'colcon_meta'
[0.432s] Level 1:colcon.colcon_core.package_identification:_identify(/home/jesus/p_mando) by extensions ['ros']
[0.432s] Level 1:colcon.colcon_core.package_identification:_identify(/home/jesus/p_mando) by extension 'ros'
[0.581s] Level 1:colcon.colcon_core.package_identification:_identify(/home/jesus/p_mando) by extensions ['cmake', 'python']
[0.581s] Level 1:colcon.colcon_core.package_identification:_identify(/home/jesus/p_mando) by extension 'cmake'
[0.581s] Level 1:colcon.colcon_core.package_identification:_identify(/home/jesus/p_mando) by extension 'python'
[0.581s] Level 1:colcon.colcon_core.package_identification:_identify(/home/jesus/p_mando) by extensions ['python_setup_py']
[0.581s] Level 1:colcon.colcon_core.package_identification:_identify(/home/jesus/p_mando) by extension 'python_setup_py'
[0.582s] Level 1:colcon.colcon_core.package_identification:_identify(/home/jesus/p_mando/build) by extensions ['ignore', 'ignore_ament_install']
[0.582s] Level 1:colcon.colcon_core.package_identification:_identify(/home/jesus/p_mando/build) by extension 'ignore'
[0.582s] Level 1:colcon.colcon_core.package_identification:_identify(/home/jesus/p_mando/build) ignored
[0.583s] Level 1:colcon.colcon_core.package_identification:_identify(/home/jesus/p_mando/install) by extensions ['ignore', 'ignore_ament_install']
[0.583s] Level 1:colcon.colcon_core.package_identification:_identify(/home/jesus/p_mando/install) by extension 'ignore'
[0.583s] Level 1:colcon.colcon_core.package_identification:_identify(/home/jesus/p_mando/install) ignored
[0.584s] Level 1:colcon.colcon_core.package_identification:_identify(/home/jesus/p_mando/log) by extensions ['ignore', 'ignore_ament_install']
[0.584s] Level 1:colcon.colcon_core.package_identification:_identify(/home/jesus/p_mando/log) by extension 'ignore'
[0.584s] Level 1:colcon.colcon_core.package_identification:_identify(/home/jesus/p_mando/log) ignored
[0.584s] Level 1:colcon.colcon_core.package_identification:_identify(/home/jesus/p_mando/src) by extensions ['ignore', 'ignore_ament_install']
[0.585s] Level 1:colcon.colcon_core.package_identification:_identify(/home/jesus/p_mando/src) by extension 'ignore'
[0.585s] Level 1:colcon.colcon_core.package_identification:_identify(/home/jesus/p_mando/src) by extension 'ignore_ament_install'
[0.585s] Level 1:colcon.colcon_core.package_identification:_identify(/home/jesus/p_mando/src) by extensions ['colcon_pkg']
[0.585s] Level 1:colcon.colcon_core.package_identification:_identify(/home/jesus/p_mando/src) by extension 'colcon_pkg'
[0.585s] Level 1:colcon.colcon_core.package_identification:_identify(/home/jesus/p_mando/src) by extensions ['colcon_meta']
[0.585s] Level 1:colcon.colcon_core.package_identification:_identify(/home/jesus/p_mando/src) by extension 'colcon_meta'
[0.585s] Level 1:colcon.colcon_core.package_identification:_identify(/home/jesus/p_mando/src) by extensions ['ros']
[0.586s] Level 1:colcon.colcon_core.package_identification:_identify(/home/jesus/p_mando/src) by extension 'ros'
[0.586s] Level 1:colcon.colcon_core.package_identification:_identify(/home/jesus/p_mando/src) by extensions ['cmake', 'python']
[0.586s] Level 1:colcon.colcon_core.package_identification:_identify(/home/jesus/p_mando/src) by extension 'cmake'
[0.586s] Level 1:colcon.colcon_core.package_identification:_identify(/home/jesus/p_mando/src) by extension 'python'
[0.586s] Level 1:colcon.colcon_core.package_identification:_identify(/home/jesus/p_mando/src) by extensions ['python_setup_py']
[0.586s] Level 1:colcon.colcon_core.package_identification:_identify(/home/jesus/p_mando/src) by extension 'python_setup_py'
[0.587s] Level 1:colcon.colcon_core.package_identification:_identify(/home/jesus/p_mando/src/my_package) by extensions ['ignore', 'ignore_ament_install']
[0.587s] Level 1:colcon.colcon_core.package_identification:_identify(/home/jesus/p_mando/src/my_package) by extension 'ignore'
[0.587s] Level 1:colcon.colcon_core.package_identification:_identify(/home/jesus/p_mando/src/my_package) by extension 'ignore_ament_install'
[0.588s] Level 1:colcon.colcon_core.package_identification:_identify(/home/jesus/p_mando/src/my_package) by extensions ['colcon_pkg']
[0.588s] Level 1:colcon.colcon_core.package_identification:_identify(/home/jesus/p_mando/src/my_package) by extension 'colcon_pkg'
[0.589s] Level 1:colcon.colcon_core.package_identification:_identify(/home/jesus/p_mando/src/my_package) by extensions ['colcon_meta']
[0.589s] Level 1:colcon.colcon_core.package_identification:_identify(/home/jesus/p_mando/src/my_package) by extension 'colcon_meta'
[0.589s] Level 1:colcon.colcon_core.package_identification:_identify(/home/jesus/p_mando/src/my_package) by extensions ['ros']
[0.589s] Level 1:colcon.colcon_core.package_identification:_identify(/home/jesus/p_mando/src/my_package) by extension 'ros'
[0.598s] DEBUG:colcon.colcon_core.package_identification:Package '/home/jesus/p_mando/src/my_package' with type 'ros.ament_python' and name 'my_package'
[0.598s] Level 1:colcon.colcon_core.package_discovery:discover_packages(recursive) using defaults
