[4.555s] DEBUG:colcon:Command line arguments: ['/usr/bin/colcon', 'build', '--packages-select', 'moveit2_pose_target']
[4.556s] DEBUG:colcon:Parsed command line arguments: Namespace(log_base=None, log_level=None, verb_name='build', build_base='build', install_base='install', merge_install=False, symlink_install=False, test_result_base=None, continue_on_error=False, executor='parallel', parallel_workers=4, event_handlers=None, ignore_user_meta=False, metas=['./colcon.meta'], base_paths=['.'], packages_ignore=None, packages_ignore_regex=None, paths=None, packages_up_to=None, packages_up_to_regex=None, packages_above=None, packages_above_and_dependencies=None, packages_above_depth=None, packages_select_by_dep=None, packages_skip_by_dep=None, packages_skip_up_to=None, packages_select_build_failed=False, packages_skip_build_finished=False, packages_select_test_failures=False, packages_skip_test_passed=False, packages_select=['moveit2_pose_target'], packages_skip=None, packages_select_regex=None, packages_skip_regex=None, packages_start=None, packages_end=None, allow_overriding=[], cmake_args=None, cmake_target=None, cmake_target_skip_unavailable=False, cmake_clean_cache=False, cmake_clean_first=False, cmake_force_configure=False, ament_cmake_args=None, catkin_cmake_args=None, catkin_skip_building_tests=False, mixin_files=None, mixin=None, verb_parser=<colcon_mixin.mixin.mixin_argument.MixinArgumentDecorator object at 0xffff9e417ee0>, verb_extension=<colcon_core.verb.build.BuildVerb object at 0xffff9e417a30>, main=<bound method BuildVerb.main of <colcon_core.verb.build.BuildVerb object at 0xffff9e417a30>>, mixin_verb=('build',))
[9.727s] Level 1:colcon.colcon_core.package_discovery:discover_packages(colcon_meta) check parameters
[9.730s] Level 1:colcon.colcon_core.package_discovery:discover_packages(recursive) check parameters
[9.731s] Level 1:colcon.colcon_core.package_discovery:discover_packages(ignore) check parameters
[9.731s] Level 1:colcon.colcon_core.package_discovery:discover_packages(path) check parameters
[9.731s] Level 1:colcon.colcon_core.package_discovery:discover_packages(colcon_meta) discover
[9.735s] Level 1:colcon.colcon_core.package_discovery:discover_packages(recursive) discover
[9.736s] INFO:colcon.colcon_core.package_discovery:Crawling recursively for packages in '/home/perry/Jesus/Prueba6'
[9.736s] Level 1:colcon.colcon_core.package_identification:_identify(.) by extensions ['ignore', 'ignore_ament_install']
[9.738s] Level 1:colcon.colcon_core.package_identification:_identify(.) by extension 'ignore'
[9.739s] Level 1:colcon.colcon_core.package_identification:_identify(.) by extension 'ignore_ament_install'
[9.740s] Level 1:colcon.colcon_core.package_identification:_identify(.) by extensions ['colcon_pkg']
[9.741s] Level 1:colcon.colcon_core.package_identification:_identify(.) by extension 'colcon_pkg'
[9.742s] Level 1:colcon.colcon_core.package_identification:_identify(.) by extensions ['colcon_meta']
[9.743s] Level 1:colcon.colcon_core.package_identification:_identify(.) by extension 'colcon_meta'
[9.744s] Level 1:colcon.colcon_core.package_identification:_identify(.) by extensions ['ros']
[9.744s] Level 1:colcon.colcon_core.package_identification:_identify(.) by extension 'ros'
[10.027s] Level 1:colcon.colcon_core.package_identification:_identify(.) by extensions ['cmake', 'python']
[10.028s] Level 1:colcon.colcon_core.package_identification:_identify(.) by extension 'cmake'
[10.029s] Level 1:colcon.colcon_core.package_identification:_identify(.) by extension 'python'
[10.030s] Level 1:colcon.colcon_core.package_identification:_identify(.) by extensions ['python_setup_py']
[10.031s] Level 1:colcon.colcon_core.package_identification:_identify(.) by extension 'python_setup_py'
[10.033s] Level 1:colcon.colcon_core.package_identification:_identify(build) by extensions ['ignore', 'ignore_ament_install']
[10.035s] Level 1:colcon.colcon_core.package_identification:_identify(build) by extension 'ignore'
[10.037s] Level 1:colcon.colcon_core.package_identification:_identify(build) ignored
[10.039s] Level 1:colcon.colcon_core.package_identification:_identify(install) by extensions ['ignore', 'ignore_ament_install']
[10.041s] Level 1:colcon.colcon_core.package_identification:_identify(install) by extension 'ignore'
[10.042s] Level 1:colcon.colcon_core.package_identification:_identify(install) ignored
[10.046s] Level 1:colcon.colcon_core.package_identification:_identify(log) by extensions ['ignore', 'ignore_ament_install']
[10.048s] Level 1:colcon.colcon_core.package_identification:_identify(log) by extension 'ignore'
[10.049s] Level 1:colcon.colcon_core.package_identification:_identify(log) ignored
[10.052s] Level 1:colcon.colcon_core.package_identification:_identify(src) by extensions ['ignore', 'ignore_ament_install']
[10.054s] Level 1:colcon.colcon_core.package_identification:_identify(src) by extension 'ignore'
[10.055s] Level 1:colcon.colcon_core.package_identification:_identify(src) by extension 'ignore_ament_install'
[10.057s] Level 1:colcon.colcon_core.package_identification:_identify(src) by extensions ['colcon_pkg']
[10.058s] Level 1:colcon.colcon_core.package_identification:_identify(src) by extension 'colcon_pkg'
[10.061s] Level 1:colcon.colcon_core.package_identification:_identify(src) by extensions ['colcon_meta']
[10.062s] Level 1:colcon.colcon_core.package_identification:_identify(src) by extension 'colcon_meta'
[10.064s] Level 1:colcon.colcon_core.package_identification:_identify(src) by extensions ['ros']
[10.066s] Level 1:colcon.colcon_core.package_identification:_identify(src) by extension 'ros'
[10.070s] Level 1:colcon.colcon_core.package_identification:_identify(src) by extensions ['cmake', 'python']
[10.071s] Level 1:colcon.colcon_core.package_identification:_identify(src) by extension 'cmake'
[10.072s] Level 1:colcon.colcon_core.package_identification:_identify(src) by extension 'python'
[10.074s] Level 1:colcon.colcon_core.package_identification:_identify(src) by extensions ['python_setup_py']
[10.074s] Level 1:colcon.colcon_core.package_identification:_identify(src) by extension 'python_setup_py'
[10.077s] Level 1:colcon.colcon_core.package_identification:_identify(src/hello_moveit) by extensions ['ignore', 'ignore_ament_install']
[10.078s] Level 1:colcon.colcon_core.package_identification:_identify(src/hello_moveit) by extension 'ignore'
[10.079s] Level 1:colcon.colcon_core.package_identification:_identify(src/hello_moveit) by extension 'ignore_ament_install'
[10.080s] Level 1:colcon.colcon_core.package_identification:_identify(src/hello_moveit) by extensions ['colcon_pkg']
[10.081s] Level 1:colcon.colcon_core.package_identification:_identify(src/hello_moveit) by extension 'colcon_pkg'
[10.083s] Level 1:colcon.colcon_core.package_identification:_identify(src/hello_moveit) by extensions ['colcon_meta']
[10.084s] Level 1:colcon.colcon_core.package_identification:_identify(src/hello_moveit) by extension 'colcon_meta'
[10.086s] Level 1:colcon.colcon_core.package_identification:_identify(src/hello_moveit) by extensions ['ros']
[10.087s] Level 1:colcon.colcon_core.package_identification:_identify(src/hello_moveit) by extension 'ros'
[10.142s] DEBUG:colcon.colcon_core.package_identification:Package 'src/hello_moveit' with type 'ros.ament_cmake' and name 'hello_moveit'
[10.145s] Level 1:colcon.colcon_core.package_identification:_identify(src/irc_ros_description) by extensions ['ignore', 'ignore_ament_install']
[10.148s] Level 1:colcon.colcon_core.package_identification:_identify(src/irc_ros_description) by extension 'ignore'
[10.153s] Level 1:colcon.colcon_core.package_identification:_identify(src/irc_ros_description) by extension 'ignore_ament_install'
[10.155s] Level 1:colcon.colcon_core.package_identification:_identify(src/irc_ros_description) by extensions ['colcon_pkg']
[10.157s] Level 1:colcon.colcon_core.package_identification:_identify(src/irc_ros_description) by extension 'colcon_pkg'
[10.158s] Level 1:colcon.colcon_core.package_identification:_identify(src/irc_ros_description) by extensions ['colcon_meta']
[10.159s] Level 1:colcon.colcon_core.package_identification:_identify(src/irc_ros_description) by extension 'colcon_meta'
[10.161s] Level 1:colcon.colcon_core.package_identification:_identify(src/irc_ros_description) by extensions ['ros']
[10.163s] Level 1:colcon.colcon_core.package_identification:_identify(src/irc_ros_description) by extension 'ros'
[10.182s] DEBUG:colcon.colcon_core.package_identification:Package 'src/irc_ros_description' with type 'ros.ament_cmake' and name 'irc_ros_description'
[10.184s] Level 1:colcon.colcon_core.package_identification:_identify(src/moveit2_pose_target) by extensions ['ignore', 'ignore_ament_install']
[10.190s] Level 1:colcon.colcon_core.package_identification:_identify(src/moveit2_pose_target) by extension 'ignore'
[10.193s] Level 1:colcon.colcon_core.package_identification:_identify(src/moveit2_pose_target) by extension 'ignore_ament_install'
[10.198s] Level 1:colcon.colcon_core.package_identification:_identify(src/moveit2_pose_target) by extensions ['colcon_pkg']
[10.204s] Level 1:colcon.colcon_core.package_identification:_identify(src/moveit2_pose_target) by extension 'colcon_pkg'
[10.207s] Level 1:colcon.colcon_core.package_identification:_identify(src/moveit2_pose_target) by extensions ['colcon_meta']
[10.208s] Level 1:colcon.colcon_core.package_identification:_identify(src/moveit2_pose_target) by extension 'colcon_meta'
[10.209s] Level 1:colcon.colcon_core.package_identification:_identify(src/moveit2_pose_target) by extensions ['ros']
[10.210s] Level 1:colcon.colcon_core.package_identification:_identify(src/moveit2_pose_target) by extension 'ros'
[10.228s] DEBUG:colcon.colcon_core.package_identification:Package 'src/moveit2_pose_target' with type 'ros.ament_cmake' and name 'moveit2_pose_target'
[10.230s] Level 1:colcon.colcon_core.package_identification:_identify(src/my_package) by extensions ['ignore', 'ignore_ament_install']
[10.231s] Level 1:colcon.colcon_core.package_identification:_identify(src/my_package) by extension 'ignore'
[10.232s] Level 1:colcon.colcon_core.package_identification:_identify(src/my_package) by extension 'ignore_ament_install'
[10.233s] Level 1:colcon.colcon_core.package_identification:_identify(src/my_package) by extensions ['colcon_pkg']
[10.234s] Level 1:colcon.colcon_core.package_identification:_identify(src/my_package) by extension 'colcon_pkg'
[10.236s] Level 1:colcon.colcon_core.package_identification:_identify(src/my_package) by extensions ['colcon_meta']
[10.238s] Level 1:colcon.colcon_core.package_identification:_identify(src/my_package) by extension 'colcon_meta'
[10.239s] Level 1:colcon.colcon_core.package_identification:_identify(src/my_package) by extensions ['ros']
[10.240s] Level 1:colcon.colcon_core.package_identification:_identify(src/my_package) by extension 'ros'
[10.249s] DEBUG:colcon.colcon_core.package_identification:Package 'src/my_package' with type 'ros.ament_python' and name 'my_package'
[10.251s] Level 1:colcon.colcon_core.package_identification:_identify(src/robot) by extensions ['ignore', 'ignore_ament_install']
[10.253s] Level 1:colcon.colcon_core.package_identification:_identify(src/robot) by extension 'ignore'
[10.255s] Level 1:colcon.colcon_core.package_identification:_identify(src/robot) by extension 'ignore_ament_install'
[10.256s] Level 1:colcon.colcon_core.package_identification:_identify(src/robot) by extensions ['colcon_pkg']
[10.257s] Level 1:colcon.colcon_core.package_identification:_identify(src/robot) by extension 'colcon_pkg'
[10.258s] Level 1:colcon.colcon_core.package_identification:_identify(src/robot) by extensions ['colcon_meta']
[10.260s] Level 1:colcon.colcon_core.package_identification:_identify(src/robot) by extension 'colcon_meta'
[10.262s] Level 1:colcon.colcon_core.package_identification:_identify(src/robot) by extensions ['ros']
[10.264s] Level 1:colcon.colcon_core.package_identification:_identify(src/robot) by extension 'ros'
[10.278s] DEBUG:colcon.colcon_core.package_identification:Package 'src/robot' with type 'ros.ament_cmake' and name 'robot'
[10.278s] Level 1:colcon.colcon_core.package_discovery:discover_packages(recursive) using defaults
[10.279s] Level 1:colcon.colcon_core.package_discovery:discover_packages(ignore) discover
[10.280s] Level 1:colcon.colcon_core.package_discovery:discover_packages(ignore) using defaults
[10.281s] Level 1:colcon.colcon_core.package_discovery:discover_packages(path) discover
[10.281s] Level 1:colcon.colcon_core.package_discovery:discover_packages(path) using defaults
[10.633s] INFO:colcon.colcon_core.package_selection:Skipping not selected package 'hello_moveit' in 'src/hello_moveit'
[10.634s] INFO:colcon.colcon_core.package_selection:Skipping not selected package 'irc_ros_description' in 'src/irc_ros_description'
[10.635s] INFO:colcon.colcon_core.package_selection:Skipping not selected package 'my_package' in 'src/my_package'
[10.636s] INFO:colcon.colcon_core.package_selection:Skipping not selected package 'robot' in 'src/robot'
[10.646s] Level 1:colcon.colcon_core.package_discovery:discover_packages(prefix_path) check parameters
[10.648s] Level 1:colcon.colcon_core.package_discovery:discover_packages(prefix_path) discover
[10.742s] DEBUG:colcon.colcon_installed_package_information.package_discovery:Found 444 installed packages in /opt/ros/humble
[10.758s] Level 1:colcon.colcon_core.package_discovery:discover_packages(prefix_path) using defaults
[11.480s] Level 5:colcon.colcon_core.verb:set package 'moveit2_pose_target' build argument 'cmake_args' from command line to 'None'
[11.481s] Level 5:colcon.colcon_core.verb:set package 'moveit2_pose_target' build argument 'cmake_target' from command line to 'None'
[11.482s] Level 5:colcon.colcon_core.verb:set package 'moveit2_pose_target' build argument 'cmake_target_skip_unavailable' from command line to 'False'
[11.482s] Level 5:colcon.colcon_core.verb:set package 'moveit2_pose_target' build argument 'cmake_clean_cache' from command line to 'False'
[11.483s] Level 5:colcon.colcon_core.verb:set package 'moveit2_pose_target' build argument 'cmake_clean_first' from command line to 'False'
[11.484s] Level 5:colcon.colcon_core.verb:set package 'moveit2_pose_target' build argument 'cmake_force_configure' from command line to 'False'
[11.485s] Level 5:colcon.colcon_core.verb:set package 'moveit2_pose_target' build argument 'ament_cmake_args' from command line to 'None'
[11.486s] Level 5:colcon.colcon_core.verb:set package 'moveit2_pose_target' build argument 'catkin_cmake_args' from command line to 'None'
[11.487s] Level 5:colcon.colcon_core.verb:set package 'moveit2_pose_target' build argument 'catkin_skip_building_tests' from command line to 'False'
[11.488s] DEBUG:colcon.colcon_core.verb:Building package 'moveit2_pose_target' with the following arguments: {'ament_cmake_args': None, 'build_base': '/home/perry/Jesus/Prueba6/build/moveit2_pose_target', 'catkin_cmake_args': None, 'catkin_skip_building_tests': False, 'cmake_args': None, 'cmake_clean_cache': False, 'cmake_clean_first': False, 'cmake_force_configure': False, 'cmake_target': None, 'cmake_target_skip_unavailable': False, 'install_base': '/home/perry/Jesus/Prueba6/install/moveit2_pose_target', 'merge_install': False, 'path': '/home/perry/Jesus/Prueba6/src/moveit2_pose_target', 'symlink_install': False, 'test_result_base': None}
[11.492s] INFO:colcon.colcon_core.executor:Executing jobs using 'parallel' executor
[11.503s] DEBUG:colcon.colcon_parallel_executor.executor.parallel:run_until_complete
[11.508s] INFO:colcon.colcon_ros.task.ament_cmake.build:Building ROS package in '/home/perry/Jesus/Prueba6/src/moveit2_pose_target' with build type 'ament_cmake'
[11.512s] INFO:colcon.colcon_cmake.task.cmake.build:Building CMake package in '/home/perry/Jesus/Prueba6/src/moveit2_pose_target'
[11.581s] INFO:colcon.colcon_core.plugin_system:Skipping extension 'colcon_core.shell.bat': Not used on non-Windows systems
[11.583s] INFO:colcon.colcon_core.shell:Skip shell extension 'powershell' for command environment: Not usable outside of PowerShell
[11.585s] DEBUG:colcon.colcon_core.shell:Skip shell extension 'dsv' for command environment
[11.702s] DEBUG:colcon.colcon_core.event_handler.log_command:Invoking command in '/home/perry/Jesus/Prueba6/build/moveit2_pose_target': CMAKE_PREFIX_PATH=/opt/ros/humble /usr/bin/cmake --build /home/perry/Jesus/Prueba6/build/moveit2_pose_target -- -j4 -l4
[164.734s] DEBUG:colcon.colcon_core.event_handler.log_command:Invoked command in '/home/perry/Jesus/Prueba6/build/moveit2_pose_target' returned '2': CMAKE_PREFIX_PATH=/opt/ros/humble /usr/bin/cmake --build /home/perry/Jesus/Prueba6/build/moveit2_pose_target -- -j4 -l4
[164.839s] Level 1:colcon.colcon_core.environment:create_environment_scripts_only(moveit2_pose_target)
[164.988s] Level 1:colcon.colcon_core.environment:checking '/home/perry/Jesus/Prueba6/install/moveit2_pose_target' for CMake module files
[165.057s] Level 1:colcon.colcon_core.environment:checking '/home/perry/Jesus/Prueba6/install/moveit2_pose_target' for CMake config files
[165.090s] Level 1:colcon.colcon_core.shell:create_environment_hook('moveit2_pose_target', 'cmake_prefix_path')
[165.094s] INFO:colcon.colcon_core.shell:Creating environment hook '/home/perry/Jesus/Prueba6/install/moveit2_pose_target/share/moveit2_pose_target/hook/cmake_prefix_path.ps1'
[165.174s] INFO:colcon.colcon_core.shell:Creating environment descriptor '/home/perry/Jesus/Prueba6/install/moveit2_pose_target/share/moveit2_pose_target/hook/cmake_prefix_path.dsv'
[165.196s] INFO:colcon.colcon_core.shell:Creating environment hook '/home/perry/Jesus/Prueba6/install/moveit2_pose_target/share/moveit2_pose_target/hook/cmake_prefix_path.sh'
[165.238s] Level 1:colcon.colcon_core.environment:checking '/home/perry/Jesus/Prueba6/install/moveit2_pose_target/lib'
[165.242s] Level 1:colcon.colcon_core.environment:checking '/home/perry/Jesus/Prueba6/install/moveit2_pose_target/bin'
[165.244s] Level 1:colcon.colcon_core.environment:checking '/home/perry/Jesus/Prueba6/install/moveit2_pose_target/lib/pkgconfig/moveit2_pose_target.pc'
[165.266s] Level 1:colcon.colcon_core.environment:checking '/home/perry/Jesus/Prueba6/install/moveit2_pose_target/lib/python3.10/site-packages'
[165.269s] Level 1:colcon.colcon_core.environment:checking '/home/perry/Jesus/Prueba6/install/moveit2_pose_target/bin'
[165.274s] INFO:colcon.colcon_core.shell:Creating package script '/home/perry/Jesus/Prueba6/install/moveit2_pose_target/share/moveit2_pose_target/package.ps1'
[165.296s] INFO:colcon.colcon_core.shell:Creating package descriptor '/home/perry/Jesus/Prueba6/install/moveit2_pose_target/share/moveit2_pose_target/package.dsv'
[165.308s] INFO:colcon.colcon_core.shell:Creating package script '/home/perry/Jesus/Prueba6/install/moveit2_pose_target/share/moveit2_pose_target/package.sh'
[165.316s] INFO:colcon.colcon_core.shell:Creating package script '/home/perry/Jesus/Prueba6/install/moveit2_pose_target/share/moveit2_pose_target/package.bash'
[165.337s] INFO:colcon.colcon_core.shell:Creating package script '/home/perry/Jesus/Prueba6/install/moveit2_pose_target/share/moveit2_pose_target/package.zsh'
[165.356s] Level 1:colcon.colcon_core.environment:create_file_with_runtime_dependencies(/home/perry/Jesus/Prueba6/install/moveit2_pose_target/share/colcon-core/packages/moveit2_pose_target)
[165.381s] DEBUG:colcon.colcon_parallel_executor.executor.parallel:closing loop
[165.386s] DEBUG:colcon.colcon_parallel_executor.executor.parallel:loop closed
[165.391s] DEBUG:colcon.colcon_parallel_executor.executor.parallel:run_until_complete finished with '2'
[165.393s] DEBUG:colcon.colcon_core.event_reactor:joining thread
[165.560s] INFO:colcon.colcon_core.plugin_system:Skipping extension 'colcon_notification.desktop_notification.terminal_notifier': Not used on non-Darwin systems
[165.562s] INFO:colcon.colcon_core.plugin_system:Skipping extension 'colcon_notification.desktop_notification.win32': Not used on non-Windows systems
[165.564s] INFO:colcon.colcon_notification.desktop_notification:Sending desktop notification using 'notify2'
[166.371s] DEBUG:colcon.colcon_core.event_reactor:joined thread
[166.385s] INFO:colcon.colcon_core.shell:Creating prefix script '/home/perry/Jesus/Prueba6/install/local_setup.ps1'
[166.404s] INFO:colcon.colcon_core.shell:Creating prefix util module '/home/perry/Jesus/Prueba6/install/_local_setup_util_ps1.py'
[166.426s] INFO:colcon.colcon_core.shell:Creating prefix chain script '/home/perry/Jesus/Prueba6/install/setup.ps1'
[166.442s] INFO:colcon.colcon_core.shell:Creating prefix script '/home/perry/Jesus/Prueba6/install/local_setup.sh'
[166.461s] INFO:colcon.colcon_core.shell:Creating prefix util module '/home/perry/Jesus/Prueba6/install/_local_setup_util_sh.py'
[166.474s] INFO:colcon.colcon_core.shell:Creating prefix chain script '/home/perry/Jesus/Prueba6/install/setup.sh'
[166.492s] INFO:colcon.colcon_core.shell:Creating prefix script '/home/perry/Jesus/Prueba6/install/local_setup.bash'
[166.502s] INFO:colcon.colcon_core.shell:Creating prefix chain script '/home/perry/Jesus/Prueba6/install/setup.bash'
[166.521s] INFO:colcon.colcon_core.shell:Creating prefix script '/home/perry/Jesus/Prueba6/install/local_setup.zsh'
[166.537s] INFO:colcon.colcon_core.shell:Creating prefix chain script '/home/perry/Jesus/Prueba6/install/setup.zsh'
