[0.220s] Invoking command in '/home/perry/Jesus/Prueba6/build/hello_moveit': CMAKE_PREFIX_PATH=${CMAKE_PREFIX_PATH}:/home/perry/Jesus/Prueba6/install/my_package:/opt/ros/humble /usr/bin/cmake /home/perry/Jesus/Prueba6/src/hello_moveit -DCMAKE_INSTALL_PREFIX=/home/perry/Jesus/Prueba6/install/hello_moveit
[0.924s] -- Found ament_cmake: 1.3.11 (/opt/ros/humble/share/ament_cmake/cmake)
[2.730s] -- Override CMake install command with custom implementation using symlinks instead of copying resources
[2.993s] -- Found moveit_ros_planning_interface: 2.5.8 (/opt/ros/humble/share/moveit_ros_planning_interface/cmake)
[3.145s] -- Found Boost: /usr/lib/aarch64-linux-gnu/cmake/Boost-1.74.0/BoostConfig.cmake (found version "1.74.0") found components: date_time filesystem program_options system thread 
[3.833s] -- Found rosidl_generator_c: 3.1.6 (/opt/ros/humble/share/rosidl_generator_c/cmake)
[3.874s] -- Found rosidl_adapter: 3.1.6 (/opt/ros/humble/share/rosidl_adapter/cmake)
[4.003s] -- Found rosidl_generator_cpp: 3.1.6 (/opt/ros/humble/share/rosidl_generator_cpp/cmake)
[4.167s] -- Using all available rosidl_typesupport_c: rosidl_typesupport_fastrtps_c;rosidl_typesupport_introspection_c
[4.352s] -- Using all available rosidl_typesupport_cpp: rosidl_typesupport_fastrtps_cpp;rosidl_typesupport_introspection_cpp
[7.517s] -- Found Boost: /usr/lib/aarch64-linux-gnu/cmake/Boost-1.74.0/BoostConfig.cmake (found version "1.74.0") found components: chrono date_time filesystem iostreams program_options regex serialization system thread 
[7.917s] -- Found parameter_traits: 0.4.0 (/opt/ros/humble/share/parameter_traits/cmake)
[8.424s] -- Found rmw_implementation_cmake: 6.1.2 (/opt/ros/humble/share/rmw_implementation_cmake/cmake)
[8.452s] -- Found rmw_fastrtps_cpp: 6.2.7 (/opt/ros/humble/share/rmw_fastrtps_cpp/cmake)
[10.311s] -- Using RMW implementation 'rmw_fastrtps_cpp' as default
[10.930s] -- Found rclcpp_lifecycle: 16.0.12 (/opt/ros/humble/share/rclcpp_lifecycle/cmake)
[11.191s] -- Found Boost: /usr/lib/aarch64-linux-gnu/cmake/Boost-1.74.0/BoostConfig.cmake (found version "1.74.0") found components: filesystem 
[11.718s] -- library: /usr/lib/aarch64-linux-gnu/libcurl.so
[12.045s] -- Ensuring Eigen3 include directory is part of orocos-kdl CMake target
[13.877s] -- Found Boost: /usr/lib/aarch64-linux-gnu/cmake/Boost-1.74.0/BoostConfig.cmake (found version "1.74.0") found components: system filesystem date_time program_options thread chrono 
[14.185s] -- Found Boost: /usr/lib/aarch64-linux-gnu/cmake/Boost-1.74.0/BoostConfig.cmake (found version "1.74.0") found components: thread system filesystem regex date_time program_options 
[14.404s] -- Found Boost: /usr/lib/aarch64-linux-gnu/cmake/Boost-1.74.0/BoostConfig.cmake (found version "1.74.0") found components: system filesystem date_time program_options thread 
[14.708s] -- Found ament_lint_auto: 0.12.12 (/opt/ros/humble/share/ament_lint_auto/cmake)
[15.812s] -- Added test 'cppcheck' to perform static code analysis on C / C++ code
[15.816s] -- Configured cppcheck include dirs: $<BUILD_INTERFACE:/home/perry/Jesus/Prueba6/src/hello_moveit/include>
[15.818s] -- Configured cppcheck exclude dirs and/or files: 
[15.828s] -- Added test 'lint_cmake' to check CMake code style
[15.861s] -- Added test 'uncrustify' to check C / C++ code style
[15.862s] -- Configured uncrustify additional arguments: 
[15.867s] -- Added test 'xmllint' to check XML markup files
[15.897s] -- Configuring done
[16.379s] -- Generating done
[16.498s] -- Build files have been written to: /home/perry/Jesus/Prueba6/build/hello_moveit
[16.759s] Invoked command in '/home/perry/Jesus/Prueba6/build/hello_moveit' returned '0': CMAKE_PREFIX_PATH=${CMAKE_PREFIX_PATH}:/home/perry/Jesus/Prueba6/install/my_package:/opt/ros/humble /usr/bin/cmake /home/perry/Jesus/Prueba6/src/hello_moveit -DCMAKE_INSTALL_PREFIX=/home/perry/Jesus/Prueba6/install/hello_moveit
[16.768s] Invoking command in '/home/perry/Jesus/Prueba6/build/hello_moveit': CMAKE_PREFIX_PATH=${CMAKE_PREFIX_PATH}:/home/perry/Jesus/Prueba6/install/my_package:/opt/ros/humble /usr/bin/cmake --build /home/perry/Jesus/Prueba6/build/hello_moveit -- -j4 -l4
[17.344s] [35m[1mConsolidate compiler generated dependencies of target hello_moveit[0m
[17.509s] [100%] Built target hello_moveit
[17.665s] Invoked command in '/home/perry/Jesus/Prueba6/build/hello_moveit' returned '0': CMAKE_PREFIX_PATH=${CMAKE_PREFIX_PATH}:/home/perry/Jesus/Prueba6/install/my_package:/opt/ros/humble /usr/bin/cmake --build /home/perry/Jesus/Prueba6/build/hello_moveit -- -j4 -l4
[17.796s] Invoking command in '/home/perry/Jesus/Prueba6/build/hello_moveit': CMAKE_PREFIX_PATH=${CMAKE_PREFIX_PATH}:/home/perry/Jesus/Prueba6/install/my_package:/opt/ros/humble /usr/bin/cmake --install /home/perry/Jesus/Prueba6/build/hello_moveit
[17.902s] -- Install configuration: "Debug"
[17.912s] -- Execute custom install script
[17.928s] -- Up-to-date symlink: /home/perry/Jesus/Prueba6/install/hello_moveit/lib/hello_moveit/hello_moveit
[17.941s] -- Up-to-date symlink: /home/perry/Jesus/Prueba6/install/hello_moveit/share/ament_index/resource_index/package_run_dependencies/hello_moveit
[17.952s] -- Up-to-date symlink: /home/perry/Jesus/Prueba6/install/hello_moveit/share/ament_index/resource_index/parent_prefix_path/hello_moveit
[17.964s] -- Up-to-date symlink: /home/perry/Jesus/Prueba6/install/hello_moveit/share/hello_moveit/environment/ament_prefix_path.sh
[17.970s] -- Up-to-date symlink: /home/perry/Jesus/Prueba6/install/hello_moveit/share/hello_moveit/environment/ament_prefix_path.dsv
[17.975s] -- Up-to-date symlink: /home/perry/Jesus/Prueba6/install/hello_moveit/share/hello_moveit/environment/path.sh
[17.980s] -- Up-to-date symlink: /home/perry/Jesus/Prueba6/install/hello_moveit/share/hello_moveit/environment/path.dsv
[17.983s] -- Up-to-date symlink: /home/perry/Jesus/Prueba6/install/hello_moveit/share/hello_moveit/local_setup.bash
[17.984s] -- Up-to-date symlink: /home/perry/Jesus/Prueba6/install/hello_moveit/share/hello_moveit/local_setup.sh
[17.991s] -- Up-to-date symlink: /home/perry/Jesus/Prueba6/install/hello_moveit/share/hello_moveit/local_setup.zsh
[17.995s] -- Up-to-date symlink: /home/perry/Jesus/Prueba6/install/hello_moveit/share/hello_moveit/local_setup.dsv
[17.998s] -- Symlinking: /home/perry/Jesus/Prueba6/install/hello_moveit/share/hello_moveit/package.dsv
[18.131s] -- Up-to-date symlink: /home/perry/Jesus/Prueba6/install/hello_moveit/share/ament_index/resource_index/packages/hello_moveit
[18.136s] -- Up-to-date symlink: /home/perry/Jesus/Prueba6/install/hello_moveit/share/hello_moveit/cmake/hello_moveitConfig.cmake
[18.140s] -- Up-to-date symlink: /home/perry/Jesus/Prueba6/install/hello_moveit/share/hello_moveit/cmake/hello_moveitConfig-version.cmake
[18.143s] -- Up-to-date symlink: /home/perry/Jesus/Prueba6/install/hello_moveit/share/hello_moveit/package.xml
[18.178s] Invoked command in '/home/perry/Jesus/Prueba6/build/hello_moveit' returned '0': CMAKE_PREFIX_PATH=${CMAKE_PREFIX_PATH}:/home/perry/Jesus/Prueba6/install/my_package:/opt/ros/humble /usr/bin/cmake --install /home/perry/Jesus/Prueba6/build/hello_moveit
