[0.117s] Invoking command in '/home/perry/Jesus/Prueba6/build/moveit': AMENT_PREFIX_PATH=/home/perry/Jesus/Prueba6/install/irc_ros_description:${AMENT_PREFIX_PATH} CMAKE_PREFIX_PATH=/home/perry/Jesus/Prueba6/install/irc_ros_description:/opt/ros/humble /usr/bin/cmake /home/perry/Jesus/Prueba6/src/moveit -DAMENT_CMAKE_SYMLINK_INSTALL=1 -DCMAKE_INSTALL_PREFIX=/home/perry/Jesus/Prueba6/install/moveit
[0.265s] -- Found ament_cmake: 1.3.11 (/opt/ros/humble/share/ament_cmake/cmake)
[2.017s] -- Override CMake install command with custom implementation using symlinks instead of copying resources
[3.160s] -- Configuring done
[3.375s] -- Generating done
[3.421s] -- Build files have been written to: /home/perry/Jesus/Prueba6/build/moveit
[3.481s] Invoked command in '/home/perry/Jesus/Prueba6/build/moveit' returned '0': AMENT_PREFIX_PATH=/home/perry/Jesus/Prueba6/install/irc_ros_description:${AMENT_PREFIX_PATH} CMAKE_PREFIX_PATH=/home/perry/Jesus/Prueba6/install/irc_ros_description:/opt/ros/humble /usr/bin/cmake /home/perry/Jesus/Prueba6/src/moveit -DAMENT_CMAKE_SYMLINK_INSTALL=1 -DCMAKE_INSTALL_PREFIX=/home/perry/Jesus/Prueba6/install/moveit
[3.491s] Invoking command in '/home/perry/Jesus/Prueba6/build/moveit': AMENT_PREFIX_PATH=/home/perry/Jesus/Prueba6/install/irc_ros_description:${AMENT_PREFIX_PATH} CMAKE_PREFIX_PATH=/home/perry/Jesus/Prueba6/install/irc_ros_description:/opt/ros/humble /usr/bin/cmake --build /home/perry/Jesus/Prueba6/build/moveit -- -j4 -l4
[3.994s] Invoked command in '/home/perry/Jesus/Prueba6/build/moveit' returned '0': AMENT_PREFIX_PATH=/home/perry/Jesus/Prueba6/install/irc_ros_description:${AMENT_PREFIX_PATH} CMAKE_PREFIX_PATH=/home/perry/Jesus/Prueba6/install/irc_ros_description:/opt/ros/humble /usr/bin/cmake --build /home/perry/Jesus/Prueba6/build/moveit -- -j4 -l4
[4.001s] Invoking command in '/home/perry/Jesus/Prueba6/build/moveit': AMENT_PREFIX_PATH=/home/perry/Jesus/Prueba6/install/irc_ros_description:${AMENT_PREFIX_PATH} CMAKE_PREFIX_PATH=/home/perry/Jesus/Prueba6/install/irc_ros_description:/opt/ros/humble /usr/bin/cmake --install /home/perry/Jesus/Prueba6/build/moveit
[4.070s] -- Install configuration: "Debug"
[4.080s] -- Execute custom install script
[4.087s] -- Up-to-date symlink: /home/perry/Jesus/Prueba6/install/moveit/share/ament_index/resource_index/package_run_dependencies/moveit
[4.094s] -- Up-to-date symlink: /home/perry/Jesus/Prueba6/install/moveit/share/ament_index/resource_index/parent_prefix_path/moveit
[4.100s] -- Up-to-date symlink: /home/perry/Jesus/Prueba6/install/moveit/share/moveit/environment/ament_prefix_path.sh
[4.110s] -- Up-to-date symlink: /home/perry/Jesus/Prueba6/install/moveit/share/moveit/environment/ament_prefix_path.dsv
[4.111s] -- Up-to-date symlink: /home/perry/Jesus/Prueba6/install/moveit/share/moveit/environment/path.sh
[4.111s] -- Up-to-date symlink: /home/perry/Jesus/Prueba6/install/moveit/share/moveit/environment/path.dsv
[4.112s] -- Up-to-date symlink: /home/perry/Jesus/Prueba6/install/moveit/share/moveit/local_setup.bash
[4.113s] -- Up-to-date symlink: /home/perry/Jesus/Prueba6/install/moveit/share/moveit/local_setup.sh
[4.114s] -- Up-to-date symlink: /home/perry/Jesus/Prueba6/install/moveit/share/moveit/local_setup.zsh
[4.115s] -- Up-to-date symlink: /home/perry/Jesus/Prueba6/install/moveit/share/moveit/local_setup.dsv
[4.116s] -- Symlinking: /home/perry/Jesus/Prueba6/install/moveit/share/moveit/package.dsv
[4.190s] -- Up-to-date symlink: /home/perry/Jesus/Prueba6/install/moveit/share/ament_index/resource_index/packages/moveit
[4.193s] -- Up-to-date symlink: /home/perry/Jesus/Prueba6/install/moveit/share/moveit/cmake/moveitConfig.cmake
[4.196s] -- Up-to-date symlink: /home/perry/Jesus/Prueba6/install/moveit/share/moveit/cmake/moveitConfig-version.cmake
[4.205s] -- Up-to-date symlink: /home/perry/Jesus/Prueba6/install/moveit/share/moveit/package.xml
[4.220s] -- Up-to-date symlink: /home/perry/Jesus/Prueba6/install/moveit/share/moveit/launch/demo.launch.py
[4.223s] -- Up-to-date symlink: /home/perry/Jesus/Prueba6/install/moveit/share/moveit/launch/move_group.launch.py
[4.233s] -- Up-to-date symlink: /home/perry/Jesus/Prueba6/install/moveit/share/moveit/launch/moveit_rviz.launch.py
[4.234s] -- Up-to-date symlink: /home/perry/Jesus/Prueba6/install/moveit/share/moveit/launch/rsp.launch.py
[4.238s] -- Up-to-date symlink: /home/perry/Jesus/Prueba6/install/moveit/share/moveit/launch/setup_assistant.launch.py
[4.246s] -- Up-to-date symlink: /home/perry/Jesus/Prueba6/install/moveit/share/moveit/launch/spawn_controllers.launch.py
[4.246s] -- Up-to-date symlink: /home/perry/Jesus/Prueba6/install/moveit/share/moveit/launch/static_virtual_joint_tfs.launch.py
[4.251s] -- Up-to-date symlink: /home/perry/Jesus/Prueba6/install/moveit/share/moveit/launch/warehouse_db.launch.py
[4.259s] -- Up-to-date symlink: /home/perry/Jesus/Prueba6/install/moveit/share/moveit/config/igus_rebel_6dof.ros2_control.xacro
[4.270s] -- Up-to-date symlink: /home/perry/Jesus/Prueba6/install/moveit/share/moveit/config/igus_rebel_6dof.srdf
[4.276s] -- Up-to-date symlink: /home/perry/Jesus/Prueba6/install/moveit/share/moveit/config/igus_rebel_6dof.urdf.xacro
[4.277s] -- Up-to-date symlink: /home/perry/Jesus/Prueba6/install/moveit/share/moveit/config/initial_positions.yaml
[4.285s] -- Up-to-date symlink: /home/perry/Jesus/Prueba6/install/moveit/share/moveit/config/joint_limits.yaml
[4.291s] -- Up-to-date symlink: /home/perry/Jesus/Prueba6/install/moveit/share/moveit/config/kinematics.yaml
[4.295s] -- Up-to-date symlink: /home/perry/Jesus/Prueba6/install/moveit/share/moveit/config/moveit.rviz
[4.300s] -- Up-to-date symlink: /home/perry/Jesus/Prueba6/install/moveit/share/moveit/config/moveit_controllers.yaml
[4.309s] -- Up-to-date symlink: /home/perry/Jesus/Prueba6/install/moveit/share/moveit/config/pilz_cartesian_limits.yaml
[4.325s] -- Up-to-date symlink: /home/perry/Jesus/Prueba6/install/moveit/share/moveit/config/ros2_controllers.yaml
[4.337s] -- Up-to-date symlink: /home/perry/Jesus/Prueba6/install/moveit/share/moveit/.setup_assistant
[4.349s] Invoked command in '/home/perry/Jesus/Prueba6/build/moveit' returned '0': AMENT_PREFIX_PATH=/home/perry/Jesus/Prueba6/install/irc_ros_description:${AMENT_PREFIX_PATH} CMAKE_PREFIX_PATH=/home/perry/Jesus/Prueba6/install/irc_ros_description:/opt/ros/humble /usr/bin/cmake --install /home/perry/Jesus/Prueba6/build/moveit
