[0.081s] Invoking command in '/home/perry/Jesus/Prueba6/build/moveit': AMENT_PREFIX_PATH=/home/perry/Jesus/Prueba6/install/irc_ros_description:${AMENT_PREFIX_PATH} CMAKE_PREFIX_PATH=/home/perry/Jesus/Prueba6/install/irc_ros_description:/opt/ros/humble /usr/bin/cmake /home/perry/Jesus/Prueba6/src/moveit -DCMAKE_INSTALL_PREFIX=/home/perry/Jesus/Prueba6/install/moveit
[0.145s] -- Found ament_cmake: 1.3.11 (/opt/ros/humble/share/ament_cmake/cmake)
[0.958s] -- Override CMake install command with custom implementation using symlinks instead of copying resources
[1.591s] -- Configuring done
[1.659s] -- Generating done
[1.715s] -- Build files have been written to: /home/perry/Jesus/Prueba6/build/moveit
[1.753s] Invoked command in '/home/perry/Jesus/Prueba6/build/moveit' returned '0': AMENT_PREFIX_PATH=/home/perry/Jesus/Prueba6/install/irc_ros_description:${AMENT_PREFIX_PATH} CMAKE_PREFIX_PATH=/home/perry/Jesus/Prueba6/install/irc_ros_description:/opt/ros/humble /usr/bin/cmake /home/perry/Jesus/Prueba6/src/moveit -DCMAKE_INSTALL_PREFIX=/home/perry/Jesus/Prueba6/install/moveit
[1.762s] Invoking command in '/home/perry/Jesus/Prueba6/build/moveit': AMENT_PREFIX_PATH=/home/perry/Jesus/Prueba6/install/irc_ros_description:${AMENT_PREFIX_PATH} CMAKE_PREFIX_PATH=/home/perry/Jesus/Prueba6/install/irc_ros_description:/opt/ros/humble /usr/bin/cmake --build /home/perry/Jesus/Prueba6/build/moveit -- -j4 -l4
[2.138s] Invoked command in '/home/perry/Jesus/Prueba6/build/moveit' returned '0': AMENT_PREFIX_PATH=/home/perry/Jesus/Prueba6/install/irc_ros_description:${AMENT_PREFIX_PATH} CMAKE_PREFIX_PATH=/home/perry/Jesus/Prueba6/install/irc_ros_description:/opt/ros/humble /usr/bin/cmake --build /home/perry/Jesus/Prueba6/build/moveit -- -j4 -l4
[2.153s] Invoking command in '/home/perry/Jesus/Prueba6/build/moveit': AMENT_PREFIX_PATH=/home/perry/Jesus/Prueba6/install/irc_ros_description:${AMENT_PREFIX_PATH} CMAKE_PREFIX_PATH=/home/perry/Jesus/Prueba6/install/irc_ros_description:/opt/ros/humble /usr/bin/cmake --install /home/perry/Jesus/Prueba6/build/moveit
[2.226s] -- Install configuration: "Debug"
[2.232s] -- Execute custom install script
[2.236s] -- Up-to-date symlink: /home/perry/Jesus/Prueba6/install/moveit/share/ament_index/resource_index/package_run_dependencies/moveit
[2.240s] -- Up-to-date symlink: /home/perry/Jesus/Prueba6/install/moveit/share/ament_index/resource_index/parent_prefix_path/moveit
[2.244s] -- Up-to-date symlink: /home/perry/Jesus/Prueba6/install/moveit/share/moveit/environment/ament_prefix_path.sh
[2.247s] -- Up-to-date symlink: /home/perry/Jesus/Prueba6/install/moveit/share/moveit/environment/ament_prefix_path.dsv
[2.248s] -- Up-to-date symlink: /home/perry/Jesus/Prueba6/install/moveit/share/moveit/environment/path.sh
[2.249s] -- Up-to-date symlink: /home/perry/Jesus/Prueba6/install/moveit/share/moveit/environment/path.dsv
[2.250s] -- Up-to-date symlink: /home/perry/Jesus/Prueba6/install/moveit/share/moveit/local_setup.bash
[2.252s] -- Up-to-date symlink: /home/perry/Jesus/Prueba6/install/moveit/share/moveit/local_setup.sh
[2.254s] -- Up-to-date symlink: /home/perry/Jesus/Prueba6/install/moveit/share/moveit/local_setup.zsh
[2.255s] -- Up-to-date symlink: /home/perry/Jesus/Prueba6/install/moveit/share/moveit/local_setup.dsv
[2.257s] -- Symlinking: /home/perry/Jesus/Prueba6/install/moveit/share/moveit/package.dsv
[2.299s] -- Up-to-date symlink: /home/perry/Jesus/Prueba6/install/moveit/share/ament_index/resource_index/packages/moveit
[2.301s] -- Up-to-date symlink: /home/perry/Jesus/Prueba6/install/moveit/share/moveit/cmake/moveitConfig.cmake
[2.302s] -- Up-to-date symlink: /home/perry/Jesus/Prueba6/install/moveit/share/moveit/cmake/moveitConfig-version.cmake
[2.304s] -- Up-to-date symlink: /home/perry/Jesus/Prueba6/install/moveit/share/moveit/package.xml
[2.308s] -- Up-to-date symlink: /home/perry/Jesus/Prueba6/install/moveit/share/moveit/launch/demo.launch.py
[2.312s] -- Up-to-date symlink: /home/perry/Jesus/Prueba6/install/moveit/share/moveit/launch/move_group.launch.py
[2.316s] -- Up-to-date symlink: /home/perry/Jesus/Prueba6/install/moveit/share/moveit/launch/moveit_rviz.launch.py
[2.319s] -- Up-to-date symlink: /home/perry/Jesus/Prueba6/install/moveit/share/moveit/launch/rsp.launch.py
[2.323s] -- Up-to-date symlink: /home/perry/Jesus/Prueba6/install/moveit/share/moveit/launch/setup_assistant.launch.py
[2.326s] -- Up-to-date symlink: /home/perry/Jesus/Prueba6/install/moveit/share/moveit/launch/spawn_controllers.launch.py
[2.343s] -- Up-to-date symlink: /home/perry/Jesus/Prueba6/install/moveit/share/moveit/launch/static_virtual_joint_tfs.launch.py
[2.348s] -- Up-to-date symlink: /home/perry/Jesus/Prueba6/install/moveit/share/moveit/launch/warehouse_db.launch.py
[2.352s] -- Up-to-date symlink: /home/perry/Jesus/Prueba6/install/moveit/share/moveit/config/igus_rebel_6dof.ros2_control.xacro
[2.354s] -- Up-to-date symlink: /home/perry/Jesus/Prueba6/install/moveit/share/moveit/config/igus_rebel_6dof.srdf
[2.356s] -- Up-to-date symlink: /home/perry/Jesus/Prueba6/install/moveit/share/moveit/config/igus_rebel_6dof.urdf.xacro
[2.358s] -- Up-to-date symlink: /home/perry/Jesus/Prueba6/install/moveit/share/moveit/config/initial_positions.yaml
[2.360s] -- Up-to-date symlink: /home/perry/Jesus/Prueba6/install/moveit/share/moveit/config/joint_limits.yaml
[2.362s] -- Up-to-date symlink: /home/perry/Jesus/Prueba6/install/moveit/share/moveit/config/kinematics.yaml
[2.364s] -- Up-to-date symlink: /home/perry/Jesus/Prueba6/install/moveit/share/moveit/config/moveit.rviz
[2.366s] -- Up-to-date symlink: /home/perry/Jesus/Prueba6/install/moveit/share/moveit/config/moveit_controllers.yaml
[2.368s] -- Up-to-date symlink: /home/perry/Jesus/Prueba6/install/moveit/share/moveit/config/pilz_cartesian_limits.yaml
[2.371s] -- Up-to-date symlink: /home/perry/Jesus/Prueba6/install/moveit/share/moveit/config/ros2_controllers.yaml
[2.373s] -- Up-to-date symlink: /home/perry/Jesus/Prueba6/install/moveit/share/moveit/.setup_assistant
[2.385s] Invoked command in '/home/perry/Jesus/Prueba6/build/moveit' returned '0': AMENT_PREFIX_PATH=/home/perry/Jesus/Prueba6/install/irc_ros_description:${AMENT_PREFIX_PATH} CMAKE_PREFIX_PATH=/home/perry/Jesus/Prueba6/install/irc_ros_description:/opt/ros/humble /usr/bin/cmake --install /home/perry/Jesus/Prueba6/build/moveit
