[2.876s] Invoking command in '/home/perry/Jesus/Prueba6/build/moveit_resources_prbt_support': CMAKE_PREFIX_PATH=${CMAKE_PREFIX_PATH}:/home/perry/Jesus/Prueba6/install/my_package:/opt/ros/humble /usr/bin/cmake /home/perry/Jesus/Prueba6/src/moveit2/moveit_planners/test_configs/prbt_support -DCMAKE_INSTALL_PREFIX=/home/perry/Jesus/Prueba6/install/moveit_resources_prbt_support
[4.478s] -- The C compiler identification is GNU 11.4.0
[5.713s] -- The CXX compiler identification is GNU 11.4.0
[5.826s] -- Detecting C compiler ABI info
[6.583s] -- Detecting C compiler ABI info - done
[6.666s] -- Check for working C compiler: /usr/bin/cc - skipped
[6.683s] -- Detecting C compile features
[6.684s] -- Detecting C compile features - done
[6.732s] -- Detecting CXX compiler ABI info
[7.882s] -- Detecting CXX compiler ABI info - done
[8.006s] -- Check for working CXX compiler: /usr/bin/c++ - skipped
[8.007s] -- Detecting CXX compile features
[8.008s] -- Detecting CXX compile features - done
[8.090s] -- Found ament_cmake: 1.3.11 (/opt/ros/humble/share/ament_cmake/cmake)
[9.809s] -- Found Python3: /usr/bin/python3 (found version "3.10.12") found components: Interpreter 
[13.450s] -- Configuring done
[13.548s] -- Generating done
[13.584s] -- Build files have been written to: /home/perry/Jesus/Prueba6/build/moveit_resources_prbt_support
[13.619s] Invoked command in '/home/perry/Jesus/Prueba6/build/moveit_resources_prbt_support' returned '0': CMAKE_PREFIX_PATH=${CMAKE_PREFIX_PATH}:/home/perry/Jesus/Prueba6/install/my_package:/opt/ros/humble /usr/bin/cmake /home/perry/Jesus/Prueba6/src/moveit2/moveit_planners/test_configs/prbt_support -DCMAKE_INSTALL_PREFIX=/home/perry/Jesus/Prueba6/install/moveit_resources_prbt_support
[13.622s] Invoking command in '/home/perry/Jesus/Prueba6/build/moveit_resources_prbt_support': CMAKE_PREFIX_PATH=${CMAKE_PREFIX_PATH}:/home/perry/Jesus/Prueba6/install/my_package:/opt/ros/humble /usr/bin/cmake --build /home/perry/Jesus/Prueba6/build/moveit_resources_prbt_support -- -j4 -l4
[14.044s] Invoked command in '/home/perry/Jesus/Prueba6/build/moveit_resources_prbt_support' returned '0': CMAKE_PREFIX_PATH=${CMAKE_PREFIX_PATH}:/home/perry/Jesus/Prueba6/install/my_package:/opt/ros/humble /usr/bin/cmake --build /home/perry/Jesus/Prueba6/build/moveit_resources_prbt_support -- -j4 -l4
[14.046s] Invoking command in '/home/perry/Jesus/Prueba6/build/moveit_resources_prbt_support': CMAKE_PREFIX_PATH=${CMAKE_PREFIX_PATH}:/home/perry/Jesus/Prueba6/install/my_package:/opt/ros/humble /usr/bin/cmake --install /home/perry/Jesus/Prueba6/build/moveit_resources_prbt_support
[14.159s] -- Install configuration: ""
[14.165s] -- Installing: /home/perry/Jesus/Prueba6/install/moveit_resources_prbt_support/share/ament_index/resource_index/package_run_dependencies/moveit_resources_prbt_support
[14.175s] -- Installing: /home/perry/Jesus/Prueba6/install/moveit_resources_prbt_support/share/ament_index/resource_index/parent_prefix_path/moveit_resources_prbt_support
[14.183s] -- Installing: /home/perry/Jesus/Prueba6/install/moveit_resources_prbt_support/share/moveit_resources_prbt_support/environment/ament_prefix_path.sh
[14.184s] -- Installing: /home/perry/Jesus/Prueba6/install/moveit_resources_prbt_support/share/moveit_resources_prbt_support/environment/ament_prefix_path.dsv
[14.191s] -- Installing: /home/perry/Jesus/Prueba6/install/moveit_resources_prbt_support/share/moveit_resources_prbt_support/environment/path.sh
[14.194s] -- Installing: /home/perry/Jesus/Prueba6/install/moveit_resources_prbt_support/share/moveit_resources_prbt_support/environment/path.dsv
[14.203s] -- Installing: /home/perry/Jesus/Prueba6/install/moveit_resources_prbt_support/share/moveit_resources_prbt_support/local_setup.bash
[14.204s] -- Installing: /home/perry/Jesus/Prueba6/install/moveit_resources_prbt_support/share/moveit_resources_prbt_support/local_setup.sh
[14.216s] -- Installing: /home/perry/Jesus/Prueba6/install/moveit_resources_prbt_support/share/moveit_resources_prbt_support/local_setup.zsh
[14.217s] -- Installing: /home/perry/Jesus/Prueba6/install/moveit_resources_prbt_support/share/moveit_resources_prbt_support/local_setup.dsv
[14.218s] -- Installing: /home/perry/Jesus/Prueba6/install/moveit_resources_prbt_support/share/moveit_resources_prbt_support/package.dsv
[14.225s] -- Installing: /home/perry/Jesus/Prueba6/install/moveit_resources_prbt_support/share/ament_index/resource_index/packages/moveit_resources_prbt_support
[14.243s] -- Installing: /home/perry/Jesus/Prueba6/install/moveit_resources_prbt_support/share/moveit_resources_prbt_support/cmake/moveit_resources_prbt_supportConfig.cmake
[14.251s] -- Installing: /home/perry/Jesus/Prueba6/install/moveit_resources_prbt_support/share/moveit_resources_prbt_support/cmake/moveit_resources_prbt_supportConfig-version.cmake
[14.259s] -- Installing: /home/perry/Jesus/Prueba6/install/moveit_resources_prbt_support/share/moveit_resources_prbt_support/package.xml
[14.259s] -- Installing: /home/perry/Jesus/Prueba6/install/moveit_resources_prbt_support/share/moveit_resources_prbt_support/urdf
[14.260s] -- Installing: /home/perry/Jesus/Prueba6/install/moveit_resources_prbt_support/share/moveit_resources_prbt_support/urdf/simple_gripper_brackets.urdf.xacro
[14.279s] -- Installing: /home/perry/Jesus/Prueba6/install/moveit_resources_prbt_support/share/moveit_resources_prbt_support/urdf/prbt.ros2_control.xacro
[14.280s] -- Installing: /home/perry/Jesus/Prueba6/install/moveit_resources_prbt_support/share/moveit_resources_prbt_support/urdf/prbt_macro.xacro
[14.287s] -- Installing: /home/perry/Jesus/Prueba6/install/moveit_resources_prbt_support/share/moveit_resources_prbt_support/urdf/prbt.xacro
[14.288s] -- Installing: /home/perry/Jesus/Prueba6/install/moveit_resources_prbt_support/share/moveit_resources_prbt_support/meshes
[14.289s] -- Installing: /home/perry/Jesus/Prueba6/install/moveit_resources_prbt_support/share/moveit_resources_prbt_support/meshes/link_3.stl
[14.289s] -- Installing: /home/perry/Jesus/Prueba6/install/moveit_resources_prbt_support/share/moveit_resources_prbt_support/meshes/link_2.dae
[14.339s] -- Installing: /home/perry/Jesus/Prueba6/install/moveit_resources_prbt_support/share/moveit_resources_prbt_support/meshes/link_2.stl
[14.340s] -- Installing: /home/perry/Jesus/Prueba6/install/moveit_resources_prbt_support/share/moveit_resources_prbt_support/meshes/link_3.dae
[14.367s] -- Installing: /home/perry/Jesus/Prueba6/install/moveit_resources_prbt_support/share/moveit_resources_prbt_support/meshes/foot.dae
[14.397s] -- Installing: /home/perry/Jesus/Prueba6/install/moveit_resources_prbt_support/share/moveit_resources_prbt_support/meshes/flange.stl
[14.401s] -- Installing: /home/perry/Jesus/Prueba6/install/moveit_resources_prbt_support/share/moveit_resources_prbt_support/meshes/link_5.stl
[14.436s] -- Installing: /home/perry/Jesus/Prueba6/install/moveit_resources_prbt_support/share/moveit_resources_prbt_support/meshes/foot.stl
[14.444s] -- Installing: /home/perry/Jesus/Prueba6/install/moveit_resources_prbt_support/share/moveit_resources_prbt_support/meshes/flange.dae
[14.449s] -- Installing: /home/perry/Jesus/Prueba6/install/moveit_resources_prbt_support/share/moveit_resources_prbt_support/meshes/link_1.stl
[14.455s] -- Installing: /home/perry/Jesus/Prueba6/install/moveit_resources_prbt_support/share/moveit_resources_prbt_support/meshes/link_4.dae
[14.481s] -- Installing: /home/perry/Jesus/Prueba6/install/moveit_resources_prbt_support/share/moveit_resources_prbt_support/meshes/link_1.dae
[14.502s] -- Installing: /home/perry/Jesus/Prueba6/install/moveit_resources_prbt_support/share/moveit_resources_prbt_support/meshes/link_4.stl
[14.508s] -- Installing: /home/perry/Jesus/Prueba6/install/moveit_resources_prbt_support/share/moveit_resources_prbt_support/meshes/link_5.dae
[14.537s] -- Installing: /home/perry/Jesus/Prueba6/install/moveit_resources_prbt_support/share/moveit_resources_prbt_support/config
[14.541s] -- Installing: /home/perry/Jesus/Prueba6/install/moveit_resources_prbt_support/share/moveit_resources_prbt_support/config/prbt_0_1.dcf
[14.547s] -- Installing: /home/perry/Jesus/Prueba6/install/moveit_resources_prbt_support/share/moveit_resources_prbt_support/config/manipulator_controller.yaml
[14.551s] -- Installing: /home/perry/Jesus/Prueba6/install/moveit_resources_prbt_support/share/moveit_resources_prbt_support/config/manipulator_driver.yaml
[14.587s] Invoked command in '/home/perry/Jesus/Prueba6/build/moveit_resources_prbt_support' returned '0': CMAKE_PREFIX_PATH=${CMAKE_PREFIX_PATH}:/home/perry/Jesus/Prueba6/install/my_package:/opt/ros/humble /usr/bin/cmake --install /home/perry/Jesus/Prueba6/build/moveit_resources_prbt_support
