[19.344s] Invoking command in '/home/perry/Jesus/Prueba6/build/my_package': PYTHONPATH=/home/perry/Jesus/Prueba6/build/my_package/prefix_override:/usr/lib/python3/dist-packages/colcon_core/task/python/colcon_distutils_commands:/home/perry/Jesus/Prueba6/install/my_package/lib/python3.10/site-packages:${PYTHONPATH} /usr/bin/python3 -W ignore:setup.py install is deprecated -W ignore:easy_install command is deprecated setup.py develop --editable --build-directory /home/perry/Jesus/Prueba6/build/my_package/build --no-deps symlink_data --force
[22.663s] running develop
[24.794s] running egg_info
[24.795s] writing my_package.egg-info/PKG-INFO
[24.796s] writing dependency_links to my_package.egg-info/dependency_links.txt
[24.797s] writing entry points to my_package.egg-info/entry_points.txt
[24.799s] writing requirements to my_package.egg-info/requires.txt
[24.800s] writing top-level names to my_package.egg-info/top_level.txt
[24.812s] reading manifest file 'my_package.egg-info/SOURCES.txt'
[24.818s] writing manifest file 'my_package.egg-info/SOURCES.txt'
[24.827s] running build_ext
[24.829s] Creating /home/perry/Jesus/Prueba6/install/my_package/lib/python3.10/site-packages/my-package.egg-link (link to .)
[24.834s] Installing nodo_cinematica script to /home/perry/Jesus/Prueba6/install/my_package/lib/my_package
[24.835s] Installing nodo_mando script to /home/perry/Jesus/Prueba6/install/my_package/lib/my_package
[24.837s] Installing pose_moveit script to /home/perry/Jesus/Prueba6/install/my_package/lib/my_package
[24.839s] 
[24.840s] Installed /home/perry/Jesus/Prueba6/build/my_package
[24.847s] running symlink_data
[24.849s] symbolically linking /home/perry/Jesus/Prueba6/build/my_package/resource/my_package -> /home/perry/Jesus/Prueba6/install/my_package/share/ament_index/resource_index/packages
[24.850s] symbolically linking /home/perry/Jesus/Prueba6/build/my_package/package.xml -> /home/perry/Jesus/Prueba6/install/my_package/share/my_package
[25.056s] Invoked command in '/home/perry/Jesus/Prueba6/build/my_package' returned '0': PYTHONPATH=/home/perry/Jesus/Prueba6/build/my_package/prefix_override:/usr/lib/python3/dist-packages/colcon_core/task/python/colcon_distutils_commands:/home/perry/Jesus/Prueba6/install/my_package/lib/python3.10/site-packages:${PYTHONPATH} /usr/bin/python3 -W ignore:setup.py install is deprecated -W ignore:easy_install command is deprecated setup.py develop --editable --build-directory /home/perry/Jesus/Prueba6/build/my_package/build --no-deps symlink_data --force
