[17.284s] Invoking command in '/home/perry/Jesus/Prueba6/src/my_package': PYTHONPATH=/home/perry/Jesus/Prueba6/build/my_package/prefix_override:/usr/lib/python3/dist-packages/colcon_core/task/python/colcon_distutils_commands:/home/perry/Jesus/Prueba6/install/my_package/lib/python3.10/site-packages:${PYTHONPATH} /usr/bin/python3 -W ignore:setup.py install is deprecated -W ignore:easy_install command is deprecated setup.py egg_info --egg-base ../../build/my_package build --build-base /home/perry/Jesus/Prueba6/build/my_package/build install --record /home/perry/Jesus/Prueba6/build/my_package/install.log --single-version-externally-managed install_data
[22.924s] running egg_info
[22.936s] writing ../../build/my_package/my_package.egg-info/PKG-INFO
[22.940s] writing dependency_links to ../../build/my_package/my_package.egg-info/dependency_links.txt
[22.945s] writing entry points to ../../build/my_package/my_package.egg-info/entry_points.txt
[22.946s] writing requirements to ../../build/my_package/my_package.egg-info/requires.txt
[22.947s] writing top-level names to ../../build/my_package/my_package.egg-info/top_level.txt
[22.963s] reading manifest file '../../build/my_package/my_package.egg-info/SOURCES.txt'
[22.974s] writing manifest file '../../build/my_package/my_package.egg-info/SOURCES.txt'
[22.975s] running build
[22.976s] running build_py
[22.980s] running install
[22.983s] running install_lib
[23.006s] running install_data
[23.008s] running install_egg_info
[23.034s] removing '/home/perry/Jesus/Prueba6/install/my_package/lib/python3.10/site-packages/my_package-0.0.0-py3.10.egg-info' (and everything under it)
[23.037s] Copying ../../build/my_package/my_package.egg-info to /home/perry/Jesus/Prueba6/install/my_package/lib/python3.10/site-packages/my_package-0.0.0-py3.10.egg-info
[23.053s] running install_scripts
[23.265s] Installing nodo_cinematica script to /home/perry/Jesus/Prueba6/install/my_package/lib/my_package
[23.277s] Installing nodo_cinematica_inv script to /home/perry/Jesus/Prueba6/install/my_package/lib/my_package
[23.287s] Installing nodo_mando script to /home/perry/Jesus/Prueba6/install/my_package/lib/my_package
[23.296s] writing list of installed files to '/home/perry/Jesus/Prueba6/build/my_package/install.log'
[23.582s] Invoked command in '/home/perry/Jesus/Prueba6/src/my_package' returned '0': PYTHONPATH=/home/perry/Jesus/Prueba6/build/my_package/prefix_override:/usr/lib/python3/dist-packages/colcon_core/task/python/colcon_distutils_commands:/home/perry/Jesus/Prueba6/install/my_package/lib/python3.10/site-packages:${PYTHONPATH} /usr/bin/python3 -W ignore:setup.py install is deprecated -W ignore:easy_install command is deprecated setup.py egg_info --egg-base ../../build/my_package build --build-base /home/perry/Jesus/Prueba6/build/my_package/build install --record /home/perry/Jesus/Prueba6/build/my_package/install.log --single-version-externally-managed install_data
