[0.111s] Invoking command in '/home/perry/Jesus/Prueba6/build/robot': AMENT_PREFIX_PATH=/home/perry/Jesus/Prueba6/install/irc_ros_description:${AMENT_PREFIX_PATH} CMAKE_PREFIX_PATH=/home/perry/Jesus/Prueba6/install/irc_ros_description:/opt/ros/humble /usr/bin/cmake /home/perry/Jesus/Prueba6/src/robot -DCMAKE_INSTALL_PREFIX=/home/perry/Jesus/Prueba6/install/robot
[0.327s] -- Found ament_cmake: 1.3.11 (/opt/ros/humble/share/ament_cmake/cmake)
[2.582s] -- Override CMake install command with custom implementation using symlinks instead of copying resources
[3.989s] -- Configuring done
[4.045s] -- Generating done
[4.116s] -- Build files have been written to: /home/perry/Jesus/Prueba6/build/robot
[4.157s] Invoked command in '/home/perry/Jesus/Prueba6/build/robot' returned '0': AMENT_PREFIX_PATH=/home/perry/Jesus/Prueba6/install/irc_ros_description:${AMENT_PREFIX_PATH} CMAKE_PREFIX_PATH=/home/perry/Jesus/Prueba6/install/irc_ros_description:/opt/ros/humble /usr/bin/cmake /home/perry/Jesus/Prueba6/src/robot -DCMAKE_INSTALL_PREFIX=/home/perry/Jesus/Prueba6/install/robot
[4.162s] Invoking command in '/home/perry/Jesus/Prueba6/build/robot': AMENT_PREFIX_PATH=/home/perry/Jesus/Prueba6/install/irc_ros_description:${AMENT_PREFIX_PATH} CMAKE_PREFIX_PATH=/home/perry/Jesus/Prueba6/install/irc_ros_description:/opt/ros/humble /usr/bin/cmake --build /home/perry/Jesus/Prueba6/build/robot -- -j4 -l4
[4.685s] Invoked command in '/home/perry/Jesus/Prueba6/build/robot' returned '0': AMENT_PREFIX_PATH=/home/perry/Jesus/Prueba6/install/irc_ros_description:${AMENT_PREFIX_PATH} CMAKE_PREFIX_PATH=/home/perry/Jesus/Prueba6/install/irc_ros_description:/opt/ros/humble /usr/bin/cmake --build /home/perry/Jesus/Prueba6/build/robot -- -j4 -l4
[4.702s] Invoking command in '/home/perry/Jesus/Prueba6/build/robot': AMENT_PREFIX_PATH=/home/perry/Jesus/Prueba6/install/irc_ros_description:${AMENT_PREFIX_PATH} CMAKE_PREFIX_PATH=/home/perry/Jesus/Prueba6/install/irc_ros_description:/opt/ros/humble /usr/bin/cmake --install /home/perry/Jesus/Prueba6/build/robot
[4.858s] -- Install configuration: "Debug"
[4.879s] -- Execute custom install script
[4.889s] -- Up-to-date symlink: /home/perry/Jesus/Prueba6/install/robot/share/ament_index/resource_index/package_run_dependencies/robot
[4.900s] -- Up-to-date symlink: /home/perry/Jesus/Prueba6/install/robot/share/ament_index/resource_index/parent_prefix_path/robot
[4.906s] -- Up-to-date symlink: /home/perry/Jesus/Prueba6/install/robot/share/robot/environment/ament_prefix_path.sh
[4.916s] -- Up-to-date symlink: /home/perry/Jesus/Prueba6/install/robot/share/robot/environment/ament_prefix_path.dsv
[4.925s] -- Up-to-date symlink: /home/perry/Jesus/Prueba6/install/robot/share/robot/environment/path.sh
[4.938s] -- Up-to-date symlink: /home/perry/Jesus/Prueba6/install/robot/share/robot/environment/path.dsv
[4.945s] -- Up-to-date symlink: /home/perry/Jesus/Prueba6/install/robot/share/robot/local_setup.bash
[4.964s] -- Up-to-date symlink: /home/perry/Jesus/Prueba6/install/robot/share/robot/local_setup.sh
[4.971s] -- Up-to-date symlink: /home/perry/Jesus/Prueba6/install/robot/share/robot/local_setup.zsh
[4.974s] -- Up-to-date symlink: /home/perry/Jesus/Prueba6/install/robot/share/robot/local_setup.dsv
[4.978s] -- Symlinking: /home/perry/Jesus/Prueba6/install/robot/share/robot/package.dsv
[5.046s] -- Up-to-date symlink: /home/perry/Jesus/Prueba6/install/robot/share/ament_index/resource_index/packages/robot
[5.064s] -- Up-to-date symlink: /home/perry/Jesus/Prueba6/install/robot/share/robot/cmake/robotConfig.cmake
[5.072s] -- Up-to-date symlink: /home/perry/Jesus/Prueba6/install/robot/share/robot/cmake/robotConfig-version.cmake
[5.078s] -- Up-to-date symlink: /home/perry/Jesus/Prueba6/install/robot/share/robot/package.xml
[5.088s] -- Up-to-date symlink: /home/perry/Jesus/Prueba6/install/robot/share/robot/launch/demo.launch.py
[5.097s] -- Up-to-date symlink: /home/perry/Jesus/Prueba6/install/robot/share/robot/launch/move_group.launch.py
[5.111s] -- Up-to-date symlink: /home/perry/Jesus/Prueba6/install/robot/share/robot/launch/moveit_rviz.launch.py
[5.122s] -- Up-to-date symlink: /home/perry/Jesus/Prueba6/install/robot/share/robot/launch/rsp.launch.py
[5.134s] -- Up-to-date symlink: /home/perry/Jesus/Prueba6/install/robot/share/robot/launch/setup_assistant.launch.py
[5.144s] -- Up-to-date symlink: /home/perry/Jesus/Prueba6/install/robot/share/robot/launch/spawn_controllers.launch.py
[5.148s] -- Up-to-date symlink: /home/perry/Jesus/Prueba6/install/robot/share/robot/launch/static_virtual_joint_tfs.launch.py
[5.152s] -- Up-to-date symlink: /home/perry/Jesus/Prueba6/install/robot/share/robot/launch/warehouse_db.launch.py
[5.199s] -- Up-to-date symlink: /home/perry/Jesus/Prueba6/install/robot/share/robot/config/igus_rebel_6dof.srdf
[5.207s] -- Up-to-date symlink: /home/perry/Jesus/Prueba6/install/robot/share/robot/config/joint_limits.yaml
[5.210s] -- Up-to-date symlink: /home/perry/Jesus/Prueba6/install/robot/share/robot/config/kinematics.yaml
[5.212s] -- Up-to-date symlink: /home/perry/Jesus/Prueba6/install/robot/share/robot/config/moveit.rviz
[5.220s] -- Up-to-date symlink: /home/perry/Jesus/Prueba6/install/robot/share/robot/config/moveit_controllers.yaml
[5.232s] -- Up-to-date symlink: /home/perry/Jesus/Prueba6/install/robot/share/robot/config/pilz_cartesian_limits.yaml
[5.233s] -- Up-to-date symlink: /home/perry/Jesus/Prueba6/install/robot/share/robot/config/ros2_controllers.yaml
[5.235s] -- Up-to-date symlink: /home/perry/Jesus/Prueba6/install/robot/share/robot/config/sensors_3d.yaml
[5.250s] -- Up-to-date symlink: /home/perry/Jesus/Prueba6/install/robot/share/robot/.setup_assistant
[5.309s] Invoked command in '/home/perry/Jesus/Prueba6/build/robot' returned '0': AMENT_PREFIX_PATH=/home/perry/Jesus/Prueba6/install/irc_ros_description:${AMENT_PREFIX_PATH} CMAKE_PREFIX_PATH=/home/perry/Jesus/Prueba6/install/irc_ros_description:/opt/ros/humble /usr/bin/cmake --install /home/perry/Jesus/Prueba6/build/robot
