[0.091s] Invoking command in '/home/perry/Jesus/Prueba6/build/robot': AMENT_PREFIX_PATH=/home/perry/Jesus/Prueba6/install/irc_ros_description:${AMENT_PREFIX_PATH} CMAKE_PREFIX_PATH=/home/perry/Jesus/Prueba6/install/irc_ros_description:/opt/ros/humble /usr/bin/cmake /home/perry/Jesus/Prueba6/src/robot -DCMAKE_BUILD_TYPE=Debug -DCMAKE_INSTALL_PREFIX=/home/perry/Jesus/Prueba6/install/robot
[0.306s] -- Found ament_cmake: 1.3.11 (/opt/ros/humble/share/ament_cmake/cmake)
[2.872s] -- Override CMake install command with custom implementation using symlinks instead of copying resources
[4.501s] -- Configuring done
[4.557s] -- Generating done
[4.587s] -- Build files have been written to: /home/perry/Jesus/Prueba6/build/robot
[4.628s] Invoked command in '/home/perry/Jesus/Prueba6/build/robot' returned '0': AMENT_PREFIX_PATH=/home/perry/Jesus/Prueba6/install/irc_ros_description:${AMENT_PREFIX_PATH} CMAKE_PREFIX_PATH=/home/perry/Jesus/Prueba6/install/irc_ros_description:/opt/ros/humble /usr/bin/cmake /home/perry/Jesus/Prueba6/src/robot -DCMAKE_BUILD_TYPE=Debug -DCMAKE_INSTALL_PREFIX=/home/perry/Jesus/Prueba6/install/robot
[4.645s] Invoking command in '/home/perry/Jesus/Prueba6/build/robot': AMENT_PREFIX_PATH=/home/perry/Jesus/Prueba6/install/irc_ros_description:${AMENT_PREFIX_PATH} CMAKE_PREFIX_PATH=/home/perry/Jesus/Prueba6/install/irc_ros_description:/opt/ros/humble /usr/bin/cmake --build /home/perry/Jesus/Prueba6/build/robot -- -j4 -l4
[5.287s] Invoked command in '/home/perry/Jesus/Prueba6/build/robot' returned '0': AMENT_PREFIX_PATH=/home/perry/Jesus/Prueba6/install/irc_ros_description:${AMENT_PREFIX_PATH} CMAKE_PREFIX_PATH=/home/perry/Jesus/Prueba6/install/irc_ros_description:/opt/ros/humble /usr/bin/cmake --build /home/perry/Jesus/Prueba6/build/robot -- -j4 -l4
[5.300s] Invoking command in '/home/perry/Jesus/Prueba6/build/robot': AMENT_PREFIX_PATH=/home/perry/Jesus/Prueba6/install/irc_ros_description:${AMENT_PREFIX_PATH} CMAKE_PREFIX_PATH=/home/perry/Jesus/Prueba6/install/irc_ros_description:/opt/ros/humble /usr/bin/cmake --install /home/perry/Jesus/Prueba6/build/robot
[5.352s] -- Install configuration: "Debug"
[5.354s] -- Execute custom install script
[5.361s] -- Up-to-date symlink: /home/perry/Jesus/Prueba6/install/robot/share/ament_index/resource_index/package_run_dependencies/robot
[5.364s] -- Up-to-date symlink: /home/perry/Jesus/Prueba6/install/robot/share/ament_index/resource_index/parent_prefix_path/robot
[5.366s] -- Up-to-date symlink: /home/perry/Jesus/Prueba6/install/robot/share/robot/environment/ament_prefix_path.sh
[5.369s] -- Up-to-date symlink: /home/perry/Jesus/Prueba6/install/robot/share/robot/environment/ament_prefix_path.dsv
[5.371s] -- Up-to-date symlink: /home/perry/Jesus/Prueba6/install/robot/share/robot/environment/path.sh
[5.375s] -- Up-to-date symlink: /home/perry/Jesus/Prueba6/install/robot/share/robot/environment/path.dsv
[5.382s] -- Up-to-date symlink: /home/perry/Jesus/Prueba6/install/robot/share/robot/local_setup.bash
[5.393s] -- Up-to-date symlink: /home/perry/Jesus/Prueba6/install/robot/share/robot/local_setup.sh
[5.394s] -- Up-to-date symlink: /home/perry/Jesus/Prueba6/install/robot/share/robot/local_setup.zsh
[5.395s] -- Up-to-date symlink: /home/perry/Jesus/Prueba6/install/robot/share/robot/local_setup.dsv
[5.395s] -- Symlinking: /home/perry/Jesus/Prueba6/install/robot/share/robot/package.dsv
[5.424s] -- Up-to-date symlink: /home/perry/Jesus/Prueba6/install/robot/share/ament_index/resource_index/packages/robot
[5.426s] -- Up-to-date symlink: /home/perry/Jesus/Prueba6/install/robot/share/robot/cmake/robotConfig.cmake
[5.427s] -- Up-to-date symlink: /home/perry/Jesus/Prueba6/install/robot/share/robot/cmake/robotConfig-version.cmake
[5.429s] -- Up-to-date symlink: /home/perry/Jesus/Prueba6/install/robot/share/robot/package.xml
[5.434s] -- Up-to-date symlink: /home/perry/Jesus/Prueba6/install/robot/share/robot/launch/demo.launch.py
[5.437s] -- Up-to-date symlink: /home/perry/Jesus/Prueba6/install/robot/share/robot/launch/move_group.launch.py
[5.438s] -- Up-to-date symlink: /home/perry/Jesus/Prueba6/install/robot/share/robot/launch/moveit_rviz.launch.py
[5.441s] -- Up-to-date symlink: /home/perry/Jesus/Prueba6/install/robot/share/robot/launch/rsp.launch.py
[5.442s] -- Up-to-date symlink: /home/perry/Jesus/Prueba6/install/robot/share/robot/launch/setup_assistant.launch.py
[5.447s] -- Up-to-date symlink: /home/perry/Jesus/Prueba6/install/robot/share/robot/launch/spawn_controllers.launch.py
[5.452s] -- Up-to-date symlink: /home/perry/Jesus/Prueba6/install/robot/share/robot/launch/static_virtual_joint_tfs.launch.py
[5.456s] -- Up-to-date symlink: /home/perry/Jesus/Prueba6/install/robot/share/robot/launch/warehouse_db.launch.py
[5.477s] -- Up-to-date symlink: /home/perry/Jesus/Prueba6/install/robot/share/robot/config/igus_rebel_6dof.srdf
[5.481s] -- Up-to-date symlink: /home/perry/Jesus/Prueba6/install/robot/share/robot/config/joint_limits.yaml
[5.483s] -- Up-to-date symlink: /home/perry/Jesus/Prueba6/install/robot/share/robot/config/kinematics.yaml
[5.496s] -- Up-to-date symlink: /home/perry/Jesus/Prueba6/install/robot/share/robot/config/moveit.rviz
[5.496s] -- Up-to-date symlink: /home/perry/Jesus/Prueba6/install/robot/share/robot/config/moveit_controllers.yaml
[5.498s] -- Up-to-date symlink: /home/perry/Jesus/Prueba6/install/robot/share/robot/config/pilz_cartesian_limits.yaml
[5.501s] -- Up-to-date symlink: /home/perry/Jesus/Prueba6/install/robot/share/robot/config/ros2_controllers.yaml
[5.507s] -- Up-to-date symlink: /home/perry/Jesus/Prueba6/install/robot/share/robot/config/sensors_3d.yaml
[5.508s] -- Up-to-date symlink: /home/perry/Jesus/Prueba6/install/robot/share/robot/.setup_assistant
[5.520s] Invoked command in '/home/perry/Jesus/Prueba6/build/robot' returned '0': AMENT_PREFIX_PATH=/home/perry/Jesus/Prueba6/install/irc_ros_description:${AMENT_PREFIX_PATH} CMAKE_PREFIX_PATH=/home/perry/Jesus/Prueba6/install/irc_ros_description:/opt/ros/humble /usr/bin/cmake --install /home/perry/Jesus/Prueba6/build/robot
