[13.728s] Invoking command in '/home/perry/Jesus/Prueba6/src/my_package': PYTHONPATH=/home/perry/Jesus/Prueba6/build/my_package/prefix_override:/usr/lib/python3/dist-packages/colcon_core/task/python/colcon_distutils_commands:/home/perry/Jesus/Prueba6/install/my_package/lib/python3.10/site-packages:${PYTHONPATH} /usr/bin/python3 -W ignore:setup.py install is deprecated -W ignore:easy_install command is deprecated setup.py egg_info --egg-base ../../build/my_package build --build-base /home/perry/Jesus/Prueba6/build/my_package/build install --record /home/perry/Jesus/Prueba6/build/my_package/install.log --single-version-externally-managed install_data
[17.897s] running egg_info
[17.904s] writing ../../build/my_package/my_package.egg-info/PKG-INFO
[17.908s] writing dependency_links to ../../build/my_package/my_package.egg-info/dependency_links.txt
[17.911s] writing entry points to ../../build/my_package/my_package.egg-info/entry_points.txt
[17.912s] writing requirements to ../../build/my_package/my_package.egg-info/requires.txt
[17.917s] writing top-level names to ../../build/my_package/my_package.egg-info/top_level.txt
[17.937s] reading manifest file '../../build/my_package/my_package.egg-info/SOURCES.txt'
[17.947s] writing manifest file '../../build/my_package/my_package.egg-info/SOURCES.txt'
[17.949s] running build
[17.950s] running build_py
[17.958s] running install
[17.962s] running install_lib
[17.980s] running install_data
[17.983s] running install_egg_info
[18.008s] removing '/home/perry/Jesus/Prueba6/install/my_package/lib/python3.10/site-packages/my_package-0.0.0-py3.10.egg-info' (and everything under it)
[18.012s] Copying ../../build/my_package/my_package.egg-info to /home/perry/Jesus/Prueba6/install/my_package/lib/python3.10/site-packages/my_package-0.0.0-py3.10.egg-info
[18.031s] running install_scripts
[18.257s] Installing nodo_cinematica script to /home/perry/Jesus/Prueba6/install/my_package/lib/my_package
[18.261s] Installing nodo_cinematica_inv script to /home/perry/Jesus/Prueba6/install/my_package/lib/my_package
[18.266s] Installing nodo_mando script to /home/perry/Jesus/Prueba6/install/my_package/lib/my_package
[18.275s] writing list of installed files to '/home/perry/Jesus/Prueba6/build/my_package/install.log'
[18.646s] Invoked command in '/home/perry/Jesus/Prueba6/src/my_package' returned '0': PYTHONPATH=/home/perry/Jesus/Prueba6/build/my_package/prefix_override:/usr/lib/python3/dist-packages/colcon_core/task/python/colcon_distutils_commands:/home/perry/Jesus/Prueba6/install/my_package/lib/python3.10/site-packages:${PYTHONPATH} /usr/bin/python3 -W ignore:setup.py install is deprecated -W ignore:easy_install command is deprecated setup.py egg_info --egg-base ../../build/my_package build --build-base /home/perry/Jesus/Prueba6/build/my_package/build install --record /home/perry/Jesus/Prueba6/build/my_package/install.log --single-version-externally-managed install_data
