[16.492s] Invoking command in '/home/perry/Jesus/Prueba6/src/my_package': PYTHONPATH=/home/perry/Jesus/Prueba6/build/my_package/prefix_override:/usr/lib/python3/dist-packages/colcon_core/task/python/colcon_distutils_commands:/home/perry/Jesus/Prueba6/install/my_package/lib/python3.10/site-packages:${PYTHONPATH} /usr/bin/python3 -W ignore:setup.py install is deprecated -W ignore:easy_install command is deprecated setup.py egg_info --egg-base ../../build/my_package build --build-base /home/perry/Jesus/Prueba6/build/my_package/build install --record /home/perry/Jesus/Prueba6/build/my_package/install.log --single-version-externally-managed install_data
[22.657s] running egg_info
[22.667s] writing ../../build/my_package/my_package.egg-info/PKG-INFO
[22.680s] writing dependency_links to ../../build/my_package/my_package.egg-info/dependency_links.txt
[22.683s] writing entry points to ../../build/my_package/my_package.egg-info/entry_points.txt
[22.692s] writing requirements to ../../build/my_package/my_package.egg-info/requires.txt
[22.704s] writing top-level names to ../../build/my_package/my_package.egg-info/top_level.txt
[22.748s] reading manifest file '../../build/my_package/my_package.egg-info/SOURCES.txt'
[22.763s] writing manifest file '../../build/my_package/my_package.egg-info/SOURCES.txt'
[22.768s] running build
[22.770s] running build_py
[22.781s] running install
[22.793s] running install_lib
[22.837s] running install_data
[22.841s] running install_egg_info
[22.893s] removing '/home/perry/Jesus/Prueba6/install/my_package/lib/python3.10/site-packages/my_package-0.0.0-py3.10.egg-info' (and everything under it)
[22.904s] Copying ../../build/my_package/my_package.egg-info to /home/perry/Jesus/Prueba6/install/my_package/lib/python3.10/site-packages/my_package-0.0.0-py3.10.egg-info
[22.918s] running install_scripts
[23.162s] Installing nodo_cinematica script to /home/perry/Jesus/Prueba6/install/my_package/lib/my_package
[23.244s] Installing nodo_mando script to /home/perry/Jesus/Prueba6/install/my_package/lib/my_package
[23.250s] Installing pose_moveit script to /home/perry/Jesus/Prueba6/install/my_package/lib/my_package
[23.266s] writing list of installed files to '/home/perry/Jesus/Prueba6/build/my_package/install.log'
[23.714s] Invoked command in '/home/perry/Jesus/Prueba6/src/my_package' returned '0': PYTHONPATH=/home/perry/Jesus/Prueba6/build/my_package/prefix_override:/usr/lib/python3/dist-packages/colcon_core/task/python/colcon_distutils_commands:/home/perry/Jesus/Prueba6/install/my_package/lib/python3.10/site-packages:${PYTHONPATH} /usr/bin/python3 -W ignore:setup.py install is deprecated -W ignore:easy_install command is deprecated setup.py egg_info --egg-base ../../build/my_package build --build-base /home/perry/Jesus/Prueba6/build/my_package/build install --record /home/perry/Jesus/Prueba6/build/my_package/install.log --single-version-externally-managed install_data
