[0.074s] Invoking command in '/home/perry/Jesus/Prueba6/build/robot': CMAKE_PREFIX_PATH=/home/perry/Jesus/Prueba6/install/irc_ros_description:/home/perry/Jesus/Prueba6/install/rviz_marker_tools:/home/perry/Jesus/Prueba6/install/robot:/home/perry/Jesus/Prueba6/install/moveit_task_constructor_msgs:/home/perry/Jesus/Prueba6/install/moveit_resources_prbt_support:/home/perry/Jesus/Prueba6/install/moveit:/home/perry/Jesus/Prueba6/install/moveit_common:/home/perry/Jesus/Prueba6/install/moveit2_pose_target:/home/perry/Jesus/Prueba6/install/hello_moveit:/home/perry/Jesus/Prueba6/install/my_package:/home/perry/Jesus/Prueba6/install/moveit_configs_utils:/opt/ros/humble /usr/bin/cmake --build /home/perry/Jesus/Prueba6/build/robot -- -j4 -l4
[0.402s] Invoked command in '/home/perry/Jesus/Prueba6/build/robot' returned '0': CMAKE_PREFIX_PATH=/home/perry/Jesus/Prueba6/install/irc_ros_description:/home/perry/Jesus/Prueba6/install/rviz_marker_tools:/home/perry/Jesus/Prueba6/install/robot:/home/perry/Jesus/Prueba6/install/moveit_task_constructor_msgs:/home/perry/Jesus/Prueba6/install/moveit_resources_prbt_support:/home/perry/Jesus/Prueba6/install/moveit:/home/perry/Jesus/Prueba6/install/moveit_common:/home/perry/Jesus/Prueba6/install/moveit2_pose_target:/home/perry/Jesus/Prueba6/install/hello_moveit:/home/perry/Jesus/Prueba6/install/my_package:/home/perry/Jesus/Prueba6/install/moveit_configs_utils:/opt/ros/humble /usr/bin/cmake --build /home/perry/Jesus/Prueba6/build/robot -- -j4 -l4
[0.416s] Invoking command in '/home/perry/Jesus/Prueba6/build/robot': CMAKE_PREFIX_PATH=/home/perry/Jesus/Prueba6/install/irc_ros_description:/home/perry/Jesus/Prueba6/install/rviz_marker_tools:/home/perry/Jesus/Prueba6/install/robot:/home/perry/Jesus/Prueba6/install/moveit_task_constructor_msgs:/home/perry/Jesus/Prueba6/install/moveit_resources_prbt_support:/home/perry/Jesus/Prueba6/install/moveit:/home/perry/Jesus/Prueba6/install/moveit_common:/home/perry/Jesus/Prueba6/install/moveit2_pose_target:/home/perry/Jesus/Prueba6/install/hello_moveit:/home/perry/Jesus/Prueba6/install/my_package:/home/perry/Jesus/Prueba6/install/moveit_configs_utils:/opt/ros/humble /usr/bin/cmake --install /home/perry/Jesus/Prueba6/build/robot
[0.468s] -- Install configuration: "Debug"
[0.478s] -- Execute custom install script
[0.484s] -- Up-to-date symlink: /home/perry/Jesus/Prueba6/install/robot/share/ament_index/resource_index/package_run_dependencies/robot
[0.490s] -- Up-to-date symlink: /home/perry/Jesus/Prueba6/install/robot/share/ament_index/resource_index/parent_prefix_path/robot
[0.496s] -- Up-to-date symlink: /home/perry/Jesus/Prueba6/install/robot/share/robot/environment/ament_prefix_path.sh
[0.501s] -- Up-to-date symlink: /home/perry/Jesus/Prueba6/install/robot/share/robot/environment/ament_prefix_path.dsv
[0.509s] -- Up-to-date symlink: /home/perry/Jesus/Prueba6/install/robot/share/robot/environment/path.sh
[0.513s] -- Up-to-date symlink: /home/perry/Jesus/Prueba6/install/robot/share/robot/environment/path.dsv
[0.517s] -- Up-to-date symlink: /home/perry/Jesus/Prueba6/install/robot/share/robot/local_setup.bash
[0.521s] -- Up-to-date symlink: /home/perry/Jesus/Prueba6/install/robot/share/robot/local_setup.sh
[0.525s] -- Up-to-date symlink: /home/perry/Jesus/Prueba6/install/robot/share/robot/local_setup.zsh
[0.527s] -- Up-to-date symlink: /home/perry/Jesus/Prueba6/install/robot/share/robot/local_setup.dsv
[0.529s] -- Symlinking: /home/perry/Jesus/Prueba6/install/robot/share/robot/package.dsv
[0.625s] -- Up-to-date symlink: /home/perry/Jesus/Prueba6/install/robot/share/ament_index/resource_index/packages/robot
[0.627s] -- Up-to-date symlink: /home/perry/Jesus/Prueba6/install/robot/share/robot/cmake/robotConfig.cmake
[0.639s] -- Up-to-date symlink: /home/perry/Jesus/Prueba6/install/robot/share/robot/cmake/robotConfig-version.cmake
[0.644s] -- Up-to-date symlink: /home/perry/Jesus/Prueba6/install/robot/share/robot/package.xml
[0.659s] -- Up-to-date symlink: /home/perry/Jesus/Prueba6/install/robot/share/robot/launch/demo.launch.py
[0.663s] -- Up-to-date symlink: /home/perry/Jesus/Prueba6/install/robot/share/robot/launch/move_group.launch.py
[0.669s] -- Up-to-date symlink: /home/perry/Jesus/Prueba6/install/robot/share/robot/launch/moveit_rviz.launch.py
[0.672s] -- Up-to-date symlink: /home/perry/Jesus/Prueba6/install/robot/share/robot/launch/rsp.launch.py
[0.679s] -- Up-to-date symlink: /home/perry/Jesus/Prueba6/install/robot/share/robot/launch/setup_assistant.launch.py
[0.683s] -- Up-to-date symlink: /home/perry/Jesus/Prueba6/install/robot/share/robot/launch/spawn_controllers.launch.py
[0.693s] -- Up-to-date symlink: /home/perry/Jesus/Prueba6/install/robot/share/robot/launch/static_virtual_joint_tfs.launch.py
[0.700s] -- Up-to-date symlink: /home/perry/Jesus/Prueba6/install/robot/share/robot/launch/warehouse_db.launch.py
[0.714s] -- Up-to-date symlink: /home/perry/Jesus/Prueba6/install/robot/share/robot/config/igus_rebel_6dof.srdf
[0.716s] -- Up-to-date symlink: /home/perry/Jesus/Prueba6/install/robot/share/robot/config/joint_limits.yaml
[0.724s] -- Up-to-date symlink: /home/perry/Jesus/Prueba6/install/robot/share/robot/config/kinematics.yaml
[0.725s] -- Up-to-date symlink: /home/perry/Jesus/Prueba6/install/robot/share/robot/config/moveit.rviz
[0.741s] -- Up-to-date symlink: /home/perry/Jesus/Prueba6/install/robot/share/robot/config/moveit_controllers.yaml
[0.743s] -- Up-to-date symlink: /home/perry/Jesus/Prueba6/install/robot/share/robot/config/pilz_cartesian_limits.yaml
[0.752s] -- Up-to-date symlink: /home/perry/Jesus/Prueba6/install/robot/share/robot/config/ros2_controllers.yaml
[0.753s] -- Up-to-date symlink: /home/perry/Jesus/Prueba6/install/robot/share/robot/config/sensors_3d.yaml
[0.756s] -- Up-to-date symlink: /home/perry/Jesus/Prueba6/install/robot/share/robot/.setup_assistant
[0.776s] Invoked command in '/home/perry/Jesus/Prueba6/build/robot' returned '0': CMAKE_PREFIX_PATH=/home/perry/Jesus/Prueba6/install/irc_ros_description:/home/perry/Jesus/Prueba6/install/rviz_marker_tools:/home/perry/Jesus/Prueba6/install/robot:/home/perry/Jesus/Prueba6/install/moveit_task_constructor_msgs:/home/perry/Jesus/Prueba6/install/moveit_resources_prbt_support:/home/perry/Jesus/Prueba6/install/moveit:/home/perry/Jesus/Prueba6/install/moveit_common:/home/perry/Jesus/Prueba6/install/moveit2_pose_target:/home/perry/Jesus/Prueba6/install/hello_moveit:/home/perry/Jesus/Prueba6/install/my_package:/home/perry/Jesus/Prueba6/install/moveit_configs_utils:/opt/ros/humble /usr/bin/cmake --install /home/perry/Jesus/Prueba6/build/robot
