[0.217s] Invoking command in '/home/perry/Jesus/Prueba6/build/moveit': CMAKE_PREFIX_PATH=/home/perry/Jesus/Prueba6/install/irc_ros_description:/home/perry/Jesus/Prueba6/install/moveit:/home/perry/Jesus/Prueba6/install/hello_moveit:/home/perry/Jesus/Prueba6/install/my_package:/opt/ros/humble /usr/bin/cmake /home/perry/Jesus/Prueba6/src/moveit -DCMAKE_BUILD_TYPE=Debug -DCMAKE_INSTALL_PREFIX=/home/perry/Jesus/Prueba6/install/moveit
[0.398s] -- Found ament_cmake: 1.3.11 (/opt/ros/humble/share/ament_cmake/cmake)
[3.250s] -- Override CMake install command with custom implementation using symlinks instead of copying resources
[5.270s] -- Configuring done
[5.376s] -- Generating done
[5.445s] -- Build files have been written to: /home/perry/Jesus/Prueba6/build/moveit
[5.507s] Invoked command in '/home/perry/Jesus/Prueba6/build/moveit' returned '0': CMAKE_PREFIX_PATH=/home/perry/Jesus/Prueba6/install/irc_ros_description:/home/perry/Jesus/Prueba6/install/moveit:/home/perry/Jesus/Prueba6/install/hello_moveit:/home/perry/Jesus/Prueba6/install/my_package:/opt/ros/humble /usr/bin/cmake /home/perry/Jesus/Prueba6/src/moveit -DCMAKE_BUILD_TYPE=Debug -DCMAKE_INSTALL_PREFIX=/home/perry/Jesus/Prueba6/install/moveit
[5.521s] Invoking command in '/home/perry/Jesus/Prueba6/build/moveit': CMAKE_PREFIX_PATH=/home/perry/Jesus/Prueba6/install/irc_ros_description:/home/perry/Jesus/Prueba6/install/moveit:/home/perry/Jesus/Prueba6/install/hello_moveit:/home/perry/Jesus/Prueba6/install/my_package:/opt/ros/humble /usr/bin/cmake --build /home/perry/Jesus/Prueba6/build/moveit -- -j4 -l4
[6.176s] Invoked command in '/home/perry/Jesus/Prueba6/build/moveit' returned '0': CMAKE_PREFIX_PATH=/home/perry/Jesus/Prueba6/install/irc_ros_description:/home/perry/Jesus/Prueba6/install/moveit:/home/perry/Jesus/Prueba6/install/hello_moveit:/home/perry/Jesus/Prueba6/install/my_package:/opt/ros/humble /usr/bin/cmake --build /home/perry/Jesus/Prueba6/build/moveit -- -j4 -l4
[6.201s] Invoking command in '/home/perry/Jesus/Prueba6/build/moveit': CMAKE_PREFIX_PATH=/home/perry/Jesus/Prueba6/install/irc_ros_description:/home/perry/Jesus/Prueba6/install/moveit:/home/perry/Jesus/Prueba6/install/hello_moveit:/home/perry/Jesus/Prueba6/install/my_package:/opt/ros/humble /usr/bin/cmake --install /home/perry/Jesus/Prueba6/build/moveit
[6.369s] -- Install configuration: "Debug"
[6.379s] -- Execute custom install script
[6.390s] -- Up-to-date symlink: /home/perry/Jesus/Prueba6/install/moveit/share/ament_index/resource_index/package_run_dependencies/moveit
[6.392s] -- Up-to-date symlink: /home/perry/Jesus/Prueba6/install/moveit/share/ament_index/resource_index/parent_prefix_path/moveit
[6.395s] -- Up-to-date symlink: /home/perry/Jesus/Prueba6/install/moveit/share/moveit/environment/ament_prefix_path.sh
[6.402s] -- Up-to-date symlink: /home/perry/Jesus/Prueba6/install/moveit/share/moveit/environment/ament_prefix_path.dsv
[6.411s] -- Up-to-date symlink: /home/perry/Jesus/Prueba6/install/moveit/share/moveit/environment/path.sh
[6.412s] -- Up-to-date symlink: /home/perry/Jesus/Prueba6/install/moveit/share/moveit/environment/path.dsv
[6.429s] -- Up-to-date symlink: /home/perry/Jesus/Prueba6/install/moveit/share/moveit/local_setup.bash
[6.431s] -- Up-to-date symlink: /home/perry/Jesus/Prueba6/install/moveit/share/moveit/local_setup.sh
[6.452s] -- Up-to-date symlink: /home/perry/Jesus/Prueba6/install/moveit/share/moveit/local_setup.zsh
[6.455s] -- Up-to-date symlink: /home/perry/Jesus/Prueba6/install/moveit/share/moveit/local_setup.dsv
[6.457s] -- Symlinking: /home/perry/Jesus/Prueba6/install/moveit/share/moveit/package.dsv
[6.572s] -- Up-to-date symlink: /home/perry/Jesus/Prueba6/install/moveit/share/ament_index/resource_index/packages/moveit
[6.574s] -- Up-to-date symlink: /home/perry/Jesus/Prueba6/install/moveit/share/moveit/cmake/moveitConfig.cmake
[6.576s] -- Up-to-date symlink: /home/perry/Jesus/Prueba6/install/moveit/share/moveit/cmake/moveitConfig-version.cmake
[6.585s] -- Up-to-date symlink: /home/perry/Jesus/Prueba6/install/moveit/share/moveit/package.xml
[6.597s] -- Up-to-date symlink: /home/perry/Jesus/Prueba6/install/moveit/share/moveit/launch/demo.launch.py
[6.598s] -- Up-to-date symlink: /home/perry/Jesus/Prueba6/install/moveit/share/moveit/launch/move_group.launch.py
[6.617s] -- Up-to-date symlink: /home/perry/Jesus/Prueba6/install/moveit/share/moveit/launch/moveit_rviz.launch.py
[6.620s] -- Up-to-date symlink: /home/perry/Jesus/Prueba6/install/moveit/share/moveit/launch/rsp.launch.py
[6.633s] -- Up-to-date symlink: /home/perry/Jesus/Prueba6/install/moveit/share/moveit/launch/setup_assistant.launch.py
[6.634s] -- Up-to-date symlink: /home/perry/Jesus/Prueba6/install/moveit/share/moveit/launch/spawn_controllers.launch.py
[6.647s] -- Up-to-date symlink: /home/perry/Jesus/Prueba6/install/moveit/share/moveit/launch/static_virtual_joint_tfs.launch.py
[6.659s] -- Up-to-date symlink: /home/perry/Jesus/Prueba6/install/moveit/share/moveit/launch/warehouse_db.launch.py
[6.676s] -- Up-to-date symlink: /home/perry/Jesus/Prueba6/install/moveit/share/moveit/config/igus_rebel_6dof.ros2_control.xacro
[6.678s] -- Up-to-date symlink: /home/perry/Jesus/Prueba6/install/moveit/share/moveit/config/igus_rebel_6dof.srdf
[6.680s] -- Up-to-date symlink: /home/perry/Jesus/Prueba6/install/moveit/share/moveit/config/igus_rebel_6dof.urdf.xacro
[6.681s] -- Up-to-date symlink: /home/perry/Jesus/Prueba6/install/moveit/share/moveit/config/initial_positions.yaml
[6.689s] -- Up-to-date symlink: /home/perry/Jesus/Prueba6/install/moveit/share/moveit/config/joint_limits.yaml
[6.700s] -- Up-to-date symlink: /home/perry/Jesus/Prueba6/install/moveit/share/moveit/config/kinematics.yaml
[6.703s] -- Up-to-date symlink: /home/perry/Jesus/Prueba6/install/moveit/share/moveit/config/moveit.rviz
[6.706s] -- Up-to-date symlink: /home/perry/Jesus/Prueba6/install/moveit/share/moveit/config/moveit_controllers.yaml
[6.707s] -- Up-to-date symlink: /home/perry/Jesus/Prueba6/install/moveit/share/moveit/config/pilz_cartesian_limits.yaml
[6.732s] -- Up-to-date symlink: /home/perry/Jesus/Prueba6/install/moveit/share/moveit/config/ros2_controllers.yaml
[6.733s] -- Up-to-date symlink: /home/perry/Jesus/Prueba6/install/moveit/share/moveit/.setup_assistant
[6.735s] Invoked command in '/home/perry/Jesus/Prueba6/build/moveit' returned '0': CMAKE_PREFIX_PATH=/home/perry/Jesus/Prueba6/install/irc_ros_description:/home/perry/Jesus/Prueba6/install/moveit:/home/perry/Jesus/Prueba6/install/hello_moveit:/home/perry/Jesus/Prueba6/install/my_package:/opt/ros/humble /usr/bin/cmake --install /home/perry/Jesus/Prueba6/build/moveit
