[0.174s] Invoking command in '/home/perry/Jesus/Prueba6/build/moveit2_pose_target': CMAKE_PREFIX_PATH=${CMAKE_PREFIX_PATH}:/home/perry/Jesus/Prueba6/install/my_package:/home/perry/Jesus/Prueba6/install/moveit_configs_utils:/opt/ros/humble /usr/bin/cmake --build /home/perry/Jesus/Prueba6/build/moveit2_pose_target -- -j4 -l4
[1.262s] [ 50%] [32mBuilding CXX object CMakeFiles/move_to_pose_node.dir/src/move_to_pose_node.cpp.o[0m
[227.384s] [100%] [32m[1mLinking CXX executable move_to_pose_node[0m
[243.203s] [100%] Built target move_to_pose_node
[243.407s] Invoked command in '/home/perry/Jesus/Prueba6/build/moveit2_pose_target' returned '0': CMAKE_PREFIX_PATH=${CMAKE_PREFIX_PATH}:/home/perry/Jesus/Prueba6/install/my_package:/home/perry/Jesus/Prueba6/install/moveit_configs_utils:/opt/ros/humble /usr/bin/cmake --build /home/perry/Jesus/Prueba6/build/moveit2_pose_target -- -j4 -l4
[243.581s] Invoking command in '/home/perry/Jesus/Prueba6/build/moveit2_pose_target': CMAKE_PREFIX_PATH=${CMAKE_PREFIX_PATH}:/home/perry/Jesus/Prueba6/install/my_package:/home/perry/Jesus/Prueba6/install/moveit_configs_utils:/opt/ros/humble /usr/bin/cmake --install /home/perry/Jesus/Prueba6/build/moveit2_pose_target
[243.696s] -- Install configuration: "Debug"
[243.710s] -- Execute custom install script
[243.728s] -- Up-to-date symlink: /home/perry/Jesus/Prueba6/install/moveit2_pose_target/lib/moveit2_pose_target/move_to_pose_node
[243.738s] -- Up-to-date symlink: /home/perry/Jesus/Prueba6/install/moveit2_pose_target/share/ament_index/resource_index/package_run_dependencies/moveit2_pose_target
[243.752s] -- Up-to-date symlink: /home/perry/Jesus/Prueba6/install/moveit2_pose_target/share/ament_index/resource_index/parent_prefix_path/moveit2_pose_target
[243.832s] -- Up-to-date symlink: /home/perry/Jesus/Prueba6/install/moveit2_pose_target/share/moveit2_pose_target/environment/ament_prefix_path.sh
[243.843s] -- Up-to-date symlink: /home/perry/Jesus/Prueba6/install/moveit2_pose_target/share/moveit2_pose_target/environment/ament_prefix_path.dsv
[243.851s] -- Up-to-date symlink: /home/perry/Jesus/Prueba6/install/moveit2_pose_target/share/moveit2_pose_target/environment/path.sh
[243.864s] -- Up-to-date symlink: /home/perry/Jesus/Prueba6/install/moveit2_pose_target/share/moveit2_pose_target/environment/path.dsv
[243.873s] -- Up-to-date symlink: /home/perry/Jesus/Prueba6/install/moveit2_pose_target/share/moveit2_pose_target/local_setup.bash
[243.881s] -- Up-to-date symlink: /home/perry/Jesus/Prueba6/install/moveit2_pose_target/share/moveit2_pose_target/local_setup.sh
[243.924s] -- Up-to-date symlink: /home/perry/Jesus/Prueba6/install/moveit2_pose_target/share/moveit2_pose_target/local_setup.zsh
[243.930s] -- Up-to-date symlink: /home/perry/Jesus/Prueba6/install/moveit2_pose_target/share/moveit2_pose_target/local_setup.dsv
[243.940s] -- Symlinking: /home/perry/Jesus/Prueba6/install/moveit2_pose_target/share/moveit2_pose_target/package.dsv
[244.062s] -- Up-to-date symlink: /home/perry/Jesus/Prueba6/install/moveit2_pose_target/share/ament_index/resource_index/packages/moveit2_pose_target
[244.068s] -- Up-to-date symlink: /home/perry/Jesus/Prueba6/install/moveit2_pose_target/share/moveit2_pose_target/cmake/moveit2_pose_targetConfig.cmake
[244.080s] -- Up-to-date symlink: /home/perry/Jesus/Prueba6/install/moveit2_pose_target/share/moveit2_pose_target/cmake/moveit2_pose_targetConfig-version.cmake
[244.083s] -- Up-to-date symlink: /home/perry/Jesus/Prueba6/install/moveit2_pose_target/share/moveit2_pose_target/package.xml
[244.103s] Invoked command in '/home/perry/Jesus/Prueba6/build/moveit2_pose_target' returned '0': CMAKE_PREFIX_PATH=${CMAKE_PREFIX_PATH}:/home/perry/Jesus/Prueba6/install/my_package:/home/perry/Jesus/Prueba6/install/moveit_configs_utils:/opt/ros/humble /usr/bin/cmake --install /home/perry/Jesus/Prueba6/build/moveit2_pose_target
