[4.288s] DEBUG:colcon:Command line arguments: ['/usr/bin/colcon', 'build', '--mixin', 'debug']
[4.290s] DEBUG:colcon:Parsed command line arguments: Namespace(log_base=None, log_level=None, verb_name='build', build_base='build', install_base='install', merge_install=False, symlink_install=False, test_result_base=None, continue_on_error=False, executor='parallel', parallel_workers=4, event_handlers=None, ignore_user_meta=False, metas=['./colcon.meta'], base_paths=['.'], packages_ignore=None, packages_ignore_regex=None, paths=None, packages_up_to=None, packages_up_to_regex=None, packages_above=None, packages_above_and_dependencies=None, packages_above_depth=None, packages_select_by_dep=None, packages_skip_by_dep=None, packages_skip_up_to=None, packages_select_build_failed=False, packages_skip_build_finished=False, packages_select_test_failures=False, packages_skip_test_passed=False, packages_select=None, packages_skip=None, packages_select_regex=None, packages_skip_regex=None, packages_start=None, packages_end=None, allow_overriding=[], cmake_args=['-DCMAKE_BUILD_TYPE=Debug'], cmake_target=None, cmake_target_skip_unavailable=False, cmake_clean_cache=False, cmake_clean_first=False, cmake_force_configure=False, ament_cmake_args=None, catkin_cmake_args=None, catkin_skip_building_tests=False, mixin_files=None, mixin=['debug'], verb_parser=<colcon_mixin.mixin.mixin_argument.MixinArgumentDecorator object at 0xffffa0777ee0>, verb_extension=<colcon_core.verb.build.BuildVerb object at 0xffffa0777a30>, main=<bound method BuildVerb.main of <colcon_core.verb.build.BuildVerb object at 0xffffa0777a30>>, mixin_verb=('build',))
[9.242s] Level 1:colcon.colcon_core.package_discovery:discover_packages(colcon_meta) check parameters
[9.243s] Level 1:colcon.colcon_core.package_discovery:discover_packages(recursive) check parameters
[9.244s] Level 1:colcon.colcon_core.package_discovery:discover_packages(ignore) check parameters
[9.244s] Level 1:colcon.colcon_core.package_discovery:discover_packages(path) check parameters
[9.245s] Level 1:colcon.colcon_core.package_discovery:discover_packages(colcon_meta) discover
[9.247s] Level 1:colcon.colcon_core.package_discovery:discover_packages(recursive) discover
[9.248s] INFO:colcon.colcon_core.package_discovery:Crawling recursively for packages in '/home/perry/Jesus/Prueba6'
[9.250s] Level 1:colcon.colcon_core.package_identification:_identify(.) by extensions ['ignore', 'ignore_ament_install']
[9.251s] Level 1:colcon.colcon_core.package_identification:_identify(.) by extension 'ignore'
[9.252s] Level 1:colcon.colcon_core.package_identification:_identify(.) by extension 'ignore_ament_install'
[9.253s] Level 1:colcon.colcon_core.package_identification:_identify(.) by extensions ['colcon_pkg']
[9.254s] Level 1:colcon.colcon_core.package_identification:_identify(.) by extension 'colcon_pkg'
[9.254s] Level 1:colcon.colcon_core.package_identification:_identify(.) by extensions ['colcon_meta']
[9.254s] Level 1:colcon.colcon_core.package_identification:_identify(.) by extension 'colcon_meta'
[9.255s] Level 1:colcon.colcon_core.package_identification:_identify(.) by extensions ['ros']
[9.255s] Level 1:colcon.colcon_core.package_identification:_identify(.) by extension 'ros'
[9.484s] Level 1:colcon.colcon_core.package_identification:_identify(.) by extensions ['cmake', 'python']
[9.484s] Level 1:colcon.colcon_core.package_identification:_identify(.) by extension 'cmake'
[9.485s] Level 1:colcon.colcon_core.package_identification:_identify(.) by extension 'python'
[9.486s] Level 1:colcon.colcon_core.package_identification:_identify(.) by extensions ['python_setup_py']
[9.486s] Level 1:colcon.colcon_core.package_identification:_identify(.) by extension 'python_setup_py'
[9.488s] Level 1:colcon.colcon_core.package_identification:_identify(build) by extensions ['ignore', 'ignore_ament_install']
[9.489s] Level 1:colcon.colcon_core.package_identification:_identify(build) by extension 'ignore'
[9.490s] Level 1:colcon.colcon_core.package_identification:_identify(build) ignored
[9.492s] Level 1:colcon.colcon_core.package_identification:_identify(install) by extensions ['ignore', 'ignore_ament_install']
[9.492s] Level 1:colcon.colcon_core.package_identification:_identify(install) by extension 'ignore'
[9.493s] Level 1:colcon.colcon_core.package_identification:_identify(install) ignored
[9.494s] Level 1:colcon.colcon_core.package_identification:_identify(log) by extensions ['ignore', 'ignore_ament_install']
[9.496s] Level 1:colcon.colcon_core.package_identification:_identify(log) by extension 'ignore'
[9.496s] Level 1:colcon.colcon_core.package_identification:_identify(log) ignored
[9.498s] Level 1:colcon.colcon_core.package_identification:_identify(src) by extensions ['ignore', 'ignore_ament_install']
[9.499s] Level 1:colcon.colcon_core.package_identification:_identify(src) by extension 'ignore'
[9.500s] Level 1:colcon.colcon_core.package_identification:_identify(src) by extension 'ignore_ament_install'
[9.502s] Level 1:colcon.colcon_core.package_identification:_identify(src) by extensions ['colcon_pkg']
[9.503s] Level 1:colcon.colcon_core.package_identification:_identify(src) by extension 'colcon_pkg'
[9.503s] Level 1:colcon.colcon_core.package_identification:_identify(src) by extensions ['colcon_meta']
[9.504s] Level 1:colcon.colcon_core.package_identification:_identify(src) by extension 'colcon_meta'
[9.505s] Level 1:colcon.colcon_core.package_identification:_identify(src) by extensions ['ros']
[9.506s] Level 1:colcon.colcon_core.package_identification:_identify(src) by extension 'ros'
[9.507s] Level 1:colcon.colcon_core.package_identification:_identify(src) by extensions ['cmake', 'python']
[9.508s] Level 1:colcon.colcon_core.package_identification:_identify(src) by extension 'cmake'
[9.509s] Level 1:colcon.colcon_core.package_identification:_identify(src) by extension 'python'
[9.510s] Level 1:colcon.colcon_core.package_identification:_identify(src) by extensions ['python_setup_py']
[9.510s] Level 1:colcon.colcon_core.package_identification:_identify(src) by extension 'python_setup_py'
[9.511s] Level 1:colcon.colcon_core.package_identification:_identify(src/hello_moveit) by extensions ['ignore', 'ignore_ament_install']
[9.512s] Level 1:colcon.colcon_core.package_identification:_identify(src/hello_moveit) by extension 'ignore'
[9.513s] Level 1:colcon.colcon_core.package_identification:_identify(src/hello_moveit) by extension 'ignore_ament_install'
[9.514s] Level 1:colcon.colcon_core.package_identification:_identify(src/hello_moveit) by extensions ['colcon_pkg']
[9.515s] Level 1:colcon.colcon_core.package_identification:_identify(src/hello_moveit) by extension 'colcon_pkg'
[9.516s] Level 1:colcon.colcon_core.package_identification:_identify(src/hello_moveit) by extensions ['colcon_meta']
[9.517s] Level 1:colcon.colcon_core.package_identification:_identify(src/hello_moveit) by extension 'colcon_meta'
[9.517s] Level 1:colcon.colcon_core.package_identification:_identify(src/hello_moveit) by extensions ['ros']
[9.518s] Level 1:colcon.colcon_core.package_identification:_identify(src/hello_moveit) by extension 'ros'
[9.549s] DEBUG:colcon.colcon_core.package_identification:Package 'src/hello_moveit' with type 'ros.ament_cmake' and name 'hello_moveit'
[9.552s] Level 1:colcon.colcon_core.package_identification:_identify(src/irc_ros_description) by extensions ['ignore', 'ignore_ament_install']
[9.553s] Level 1:colcon.colcon_core.package_identification:_identify(src/irc_ros_description) by extension 'ignore'
[9.554s] Level 1:colcon.colcon_core.package_identification:_identify(src/irc_ros_description) by extension 'ignore_ament_install'
[9.555s] Level 1:colcon.colcon_core.package_identification:_identify(src/irc_ros_description) by extensions ['colcon_pkg']
[9.556s] Level 1:colcon.colcon_core.package_identification:_identify(src/irc_ros_description) by extension 'colcon_pkg'
[9.557s] Level 1:colcon.colcon_core.package_identification:_identify(src/irc_ros_description) by extensions ['colcon_meta']
[9.558s] Level 1:colcon.colcon_core.package_identification:_identify(src/irc_ros_description) by extension 'colcon_meta'
[9.559s] Level 1:colcon.colcon_core.package_identification:_identify(src/irc_ros_description) by extensions ['ros']
[9.559s] Level 1:colcon.colcon_core.package_identification:_identify(src/irc_ros_description) by extension 'ros'
[9.566s] DEBUG:colcon.colcon_core.package_identification:Package 'src/irc_ros_description' with type 'ros.ament_cmake' and name 'irc_ros_description'
[9.568s] Level 1:colcon.colcon_core.package_identification:_identify(src/my_package) by extensions ['ignore', 'ignore_ament_install']
[9.569s] Level 1:colcon.colcon_core.package_identification:_identify(src/my_package) by extension 'ignore'
[9.570s] Level 1:colcon.colcon_core.package_identification:_identify(src/my_package) by extension 'ignore_ament_install'
[9.570s] Level 1:colcon.colcon_core.package_identification:_identify(src/my_package) by extensions ['colcon_pkg']
[9.571s] Level 1:colcon.colcon_core.package_identification:_identify(src/my_package) by extension 'colcon_pkg'
[9.571s] Level 1:colcon.colcon_core.package_identification:_identify(src/my_package) by extensions ['colcon_meta']
[9.571s] Level 1:colcon.colcon_core.package_identification:_identify(src/my_package) by extension 'colcon_meta'
[9.572s] Level 1:colcon.colcon_core.package_identification:_identify(src/my_package) by extensions ['ros']
[9.572s] Level 1:colcon.colcon_core.package_identification:_identify(src/my_package) by extension 'ros'
[9.576s] DEBUG:colcon.colcon_core.package_identification:Package 'src/my_package' with type 'ros.ament_python' and name 'my_package'
[9.578s] Level 1:colcon.colcon_core.package_identification:_identify(src/robot) by extensions ['ignore', 'ignore_ament_install']
[9.579s] Level 1:colcon.colcon_core.package_identification:_identify(src/robot) by extension 'ignore'
[9.580s] Level 1:colcon.colcon_core.package_identification:_identify(src/robot) by extension 'ignore_ament_install'
[9.581s] Level 1:colcon.colcon_core.package_identification:_identify(src/robot) by extensions ['colcon_pkg']
[9.581s] Level 1:colcon.colcon_core.package_identification:_identify(src/robot) by extension 'colcon_pkg'
[9.582s] Level 1:colcon.colcon_core.package_identification:_identify(src/robot) by extensions ['colcon_meta']
[9.582s] Level 1:colcon.colcon_core.package_identification:_identify(src/robot) by extension 'colcon_meta'
[9.582s] Level 1:colcon.colcon_core.package_identification:_identify(src/robot) by extensions ['ros']
[9.582s] Level 1:colcon.colcon_core.package_identification:_identify(src/robot) by extension 'ros'
[9.591s] DEBUG:colcon.colcon_core.package_identification:Package 'src/robot' with type 'ros.ament_cmake' and name 'robot'
[9.592s] Level 1:colcon.colcon_core.package_discovery:discover_packages(recursive) using defaults
[9.593s] Level 1:colcon.colcon_core.package_discovery:discover_packages(ignore) discover
[9.593s] Level 1:colcon.colcon_core.package_discovery:discover_packages(ignore) using defaults
[9.593s] Level 1:colcon.colcon_core.package_discovery:discover_packages(path) discover
[9.594s] Level 1:colcon.colcon_core.package_discovery:discover_packages(path) using defaults
[9.896s] Level 1:colcon.colcon_core.package_discovery:discover_packages(prefix_path) check parameters
[9.897s] Level 1:colcon.colcon_core.package_discovery:discover_packages(prefix_path) discover
[9.955s] DEBUG:colcon.colcon_installed_package_information.package_discovery:Found 444 installed packages in /opt/ros/humble
[9.987s] Level 1:colcon.colcon_core.package_discovery:discover_packages(prefix_path) using defaults
[10.984s] Level 5:colcon.colcon_core.verb:set package 'hello_moveit' build argument 'cmake_args' from command line to '['-DCMAKE_BUILD_TYPE=Debug']'
[10.985s] Level 5:colcon.colcon_core.verb:set package 'hello_moveit' build argument 'cmake_target' from command line to 'None'
[10.986s] Level 5:colcon.colcon_core.verb:set package 'hello_moveit' build argument 'cmake_target_skip_unavailable' from command line to 'False'
[10.987s] Level 5:colcon.colcon_core.verb:set package 'hello_moveit' build argument 'cmake_clean_cache' from command line to 'False'
[10.988s] Level 5:colcon.colcon_core.verb:set package 'hello_moveit' build argument 'cmake_clean_first' from command line to 'False'
[10.989s] Level 5:colcon.colcon_core.verb:set package 'hello_moveit' build argument 'cmake_force_configure' from command line to 'False'
[10.990s] Level 5:colcon.colcon_core.verb:set package 'hello_moveit' build argument 'ament_cmake_args' from command line to 'None'
[10.992s] Level 5:colcon.colcon_core.verb:set package 'hello_moveit' build argument 'catkin_cmake_args' from command line to 'None'
[10.993s] Level 5:colcon.colcon_core.verb:set package 'hello_moveit' build argument 'catkin_skip_building_tests' from command line to 'False'
[10.994s] DEBUG:colcon.colcon_core.verb:Building package 'hello_moveit' with the following arguments: {'ament_cmake_args': None, 'build_base': '/home/perry/Jesus/Prueba6/build/hello_moveit', 'catkin_cmake_args': None, 'catkin_skip_building_tests': False, 'cmake_args': ['-DCMAKE_BUILD_TYPE=Debug'], 'cmake_clean_cache': False, 'cmake_clean_first': False, 'cmake_force_configure': False, 'cmake_target': None, 'cmake_target_skip_unavailable': False, 'install_base': '/home/perry/Jesus/Prueba6/install/hello_moveit', 'merge_install': False, 'path': '/home/perry/Jesus/Prueba6/src/hello_moveit', 'symlink_install': False, 'test_result_base': None}
[11.000s] Level 5:colcon.colcon_core.verb:set package 'irc_ros_description' build argument 'cmake_args' from command line to '['-DCMAKE_BUILD_TYPE=Debug']'
[11.001s] Level 5:colcon.colcon_core.verb:set package 'irc_ros_description' build argument 'cmake_target' from command line to 'None'
[11.002s] Level 5:colcon.colcon_core.verb:set package 'irc_ros_description' build argument 'cmake_target_skip_unavailable' from command line to 'False'
[11.003s] Level 5:colcon.colcon_core.verb:set package 'irc_ros_description' build argument 'cmake_clean_cache' from command line to 'False'
[11.004s] Level 5:colcon.colcon_core.verb:set package 'irc_ros_description' build argument 'cmake_clean_first' from command line to 'False'
[11.004s] Level 5:colcon.colcon_core.verb:set package 'irc_ros_description' build argument 'cmake_force_configure' from command line to 'False'
[11.005s] Level 5:colcon.colcon_core.verb:set package 'irc_ros_description' build argument 'ament_cmake_args' from command line to 'None'
[11.006s] Level 5:colcon.colcon_core.verb:set package 'irc_ros_description' build argument 'catkin_cmake_args' from command line to 'None'
[11.007s] Level 5:colcon.colcon_core.verb:set package 'irc_ros_description' build argument 'catkin_skip_building_tests' from command line to 'False'
[11.008s] DEBUG:colcon.colcon_core.verb:Building package 'irc_ros_description' with the following arguments: {'ament_cmake_args': None, 'build_base': '/home/perry/Jesus/Prueba6/build/irc_ros_description', 'catkin_cmake_args': None, 'catkin_skip_building_tests': False, 'cmake_args': ['-DCMAKE_BUILD_TYPE=Debug'], 'cmake_clean_cache': False, 'cmake_clean_first': False, 'cmake_force_configure': False, 'cmake_target': None, 'cmake_target_skip_unavailable': False, 'install_base': '/home/perry/Jesus/Prueba6/install/irc_ros_description', 'merge_install': False, 'path': '/home/perry/Jesus/Prueba6/src/irc_ros_description', 'symlink_install': False, 'test_result_base': None}
[11.017s] Level 5:colcon.colcon_core.verb:set package 'my_package' build argument 'cmake_args' from command line to '['-DCMAKE_BUILD_TYPE=Debug']'
[11.017s] Level 5:colcon.colcon_core.verb:set package 'my_package' build argument 'cmake_target' from command line to 'None'
[11.018s] Level 5:colcon.colcon_core.verb:set package 'my_package' build argument 'cmake_target_skip_unavailable' from command line to 'False'
[11.019s] Level 5:colcon.colcon_core.verb:set package 'my_package' build argument 'cmake_clean_cache' from command line to 'False'
[11.022s] Level 5:colcon.colcon_core.verb:set package 'my_package' build argument 'cmake_clean_first' from command line to 'False'
[11.022s] Level 5:colcon.colcon_core.verb:set package 'my_package' build argument 'cmake_force_configure' from command line to 'False'
[11.023s] Level 5:colcon.colcon_core.verb:set package 'my_package' build argument 'ament_cmake_args' from command line to 'None'
[11.024s] Level 5:colcon.colcon_core.verb:set package 'my_package' build argument 'catkin_cmake_args' from command line to 'None'
[11.024s] Level 5:colcon.colcon_core.verb:set package 'my_package' build argument 'catkin_skip_building_tests' from command line to 'False'
[11.025s] DEBUG:colcon.colcon_core.verb:Building package 'my_package' with the following arguments: {'ament_cmake_args': None, 'build_base': '/home/perry/Jesus/Prueba6/build/my_package', 'catkin_cmake_args': None, 'catkin_skip_building_tests': False, 'cmake_args': ['-DCMAKE_BUILD_TYPE=Debug'], 'cmake_clean_cache': False, 'cmake_clean_first': False, 'cmake_force_configure': False, 'cmake_target': None, 'cmake_target_skip_unavailable': False, 'install_base': '/home/perry/Jesus/Prueba6/install/my_package', 'merge_install': False, 'path': '/home/perry/Jesus/Prueba6/src/my_package', 'symlink_install': False, 'test_result_base': None}
[11.030s] Level 5:colcon.colcon_core.verb:set package 'robot' build argument 'cmake_args' from command line to '['-DCMAKE_BUILD_TYPE=Debug']'
[11.031s] Level 5:colcon.colcon_core.verb:set package 'robot' build argument 'cmake_target' from command line to 'None'
[11.032s] Level 5:colcon.colcon_core.verb:set package 'robot' build argument 'cmake_target_skip_unavailable' from command line to 'False'
[11.033s] Level 5:colcon.colcon_core.verb:set package 'robot' build argument 'cmake_clean_cache' from command line to 'False'
[11.034s] Level 5:colcon.colcon_core.verb:set package 'robot' build argument 'cmake_clean_first' from command line to 'False'
[11.035s] Level 5:colcon.colcon_core.verb:set package 'robot' build argument 'cmake_force_configure' from command line to 'False'
[11.036s] Level 5:colcon.colcon_core.verb:set package 'robot' build argument 'ament_cmake_args' from command line to 'None'
[11.036s] Level 5:colcon.colcon_core.verb:set package 'robot' build argument 'catkin_cmake_args' from command line to 'None'
[11.037s] Level 5:colcon.colcon_core.verb:set package 'robot' build argument 'catkin_skip_building_tests' from command line to 'False'
[11.039s] DEBUG:colcon.colcon_core.verb:Building package 'robot' with the following arguments: {'ament_cmake_args': None, 'build_base': '/home/perry/Jesus/Prueba6/build/robot', 'catkin_cmake_args': None, 'catkin_skip_building_tests': False, 'cmake_args': ['-DCMAKE_BUILD_TYPE=Debug'], 'cmake_clean_cache': False, 'cmake_clean_first': False, 'cmake_force_configure': False, 'cmake_target': None, 'cmake_target_skip_unavailable': False, 'install_base': '/home/perry/Jesus/Prueba6/install/robot', 'merge_install': False, 'path': '/home/perry/Jesus/Prueba6/src/robot', 'symlink_install': False, 'test_result_base': None}
[11.041s] INFO:colcon.colcon_core.executor:Executing jobs using 'parallel' executor
[11.054s] DEBUG:colcon.colcon_parallel_executor.executor.parallel:run_until_complete
[11.058s] INFO:colcon.colcon_ros.task.ament_cmake.build:Building ROS package in '/home/perry/Jesus/Prueba6/src/irc_ros_description' with build type 'ament_cmake'
[11.061s] INFO:colcon.colcon_cmake.task.cmake.build:Building CMake package in '/home/perry/Jesus/Prueba6/src/irc_ros_description'
[11.186s] INFO:colcon.colcon_core.plugin_system:Skipping extension 'colcon_core.shell.bat': Not used on non-Windows systems
[11.188s] INFO:colcon.colcon_core.shell:Skip shell extension 'powershell' for command environment: Not usable outside of PowerShell
[11.189s] DEBUG:colcon.colcon_core.shell:Skip shell extension 'dsv' for command environment
[11.273s] INFO:colcon.colcon_ros.task.ament_cmake.build:Building ROS package in '/home/perry/Jesus/Prueba6/src/hello_moveit' with build type 'ament_cmake'
[11.278s] INFO:colcon.colcon_cmake.task.cmake.build:Building CMake package in '/home/perry/Jesus/Prueba6/src/hello_moveit'
[11.287s] INFO:colcon.colcon_core.shell:Skip shell extension 'powershell' for command environment: Not usable outside of PowerShell
[11.289s] DEBUG:colcon.colcon_core.shell:Skip shell extension 'dsv' for command environment
[11.343s] INFO:colcon.colcon_ros.task.ament_python.build:Building ROS package in '/home/perry/Jesus/Prueba6/src/my_package' with build type 'ament_python'
[11.345s] Level 1:colcon.colcon_core.shell:create_environment_hook('my_package', 'ament_prefix_path')
[11.346s] INFO:colcon.colcon_core.shell:Creating environment hook '/home/perry/Jesus/Prueba6/install/my_package/share/my_package/hook/ament_prefix_path.ps1'
[11.371s] INFO:colcon.colcon_core.shell:Creating environment descriptor '/home/perry/Jesus/Prueba6/install/my_package/share/my_package/hook/ament_prefix_path.dsv'
[11.381s] INFO:colcon.colcon_core.shell:Creating environment hook '/home/perry/Jesus/Prueba6/install/my_package/share/my_package/hook/ament_prefix_path.sh'
[11.396s] INFO:colcon.colcon_core.shell:Skip shell extension 'powershell' for command environment: Not usable outside of PowerShell
[11.399s] DEBUG:colcon.colcon_core.shell:Skip shell extension 'dsv' for command environment
[11.506s] DEBUG:colcon.colcon_core.event_handler.log_command:Invoking command in '/home/perry/Jesus/Prueba6/build/irc_ros_description': CMAKE_PREFIX_PATH=/opt/ros/humble /usr/bin/cmake /home/perry/Jesus/Prueba6/src/irc_ros_description -DCMAKE_BUILD_TYPE=Debug -DCMAKE_INSTALL_PREFIX=/home/perry/Jesus/Prueba6/install/irc_ros_description
[11.573s] DEBUG:colcon.colcon_core.event_handler.log_command:Invoking command in '/home/perry/Jesus/Prueba6/build/hello_moveit': CMAKE_PREFIX_PATH=/opt/ros/humble /usr/bin/cmake /home/perry/Jesus/Prueba6/src/hello_moveit -DCMAKE_BUILD_TYPE=Debug -DCMAKE_INSTALL_PREFIX=/home/perry/Jesus/Prueba6/install/hello_moveit
[19.315s] INFO:colcon.colcon_core.task.python.build:Building Python package in '/home/perry/Jesus/Prueba6/src/my_package'
[19.325s] INFO:colcon.colcon_core.shell:Skip shell extension 'powershell' for command environment: Not usable outside of PowerShell
[19.326s] DEBUG:colcon.colcon_core.shell:Skip shell extension 'dsv' for command environment
[19.414s] DEBUG:colcon.colcon_core.event_handler.log_command:Invoked command in '/home/perry/Jesus/Prueba6/build/irc_ros_description' returned '0': CMAKE_PREFIX_PATH=/opt/ros/humble /usr/bin/cmake /home/perry/Jesus/Prueba6/src/irc_ros_description -DCMAKE_BUILD_TYPE=Debug -DCMAKE_INSTALL_PREFIX=/home/perry/Jesus/Prueba6/install/irc_ros_description
[19.439s] DEBUG:colcon.colcon_core.event_handler.log_command:Invoking command in '/home/perry/Jesus/Prueba6/build/irc_ros_description': CMAKE_PREFIX_PATH=/opt/ros/humble /usr/bin/cmake --build /home/perry/Jesus/Prueba6/build/irc_ros_description -- -j4 -l4
[20.131s] DEBUG:colcon.colcon_core.event_handler.log_command:Invoked command in '/home/perry/Jesus/Prueba6/build/irc_ros_description' returned '0': CMAKE_PREFIX_PATH=/opt/ros/humble /usr/bin/cmake --build /home/perry/Jesus/Prueba6/build/irc_ros_description -- -j4 -l4
[20.408s] DEBUG:colcon.colcon_core.event_handler.log_command:Invoking command in '/home/perry/Jesus/Prueba6/build/irc_ros_description': CMAKE_PREFIX_PATH=/opt/ros/humble /usr/bin/cmake --install /home/perry/Jesus/Prueba6/build/irc_ros_description
[21.443s] Level 1:colcon.colcon_core.environment:create_environment_scripts_only(irc_ros_description)
[21.466s] DEBUG:colcon.colcon_core.event_handler.log_command:Invoked command in '/home/perry/Jesus/Prueba6/build/irc_ros_description' returned '0': CMAKE_PREFIX_PATH=/opt/ros/humble /usr/bin/cmake --install /home/perry/Jesus/Prueba6/build/irc_ros_description
[21.574s] Level 1:colcon.colcon_core.environment:checking '/home/perry/Jesus/Prueba6/install/irc_ros_description' for CMake module files
[21.578s] Level 1:colcon.colcon_core.environment:checking '/home/perry/Jesus/Prueba6/install/irc_ros_description' for CMake config files
[21.630s] Level 1:colcon.colcon_core.shell:create_environment_hook('irc_ros_description', 'cmake_prefix_path')
[21.638s] INFO:colcon.colcon_core.shell:Creating environment hook '/home/perry/Jesus/Prueba6/install/irc_ros_description/share/irc_ros_description/hook/cmake_prefix_path.ps1'
[21.646s] INFO:colcon.colcon_core.shell:Creating environment descriptor '/home/perry/Jesus/Prueba6/install/irc_ros_description/share/irc_ros_description/hook/cmake_prefix_path.dsv'
[21.650s] INFO:colcon.colcon_core.shell:Creating environment hook '/home/perry/Jesus/Prueba6/install/irc_ros_description/share/irc_ros_description/hook/cmake_prefix_path.sh'
[21.678s] Level 1:colcon.colcon_core.environment:checking '/home/perry/Jesus/Prueba6/install/irc_ros_description/bin'
[21.680s] Level 1:colcon.colcon_core.environment:checking '/home/perry/Jesus/Prueba6/install/irc_ros_description/lib/pkgconfig/irc_ros_description.pc'
[21.695s] Level 1:colcon.colcon_core.environment:checking '/home/perry/Jesus/Prueba6/install/irc_ros_description/lib/python3.10/site-packages'
[21.714s] Level 1:colcon.colcon_core.environment:checking '/home/perry/Jesus/Prueba6/install/irc_ros_description/bin'
[21.718s] INFO:colcon.colcon_core.shell:Creating package script '/home/perry/Jesus/Prueba6/install/irc_ros_description/share/irc_ros_description/package.ps1'
[21.732s] INFO:colcon.colcon_core.shell:Creating package descriptor '/home/perry/Jesus/Prueba6/install/irc_ros_description/share/irc_ros_description/package.dsv'
[21.750s] INFO:colcon.colcon_core.shell:Creating package script '/home/perry/Jesus/Prueba6/install/irc_ros_description/share/irc_ros_description/package.sh'
[21.766s] INFO:colcon.colcon_core.shell:Creating package script '/home/perry/Jesus/Prueba6/install/irc_ros_description/share/irc_ros_description/package.bash'
[21.797s] INFO:colcon.colcon_core.shell:Creating package script '/home/perry/Jesus/Prueba6/install/irc_ros_description/share/irc_ros_description/package.zsh'
[21.811s] Level 1:colcon.colcon_core.environment:create_file_with_runtime_dependencies(/home/perry/Jesus/Prueba6/install/irc_ros_description/share/colcon-core/packages/irc_ros_description)
[21.825s] Level 1:colcon.colcon_core.environment:create_environment_scripts_only(irc_ros_description)
[21.827s] Level 1:colcon.colcon_core.environment:checking '/home/perry/Jesus/Prueba6/install/irc_ros_description' for CMake module files
[21.841s] Level 1:colcon.colcon_core.environment:checking '/home/perry/Jesus/Prueba6/install/irc_ros_description' for CMake config files
[21.876s] Level 1:colcon.colcon_core.shell:create_environment_hook('irc_ros_description', 'cmake_prefix_path')
[21.878s] INFO:colcon.colcon_core.shell:Creating environment hook '/home/perry/Jesus/Prueba6/install/irc_ros_description/share/irc_ros_description/hook/cmake_prefix_path.ps1'
[21.890s] INFO:colcon.colcon_core.shell:Creating environment descriptor '/home/perry/Jesus/Prueba6/install/irc_ros_description/share/irc_ros_description/hook/cmake_prefix_path.dsv'
[21.905s] INFO:colcon.colcon_core.shell:Creating environment hook '/home/perry/Jesus/Prueba6/install/irc_ros_description/share/irc_ros_description/hook/cmake_prefix_path.sh'
[21.911s] Level 1:colcon.colcon_core.environment:checking '/home/perry/Jesus/Prueba6/install/irc_ros_description/bin'
[21.912s] Level 1:colcon.colcon_core.environment:checking '/home/perry/Jesus/Prueba6/install/irc_ros_description/lib/pkgconfig/irc_ros_description.pc'
[21.914s] Level 1:colcon.colcon_core.environment:checking '/home/perry/Jesus/Prueba6/install/irc_ros_description/lib/python3.10/site-packages'
[21.930s] Level 1:colcon.colcon_core.environment:checking '/home/perry/Jesus/Prueba6/install/irc_ros_description/bin'
[21.933s] INFO:colcon.colcon_core.shell:Creating package script '/home/perry/Jesus/Prueba6/install/irc_ros_description/share/irc_ros_description/package.ps1'
[21.945s] INFO:colcon.colcon_core.shell:Creating package descriptor '/home/perry/Jesus/Prueba6/install/irc_ros_description/share/irc_ros_description/package.dsv'
[21.955s] INFO:colcon.colcon_core.shell:Creating package script '/home/perry/Jesus/Prueba6/install/irc_ros_description/share/irc_ros_description/package.sh'
[21.965s] INFO:colcon.colcon_core.shell:Creating package script '/home/perry/Jesus/Prueba6/install/irc_ros_description/share/irc_ros_description/package.bash'
[21.974s] INFO:colcon.colcon_core.shell:Creating package script '/home/perry/Jesus/Prueba6/install/irc_ros_description/share/irc_ros_description/package.zsh'
[21.984s] Level 1:colcon.colcon_core.environment:create_file_with_runtime_dependencies(/home/perry/Jesus/Prueba6/install/irc_ros_description/share/colcon-core/packages/irc_ros_description)
[21.993s] INFO:colcon.colcon_ros.task.ament_cmake.build:Building ROS package in '/home/perry/Jesus/Prueba6/src/robot' with build type 'ament_cmake'
[21.994s] INFO:colcon.colcon_cmake.task.cmake.build:Building CMake package in '/home/perry/Jesus/Prueba6/src/robot'
[22.000s] INFO:colcon.colcon_core.shell:Skip shell extension 'powershell' for command environment: Not usable outside of PowerShell
[22.001s] DEBUG:colcon.colcon_core.shell:Skip shell extension 'dsv' for command environment
[22.116s] DEBUG:colcon.colcon_core.event_handler.log_command:Invoking command in '/home/perry/Jesus/Prueba6/build/robot': AMENT_PREFIX_PATH=/home/perry/Jesus/Prueba6/install/irc_ros_description:${AMENT_PREFIX_PATH} CMAKE_PREFIX_PATH=/home/perry/Jesus/Prueba6/install/irc_ros_description:/opt/ros/humble /usr/bin/cmake /home/perry/Jesus/Prueba6/src/robot -DCMAKE_BUILD_TYPE=Debug -DCMAKE_INSTALL_PREFIX=/home/perry/Jesus/Prueba6/install/robot
[33.164s] DEBUG:colcon.colcon_core.event_handler.log_command:Invoking command in '/home/perry/Jesus/Prueba6/src/my_package': PYTHONPATH=/home/perry/Jesus/Prueba6/build/my_package/prefix_override:/usr/lib/python3/dist-packages/colcon_core/task/python/colcon_distutils_commands:/home/perry/Jesus/Prueba6/install/my_package/lib/python3.10/site-packages:${PYTHONPATH} /usr/bin/python3 -W ignore:setup.py install is deprecated -W ignore:easy_install command is deprecated setup.py egg_info --egg-base ../../build/my_package build --build-base /home/perry/Jesus/Prueba6/build/my_package/build install --record /home/perry/Jesus/Prueba6/build/my_package/install.log --single-version-externally-managed install_data
[35.924s] DEBUG:colcon.colcon_core.event_handler.log_command:Invoked command in '/home/perry/Jesus/Prueba6/build/robot' returned '0': AMENT_PREFIX_PATH=/home/perry/Jesus/Prueba6/install/irc_ros_description:${AMENT_PREFIX_PATH} CMAKE_PREFIX_PATH=/home/perry/Jesus/Prueba6/install/irc_ros_description:/opt/ros/humble /usr/bin/cmake /home/perry/Jesus/Prueba6/src/robot -DCMAKE_BUILD_TYPE=Debug -DCMAKE_INSTALL_PREFIX=/home/perry/Jesus/Prueba6/install/robot
[35.935s] DEBUG:colcon.colcon_core.event_handler.log_command:Invoking command in '/home/perry/Jesus/Prueba6/build/robot': AMENT_PREFIX_PATH=/home/perry/Jesus/Prueba6/install/irc_ros_description:${AMENT_PREFIX_PATH} CMAKE_PREFIX_PATH=/home/perry/Jesus/Prueba6/install/irc_ros_description:/opt/ros/humble /usr/bin/cmake --build /home/perry/Jesus/Prueba6/build/robot -- -j4 -l4
[36.627s] DEBUG:colcon.colcon_core.event_handler.log_command:Invoked command in '/home/perry/Jesus/Prueba6/build/robot' returned '0': AMENT_PREFIX_PATH=/home/perry/Jesus/Prueba6/install/irc_ros_description:${AMENT_PREFIX_PATH} CMAKE_PREFIX_PATH=/home/perry/Jesus/Prueba6/install/irc_ros_description:/opt/ros/humble /usr/bin/cmake --build /home/perry/Jesus/Prueba6/build/robot -- -j4 -l4
[36.666s] DEBUG:colcon.colcon_core.event_handler.log_command:Invoking command in '/home/perry/Jesus/Prueba6/build/robot': AMENT_PREFIX_PATH=/home/perry/Jesus/Prueba6/install/irc_ros_description:${AMENT_PREFIX_PATH} CMAKE_PREFIX_PATH=/home/perry/Jesus/Prueba6/install/irc_ros_description:/opt/ros/humble /usr/bin/cmake --install /home/perry/Jesus/Prueba6/build/robot
[37.004s] Level 1:colcon.colcon_core.environment:create_environment_scripts_only(robot)
[37.006s] Level 1:colcon.colcon_core.environment:checking '/home/perry/Jesus/Prueba6/install/robot' for CMake module files
[37.011s] Level 1:colcon.colcon_core.environment:checking '/home/perry/Jesus/Prueba6/install/robot' for CMake config files
[37.024s] DEBUG:colcon.colcon_core.event_handler.log_command:Invoked command in '/home/perry/Jesus/Prueba6/build/robot' returned '0': AMENT_PREFIX_PATH=/home/perry/Jesus/Prueba6/install/irc_ros_description:${AMENT_PREFIX_PATH} CMAKE_PREFIX_PATH=/home/perry/Jesus/Prueba6/install/irc_ros_description:/opt/ros/humble /usr/bin/cmake --install /home/perry/Jesus/Prueba6/build/robot
[37.027s] Level 1:colcon.colcon_core.shell:create_environment_hook('robot', 'cmake_prefix_path')
[37.030s] INFO:colcon.colcon_core.shell:Creating environment hook '/home/perry/Jesus/Prueba6/install/robot/share/robot/hook/cmake_prefix_path.ps1'
[37.044s] INFO:colcon.colcon_core.shell:Creating environment descriptor '/home/perry/Jesus/Prueba6/install/robot/share/robot/hook/cmake_prefix_path.dsv'
[37.061s] INFO:colcon.colcon_core.shell:Creating environment hook '/home/perry/Jesus/Prueba6/install/robot/share/robot/hook/cmake_prefix_path.sh'
[37.074s] Level 1:colcon.colcon_core.environment:checking '/home/perry/Jesus/Prueba6/install/robot/bin'
[37.075s] Level 1:colcon.colcon_core.environment:checking '/home/perry/Jesus/Prueba6/install/robot/lib/pkgconfig/robot.pc'
[37.076s] Level 1:colcon.colcon_core.environment:checking '/home/perry/Jesus/Prueba6/install/robot/lib/python3.10/site-packages'
[37.078s] Level 1:colcon.colcon_core.environment:checking '/home/perry/Jesus/Prueba6/install/robot/bin'
[37.091s] INFO:colcon.colcon_core.shell:Creating package script '/home/perry/Jesus/Prueba6/install/robot/share/robot/package.ps1'
[37.097s] INFO:colcon.colcon_core.shell:Creating package descriptor '/home/perry/Jesus/Prueba6/install/robot/share/robot/package.dsv'
[37.126s] INFO:colcon.colcon_core.shell:Creating package script '/home/perry/Jesus/Prueba6/install/robot/share/robot/package.sh'
[37.138s] INFO:colcon.colcon_core.shell:Creating package script '/home/perry/Jesus/Prueba6/install/robot/share/robot/package.bash'
[37.141s] INFO:colcon.colcon_core.shell:Creating package script '/home/perry/Jesus/Prueba6/install/robot/share/robot/package.zsh'
[37.148s] Level 1:colcon.colcon_core.environment:create_file_with_runtime_dependencies(/home/perry/Jesus/Prueba6/install/robot/share/colcon-core/packages/robot)
[37.167s] Level 1:colcon.colcon_core.environment:create_environment_scripts_only(robot)
[37.170s] Level 1:colcon.colcon_core.environment:checking '/home/perry/Jesus/Prueba6/install/robot' for CMake module files
[37.175s] Level 1:colcon.colcon_core.environment:checking '/home/perry/Jesus/Prueba6/install/robot' for CMake config files
[37.179s] Level 1:colcon.colcon_core.shell:create_environment_hook('robot', 'cmake_prefix_path')
[37.190s] INFO:colcon.colcon_core.shell:Creating environment hook '/home/perry/Jesus/Prueba6/install/robot/share/robot/hook/cmake_prefix_path.ps1'
[37.199s] INFO:colcon.colcon_core.shell:Creating environment descriptor '/home/perry/Jesus/Prueba6/install/robot/share/robot/hook/cmake_prefix_path.dsv'
[37.207s] INFO:colcon.colcon_core.shell:Creating environment hook '/home/perry/Jesus/Prueba6/install/robot/share/robot/hook/cmake_prefix_path.sh'
[37.222s] Level 1:colcon.colcon_core.environment:checking '/home/perry/Jesus/Prueba6/install/robot/bin'
[37.223s] Level 1:colcon.colcon_core.environment:checking '/home/perry/Jesus/Prueba6/install/robot/lib/pkgconfig/robot.pc'
[37.225s] Level 1:colcon.colcon_core.environment:checking '/home/perry/Jesus/Prueba6/install/robot/lib/python3.10/site-packages'
[37.230s] Level 1:colcon.colcon_core.environment:checking '/home/perry/Jesus/Prueba6/install/robot/bin'
[37.234s] INFO:colcon.colcon_core.shell:Creating package script '/home/perry/Jesus/Prueba6/install/robot/share/robot/package.ps1'
[37.250s] INFO:colcon.colcon_core.shell:Creating package descriptor '/home/perry/Jesus/Prueba6/install/robot/share/robot/package.dsv'
[37.258s] INFO:colcon.colcon_core.shell:Creating package script '/home/perry/Jesus/Prueba6/install/robot/share/robot/package.sh'
[37.270s] INFO:colcon.colcon_core.shell:Creating package script '/home/perry/Jesus/Prueba6/install/robot/share/robot/package.bash'
[37.276s] INFO:colcon.colcon_core.shell:Creating package script '/home/perry/Jesus/Prueba6/install/robot/share/robot/package.zsh'
[37.285s] Level 1:colcon.colcon_core.environment:create_file_with_runtime_dependencies(/home/perry/Jesus/Prueba6/install/robot/share/colcon-core/packages/robot)
[37.305s] DEBUG:colcon.colcon_core.event_handler.log_command:Invoked command in '/home/perry/Jesus/Prueba6/build/hello_moveit' returned '0': CMAKE_PREFIX_PATH=/opt/ros/humble /usr/bin/cmake /home/perry/Jesus/Prueba6/src/hello_moveit -DCMAKE_BUILD_TYPE=Debug -DCMAKE_INSTALL_PREFIX=/home/perry/Jesus/Prueba6/install/hello_moveit
[37.312s] DEBUG:colcon.colcon_core.event_handler.log_command:Invoking command in '/home/perry/Jesus/Prueba6/build/hello_moveit': CMAKE_PREFIX_PATH=/opt/ros/humble /usr/bin/cmake --build /home/perry/Jesus/Prueba6/build/hello_moveit -- -j4 -l4
[38.867s] DEBUG:colcon.colcon_core.event_handler.log_command:Invoked command in '/home/perry/Jesus/Prueba6/build/hello_moveit' returned '0': CMAKE_PREFIX_PATH=/opt/ros/humble /usr/bin/cmake --build /home/perry/Jesus/Prueba6/build/hello_moveit -- -j4 -l4
[38.881s] DEBUG:colcon.colcon_core.event_handler.log_command:Invoking command in '/home/perry/Jesus/Prueba6/build/hello_moveit': CMAKE_PREFIX_PATH=/opt/ros/humble /usr/bin/cmake --install /home/perry/Jesus/Prueba6/build/hello_moveit
[39.296s] Level 1:colcon.colcon_core.environment:create_environment_scripts_only(hello_moveit)
[39.302s] DEBUG:colcon.colcon_core.event_handler.log_command:Invoked command in '/home/perry/Jesus/Prueba6/build/hello_moveit' returned '0': CMAKE_PREFIX_PATH=/opt/ros/humble /usr/bin/cmake --install /home/perry/Jesus/Prueba6/build/hello_moveit
[39.309s] Level 1:colcon.colcon_core.environment:checking '/home/perry/Jesus/Prueba6/install/hello_moveit' for CMake module files
[39.327s] Level 1:colcon.colcon_core.environment:checking '/home/perry/Jesus/Prueba6/install/hello_moveit' for CMake config files
[39.333s] Level 1:colcon.colcon_core.shell:create_environment_hook('hello_moveit', 'cmake_prefix_path')
[39.335s] INFO:colcon.colcon_core.shell:Creating environment hook '/home/perry/Jesus/Prueba6/install/hello_moveit/share/hello_moveit/hook/cmake_prefix_path.ps1'
[39.352s] INFO:colcon.colcon_core.shell:Creating environment descriptor '/home/perry/Jesus/Prueba6/install/hello_moveit/share/hello_moveit/hook/cmake_prefix_path.dsv'
[39.371s] INFO:colcon.colcon_core.shell:Creating environment hook '/home/perry/Jesus/Prueba6/install/hello_moveit/share/hello_moveit/hook/cmake_prefix_path.sh'
[39.388s] Level 1:colcon.colcon_core.environment:checking '/home/perry/Jesus/Prueba6/install/hello_moveit/lib'
[39.392s] Level 1:colcon.colcon_core.environment:checking '/home/perry/Jesus/Prueba6/install/hello_moveit/bin'
[39.404s] Level 1:colcon.colcon_core.environment:checking '/home/perry/Jesus/Prueba6/install/hello_moveit/lib/pkgconfig/hello_moveit.pc'
[39.407s] Level 1:colcon.colcon_core.environment:checking '/home/perry/Jesus/Prueba6/install/hello_moveit/lib/python3.10/site-packages'
[39.418s] Level 1:colcon.colcon_core.environment:checking '/home/perry/Jesus/Prueba6/install/hello_moveit/bin'
[39.429s] INFO:colcon.colcon_core.shell:Creating package script '/home/perry/Jesus/Prueba6/install/hello_moveit/share/hello_moveit/package.ps1'
[39.444s] INFO:colcon.colcon_core.shell:Creating package descriptor '/home/perry/Jesus/Prueba6/install/hello_moveit/share/hello_moveit/package.dsv'
[39.449s] INFO:colcon.colcon_core.shell:Creating package script '/home/perry/Jesus/Prueba6/install/hello_moveit/share/hello_moveit/package.sh'
[39.462s] INFO:colcon.colcon_core.shell:Creating package script '/home/perry/Jesus/Prueba6/install/hello_moveit/share/hello_moveit/package.bash'
[39.473s] INFO:colcon.colcon_core.shell:Creating package script '/home/perry/Jesus/Prueba6/install/hello_moveit/share/hello_moveit/package.zsh'
[39.487s] Level 1:colcon.colcon_core.environment:create_file_with_runtime_dependencies(/home/perry/Jesus/Prueba6/install/hello_moveit/share/colcon-core/packages/hello_moveit)
[39.500s] Level 1:colcon.colcon_core.environment:create_environment_scripts_only(hello_moveit)
[39.503s] Level 1:colcon.colcon_core.environment:checking '/home/perry/Jesus/Prueba6/install/hello_moveit' for CMake module files
[39.512s] Level 1:colcon.colcon_core.environment:checking '/home/perry/Jesus/Prueba6/install/hello_moveit' for CMake config files
[39.518s] Level 1:colcon.colcon_core.shell:create_environment_hook('hello_moveit', 'cmake_prefix_path')
[39.520s] INFO:colcon.colcon_core.shell:Creating environment hook '/home/perry/Jesus/Prueba6/install/hello_moveit/share/hello_moveit/hook/cmake_prefix_path.ps1'
[39.531s] INFO:colcon.colcon_core.shell:Creating environment descriptor '/home/perry/Jesus/Prueba6/install/hello_moveit/share/hello_moveit/hook/cmake_prefix_path.dsv'
[39.543s] INFO:colcon.colcon_core.shell:Creating environment hook '/home/perry/Jesus/Prueba6/install/hello_moveit/share/hello_moveit/hook/cmake_prefix_path.sh'
[39.551s] Level 1:colcon.colcon_core.environment:checking '/home/perry/Jesus/Prueba6/install/hello_moveit/lib'
[39.558s] Level 1:colcon.colcon_core.environment:checking '/home/perry/Jesus/Prueba6/install/hello_moveit/bin'
[39.560s] Level 1:colcon.colcon_core.environment:checking '/home/perry/Jesus/Prueba6/install/hello_moveit/lib/pkgconfig/hello_moveit.pc'
[39.565s] Level 1:colcon.colcon_core.environment:checking '/home/perry/Jesus/Prueba6/install/hello_moveit/lib/python3.10/site-packages'
[39.569s] Level 1:colcon.colcon_core.environment:checking '/home/perry/Jesus/Prueba6/install/hello_moveit/bin'
[39.571s] INFO:colcon.colcon_core.shell:Creating package script '/home/perry/Jesus/Prueba6/install/hello_moveit/share/hello_moveit/package.ps1'
[39.576s] INFO:colcon.colcon_core.shell:Creating package descriptor '/home/perry/Jesus/Prueba6/install/hello_moveit/share/hello_moveit/package.dsv'
[39.580s] INFO:colcon.colcon_core.shell:Creating package script '/home/perry/Jesus/Prueba6/install/hello_moveit/share/hello_moveit/package.sh'
[39.584s] INFO:colcon.colcon_core.shell:Creating package script '/home/perry/Jesus/Prueba6/install/hello_moveit/share/hello_moveit/package.bash'
[39.587s] INFO:colcon.colcon_core.shell:Creating package script '/home/perry/Jesus/Prueba6/install/hello_moveit/share/hello_moveit/package.zsh'
[39.591s] Level 1:colcon.colcon_core.environment:create_file_with_runtime_dependencies(/home/perry/Jesus/Prueba6/install/hello_moveit/share/colcon-core/packages/hello_moveit)
[41.026s] Level 1:colcon.colcon_core.environment:checking '/home/perry/Jesus/Prueba6/install/my_package' for CMake module files
[41.032s] Level 1:colcon.colcon_core.environment:checking '/home/perry/Jesus/Prueba6/install/my_package' for CMake config files
[41.042s] DEBUG:colcon.colcon_core.event_handler.log_command:Invoked command in '/home/perry/Jesus/Prueba6/src/my_package' returned '0': PYTHONPATH=/home/perry/Jesus/Prueba6/build/my_package/prefix_override:/usr/lib/python3/dist-packages/colcon_core/task/python/colcon_distutils_commands:/home/perry/Jesus/Prueba6/install/my_package/lib/python3.10/site-packages:${PYTHONPATH} /usr/bin/python3 -W ignore:setup.py install is deprecated -W ignore:easy_install command is deprecated setup.py egg_info --egg-base ../../build/my_package build --build-base /home/perry/Jesus/Prueba6/build/my_package/build install --record /home/perry/Jesus/Prueba6/build/my_package/install.log --single-version-externally-managed install_data
[41.050s] Level 1:colcon.colcon_core.environment:checking '/home/perry/Jesus/Prueba6/install/my_package/lib'
[41.052s] Level 1:colcon.colcon_core.environment:checking '/home/perry/Jesus/Prueba6/install/my_package/bin'
[41.053s] Level 1:colcon.colcon_core.environment:checking '/home/perry/Jesus/Prueba6/install/my_package/lib/pkgconfig/my_package.pc'
[41.058s] Level 1:colcon.colcon_core.environment:checking '/home/perry/Jesus/Prueba6/install/my_package/lib/python3.10/site-packages'
[41.063s] Level 1:colcon.colcon_core.shell:create_environment_hook('my_package', 'pythonpath')
[41.066s] INFO:colcon.colcon_core.shell:Creating environment hook '/home/perry/Jesus/Prueba6/install/my_package/share/my_package/hook/pythonpath.ps1'
[41.072s] INFO:colcon.colcon_core.shell:Creating environment descriptor '/home/perry/Jesus/Prueba6/install/my_package/share/my_package/hook/pythonpath.dsv'
[41.082s] INFO:colcon.colcon_core.shell:Creating environment hook '/home/perry/Jesus/Prueba6/install/my_package/share/my_package/hook/pythonpath.sh'
[41.094s] Level 1:colcon.colcon_core.environment:checking '/home/perry/Jesus/Prueba6/install/my_package/bin'
[41.097s] Level 1:colcon.colcon_core.environment:create_environment_scripts_only(my_package)
[41.103s] INFO:colcon.colcon_core.shell:Creating package script '/home/perry/Jesus/Prueba6/install/my_package/share/my_package/package.ps1'
[41.116s] INFO:colcon.colcon_core.shell:Creating package descriptor '/home/perry/Jesus/Prueba6/install/my_package/share/my_package/package.dsv'
[41.124s] INFO:colcon.colcon_core.shell:Creating package script '/home/perry/Jesus/Prueba6/install/my_package/share/my_package/package.sh'
[41.132s] INFO:colcon.colcon_core.shell:Creating package script '/home/perry/Jesus/Prueba6/install/my_package/share/my_package/package.bash'
[41.142s] INFO:colcon.colcon_core.shell:Creating package script '/home/perry/Jesus/Prueba6/install/my_package/share/my_package/package.zsh'
[41.152s] Level 1:colcon.colcon_core.environment:create_file_with_runtime_dependencies(/home/perry/Jesus/Prueba6/install/my_package/share/colcon-core/packages/my_package)
[41.165s] DEBUG:colcon.colcon_parallel_executor.executor.parallel:closing loop
[41.167s] DEBUG:colcon.colcon_parallel_executor.executor.parallel:loop closed
[41.168s] DEBUG:colcon.colcon_parallel_executor.executor.parallel:run_until_complete finished with '0'
[41.170s] DEBUG:colcon.colcon_core.event_reactor:joining thread
[41.266s] INFO:colcon.colcon_core.plugin_system:Skipping extension 'colcon_notification.desktop_notification.terminal_notifier': Not used on non-Darwin systems
[41.267s] INFO:colcon.colcon_core.plugin_system:Skipping extension 'colcon_notification.desktop_notification.win32': Not used on non-Windows systems
[41.275s] INFO:colcon.colcon_notification.desktop_notification:Sending desktop notification using 'notify2'
[41.582s] DEBUG:colcon.colcon_core.event_reactor:joined thread
[41.583s] INFO:colcon.colcon_core.shell:Creating prefix script '/home/perry/Jesus/Prueba6/install/local_setup.ps1'
[41.599s] INFO:colcon.colcon_core.shell:Creating prefix util module '/home/perry/Jesus/Prueba6/install/_local_setup_util_ps1.py'
[41.621s] INFO:colcon.colcon_core.shell:Creating prefix chain script '/home/perry/Jesus/Prueba6/install/setup.ps1'
[41.639s] INFO:colcon.colcon_core.shell:Creating prefix script '/home/perry/Jesus/Prueba6/install/local_setup.sh'
[41.655s] INFO:colcon.colcon_core.shell:Creating prefix util module '/home/perry/Jesus/Prueba6/install/_local_setup_util_sh.py'
[41.668s] INFO:colcon.colcon_core.shell:Creating prefix chain script '/home/perry/Jesus/Prueba6/install/setup.sh'
[41.695s] INFO:colcon.colcon_core.shell:Creating prefix script '/home/perry/Jesus/Prueba6/install/local_setup.bash'
[41.707s] INFO:colcon.colcon_core.shell:Creating prefix chain script '/home/perry/Jesus/Prueba6/install/setup.bash'
[41.728s] INFO:colcon.colcon_core.shell:Creating prefix script '/home/perry/Jesus/Prueba6/install/local_setup.zsh'
[41.745s] INFO:colcon.colcon_core.shell:Creating prefix chain script '/home/perry/Jesus/Prueba6/install/setup.zsh'
