[20.988s] Invoking command in '/home/perry/Jesus/Prueba6/build/my_package': PYTHONPATH=/home/perry/Jesus/Prueba6/build/my_package/prefix_override:/usr/lib/python3/dist-packages/colcon_core/task/python/colcon_distutils_commands:/home/perry/Jesus/Prueba6/install/my_package/lib/python3.10/site-packages:${PYTHONPATH} /usr/bin/python3 -W ignore:setup.py install is deprecated -W ignore:easy_install command is deprecated setup.py develop --editable --build-directory /home/perry/Jesus/Prueba6/build/my_package/build --no-deps symlink_data --force
[26.925s] running develop
[31.991s] running egg_info
[32.005s] writing my_package.egg-info/PKG-INFO
[32.016s] writing dependency_links to my_package.egg-info/dependency_links.txt
[32.024s] writing entry points to my_package.egg-info/entry_points.txt
[32.031s] writing requirements to my_package.egg-info/requires.txt
[32.039s] writing top-level names to my_package.egg-info/top_level.txt
[32.063s] reading manifest file 'my_package.egg-info/SOURCES.txt'
[32.088s] writing manifest file 'my_package.egg-info/SOURCES.txt'
[32.115s] running build_ext
[32.119s] Creating /home/perry/Jesus/Prueba6/install/my_package/lib/python3.10/site-packages/my-package.egg-link (link to .)
[32.129s] Installing nodo_cinematica script to /home/perry/Jesus/Prueba6/install/my_package/lib/my_package
[32.133s] Installing nodo_cinematica_inv script to /home/perry/Jesus/Prueba6/install/my_package/lib/my_package
[32.141s] Installing nodo_mando script to /home/perry/Jesus/Prueba6/install/my_package/lib/my_package
[32.147s] 
[32.148s] Installed /home/perry/Jesus/Prueba6/build/my_package
[32.155s] running symlink_data
[32.163s] symbolically linking /home/perry/Jesus/Prueba6/build/my_package/resource/my_package -> /home/perry/Jesus/Prueba6/install/my_package/share/ament_index/resource_index/packages
[32.166s] symbolically linking /home/perry/Jesus/Prueba6/build/my_package/package.xml -> /home/perry/Jesus/Prueba6/install/my_package/share/my_package
[32.576s] Invoked command in '/home/perry/Jesus/Prueba6/build/my_package' returned '0': PYTHONPATH=/home/perry/Jesus/Prueba6/build/my_package/prefix_override:/usr/lib/python3/dist-packages/colcon_core/task/python/colcon_distutils_commands:/home/perry/Jesus/Prueba6/install/my_package/lib/python3.10/site-packages:${PYTHONPATH} /usr/bin/python3 -W ignore:setup.py install is deprecated -W ignore:easy_install command is deprecated setup.py develop --editable --build-directory /home/perry/Jesus/Prueba6/build/my_package/build --no-deps symlink_data --force
