[14.342s] Invoking command in '/home/perry/Jesus/Prueba6/src/my_package': PYTHONPATH=/home/perry/Jesus/Prueba6/build/my_package/prefix_override:/usr/lib/python3/dist-packages/colcon_core/task/python/colcon_distutils_commands:/home/perry/Jesus/Prueba6/install/my_package/lib/python3.10/site-packages:${PYTHONPATH} /usr/bin/python3 -W ignore:setup.py install is deprecated -W ignore:easy_install command is deprecated setup.py egg_info --egg-base ../../build/my_package build --build-base /home/perry/Jesus/Prueba6/build/my_package/build install --record /home/perry/Jesus/Prueba6/build/my_package/install.log --single-version-externally-managed install_data
[19.649s] running egg_info
[19.656s] writing ../../build/my_package/my_package.egg-info/PKG-INFO
[19.659s] writing dependency_links to ../../build/my_package/my_package.egg-info/dependency_links.txt
[19.665s] writing entry points to ../../build/my_package/my_package.egg-info/entry_points.txt
[19.671s] writing requirements to ../../build/my_package/my_package.egg-info/requires.txt
[19.682s] writing top-level names to ../../build/my_package/my_package.egg-info/top_level.txt
[19.703s] reading manifest file '../../build/my_package/my_package.egg-info/SOURCES.txt'
[19.716s] writing manifest file '../../build/my_package/my_package.egg-info/SOURCES.txt'
[19.719s] running build
[19.721s] running build_py
[19.730s] running install
[19.734s] running install_lib
[19.756s] running install_data
[19.758s] running install_egg_info
[19.786s] removing '/home/perry/Jesus/Prueba6/install/my_package/lib/python3.10/site-packages/my_package-0.0.0-py3.10.egg-info' (and everything under it)
[19.790s] Copying ../../build/my_package/my_package.egg-info to /home/perry/Jesus/Prueba6/install/my_package/lib/python3.10/site-packages/my_package-0.0.0-py3.10.egg-info
[19.814s] running install_scripts
[20.097s] Installing nodo_cinematica script to /home/perry/Jesus/Prueba6/install/my_package/lib/my_package
[20.101s] Installing nodo_cinematica_inv script to /home/perry/Jesus/Prueba6/install/my_package/lib/my_package
[20.106s] Installing nodo_mando script to /home/perry/Jesus/Prueba6/install/my_package/lib/my_package
[20.108s] writing list of installed files to '/home/perry/Jesus/Prueba6/build/my_package/install.log'
[20.483s] Invoked command in '/home/perry/Jesus/Prueba6/src/my_package' returned '0': PYTHONPATH=/home/perry/Jesus/Prueba6/build/my_package/prefix_override:/usr/lib/python3/dist-packages/colcon_core/task/python/colcon_distutils_commands:/home/perry/Jesus/Prueba6/install/my_package/lib/python3.10/site-packages:${PYTHONPATH} /usr/bin/python3 -W ignore:setup.py install is deprecated -W ignore:easy_install command is deprecated setup.py egg_info --egg-base ../../build/my_package build --build-base /home/perry/Jesus/Prueba6/build/my_package/build install --record /home/perry/Jesus/Prueba6/build/my_package/install.log --single-version-externally-managed install_data
