[0.211s] Invoking command in '/home/perry/Jesus/Prueba6/build/rviz_marker_tools': AMENT_PREFIX_PATH=/home/perry/Jesus/Prueba6/install/moveit_common:${AMENT_PREFIX_PATH} CMAKE_PREFIX_PATH=/home/perry/Jesus/Prueba6/install/moveit_common:/home/perry/Jesus/Prueba6/install/moveit:/home/perry/Jesus/Prueba6/install/irc_ros_description:/home/perry/Jesus/Prueba6/install/hello_moveit:/home/perry/Jesus/Prueba6/install/my_package:/opt/ros/humble /usr/bin/cmake /home/perry/Jesus/Prueba6/src/moveit_task_constructor/rviz_marker_tools -DCMAKE_INSTALL_PREFIX=/home/perry/Jesus/Prueba6/install/rviz_marker_tools
[0.777s] -- The C compiler identification is GNU 11.4.0
[1.403s] -- The CXX compiler identification is GNU 11.4.0
[1.499s] -- Detecting C compiler ABI info
[2.465s] -- Detecting C compiler ABI info - done
[2.567s] -- Check for working C compiler: /usr/bin/cc - skipped
[2.568s] -- Detecting C compile features
[2.568s] -- Detecting C compile features - done
[2.611s] -- Detecting CXX compiler ABI info
[3.695s] -- Detecting CXX compiler ABI info - done
[4.070s] -- Check for working CXX compiler: /usr/bin/c++ - skipped
[4.086s] -- Detecting CXX compile features
[4.087s] -- Detecting CXX compile features - done
[4.092s] -- Found ament_cmake: 1.3.11 (/opt/ros/humble/share/ament_cmake/cmake)
[6.251s] -- Found Python3: /usr/bin/python3 (found version "3.10.12") found components: Interpreter 
[8.736s] -- Found moveit_common: 2.5.9 (/home/perry/Jesus/Prueba6/install/moveit_common/share/moveit_common/cmake)
[9.978s] [0mrviz_marker_tools: You did not request a specific build type: Choosing 'Release' for maximum performance[0m
[10.080s] -- Found eigen3_cmake_module: 0.1.1 (/opt/ros/humble/share/eigen3_cmake_module/cmake)
[10.443s] -- Found Eigen3: TRUE (found version "3.4.0") 
[10.533s] -- Found geometry_msgs: 4.8.0 (/opt/ros/humble/share/geometry_msgs/cmake)
[12.187s] -- Found rosidl_generator_c: 3.1.6 (/opt/ros/humble/share/rosidl_generator_c/cmake)
[12.308s] -- Found rosidl_adapter: 3.1.6 (/opt/ros/humble/share/rosidl_adapter/cmake)
[12.528s] -- Found rosidl_generator_cpp: 3.1.6 (/opt/ros/humble/share/rosidl_generator_cpp/cmake)
[13.109s] -- Using all available rosidl_typesupport_c: rosidl_typesupport_fastrtps_c;rosidl_typesupport_introspection_c
[13.614s] -- Using all available rosidl_typesupport_cpp: rosidl_typesupport_fastrtps_cpp;rosidl_typesupport_introspection_cpp
[14.735s] -- Found rclcpp: 16.0.12 (/opt/ros/humble/share/rclcpp/cmake)
[15.791s] -- Found rmw_implementation_cmake: 6.1.2 (/opt/ros/humble/share/rmw_implementation_cmake/cmake)
[15.865s] -- Found rmw_fastrtps_cpp: 6.2.7 (/opt/ros/humble/share/rmw_fastrtps_cpp/cmake)
[17.335s] -- Found OpenSSL: /usr/lib/aarch64-linux-gnu/libcrypto.so (found version "3.0.2")  
[18.003s] -- Found FastRTPS: /opt/ros/humble/include  
[19.035s] -- Using RMW implementation 'rmw_fastrtps_cpp' as default
[19.328s] -- Looking for pthread.h
[20.491s] -- Looking for pthread.h - found
[20.501s] -- Performing Test CMAKE_HAVE_LIBC_PTHREAD
[21.863s] -- Performing Test CMAKE_HAVE_LIBC_PTHREAD - Success
[21.884s] -- Found Threads: TRUE  
[22.739s] -- Found tf2_eigen: 0.25.12 (/opt/ros/humble/share/tf2_eigen/cmake)
[25.748s] -- Found visualization_msgs: 4.8.0 (/opt/ros/humble/share/visualization_msgs/cmake)
[26.383s] -- Configuring done
[26.621s] -- Generating done
[26.671s] -- Build files have been written to: /home/perry/Jesus/Prueba6/build/rviz_marker_tools
[26.738s] Invoked command in '/home/perry/Jesus/Prueba6/build/rviz_marker_tools' returned '0': AMENT_PREFIX_PATH=/home/perry/Jesus/Prueba6/install/moveit_common:${AMENT_PREFIX_PATH} CMAKE_PREFIX_PATH=/home/perry/Jesus/Prueba6/install/moveit_common:/home/perry/Jesus/Prueba6/install/moveit:/home/perry/Jesus/Prueba6/install/irc_ros_description:/home/perry/Jesus/Prueba6/install/hello_moveit:/home/perry/Jesus/Prueba6/install/my_package:/opt/ros/humble /usr/bin/cmake /home/perry/Jesus/Prueba6/src/moveit_task_constructor/rviz_marker_tools -DCMAKE_INSTALL_PREFIX=/home/perry/Jesus/Prueba6/install/rviz_marker_tools
[26.753s] Invoking command in '/home/perry/Jesus/Prueba6/build/rviz_marker_tools': AMENT_PREFIX_PATH=/home/perry/Jesus/Prueba6/install/moveit_common:${AMENT_PREFIX_PATH} CMAKE_PREFIX_PATH=/home/perry/Jesus/Prueba6/install/moveit_common:/home/perry/Jesus/Prueba6/install/moveit:/home/perry/Jesus/Prueba6/install/irc_ros_description:/home/perry/Jesus/Prueba6/install/hello_moveit:/home/perry/Jesus/Prueba6/install/my_package:/opt/ros/humble /usr/bin/cmake --build /home/perry/Jesus/Prueba6/build/rviz_marker_tools -- -j4 -l4
[27.161s] [ 50%] [32mBuilding CXX object CMakeFiles/rviz_marker_tools.dir/src/marker_creation.cpp.o[0m
[115.698s] [100%] [32m[1mLinking CXX shared library librviz_marker_tools.so[0m
[117.167s] [100%] Built target rviz_marker_tools
[117.255s] Invoked command in '/home/perry/Jesus/Prueba6/build/rviz_marker_tools' returned '0': AMENT_PREFIX_PATH=/home/perry/Jesus/Prueba6/install/moveit_common:${AMENT_PREFIX_PATH} CMAKE_PREFIX_PATH=/home/perry/Jesus/Prueba6/install/moveit_common:/home/perry/Jesus/Prueba6/install/moveit:/home/perry/Jesus/Prueba6/install/irc_ros_description:/home/perry/Jesus/Prueba6/install/hello_moveit:/home/perry/Jesus/Prueba6/install/my_package:/opt/ros/humble /usr/bin/cmake --build /home/perry/Jesus/Prueba6/build/rviz_marker_tools -- -j4 -l4
[117.273s] Invoking command in '/home/perry/Jesus/Prueba6/build/rviz_marker_tools': AMENT_PREFIX_PATH=/home/perry/Jesus/Prueba6/install/moveit_common:${AMENT_PREFIX_PATH} CMAKE_PREFIX_PATH=/home/perry/Jesus/Prueba6/install/moveit_common:/home/perry/Jesus/Prueba6/install/moveit:/home/perry/Jesus/Prueba6/install/irc_ros_description:/home/perry/Jesus/Prueba6/install/hello_moveit:/home/perry/Jesus/Prueba6/install/my_package:/opt/ros/humble /usr/bin/cmake --install /home/perry/Jesus/Prueba6/build/rviz_marker_tools
[117.333s] -- Install configuration: "Release"
[117.338s] -- Installing: /home/perry/Jesus/Prueba6/install/rviz_marker_tools/include
[117.345s] -- Installing: /home/perry/Jesus/Prueba6/install/rviz_marker_tools/include/rviz_marker_tools
[117.348s] -- Installing: /home/perry/Jesus/Prueba6/install/rviz_marker_tools/include/rviz_marker_tools/marker_creation.h
[117.353s] -- Installing: /home/perry/Jesus/Prueba6/install/rviz_marker_tools/lib/librviz_marker_tools.so
[117.357s] -- Set runtime path of "/home/perry/Jesus/Prueba6/install/rviz_marker_tools/lib/librviz_marker_tools.so" to ""
[117.364s] -- Installing: /home/perry/Jesus/Prueba6/install/rviz_marker_tools/share/rviz_marker_tools/environment/library_path.sh
[117.368s] -- Installing: /home/perry/Jesus/Prueba6/install/rviz_marker_tools/share/rviz_marker_tools/environment/library_path.dsv
[117.376s] -- Installing: /home/perry/Jesus/Prueba6/install/rviz_marker_tools/share/ament_index/resource_index/package_run_dependencies/rviz_marker_tools
[117.380s] -- Installing: /home/perry/Jesus/Prueba6/install/rviz_marker_tools/share/ament_index/resource_index/parent_prefix_path/rviz_marker_tools
[117.386s] -- Installing: /home/perry/Jesus/Prueba6/install/rviz_marker_tools/share/rviz_marker_tools/environment/ament_prefix_path.sh
[117.389s] -- Installing: /home/perry/Jesus/Prueba6/install/rviz_marker_tools/share/rviz_marker_tools/environment/ament_prefix_path.dsv
[117.392s] -- Installing: /home/perry/Jesus/Prueba6/install/rviz_marker_tools/share/rviz_marker_tools/environment/path.sh
[117.394s] -- Installing: /home/perry/Jesus/Prueba6/install/rviz_marker_tools/share/rviz_marker_tools/environment/path.dsv
[117.398s] -- Installing: /home/perry/Jesus/Prueba6/install/rviz_marker_tools/share/rviz_marker_tools/local_setup.bash
[117.400s] -- Installing: /home/perry/Jesus/Prueba6/install/rviz_marker_tools/share/rviz_marker_tools/local_setup.sh
[117.402s] -- Installing: /home/perry/Jesus/Prueba6/install/rviz_marker_tools/share/rviz_marker_tools/local_setup.zsh
[117.405s] -- Installing: /home/perry/Jesus/Prueba6/install/rviz_marker_tools/share/rviz_marker_tools/local_setup.dsv
[117.407s] -- Installing: /home/perry/Jesus/Prueba6/install/rviz_marker_tools/share/rviz_marker_tools/package.dsv
[117.413s] -- Installing: /home/perry/Jesus/Prueba6/install/rviz_marker_tools/share/ament_index/resource_index/packages/rviz_marker_tools
[117.418s] -- Installing: /home/perry/Jesus/Prueba6/install/rviz_marker_tools/share/rviz_marker_tools/cmake/rviz_marker_toolsTargetsExport.cmake
[117.422s] -- Installing: /home/perry/Jesus/Prueba6/install/rviz_marker_tools/share/rviz_marker_tools/cmake/rviz_marker_toolsTargetsExport-release.cmake
[117.425s] -- Installing: /home/perry/Jesus/Prueba6/install/rviz_marker_tools/share/rviz_marker_tools/cmake/ament_cmake_export_targets-extras.cmake
[117.429s] -- Installing: /home/perry/Jesus/Prueba6/install/rviz_marker_tools/share/rviz_marker_tools/cmake/ament_cmake_export_dependencies-extras.cmake
[117.432s] -- Installing: /home/perry/Jesus/Prueba6/install/rviz_marker_tools/share/rviz_marker_tools/cmake/rviz_marker_toolsConfig.cmake
[117.435s] -- Installing: /home/perry/Jesus/Prueba6/install/rviz_marker_tools/share/rviz_marker_tools/cmake/rviz_marker_toolsConfig-version.cmake
[117.437s] -- Installing: /home/perry/Jesus/Prueba6/install/rviz_marker_tools/share/rviz_marker_tools/package.xml
[117.454s] Invoked command in '/home/perry/Jesus/Prueba6/build/rviz_marker_tools' returned '0': AMENT_PREFIX_PATH=/home/perry/Jesus/Prueba6/install/moveit_common:${AMENT_PREFIX_PATH} CMAKE_PREFIX_PATH=/home/perry/Jesus/Prueba6/install/moveit_common:/home/perry/Jesus/Prueba6/install/moveit:/home/perry/Jesus/Prueba6/install/irc_ros_description:/home/perry/Jesus/Prueba6/install/hello_moveit:/home/perry/Jesus/Prueba6/install/my_package:/opt/ros/humble /usr/bin/cmake --install /home/perry/Jesus/Prueba6/build/rviz_marker_tools
