[0.617s] Invoking command in '/home/perry/Jesus/Prueba6/build/irc_ros_description': CMAKE_PREFIX_PATH=${CMAKE_PREFIX_PATH}:/home/perry/Jesus/Prueba6/install/my_package:/home/perry/Jesus/Prueba6/install/moveit_configs_utils:/opt/ros/humble /usr/bin/cmake --build /home/perry/Jesus/Prueba6/build/irc_ros_description -- -j4 -l4
[8.519s] Invoked command in '/home/perry/Jesus/Prueba6/build/irc_ros_description' returned '0': CMAKE_PREFIX_PATH=${CMAKE_PREFIX_PATH}:/home/perry/Jesus/Prueba6/install/my_package:/home/perry/Jesus/Prueba6/install/moveit_configs_utils:/opt/ros/humble /usr/bin/cmake --build /home/perry/Jesus/Prueba6/build/irc_ros_description -- -j4 -l4
[8.712s] Invoking command in '/home/perry/Jesus/Prueba6/build/irc_ros_description': CMAKE_PREFIX_PATH=${CMAKE_PREFIX_PATH}:/home/perry/Jesus/Prueba6/install/my_package:/home/perry/Jesus/Prueba6/install/moveit_configs_utils:/opt/ros/humble /usr/bin/cmake --install /home/perry/Jesus/Prueba6/build/irc_ros_description
[8.947s] -- Install configuration: "Debug"
[8.963s] -- Execute custom install script
[9.068s] -- Up-to-date symlink: /home/perry/Jesus/Prueba6/install/irc_ros_description/share/irc_ros_description/meshes/cpr_platform_medium/body.dae
[9.091s] -- Up-to-date symlink: /home/perry/Jesus/Prueba6/install/irc_ros_description/share/irc_ros_description/meshes/cpr_platform_medium/bodyColl.dae
[9.094s] -- Up-to-date symlink: /home/perry/Jesus/Prueba6/install/irc_ros_description/share/irc_ros_description/meshes/cpr_platform_medium/wheel.dae
[9.110s] -- Up-to-date symlink: /home/perry/Jesus/Prueba6/install/irc_ros_description/share/irc_ros_description/meshes/cpr_platform_medium/wheelColl.dae
[9.115s] -- Up-to-date symlink: /home/perry/Jesus/Prueba6/install/irc_ros_description/share/irc_ros_description/meshes/gripper_schmalz_ecbpmi/Joint0.dae
[9.126s] -- Up-to-date symlink: /home/perry/Jesus/Prueba6/install/irc_ros_description/share/irc_ros_description/meshes/gripper_schmalz_ecbpmi/Joint0Coll.dae
[9.131s] -- Up-to-date symlink: /home/perry/Jesus/Prueba6/install/irc_ros_description/share/irc_ros_description/meshes/igus_rebel_4dof_00/Joint0.dae
[9.148s] -- Up-to-date symlink: /home/perry/Jesus/Prueba6/install/irc_ros_description/share/irc_ros_description/meshes/igus_rebel_4dof_00/Joint0Coll.dae
[9.157s] -- Up-to-date symlink: /home/perry/Jesus/Prueba6/install/irc_ros_description/share/irc_ros_description/meshes/igus_rebel_4dof_00/Joint1.dae
[9.158s] -- Up-to-date symlink: /home/perry/Jesus/Prueba6/install/irc_ros_description/share/irc_ros_description/meshes/igus_rebel_4dof_00/Joint1Coll.dae
[9.175s] -- Up-to-date symlink: /home/perry/Jesus/Prueba6/install/irc_ros_description/share/irc_ros_description/meshes/igus_rebel_4dof_00/Joint2.dae
[9.178s] -- Up-to-date symlink: /home/perry/Jesus/Prueba6/install/irc_ros_description/share/irc_ros_description/meshes/igus_rebel_4dof_00/Joint2Coll.dae
[9.210s] -- Up-to-date symlink: /home/perry/Jesus/Prueba6/install/irc_ros_description/share/irc_ros_description/meshes/igus_rebel_4dof_00/Joint3.dae
[9.227s] -- Up-to-date symlink: /home/perry/Jesus/Prueba6/install/irc_ros_description/share/irc_ros_description/meshes/igus_rebel_4dof_00/Joint3Coll.dae
[9.238s] -- Up-to-date symlink: /home/perry/Jesus/Prueba6/install/irc_ros_description/share/irc_ros_description/meshes/igus_rebel_4dof_00/Joint4.dae
[9.250s] -- Up-to-date symlink: /home/perry/Jesus/Prueba6/install/irc_ros_description/share/irc_ros_description/meshes/igus_rebel_4dof_00/Joint4Coll.dae
[9.259s] -- Up-to-date symlink: /home/perry/Jesus/Prueba6/install/irc_ros_description/share/irc_ros_description/meshes/igus_rebel_4dof_pre/Joint0.dae
[9.261s] -- Up-to-date symlink: /home/perry/Jesus/Prueba6/install/irc_ros_description/share/irc_ros_description/meshes/igus_rebel_4dof_pre/Joint0Coll.dae
[9.272s] -- Up-to-date symlink: /home/perry/Jesus/Prueba6/install/irc_ros_description/share/irc_ros_description/meshes/igus_rebel_4dof_pre/Joint1.dae
[9.276s] -- Up-to-date symlink: /home/perry/Jesus/Prueba6/install/irc_ros_description/share/irc_ros_description/meshes/igus_rebel_4dof_pre/Joint1Coll.dae
[9.277s] -- Up-to-date symlink: /home/perry/Jesus/Prueba6/install/irc_ros_description/share/irc_ros_description/meshes/igus_rebel_4dof_pre/Joint2.dae
[9.277s] -- Up-to-date symlink: /home/perry/Jesus/Prueba6/install/irc_ros_description/share/irc_ros_description/meshes/igus_rebel_4dof_pre/Joint2Coll.dae
[9.278s] -- Up-to-date symlink: /home/perry/Jesus/Prueba6/install/irc_ros_description/share/irc_ros_description/meshes/igus_rebel_4dof_pre/Joint3.dae
[9.279s] -- Up-to-date symlink: /home/perry/Jesus/Prueba6/install/irc_ros_description/share/irc_ros_description/meshes/igus_rebel_4dof_pre/Joint3Coll.dae
[9.280s] -- Up-to-date symlink: /home/perry/Jesus/Prueba6/install/irc_ros_description/share/irc_ros_description/meshes/igus_rebel_4dof_pre/Joint4.dae
[9.281s] -- Up-to-date symlink: /home/perry/Jesus/Prueba6/install/irc_ros_description/share/irc_ros_description/meshes/igus_rebel_4dof_pre/Joint4Coll.dae
[9.283s] -- Up-to-date symlink: /home/perry/Jesus/Prueba6/install/irc_ros_description/share/irc_ros_description/meshes/igus_rebel_6dof_00/Joint0.dae
[9.284s] -- Up-to-date symlink: /home/perry/Jesus/Prueba6/install/irc_ros_description/share/irc_ros_description/meshes/igus_rebel_6dof_00/Joint0Coll.dae
[9.284s] -- Up-to-date symlink: /home/perry/Jesus/Prueba6/install/irc_ros_description/share/irc_ros_description/meshes/igus_rebel_6dof_00/Joint1.dae
[9.286s] -- Up-to-date symlink: /home/perry/Jesus/Prueba6/install/irc_ros_description/share/irc_ros_description/meshes/igus_rebel_6dof_00/Joint1Coll.dae
[9.286s] -- Up-to-date symlink: /home/perry/Jesus/Prueba6/install/irc_ros_description/share/irc_ros_description/meshes/igus_rebel_6dof_00/Joint2.dae
[9.310s] -- Up-to-date symlink: /home/perry/Jesus/Prueba6/install/irc_ros_description/share/irc_ros_description/meshes/igus_rebel_6dof_00/Joint2Coll.dae
[9.311s] -- Up-to-date symlink: /home/perry/Jesus/Prueba6/install/irc_ros_description/share/irc_ros_description/meshes/igus_rebel_6dof_00/Joint3.dae
[9.312s] -- Up-to-date symlink: /home/perry/Jesus/Prueba6/install/irc_ros_description/share/irc_ros_description/meshes/igus_rebel_6dof_00/Joint3Coll.dae
[9.323s] -- Up-to-date symlink: /home/perry/Jesus/Prueba6/install/irc_ros_description/share/irc_ros_description/meshes/igus_rebel_6dof_00/Joint4.dae
[9.325s] -- Up-to-date symlink: /home/perry/Jesus/Prueba6/install/irc_ros_description/share/irc_ros_description/meshes/igus_rebel_6dof_00/Joint4Coll.dae
[9.326s] -- Up-to-date symlink: /home/perry/Jesus/Prueba6/install/irc_ros_description/share/irc_ros_description/meshes/igus_rebel_6dof_00/Joint5.dae
[9.336s] -- Up-to-date symlink: /home/perry/Jesus/Prueba6/install/irc_ros_description/share/irc_ros_description/meshes/igus_rebel_6dof_00/Joint5Coll.dae
[9.340s] -- Up-to-date symlink: /home/perry/Jesus/Prueba6/install/irc_ros_description/share/irc_ros_description/meshes/igus_rebel_6dof_00/Joint6.dae
[9.353s] -- Up-to-date symlink: /home/perry/Jesus/Prueba6/install/irc_ros_description/share/irc_ros_description/meshes/igus_rebel_6dof_00/Joint6Coll.dae
[9.354s] -- Up-to-date symlink: /home/perry/Jesus/Prueba6/install/irc_ros_description/share/irc_ros_description/meshes/igus_rebel_6dof_pre/Joint0.dae
[9.368s] -- Up-to-date symlink: /home/perry/Jesus/Prueba6/install/irc_ros_description/share/irc_ros_description/meshes/igus_rebel_6dof_pre/Joint0Coll.dae
[9.370s] -- Up-to-date symlink: /home/perry/Jesus/Prueba6/install/irc_ros_description/share/irc_ros_description/meshes/igus_rebel_6dof_pre/Joint1.dae
[9.382s] -- Up-to-date symlink: /home/perry/Jesus/Prueba6/install/irc_ros_description/share/irc_ros_description/meshes/igus_rebel_6dof_pre/Joint1Coll.dae
[9.385s] -- Up-to-date symlink: /home/perry/Jesus/Prueba6/install/irc_ros_description/share/irc_ros_description/meshes/igus_rebel_6dof_pre/Joint2.dae
[9.394s] -- Up-to-date symlink: /home/perry/Jesus/Prueba6/install/irc_ros_description/share/irc_ros_description/meshes/igus_rebel_6dof_pre/Joint2Coll.dae
[9.402s] -- Up-to-date symlink: /home/perry/Jesus/Prueba6/install/irc_ros_description/share/irc_ros_description/meshes/igus_rebel_6dof_pre/Joint3.dae
[9.405s] -- Up-to-date symlink: /home/perry/Jesus/Prueba6/install/irc_ros_description/share/irc_ros_description/meshes/igus_rebel_6dof_pre/Joint3Coll.dae
[9.406s] -- Up-to-date symlink: /home/perry/Jesus/Prueba6/install/irc_ros_description/share/irc_ros_description/meshes/igus_rebel_6dof_pre/Joint4.dae
[9.407s] -- Up-to-date symlink: /home/perry/Jesus/Prueba6/install/irc_ros_description/share/irc_ros_description/meshes/igus_rebel_6dof_pre/Joint4Coll.dae
[9.408s] -- Up-to-date symlink: /home/perry/Jesus/Prueba6/install/irc_ros_description/share/irc_ros_description/meshes/igus_rebel_6dof_pre/Joint5.dae
[9.408s] -- Up-to-date symlink: /home/perry/Jesus/Prueba6/install/irc_ros_description/share/irc_ros_description/meshes/igus_rebel_6dof_pre/Joint5Coll.dae
[9.417s] -- Up-to-date symlink: /home/perry/Jesus/Prueba6/install/irc_ros_description/share/irc_ros_description/meshes/igus_rebel_6dof_pre/Joint6.dae
[9.425s] -- Up-to-date symlink: /home/perry/Jesus/Prueba6/install/irc_ros_description/share/irc_ros_description/meshes/igus_rebel_6dof_pre/Joint6Coll.dae
[9.427s] -- Up-to-date symlink: /home/perry/Jesus/Prueba6/install/irc_ros_description/share/irc_ros_description/meshes/igus_robolink_rl_dp_5/Joint0.dae
[9.429s] -- Up-to-date symlink: /home/perry/Jesus/Prueba6/install/irc_ros_description/share/irc_ros_description/meshes/igus_robolink_rl_dp_5/Joint0Coll.dae
[9.431s] -- Up-to-date symlink: /home/perry/Jesus/Prueba6/install/irc_ros_description/share/irc_ros_description/meshes/igus_robolink_rl_dp_5/Joint1.dae
[9.441s] -- Up-to-date symlink: /home/perry/Jesus/Prueba6/install/irc_ros_description/share/irc_ros_description/meshes/igus_robolink_rl_dp_5/Joint1Coll.dae
[9.451s] -- Up-to-date symlink: /home/perry/Jesus/Prueba6/install/irc_ros_description/share/irc_ros_description/meshes/igus_robolink_rl_dp_5/Joint2.dae
[9.461s] -- Up-to-date symlink: /home/perry/Jesus/Prueba6/install/irc_ros_description/share/irc_ros_description/meshes/igus_robolink_rl_dp_5/Joint2Coll.dae
[9.462s] -- Up-to-date symlink: /home/perry/Jesus/Prueba6/install/irc_ros_description/share/irc_ros_description/meshes/igus_robolink_rl_dp_5/Joint3.dae
[9.475s] -- Up-to-date symlink: /home/perry/Jesus/Prueba6/install/irc_ros_description/share/irc_ros_description/meshes/igus_robolink_rl_dp_5/Joint3Coll.dae
[9.557s] -- Up-to-date symlink: /home/perry/Jesus/Prueba6/install/irc_ros_description/share/irc_ros_description/meshes/igus_robolink_rl_dp_5/Joint4.dae
[9.559s] -- Up-to-date symlink: /home/perry/Jesus/Prueba6/install/irc_ros_description/share/irc_ros_description/meshes/igus_robolink_rl_dp_5/Joint4Coll.dae
[9.594s] -- Up-to-date symlink: /home/perry/Jesus/Prueba6/install/irc_ros_description/share/irc_ros_description/meshes/igus_robolink_rl_dp_5/Joint5.dae
[9.630s] -- Up-to-date symlink: /home/perry/Jesus/Prueba6/install/irc_ros_description/share/irc_ros_description/meshes/igus_robolink_rl_dp_5/Joint5Coll.dae
[9.648s] -- Up-to-date symlink: /home/perry/Jesus/Prueba6/install/irc_ros_description/share/irc_ros_description/launch/visualize.launch.py
[9.690s] -- Up-to-date symlink: /home/perry/Jesus/Prueba6/install/irc_ros_description/share/irc_ros_description/urdf/cpr_platform_medium.urdf.xacro
[9.693s] -- Up-to-date symlink: /home/perry/Jesus/Prueba6/install/irc_ros_description/share/irc_ros_description/urdf/grippers/ext_dio_gripper.description.xacro
[9.733s] -- Up-to-date symlink: /home/perry/Jesus/Prueba6/install/irc_ros_description/share/irc_ros_description/urdf/grippers/ext_dio_gripper.ros2_control.xacro
[9.734s] -- Up-to-date symlink: /home/perry/Jesus/Prueba6/install/irc_ros_description/share/irc_ros_description/urdf/grippers/grippers.macro.xacro
[9.736s] -- Up-to-date symlink: /home/perry/Jesus/Prueba6/install/irc_ros_description/share/irc_ros_description/urdf/grippers/schmalz_ecbpmi.description.xacro
[9.737s] -- Up-to-date symlink: /home/perry/Jesus/Prueba6/install/irc_ros_description/share/irc_ros_description/urdf/igus_rebel_4dof.urdf.xacro
[9.761s] -- Up-to-date symlink: /home/perry/Jesus/Prueba6/install/irc_ros_description/share/irc_ros_description/urdf/igus_rebel_6dof.urdf.xacro
[9.769s] -- Up-to-date symlink: /home/perry/Jesus/Prueba6/install/irc_ros_description/share/irc_ros_description/urdf/igus_robolink_rl_dp_5.urdf.xacro
[9.771s] -- Up-to-date symlink: /home/perry/Jesus/Prueba6/install/irc_ros_description/share/irc_ros_description/urdf/modules/din_rail.ros2_control.xacro
[9.781s] -- Up-to-date symlink: /home/perry/Jesus/Prueba6/install/irc_ros_description/share/irc_ros_description/urdf/modules/rebel.ros2_control.xacro
[9.782s] -- Up-to-date symlink: /home/perry/Jesus/Prueba6/install/irc_ros_description/share/irc_ros_description/urdf/platforms/cpr_platform_medium.description.xacro
[9.805s] -- Up-to-date symlink: /home/perry/Jesus/Prueba6/install/irc_ros_description/share/irc_ros_description/urdf/platforms/cpr_platform_medium.macro.xacro
[9.808s] -- Up-to-date symlink: /home/perry/Jesus/Prueba6/install/irc_ros_description/share/irc_ros_description/urdf/platforms/cpr_platform_medium.ros2_control.xacro
[9.831s] -- Up-to-date symlink: /home/perry/Jesus/Prueba6/install/irc_ros_description/share/irc_ros_description/urdf/rebel_on_platform.urdf.xacro
[9.834s] -- Up-to-date symlink: /home/perry/Jesus/Prueba6/install/irc_ros_description/share/irc_ros_description/urdf/robots/igus_rebel_4dof.macro.xacro
[9.836s] -- Up-to-date symlink: /home/perry/Jesus/Prueba6/install/irc_ros_description/share/irc_ros_description/urdf/robots/igus_rebel_4dof_00.description.xacro
[9.851s] -- Up-to-date symlink: /home/perry/Jesus/Prueba6/install/irc_ros_description/share/irc_ros_description/urdf/robots/igus_rebel_4dof_00.ros2_control.xacro
[9.853s] -- Up-to-date symlink: /home/perry/Jesus/Prueba6/install/irc_ros_description/share/irc_ros_description/urdf/robots/igus_rebel_4dof_01.description.xacro
[9.863s] -- Up-to-date symlink: /home/perry/Jesus/Prueba6/install/irc_ros_description/share/irc_ros_description/urdf/robots/igus_rebel_4dof_01.ros2_control.xacro
[9.865s] -- Up-to-date symlink: /home/perry/Jesus/Prueba6/install/irc_ros_description/share/irc_ros_description/urdf/robots/igus_rebel_6dof.macro.xacro
[9.867s] -- Up-to-date symlink: /home/perry/Jesus/Prueba6/install/irc_ros_description/share/irc_ros_description/urdf/robots/igus_rebel_6dof_00.description.xacro
[9.891s] -- Up-to-date symlink: /home/perry/Jesus/Prueba6/install/irc_ros_description/share/irc_ros_description/urdf/robots/igus_rebel_6dof_00.ros2_control.xacro
[9.892s] -- Up-to-date symlink: /home/perry/Jesus/Prueba6/install/irc_ros_description/share/irc_ros_description/urdf/robots/igus_rebel_6dof_01.description.xacro
[9.893s] -- Up-to-date symlink: /home/perry/Jesus/Prueba6/install/irc_ros_description/share/irc_ros_description/urdf/robots/igus_rebel_6dof_01.ros2_control.xacro
[9.894s] -- Up-to-date symlink: /home/perry/Jesus/Prueba6/install/irc_ros_description/share/irc_ros_description/urdf/robots/igus_rebel_6dof_pre.description.xacro
[9.894s] -- Up-to-date symlink: /home/perry/Jesus/Prueba6/install/irc_ros_description/share/irc_ros_description/urdf/robots/igus_rebel_6dof_pre.ros2_control.xacro
[9.900s] -- Up-to-date symlink: /home/perry/Jesus/Prueba6/install/irc_ros_description/share/irc_ros_description/urdf/robots/igus_robolink_rl_dp_5.description.xacro
[9.917s] -- Up-to-date symlink: /home/perry/Jesus/Prueba6/install/irc_ros_description/share/irc_ros_description/urdf/robots/igus_robolink_rl_dp_5.macro.xacro
[9.927s] -- Up-to-date symlink: /home/perry/Jesus/Prueba6/install/irc_ros_description/share/irc_ros_description/urdf/robots/igus_robolink_rl_dp_5.ros2_control.xacro
[9.929s] -- Up-to-date symlink: /home/perry/Jesus/Prueba6/install/irc_ros_description/share/irc_ros_description/rviz/platform.rviz
[9.930s] -- Up-to-date symlink: /home/perry/Jesus/Prueba6/install/irc_ros_description/share/irc_ros_description/rviz/rebel.rviz
[9.934s] -- Up-to-date symlink: /home/perry/Jesus/Prueba6/install/irc_ros_description/share/ament_index/resource_index/package_run_dependencies/irc_ros_description
[9.936s] -- Up-to-date symlink: /home/perry/Jesus/Prueba6/install/irc_ros_description/share/ament_index/resource_index/parent_prefix_path/irc_ros_description
[9.954s] -- Up-to-date symlink: /home/perry/Jesus/Prueba6/install/irc_ros_description/share/irc_ros_description/environment/ament_prefix_path.sh
[9.955s] -- Up-to-date symlink: /home/perry/Jesus/Prueba6/install/irc_ros_description/share/irc_ros_description/environment/ament_prefix_path.dsv
[9.956s] -- Up-to-date symlink: /home/perry/Jesus/Prueba6/install/irc_ros_description/share/irc_ros_description/environment/path.sh
[9.956s] -- Up-to-date symlink: /home/perry/Jesus/Prueba6/install/irc_ros_description/share/irc_ros_description/environment/path.dsv
[9.957s] -- Up-to-date symlink: /home/perry/Jesus/Prueba6/install/irc_ros_description/share/irc_ros_description/local_setup.bash
[9.957s] -- Up-to-date symlink: /home/perry/Jesus/Prueba6/install/irc_ros_description/share/irc_ros_description/local_setup.sh
[9.958s] -- Up-to-date symlink: /home/perry/Jesus/Prueba6/install/irc_ros_description/share/irc_ros_description/local_setup.zsh
[9.958s] -- Up-to-date symlink: /home/perry/Jesus/Prueba6/install/irc_ros_description/share/irc_ros_description/local_setup.dsv
[9.959s] -- Symlinking: /home/perry/Jesus/Prueba6/install/irc_ros_description/share/irc_ros_description/package.dsv
[9.966s] -- Up-to-date symlink: /home/perry/Jesus/Prueba6/install/irc_ros_description/share/ament_index/resource_index/packages/irc_ros_description
[9.976s] -- Up-to-date symlink: /home/perry/Jesus/Prueba6/install/irc_ros_description/share/irc_ros_description/cmake/irc_ros_descriptionConfig.cmake
[9.977s] -- Up-to-date symlink: /home/perry/Jesus/Prueba6/install/irc_ros_description/share/irc_ros_description/cmake/irc_ros_descriptionConfig-version.cmake
[9.992s] -- Up-to-date symlink: /home/perry/Jesus/Prueba6/install/irc_ros_description/share/irc_ros_description/package.xml
[10.305s] Invoked command in '/home/perry/Jesus/Prueba6/build/irc_ros_description' returned '0': CMAKE_PREFIX_PATH=${CMAKE_PREFIX_PATH}:/home/perry/Jesus/Prueba6/install/my_package:/home/perry/Jesus/Prueba6/install/moveit_configs_utils:/opt/ros/humble /usr/bin/cmake --install /home/perry/Jesus/Prueba6/build/irc_ros_description
