[17.800s] Invoking command in '/home/perry/Jesus/Prueba6/src/my_package': PYTHONPATH=/home/perry/Jesus/Prueba6/build/my_package/prefix_override:/usr/lib/python3/dist-packages/colcon_core/task/python/colcon_distutils_commands:/home/perry/Jesus/Prueba6/install/my_package/lib/python3.10/site-packages:${PYTHONPATH} /usr/bin/python3 -W ignore:setup.py install is deprecated -W ignore:easy_install command is deprecated setup.py egg_info --egg-base ../../build/my_package build --build-base /home/perry/Jesus/Prueba6/build/my_package/build install --record /home/perry/Jesus/Prueba6/build/my_package/install.log --single-version-externally-managed install_data
[24.563s] running egg_info
[24.572s] writing ../../build/my_package/my_package.egg-info/PKG-INFO
[24.575s] writing dependency_links to ../../build/my_package/my_package.egg-info/dependency_links.txt
[24.579s] writing entry points to ../../build/my_package/my_package.egg-info/entry_points.txt
[24.582s] writing requirements to ../../build/my_package/my_package.egg-info/requires.txt
[24.594s] writing top-level names to ../../build/my_package/my_package.egg-info/top_level.txt
[24.617s] reading manifest file '../../build/my_package/my_package.egg-info/SOURCES.txt'
[24.644s] writing manifest file '../../build/my_package/my_package.egg-info/SOURCES.txt'
[24.647s] running build
[24.660s] running build_py
[24.662s] copying my_package/nodo_pose_moveit.py -> /home/perry/Jesus/Prueba6/build/my_package/build/lib/my_package
[24.674s] running install
[24.688s] running install_lib
[24.700s] copying /home/perry/Jesus/Prueba6/build/my_package/build/lib/my_package/nodo_pose_moveit.py -> /home/perry/Jesus/Prueba6/install/my_package/lib/python3.10/site-packages/my_package
[24.721s] byte-compiling /home/perry/Jesus/Prueba6/install/my_package/lib/python3.10/site-packages/my_package/nodo_pose_moveit.py to nodo_pose_moveit.cpython-310.pyc
[24.730s] running install_data
[24.732s] running install_egg_info
[24.759s] removing '/home/perry/Jesus/Prueba6/install/my_package/lib/python3.10/site-packages/my_package-0.0.0-py3.10.egg-info' (and everything under it)
[24.766s] Copying ../../build/my_package/my_package.egg-info to /home/perry/Jesus/Prueba6/install/my_package/lib/python3.10/site-packages/my_package-0.0.0-py3.10.egg-info
[24.795s] running install_scripts
[25.101s] Installing nodo_cinematica script to /home/perry/Jesus/Prueba6/install/my_package/lib/my_package
[25.105s] Installing nodo_mando script to /home/perry/Jesus/Prueba6/install/my_package/lib/my_package
[25.110s] Installing pose_moveit script to /home/perry/Jesus/Prueba6/install/my_package/lib/my_package
[25.117s] writing list of installed files to '/home/perry/Jesus/Prueba6/build/my_package/install.log'
[25.567s] Invoked command in '/home/perry/Jesus/Prueba6/src/my_package' returned '0': PYTHONPATH=/home/perry/Jesus/Prueba6/build/my_package/prefix_override:/usr/lib/python3/dist-packages/colcon_core/task/python/colcon_distutils_commands:/home/perry/Jesus/Prueba6/install/my_package/lib/python3.10/site-packages:${PYTHONPATH} /usr/bin/python3 -W ignore:setup.py install is deprecated -W ignore:easy_install command is deprecated setup.py egg_info --egg-base ../../build/my_package build --build-base /home/perry/Jesus/Prueba6/build/my_package/build install --record /home/perry/Jesus/Prueba6/build/my_package/install.log --single-version-externally-managed install_data
