[40.166s] Invoking command in '/home/perry/Jesus/Prueba6/src/my_package': PYTHONPATH=/home/perry/Jesus/Prueba6/build/my_package/prefix_override:/usr/lib/python3/dist-packages/colcon_core/task/python/colcon_distutils_commands:/home/perry/Jesus/Prueba6/install/my_package/lib/python3.10/site-packages:${PYTHONPATH} /usr/bin/python3 -W ignore:setup.py install is deprecated -W ignore:easy_install command is deprecated setup.py egg_info --egg-base ../../build/my_package build --build-base /home/perry/Jesus/Prueba6/build/my_package/build install --record /home/perry/Jesus/Prueba6/build/my_package/install.log --single-version-externally-managed install_data
[58.381s] running egg_info
[58.410s] writing ../../build/my_package/my_package.egg-info/PKG-INFO
[58.440s] writing dependency_links to ../../build/my_package/my_package.egg-info/dependency_links.txt
[58.469s] writing entry points to ../../build/my_package/my_package.egg-info/entry_points.txt
[58.471s] writing requirements to ../../build/my_package/my_package.egg-info/requires.txt
[58.474s] writing top-level names to ../../build/my_package/my_package.egg-info/top_level.txt
[58.506s] reading manifest file '../../build/my_package/my_package.egg-info/SOURCES.txt'
[58.528s] writing manifest file '../../build/my_package/my_package.egg-info/SOURCES.txt'
[58.536s] running build
[58.539s] running build_py
[58.563s] running install
[58.573s] running install_lib
[58.705s] running install_data
[58.708s] running install_egg_info
[58.785s] removing '/home/perry/Jesus/Prueba6/install/my_package/lib/python3.10/site-packages/my_package-0.0.0-py3.10.egg-info' (and everything under it)
[58.819s] Copying ../../build/my_package/my_package.egg-info to /home/perry/Jesus/Prueba6/install/my_package/lib/python3.10/site-packages/my_package-0.0.0-py3.10.egg-info
[58.856s] running install_scripts
[59.636s] Installing nodo_cinematica script to /home/perry/Jesus/Prueba6/install/my_package/lib/my_package
[59.649s] Installing nodo_mando script to /home/perry/Jesus/Prueba6/install/my_package/lib/my_package
[59.712s] Installing pose_moveit script to /home/perry/Jesus/Prueba6/install/my_package/lib/my_package
[59.717s] writing list of installed files to '/home/perry/Jesus/Prueba6/build/my_package/install.log'
[60.407s] Invoked command in '/home/perry/Jesus/Prueba6/src/my_package' returned '0': PYTHONPATH=/home/perry/Jesus/Prueba6/build/my_package/prefix_override:/usr/lib/python3/dist-packages/colcon_core/task/python/colcon_distutils_commands:/home/perry/Jesus/Prueba6/install/my_package/lib/python3.10/site-packages:${PYTHONPATH} /usr/bin/python3 -W ignore:setup.py install is deprecated -W ignore:easy_install command is deprecated setup.py egg_info --egg-base ../../build/my_package build --build-base /home/perry/Jesus/Prueba6/build/my_package/build install --record /home/perry/Jesus/Prueba6/build/my_package/install.log --single-version-externally-managed install_data
