[7.122s] DEBUG:colcon:Command line arguments: ['/usr/bin/colcon', 'build', '--packages-select', 'moveit2_pose_target']
[7.123s] DEBUG:colcon:Parsed command line arguments: Namespace(log_base=None, log_level=None, verb_name='build', build_base='build', install_base='install', merge_install=False, symlink_install=False, test_result_base=None, continue_on_error=False, executor='parallel', parallel_workers=4, event_handlers=None, ignore_user_meta=False, metas=['./colcon.meta'], base_paths=['.'], packages_ignore=None, packages_ignore_regex=None, paths=None, packages_up_to=None, packages_up_to_regex=None, packages_above=None, packages_above_and_dependencies=None, packages_above_depth=None, packages_select_by_dep=None, packages_skip_by_dep=None, packages_skip_up_to=None, packages_select_build_failed=False, packages_skip_build_finished=False, packages_select_test_failures=False, packages_skip_test_passed=False, packages_select=['moveit2_pose_target'], packages_skip=None, packages_select_regex=None, packages_skip_regex=None, packages_start=None, packages_end=None, allow_overriding=[], cmake_args=None, cmake_target=None, cmake_target_skip_unavailable=False, cmake_clean_cache=False, cmake_clean_first=False, cmake_force_configure=False, ament_cmake_args=None, catkin_cmake_args=None, catkin_skip_building_tests=False, mixin_files=None, mixin=None, verb_parser=<colcon_mixin.mixin.mixin_argument.MixinArgumentDecorator object at 0xffffbade0cd0>, verb_extension=<colcon_core.verb.build.BuildVerb object at 0xffffbade0820>, main=<bound method BuildVerb.main of <colcon_core.verb.build.BuildVerb object at 0xffffbade0820>>, mixin_verb=('build',))
[27.892s] Level 1:colcon.colcon_core.package_discovery:discover_packages(colcon_meta) check parameters
[28.031s] Level 1:colcon.colcon_core.package_discovery:discover_packages(recursive) check parameters
[28.032s] Level 1:colcon.colcon_core.package_discovery:discover_packages(ignore) check parameters
[28.032s] Level 1:colcon.colcon_core.package_discovery:discover_packages(path) check parameters
[28.032s] Level 1:colcon.colcon_core.package_discovery:discover_packages(colcon_meta) discover
[28.033s] Level 1:colcon.colcon_core.package_discovery:discover_packages(recursive) discover
[28.033s] INFO:colcon.colcon_core.package_discovery:Crawling recursively for packages in '/home/perry/Jesus/Prueba6'
[28.034s] Level 1:colcon.colcon_core.package_identification:_identify(.) by extensions ['ignore', 'ignore_ament_install']
[28.035s] Level 1:colcon.colcon_core.package_identification:_identify(.) by extension 'ignore'
[28.035s] Level 1:colcon.colcon_core.package_identification:_identify(.) by extension 'ignore_ament_install'
[28.036s] Level 1:colcon.colcon_core.package_identification:_identify(.) by extensions ['colcon_pkg']
[28.036s] Level 1:colcon.colcon_core.package_identification:_identify(.) by extension 'colcon_pkg'
[28.036s] Level 1:colcon.colcon_core.package_identification:_identify(.) by extensions ['colcon_meta']
[28.037s] Level 1:colcon.colcon_core.package_identification:_identify(.) by extension 'colcon_meta'
[28.037s] Level 1:colcon.colcon_core.package_identification:_identify(.) by extensions ['ros']
[28.037s] Level 1:colcon.colcon_core.package_identification:_identify(.) by extension 'ros'
[28.895s] Level 1:colcon.colcon_core.package_identification:_identify(.) by extensions ['cmake', 'python']
[28.900s] Level 1:colcon.colcon_core.package_identification:_identify(.) by extension 'cmake'
[28.901s] Level 1:colcon.colcon_core.package_identification:_identify(.) by extension 'python'
[28.903s] Level 1:colcon.colcon_core.package_identification:_identify(.) by extensions ['python_setup_py']
[28.904s] Level 1:colcon.colcon_core.package_identification:_identify(.) by extension 'python_setup_py'
[28.936s] Level 1:colcon.colcon_core.package_identification:_identify(build) by extensions ['ignore', 'ignore_ament_install']
[28.938s] Level 1:colcon.colcon_core.package_identification:_identify(build) by extension 'ignore'
[28.960s] Level 1:colcon.colcon_core.package_identification:_identify(build) ignored
[28.962s] Level 1:colcon.colcon_core.package_identification:_identify(install) by extensions ['ignore', 'ignore_ament_install']
[28.964s] Level 1:colcon.colcon_core.package_identification:_identify(install) by extension 'ignore'
[28.965s] Level 1:colcon.colcon_core.package_identification:_identify(install) ignored
[29.014s] Level 1:colcon.colcon_core.package_identification:_identify(log) by extensions ['ignore', 'ignore_ament_install']
[29.017s] Level 1:colcon.colcon_core.package_identification:_identify(log) by extension 'ignore'
[29.018s] Level 1:colcon.colcon_core.package_identification:_identify(log) ignored
[29.033s] Level 1:colcon.colcon_core.package_identification:_identify(src) by extensions ['ignore', 'ignore_ament_install']
[29.036s] Level 1:colcon.colcon_core.package_identification:_identify(src) by extension 'ignore'
[29.038s] Level 1:colcon.colcon_core.package_identification:_identify(src) by extension 'ignore_ament_install'
[29.042s] Level 1:colcon.colcon_core.package_identification:_identify(src) by extensions ['colcon_pkg']
[29.045s] Level 1:colcon.colcon_core.package_identification:_identify(src) by extension 'colcon_pkg'
[29.049s] Level 1:colcon.colcon_core.package_identification:_identify(src) by extensions ['colcon_meta']
[29.050s] Level 1:colcon.colcon_core.package_identification:_identify(src) by extension 'colcon_meta'
[29.052s] Level 1:colcon.colcon_core.package_identification:_identify(src) by extensions ['ros']
[29.053s] Level 1:colcon.colcon_core.package_identification:_identify(src) by extension 'ros'
[29.055s] Level 1:colcon.colcon_core.package_identification:_identify(src) by extensions ['cmake', 'python']
[29.056s] Level 1:colcon.colcon_core.package_identification:_identify(src) by extension 'cmake'
[29.072s] Level 1:colcon.colcon_core.package_identification:_identify(src) by extension 'python'
[29.075s] Level 1:colcon.colcon_core.package_identification:_identify(src) by extensions ['python_setup_py']
[29.078s] Level 1:colcon.colcon_core.package_identification:_identify(src) by extension 'python_setup_py'
[29.092s] Level 1:colcon.colcon_core.package_identification:_identify(src/hello_moveit) by extensions ['ignore', 'ignore_ament_install']
[29.101s] Level 1:colcon.colcon_core.package_identification:_identify(src/hello_moveit) by extension 'ignore'
[29.103s] Level 1:colcon.colcon_core.package_identification:_identify(src/hello_moveit) by extension 'ignore_ament_install'
[29.105s] Level 1:colcon.colcon_core.package_identification:_identify(src/hello_moveit) by extensions ['colcon_pkg']
[29.106s] Level 1:colcon.colcon_core.package_identification:_identify(src/hello_moveit) by extension 'colcon_pkg'
[29.107s] Level 1:colcon.colcon_core.package_identification:_identify(src/hello_moveit) by extensions ['colcon_meta']
[29.108s] Level 1:colcon.colcon_core.package_identification:_identify(src/hello_moveit) by extension 'colcon_meta'
[29.111s] Level 1:colcon.colcon_core.package_identification:_identify(src/hello_moveit) by extensions ['ros']
[29.112s] Level 1:colcon.colcon_core.package_identification:_identify(src/hello_moveit) by extension 'ros'
[29.332s] DEBUG:colcon.colcon_core.package_identification:Package 'src/hello_moveit' with type 'ros.ament_cmake' and name 'hello_moveit'
[29.357s] Level 1:colcon.colcon_core.package_identification:_identify(src/irc_ros_description) by extensions ['ignore', 'ignore_ament_install']
[29.358s] Level 1:colcon.colcon_core.package_identification:_identify(src/irc_ros_description) by extension 'ignore'
[29.358s] Level 1:colcon.colcon_core.package_identification:_identify(src/irc_ros_description) by extension 'ignore_ament_install'
[29.359s] Level 1:colcon.colcon_core.package_identification:_identify(src/irc_ros_description) by extensions ['colcon_pkg']
[29.359s] Level 1:colcon.colcon_core.package_identification:_identify(src/irc_ros_description) by extension 'colcon_pkg'
[29.360s] Level 1:colcon.colcon_core.package_identification:_identify(src/irc_ros_description) by extensions ['colcon_meta']
[29.360s] Level 1:colcon.colcon_core.package_identification:_identify(src/irc_ros_description) by extension 'colcon_meta'
[29.360s] Level 1:colcon.colcon_core.package_identification:_identify(src/irc_ros_description) by extensions ['ros']
[29.361s] Level 1:colcon.colcon_core.package_identification:_identify(src/irc_ros_description) by extension 'ros'
[29.393s] DEBUG:colcon.colcon_core.package_identification:Package 'src/irc_ros_description' with type 'ros.ament_cmake' and name 'irc_ros_description'
[29.408s] Level 1:colcon.colcon_core.package_identification:_identify(src/moveit2_pose_target) by extensions ['ignore', 'ignore_ament_install']
[29.409s] Level 1:colcon.colcon_core.package_identification:_identify(src/moveit2_pose_target) by extension 'ignore'
[29.409s] Level 1:colcon.colcon_core.package_identification:_identify(src/moveit2_pose_target) by extension 'ignore_ament_install'
[29.410s] Level 1:colcon.colcon_core.package_identification:_identify(src/moveit2_pose_target) by extensions ['colcon_pkg']
[29.410s] Level 1:colcon.colcon_core.package_identification:_identify(src/moveit2_pose_target) by extension 'colcon_pkg'
[29.411s] Level 1:colcon.colcon_core.package_identification:_identify(src/moveit2_pose_target) by extensions ['colcon_meta']
[29.411s] Level 1:colcon.colcon_core.package_identification:_identify(src/moveit2_pose_target) by extension 'colcon_meta'
[29.411s] Level 1:colcon.colcon_core.package_identification:_identify(src/moveit2_pose_target) by extensions ['ros']
[29.412s] Level 1:colcon.colcon_core.package_identification:_identify(src/moveit2_pose_target) by extension 'ros'
[29.460s] DEBUG:colcon.colcon_core.package_identification:Package 'src/moveit2_pose_target' with type 'ros.ament_cmake' and name 'moveit2_pose_target'
[29.479s] Level 1:colcon.colcon_core.package_identification:_identify(src/my_package) by extensions ['ignore', 'ignore_ament_install']
[29.480s] Level 1:colcon.colcon_core.package_identification:_identify(src/my_package) by extension 'ignore'
[29.480s] Level 1:colcon.colcon_core.package_identification:_identify(src/my_package) by extension 'ignore_ament_install'
[29.481s] Level 1:colcon.colcon_core.package_identification:_identify(src/my_package) by extensions ['colcon_pkg']
[29.481s] Level 1:colcon.colcon_core.package_identification:_identify(src/my_package) by extension 'colcon_pkg'
[29.482s] Level 1:colcon.colcon_core.package_identification:_identify(src/my_package) by extensions ['colcon_meta']
[29.483s] Level 1:colcon.colcon_core.package_identification:_identify(src/my_package) by extension 'colcon_meta'
[29.484s] Level 1:colcon.colcon_core.package_identification:_identify(src/my_package) by extensions ['ros']
[29.485s] Level 1:colcon.colcon_core.package_identification:_identify(src/my_package) by extension 'ros'
[29.494s] DEBUG:colcon.colcon_core.package_identification:Package 'src/my_package' with type 'ros.ament_python' and name 'my_package'
[29.511s] Level 1:colcon.colcon_core.package_identification:_identify(src/robot) by extensions ['ignore', 'ignore_ament_install']
[29.512s] Level 1:colcon.colcon_core.package_identification:_identify(src/robot) by extension 'ignore'
[29.512s] Level 1:colcon.colcon_core.package_identification:_identify(src/robot) by extension 'ignore_ament_install'
[29.513s] Level 1:colcon.colcon_core.package_identification:_identify(src/robot) by extensions ['colcon_pkg']
[29.513s] Level 1:colcon.colcon_core.package_identification:_identify(src/robot) by extension 'colcon_pkg'
[29.513s] Level 1:colcon.colcon_core.package_identification:_identify(src/robot) by extensions ['colcon_meta']
[29.514s] Level 1:colcon.colcon_core.package_identification:_identify(src/robot) by extension 'colcon_meta'
[29.514s] Level 1:colcon.colcon_core.package_identification:_identify(src/robot) by extensions ['ros']
[29.514s] Level 1:colcon.colcon_core.package_identification:_identify(src/robot) by extension 'ros'
[29.552s] DEBUG:colcon.colcon_core.package_identification:Package 'src/robot' with type 'ros.ament_cmake' and name 'robot'
[29.553s] Level 1:colcon.colcon_core.package_discovery:discover_packages(recursive) using defaults
[29.553s] Level 1:colcon.colcon_core.package_discovery:discover_packages(ignore) discover
[29.553s] Level 1:colcon.colcon_core.package_discovery:discover_packages(ignore) using defaults
[29.554s] Level 1:colcon.colcon_core.package_discovery:discover_packages(path) discover
[29.554s] Level 1:colcon.colcon_core.package_discovery:discover_packages(path) using defaults
[31.439s] INFO:colcon.colcon_core.package_selection:Skipping not selected package 'hello_moveit' in 'src/hello_moveit'
[31.440s] INFO:colcon.colcon_core.package_selection:Skipping not selected package 'irc_ros_description' in 'src/irc_ros_description'
[31.443s] INFO:colcon.colcon_core.package_selection:Skipping not selected package 'my_package' in 'src/my_package'
[31.445s] INFO:colcon.colcon_core.package_selection:Skipping not selected package 'robot' in 'src/robot'
[31.487s] Level 1:colcon.colcon_core.package_discovery:discover_packages(prefix_path) check parameters
[31.488s] Level 1:colcon.colcon_core.package_discovery:discover_packages(prefix_path) discover
[32.329s] DEBUG:colcon.colcon_installed_package_information.package_discovery:Found 12 installed packages in /home/perry/Jesus/Prueba6/install
[32.534s] DEBUG:colcon.colcon_installed_package_information.package_discovery:Found 444 installed packages in /opt/ros/humble
[32.559s] Level 1:colcon.colcon_core.package_discovery:discover_packages(prefix_path) using defaults
