[1.749s] DEBUG:colcon:Command line arguments: ['/usr/bin/colcon', 'build', '--packages-select', 'moveit2_pose_target']
[1.750s] DEBUG:colcon:Parsed command line arguments: Namespace(log_base=None, log_level=None, verb_name='build', build_base='build', install_base='install', merge_install=False, symlink_install=False, test_result_base=None, continue_on_error=False, executor='parallel', parallel_workers=4, event_handlers=None, ignore_user_meta=False, metas=['./colcon.meta'], base_paths=['.'], packages_ignore=None, packages_ignore_regex=None, paths=None, packages_up_to=None, packages_up_to_regex=None, packages_above=None, packages_above_and_dependencies=None, packages_above_depth=None, packages_select_by_dep=None, packages_skip_by_dep=None, packages_skip_up_to=None, packages_select_build_failed=False, packages_skip_build_finished=False, packages_select_test_failures=False, packages_skip_test_passed=False, packages_select=['moveit2_pose_target'], packages_skip=None, packages_select_regex=None, packages_skip_regex=None, packages_start=None, packages_end=None, allow_overriding=[], cmake_args=None, cmake_target=None, cmake_target_skip_unavailable=False, cmake_clean_cache=False, cmake_clean_first=False, cmake_force_configure=False, ament_cmake_args=None, catkin_cmake_args=None, catkin_skip_building_tests=False, mixin_files=None, mixin=None, verb_parser=<colcon_mixin.mixin.mixin_argument.MixinArgumentDecorator object at 0xffff94b57ee0>, verb_extension=<colcon_core.verb.build.BuildVerb object at 0xffff94b57a30>, main=<bound method BuildVerb.main of <colcon_core.verb.build.BuildVerb object at 0xffff94b57a30>>, mixin_verb=('build',))
[4.982s] Level 1:colcon.colcon_core.package_discovery:discover_packages(colcon_meta) check parameters
[4.983s] Level 1:colcon.colcon_core.package_discovery:discover_packages(recursive) check parameters
[4.984s] Level 1:colcon.colcon_core.package_discovery:discover_packages(ignore) check parameters
[4.985s] Level 1:colcon.colcon_core.package_discovery:discover_packages(path) check parameters
[4.986s] Level 1:colcon.colcon_core.package_discovery:discover_packages(colcon_meta) discover
[4.987s] Level 1:colcon.colcon_core.package_discovery:discover_packages(recursive) discover
[4.988s] INFO:colcon.colcon_core.package_discovery:Crawling recursively for packages in '/home/perry/Jesus/Prueba6'
[4.990s] Level 1:colcon.colcon_core.package_identification:_identify(.) by extensions ['ignore', 'ignore_ament_install']
[4.992s] Level 1:colcon.colcon_core.package_identification:_identify(.) by extension 'ignore'
[4.994s] Level 1:colcon.colcon_core.package_identification:_identify(.) by extension 'ignore_ament_install'
[4.995s] Level 1:colcon.colcon_core.package_identification:_identify(.) by extensions ['colcon_pkg']
[4.997s] Level 1:colcon.colcon_core.package_identification:_identify(.) by extension 'colcon_pkg'
[4.998s] Level 1:colcon.colcon_core.package_identification:_identify(.) by extensions ['colcon_meta']
[4.999s] Level 1:colcon.colcon_core.package_identification:_identify(.) by extension 'colcon_meta'
[5.001s] Level 1:colcon.colcon_core.package_identification:_identify(.) by extensions ['ros']
[5.001s] Level 1:colcon.colcon_core.package_identification:_identify(.) by extension 'ros'
[5.159s] Level 1:colcon.colcon_core.package_identification:_identify(.) by extensions ['cmake', 'python']
[5.159s] Level 1:colcon.colcon_core.package_identification:_identify(.) by extension 'cmake'
[5.160s] Level 1:colcon.colcon_core.package_identification:_identify(.) by extension 'python'
[5.161s] Level 1:colcon.colcon_core.package_identification:_identify(.) by extensions ['python_setup_py']
[5.162s] Level 1:colcon.colcon_core.package_identification:_identify(.) by extension 'python_setup_py'
[5.163s] Level 1:colcon.colcon_core.package_identification:_identify(build) by extensions ['ignore', 'ignore_ament_install']
[5.165s] Level 1:colcon.colcon_core.package_identification:_identify(build) by extension 'ignore'
[5.165s] Level 1:colcon.colcon_core.package_identification:_identify(build) ignored
[5.167s] Level 1:colcon.colcon_core.package_identification:_identify(install) by extensions ['ignore', 'ignore_ament_install']
[5.169s] Level 1:colcon.colcon_core.package_identification:_identify(install) by extension 'ignore'
[5.170s] Level 1:colcon.colcon_core.package_identification:_identify(install) ignored
[5.172s] Level 1:colcon.colcon_core.package_identification:_identify(log) by extensions ['ignore', 'ignore_ament_install']
[5.173s] Level 1:colcon.colcon_core.package_identification:_identify(log) by extension 'ignore'
[5.174s] Level 1:colcon.colcon_core.package_identification:_identify(log) ignored
[5.175s] Level 1:colcon.colcon_core.package_identification:_identify(src) by extensions ['ignore', 'ignore_ament_install']
[5.176s] Level 1:colcon.colcon_core.package_identification:_identify(src) by extension 'ignore'
[5.176s] Level 1:colcon.colcon_core.package_identification:_identify(src) by extension 'ignore_ament_install'
[5.177s] Level 1:colcon.colcon_core.package_identification:_identify(src) by extensions ['colcon_pkg']
[5.178s] Level 1:colcon.colcon_core.package_identification:_identify(src) by extension 'colcon_pkg'
[5.179s] Level 1:colcon.colcon_core.package_identification:_identify(src) by extensions ['colcon_meta']
[5.179s] Level 1:colcon.colcon_core.package_identification:_identify(src) by extension 'colcon_meta'
[5.180s] Level 1:colcon.colcon_core.package_identification:_identify(src) by extensions ['ros']
[5.181s] Level 1:colcon.colcon_core.package_identification:_identify(src) by extension 'ros'
[5.182s] Level 1:colcon.colcon_core.package_identification:_identify(src) by extensions ['cmake', 'python']
[5.182s] Level 1:colcon.colcon_core.package_identification:_identify(src) by extension 'cmake'
[5.183s] Level 1:colcon.colcon_core.package_identification:_identify(src) by extension 'python'
[5.183s] Level 1:colcon.colcon_core.package_identification:_identify(src) by extensions ['python_setup_py']
[5.183s] Level 1:colcon.colcon_core.package_identification:_identify(src) by extension 'python_setup_py'
[5.185s] Level 1:colcon.colcon_core.package_identification:_identify(src/hello_moveit) by extensions ['ignore', 'ignore_ament_install']
[5.185s] Level 1:colcon.colcon_core.package_identification:_identify(src/hello_moveit) by extension 'ignore'
[5.186s] Level 1:colcon.colcon_core.package_identification:_identify(src/hello_moveit) by extension 'ignore_ament_install'
[5.187s] Level 1:colcon.colcon_core.package_identification:_identify(src/hello_moveit) by extensions ['colcon_pkg']
[5.187s] Level 1:colcon.colcon_core.package_identification:_identify(src/hello_moveit) by extension 'colcon_pkg'
[5.188s] Level 1:colcon.colcon_core.package_identification:_identify(src/hello_moveit) by extensions ['colcon_meta']
[5.188s] Level 1:colcon.colcon_core.package_identification:_identify(src/hello_moveit) by extension 'colcon_meta'
[5.189s] Level 1:colcon.colcon_core.package_identification:_identify(src/hello_moveit) by extensions ['ros']
[5.189s] Level 1:colcon.colcon_core.package_identification:_identify(src/hello_moveit) by extension 'ros'
[5.207s] DEBUG:colcon.colcon_core.package_identification:Package 'src/hello_moveit' with type 'ros.ament_cmake' and name 'hello_moveit'
[5.209s] Level 1:colcon.colcon_core.package_identification:_identify(src/irc_ros_description) by extensions ['ignore', 'ignore_ament_install']
[5.210s] Level 1:colcon.colcon_core.package_identification:_identify(src/irc_ros_description) by extension 'ignore'
[5.210s] Level 1:colcon.colcon_core.package_identification:_identify(src/irc_ros_description) by extension 'ignore_ament_install'
[5.211s] Level 1:colcon.colcon_core.package_identification:_identify(src/irc_ros_description) by extensions ['colcon_pkg']
[5.211s] Level 1:colcon.colcon_core.package_identification:_identify(src/irc_ros_description) by extension 'colcon_pkg'
[5.212s] Level 1:colcon.colcon_core.package_identification:_identify(src/irc_ros_description) by extensions ['colcon_meta']
[5.213s] Level 1:colcon.colcon_core.package_identification:_identify(src/irc_ros_description) by extension 'colcon_meta'
[5.214s] Level 1:colcon.colcon_core.package_identification:_identify(src/irc_ros_description) by extensions ['ros']
[5.214s] Level 1:colcon.colcon_core.package_identification:_identify(src/irc_ros_description) by extension 'ros'
[5.220s] DEBUG:colcon.colcon_core.package_identification:Package 'src/irc_ros_description' with type 'ros.ament_cmake' and name 'irc_ros_description'
[5.222s] Level 1:colcon.colcon_core.package_identification:_identify(src/moveit2_pose_target) by extensions ['ignore', 'ignore_ament_install']
[5.223s] Level 1:colcon.colcon_core.package_identification:_identify(src/moveit2_pose_target) by extension 'ignore'
[5.224s] Level 1:colcon.colcon_core.package_identification:_identify(src/moveit2_pose_target) by extension 'ignore_ament_install'
[5.225s] Level 1:colcon.colcon_core.package_identification:_identify(src/moveit2_pose_target) by extensions ['colcon_pkg']
[5.226s] Level 1:colcon.colcon_core.package_identification:_identify(src/moveit2_pose_target) by extension 'colcon_pkg'
[5.227s] Level 1:colcon.colcon_core.package_identification:_identify(src/moveit2_pose_target) by extensions ['colcon_meta']
[5.227s] Level 1:colcon.colcon_core.package_identification:_identify(src/moveit2_pose_target) by extension 'colcon_meta'
[5.228s] Level 1:colcon.colcon_core.package_identification:_identify(src/moveit2_pose_target) by extensions ['ros']
[5.228s] Level 1:colcon.colcon_core.package_identification:_identify(src/moveit2_pose_target) by extension 'ros'
[5.234s] DEBUG:colcon.colcon_core.package_identification:Package 'src/moveit2_pose_target' with type 'ros.ament_cmake' and name 'moveit2_pose_target'
[5.236s] Level 1:colcon.colcon_core.package_identification:_identify(src/my_package) by extensions ['ignore', 'ignore_ament_install']
[5.237s] Level 1:colcon.colcon_core.package_identification:_identify(src/my_package) by extension 'ignore'
[5.237s] Level 1:colcon.colcon_core.package_identification:_identify(src/my_package) by extension 'ignore_ament_install'
[5.238s] Level 1:colcon.colcon_core.package_identification:_identify(src/my_package) by extensions ['colcon_pkg']
[5.239s] Level 1:colcon.colcon_core.package_identification:_identify(src/my_package) by extension 'colcon_pkg'
[5.240s] Level 1:colcon.colcon_core.package_identification:_identify(src/my_package) by extensions ['colcon_meta']
[5.240s] Level 1:colcon.colcon_core.package_identification:_identify(src/my_package) by extension 'colcon_meta'
[5.241s] Level 1:colcon.colcon_core.package_identification:_identify(src/my_package) by extensions ['ros']
[5.242s] Level 1:colcon.colcon_core.package_identification:_identify(src/my_package) by extension 'ros'
[5.249s] DEBUG:colcon.colcon_core.package_identification:Package 'src/my_package' with type 'ros.ament_python' and name 'my_package'
[5.252s] Level 1:colcon.colcon_core.package_identification:_identify(src/robot) by extensions ['ignore', 'ignore_ament_install']
[5.254s] Level 1:colcon.colcon_core.package_identification:_identify(src/robot) by extension 'ignore'
[5.255s] Level 1:colcon.colcon_core.package_identification:_identify(src/robot) by extension 'ignore_ament_install'
[5.256s] Level 1:colcon.colcon_core.package_identification:_identify(src/robot) by extensions ['colcon_pkg']
[5.257s] Level 1:colcon.colcon_core.package_identification:_identify(src/robot) by extension 'colcon_pkg'
[5.258s] Level 1:colcon.colcon_core.package_identification:_identify(src/robot) by extensions ['colcon_meta']
[5.259s] Level 1:colcon.colcon_core.package_identification:_identify(src/robot) by extension 'colcon_meta'
[5.260s] Level 1:colcon.colcon_core.package_identification:_identify(src/robot) by extensions ['ros']
[5.261s] Level 1:colcon.colcon_core.package_identification:_identify(src/robot) by extension 'ros'
[5.269s] DEBUG:colcon.colcon_core.package_identification:Package 'src/robot' with type 'ros.ament_cmake' and name 'robot'
[5.270s] Level 1:colcon.colcon_core.package_discovery:discover_packages(recursive) using defaults
[5.271s] Level 1:colcon.colcon_core.package_discovery:discover_packages(ignore) discover
[5.271s] Level 1:colcon.colcon_core.package_discovery:discover_packages(ignore) using defaults
[5.272s] Level 1:colcon.colcon_core.package_discovery:discover_packages(path) discover
[5.273s] Level 1:colcon.colcon_core.package_discovery:discover_packages(path) using defaults
[5.482s] INFO:colcon.colcon_core.package_selection:Skipping not selected package 'hello_moveit' in 'src/hello_moveit'
[5.483s] INFO:colcon.colcon_core.package_selection:Skipping not selected package 'irc_ros_description' in 'src/irc_ros_description'
[5.484s] INFO:colcon.colcon_core.package_selection:Skipping not selected package 'my_package' in 'src/my_package'
[5.484s] INFO:colcon.colcon_core.package_selection:Skipping not selected package 'robot' in 'src/robot'
[5.495s] Level 1:colcon.colcon_core.package_discovery:discover_packages(prefix_path) check parameters
[5.496s] Level 1:colcon.colcon_core.package_discovery:discover_packages(prefix_path) discover
[5.565s] DEBUG:colcon.colcon_installed_package_information.package_discovery:Found 444 installed packages in /opt/ros/humble
[5.589s] Level 1:colcon.colcon_core.package_discovery:discover_packages(prefix_path) using defaults
[6.308s] Level 5:colcon.colcon_core.verb:set package 'moveit2_pose_target' build argument 'cmake_args' from command line to 'None'
[6.310s] Level 5:colcon.colcon_core.verb:set package 'moveit2_pose_target' build argument 'cmake_target' from command line to 'None'
[6.311s] Level 5:colcon.colcon_core.verb:set package 'moveit2_pose_target' build argument 'cmake_target_skip_unavailable' from command line to 'False'
[6.311s] Level 5:colcon.colcon_core.verb:set package 'moveit2_pose_target' build argument 'cmake_clean_cache' from command line to 'False'
[6.312s] Level 5:colcon.colcon_core.verb:set package 'moveit2_pose_target' build argument 'cmake_clean_first' from command line to 'False'
[6.313s] Level 5:colcon.colcon_core.verb:set package 'moveit2_pose_target' build argument 'cmake_force_configure' from command line to 'False'
[6.313s] Level 5:colcon.colcon_core.verb:set package 'moveit2_pose_target' build argument 'ament_cmake_args' from command line to 'None'
[6.314s] Level 5:colcon.colcon_core.verb:set package 'moveit2_pose_target' build argument 'catkin_cmake_args' from command line to 'None'
[6.315s] Level 5:colcon.colcon_core.verb:set package 'moveit2_pose_target' build argument 'catkin_skip_building_tests' from command line to 'False'
[6.317s] DEBUG:colcon.colcon_core.verb:Building package 'moveit2_pose_target' with the following arguments: {'ament_cmake_args': None, 'build_base': '/home/perry/Jesus/Prueba6/build/moveit2_pose_target', 'catkin_cmake_args': None, 'catkin_skip_building_tests': False, 'cmake_args': None, 'cmake_clean_cache': False, 'cmake_clean_first': False, 'cmake_force_configure': False, 'cmake_target': None, 'cmake_target_skip_unavailable': False, 'install_base': '/home/perry/Jesus/Prueba6/install/moveit2_pose_target', 'merge_install': False, 'path': '/home/perry/Jesus/Prueba6/src/moveit2_pose_target', 'symlink_install': False, 'test_result_base': None}
[6.320s] INFO:colcon.colcon_core.executor:Executing jobs using 'parallel' executor
[6.339s] DEBUG:colcon.colcon_parallel_executor.executor.parallel:run_until_complete
[6.347s] INFO:colcon.colcon_ros.task.ament_cmake.build:Building ROS package in '/home/perry/Jesus/Prueba6/src/moveit2_pose_target' with build type 'ament_cmake'
[6.358s] INFO:colcon.colcon_cmake.task.cmake.build:Building CMake package in '/home/perry/Jesus/Prueba6/src/moveit2_pose_target'
[6.421s] INFO:colcon.colcon_core.plugin_system:Skipping extension 'colcon_core.shell.bat': Not used on non-Windows systems
[6.424s] INFO:colcon.colcon_core.shell:Skip shell extension 'powershell' for command environment: Not usable outside of PowerShell
[6.425s] DEBUG:colcon.colcon_core.shell:Skip shell extension 'dsv' for command environment
[6.511s] DEBUG:colcon.colcon_core.event_handler.log_command:Invoking command in '/home/perry/Jesus/Prueba6/build/moveit2_pose_target': CMAKE_PREFIX_PATH=/opt/ros/humble /usr/bin/cmake --build /home/perry/Jesus/Prueba6/build/moveit2_pose_target -- -j4 -l4
[292.700s] DEBUG:colcon.colcon_core.event_handler.log_command:Invoked command in '/home/perry/Jesus/Prueba6/build/moveit2_pose_target' returned '0': CMAKE_PREFIX_PATH=/opt/ros/humble /usr/bin/cmake --build /home/perry/Jesus/Prueba6/build/moveit2_pose_target -- -j4 -l4
[292.947s] DEBUG:colcon.colcon_core.event_handler.log_command:Invoking command in '/home/perry/Jesus/Prueba6/build/moveit2_pose_target': CMAKE_PREFIX_PATH=/opt/ros/humble /usr/bin/cmake --install /home/perry/Jesus/Prueba6/build/moveit2_pose_target
[293.321s] Level 1:colcon.colcon_core.environment:create_environment_scripts_only(moveit2_pose_target)
[293.337s] DEBUG:colcon.colcon_core.event_handler.log_command:Invoked command in '/home/perry/Jesus/Prueba6/build/moveit2_pose_target' returned '0': CMAKE_PREFIX_PATH=/opt/ros/humble /usr/bin/cmake --install /home/perry/Jesus/Prueba6/build/moveit2_pose_target
[293.531s] Level 1:colcon.colcon_core.environment:checking '/home/perry/Jesus/Prueba6/install/moveit2_pose_target' for CMake module files
[293.548s] Level 1:colcon.colcon_core.environment:checking '/home/perry/Jesus/Prueba6/install/moveit2_pose_target' for CMake config files
[293.562s] Level 1:colcon.colcon_core.shell:create_environment_hook('moveit2_pose_target', 'cmake_prefix_path')
[293.574s] INFO:colcon.colcon_core.shell:Creating environment hook '/home/perry/Jesus/Prueba6/install/moveit2_pose_target/share/moveit2_pose_target/hook/cmake_prefix_path.ps1'
[293.630s] INFO:colcon.colcon_core.shell:Creating environment descriptor '/home/perry/Jesus/Prueba6/install/moveit2_pose_target/share/moveit2_pose_target/hook/cmake_prefix_path.dsv'
[293.646s] INFO:colcon.colcon_core.shell:Creating environment hook '/home/perry/Jesus/Prueba6/install/moveit2_pose_target/share/moveit2_pose_target/hook/cmake_prefix_path.sh'
[293.677s] Level 1:colcon.colcon_core.environment:checking '/home/perry/Jesus/Prueba6/install/moveit2_pose_target/lib'
[293.680s] Level 1:colcon.colcon_core.environment:checking '/home/perry/Jesus/Prueba6/install/moveit2_pose_target/bin'
[293.682s] Level 1:colcon.colcon_core.environment:checking '/home/perry/Jesus/Prueba6/install/moveit2_pose_target/lib/pkgconfig/moveit2_pose_target.pc'
[293.693s] Level 1:colcon.colcon_core.environment:checking '/home/perry/Jesus/Prueba6/install/moveit2_pose_target/lib/python3.10/site-packages'
[293.697s] Level 1:colcon.colcon_core.environment:checking '/home/perry/Jesus/Prueba6/install/moveit2_pose_target/bin'
[293.702s] INFO:colcon.colcon_core.shell:Creating package script '/home/perry/Jesus/Prueba6/install/moveit2_pose_target/share/moveit2_pose_target/package.ps1'
[293.728s] INFO:colcon.colcon_core.shell:Creating package descriptor '/home/perry/Jesus/Prueba6/install/moveit2_pose_target/share/moveit2_pose_target/package.dsv'
[293.740s] INFO:colcon.colcon_core.shell:Creating package script '/home/perry/Jesus/Prueba6/install/moveit2_pose_target/share/moveit2_pose_target/package.sh'
[293.762s] INFO:colcon.colcon_core.shell:Creating package script '/home/perry/Jesus/Prueba6/install/moveit2_pose_target/share/moveit2_pose_target/package.bash'
[293.786s] INFO:colcon.colcon_core.shell:Creating package script '/home/perry/Jesus/Prueba6/install/moveit2_pose_target/share/moveit2_pose_target/package.zsh'
[293.804s] Level 1:colcon.colcon_core.environment:create_file_with_runtime_dependencies(/home/perry/Jesus/Prueba6/install/moveit2_pose_target/share/colcon-core/packages/moveit2_pose_target)
[293.826s] Level 1:colcon.colcon_core.environment:create_environment_scripts_only(moveit2_pose_target)
[293.829s] Level 1:colcon.colcon_core.environment:checking '/home/perry/Jesus/Prueba6/install/moveit2_pose_target' for CMake module files
[293.836s] Level 1:colcon.colcon_core.environment:checking '/home/perry/Jesus/Prueba6/install/moveit2_pose_target' for CMake config files
[293.841s] Level 1:colcon.colcon_core.shell:create_environment_hook('moveit2_pose_target', 'cmake_prefix_path')
[293.844s] INFO:colcon.colcon_core.shell:Creating environment hook '/home/perry/Jesus/Prueba6/install/moveit2_pose_target/share/moveit2_pose_target/hook/cmake_prefix_path.ps1'
[293.854s] INFO:colcon.colcon_core.shell:Creating environment descriptor '/home/perry/Jesus/Prueba6/install/moveit2_pose_target/share/moveit2_pose_target/hook/cmake_prefix_path.dsv'
[293.862s] INFO:colcon.colcon_core.shell:Creating environment hook '/home/perry/Jesus/Prueba6/install/moveit2_pose_target/share/moveit2_pose_target/hook/cmake_prefix_path.sh'
[293.875s] Level 1:colcon.colcon_core.environment:checking '/home/perry/Jesus/Prueba6/install/moveit2_pose_target/lib'
[293.877s] Level 1:colcon.colcon_core.environment:checking '/home/perry/Jesus/Prueba6/install/moveit2_pose_target/bin'
[293.879s] Level 1:colcon.colcon_core.environment:checking '/home/perry/Jesus/Prueba6/install/moveit2_pose_target/lib/pkgconfig/moveit2_pose_target.pc'
[293.881s] Level 1:colcon.colcon_core.environment:checking '/home/perry/Jesus/Prueba6/install/moveit2_pose_target/lib/python3.10/site-packages'
[293.884s] Level 1:colcon.colcon_core.environment:checking '/home/perry/Jesus/Prueba6/install/moveit2_pose_target/bin'
[293.892s] INFO:colcon.colcon_core.shell:Creating package script '/home/perry/Jesus/Prueba6/install/moveit2_pose_target/share/moveit2_pose_target/package.ps1'
[293.905s] INFO:colcon.colcon_core.shell:Creating package descriptor '/home/perry/Jesus/Prueba6/install/moveit2_pose_target/share/moveit2_pose_target/package.dsv'
[293.916s] INFO:colcon.colcon_core.shell:Creating package script '/home/perry/Jesus/Prueba6/install/moveit2_pose_target/share/moveit2_pose_target/package.sh'
[293.928s] INFO:colcon.colcon_core.shell:Creating package script '/home/perry/Jesus/Prueba6/install/moveit2_pose_target/share/moveit2_pose_target/package.bash'
[293.936s] INFO:colcon.colcon_core.shell:Creating package script '/home/perry/Jesus/Prueba6/install/moveit2_pose_target/share/moveit2_pose_target/package.zsh'
[293.946s] Level 1:colcon.colcon_core.environment:create_file_with_runtime_dependencies(/home/perry/Jesus/Prueba6/install/moveit2_pose_target/share/colcon-core/packages/moveit2_pose_target)
[293.968s] DEBUG:colcon.colcon_parallel_executor.executor.parallel:closing loop
[293.977s] DEBUG:colcon.colcon_parallel_executor.executor.parallel:loop closed
[293.984s] DEBUG:colcon.colcon_parallel_executor.executor.parallel:run_until_complete finished with '0'
[293.991s] DEBUG:colcon.colcon_core.event_reactor:joining thread
[294.247s] INFO:colcon.colcon_core.plugin_system:Skipping extension 'colcon_notification.desktop_notification.terminal_notifier': Not used on non-Darwin systems
[294.251s] INFO:colcon.colcon_core.plugin_system:Skipping extension 'colcon_notification.desktop_notification.win32': Not used on non-Windows systems
[294.252s] INFO:colcon.colcon_notification.desktop_notification:Sending desktop notification using 'notify2'
[295.831s] DEBUG:colcon.colcon_core.event_reactor:joined thread
[295.837s] INFO:colcon.colcon_core.shell:Creating prefix script '/home/perry/Jesus/Prueba6/install/local_setup.ps1'
[295.863s] INFO:colcon.colcon_core.shell:Creating prefix util module '/home/perry/Jesus/Prueba6/install/_local_setup_util_ps1.py'
[295.892s] INFO:colcon.colcon_core.shell:Creating prefix chain script '/home/perry/Jesus/Prueba6/install/setup.ps1'
[295.922s] INFO:colcon.colcon_core.shell:Creating prefix script '/home/perry/Jesus/Prueba6/install/local_setup.sh'
[295.944s] INFO:colcon.colcon_core.shell:Creating prefix util module '/home/perry/Jesus/Prueba6/install/_local_setup_util_sh.py'
[295.956s] INFO:colcon.colcon_core.shell:Creating prefix chain script '/home/perry/Jesus/Prueba6/install/setup.sh'
[295.971s] INFO:colcon.colcon_core.shell:Creating prefix script '/home/perry/Jesus/Prueba6/install/local_setup.bash'
[295.983s] INFO:colcon.colcon_core.shell:Creating prefix chain script '/home/perry/Jesus/Prueba6/install/setup.bash'
[296.008s] INFO:colcon.colcon_core.shell:Creating prefix script '/home/perry/Jesus/Prueba6/install/local_setup.zsh'
[296.014s] INFO:colcon.colcon_core.shell:Creating prefix chain script '/home/perry/Jesus/Prueba6/install/setup.zsh'
