[0.164s] Invoking command in '/home/perry/Jesus/Prueba6/build/robot': AMENT_PREFIX_PATH=/home/perry/Jesus/Prueba6/install/irc_ros_description:${AMENT_PREFIX_PATH} CMAKE_PREFIX_PATH=/home/perry/Jesus/Prueba6/install/irc_ros_description:/opt/ros/humble /usr/bin/cmake /home/perry/Jesus/Prueba6/src/robot -DCMAKE_INSTALL_PREFIX=/home/perry/Jesus/Prueba6/install/robot
[0.392s] -- Found ament_cmake: 1.3.11 (/opt/ros/humble/share/ament_cmake/cmake)
[2.778s] -- Configuring done
[2.899s] -- Generating done
[2.925s] -- Build files have been written to: /home/perry/Jesus/Prueba6/build/robot
[2.985s] Invoked command in '/home/perry/Jesus/Prueba6/build/robot' returned '0': AMENT_PREFIX_PATH=/home/perry/Jesus/Prueba6/install/irc_ros_description:${AMENT_PREFIX_PATH} CMAKE_PREFIX_PATH=/home/perry/Jesus/Prueba6/install/irc_ros_description:/opt/ros/humble /usr/bin/cmake /home/perry/Jesus/Prueba6/src/robot -DCMAKE_INSTALL_PREFIX=/home/perry/Jesus/Prueba6/install/robot
[2.989s] Invoking command in '/home/perry/Jesus/Prueba6/build/robot': AMENT_PREFIX_PATH=/home/perry/Jesus/Prueba6/install/irc_ros_description:${AMENT_PREFIX_PATH} CMAKE_PREFIX_PATH=/home/perry/Jesus/Prueba6/install/irc_ros_description:/opt/ros/humble /usr/bin/cmake --build /home/perry/Jesus/Prueba6/build/robot -- -j4 -l4
[3.347s] Invoked command in '/home/perry/Jesus/Prueba6/build/robot' returned '0': AMENT_PREFIX_PATH=/home/perry/Jesus/Prueba6/install/irc_ros_description:${AMENT_PREFIX_PATH} CMAKE_PREFIX_PATH=/home/perry/Jesus/Prueba6/install/irc_ros_description:/opt/ros/humble /usr/bin/cmake --build /home/perry/Jesus/Prueba6/build/robot -- -j4 -l4
[3.358s] Invoking command in '/home/perry/Jesus/Prueba6/build/robot': AMENT_PREFIX_PATH=/home/perry/Jesus/Prueba6/install/irc_ros_description:${AMENT_PREFIX_PATH} CMAKE_PREFIX_PATH=/home/perry/Jesus/Prueba6/install/irc_ros_description:/opt/ros/humble /usr/bin/cmake --install /home/perry/Jesus/Prueba6/build/robot
[3.401s] -- Install configuration: "Debug"
[3.403s] -- Up-to-date: /home/perry/Jesus/Prueba6/install/robot/share/ament_index/resource_index/package_run_dependencies/robot
[3.405s] -- Up-to-date: /home/perry/Jesus/Prueba6/install/robot/share/ament_index/resource_index/parent_prefix_path/robot
[3.407s] -- Up-to-date: /home/perry/Jesus/Prueba6/install/robot/share/robot/environment/ament_prefix_path.sh
[3.409s] -- Installing: /home/perry/Jesus/Prueba6/install/robot/share/robot/environment/ament_prefix_path.dsv
[3.412s] -- Up-to-date: /home/perry/Jesus/Prueba6/install/robot/share/robot/environment/path.sh
[3.414s] -- Installing: /home/perry/Jesus/Prueba6/install/robot/share/robot/environment/path.dsv
[3.417s] -- Up-to-date: /home/perry/Jesus/Prueba6/install/robot/share/robot/local_setup.bash
[3.419s] -- Up-to-date: /home/perry/Jesus/Prueba6/install/robot/share/robot/local_setup.sh
[3.422s] -- Up-to-date: /home/perry/Jesus/Prueba6/install/robot/share/robot/local_setup.zsh
[3.424s] -- Installing: /home/perry/Jesus/Prueba6/install/robot/share/robot/local_setup.dsv
[3.428s] -- Installing: /home/perry/Jesus/Prueba6/install/robot/share/robot/package.dsv
[3.431s] -- Up-to-date: /home/perry/Jesus/Prueba6/install/robot/share/ament_index/resource_index/packages/robot
[3.433s] -- Up-to-date: /home/perry/Jesus/Prueba6/install/robot/share/robot/cmake/robotConfig.cmake
[3.436s] -- Up-to-date: /home/perry/Jesus/Prueba6/install/robot/share/robot/cmake/robotConfig-version.cmake
[3.437s] -- Up-to-date: /home/perry/Jesus/Prueba6/install/robot/share/robot/package.xml
[3.439s] -- Up-to-date: /home/perry/Jesus/Prueba6/install/robot/share/robot/launch
[3.441s] -- Up-to-date: /home/perry/Jesus/Prueba6/install/robot/share/robot/launch/setup_assistant.launch.py
[3.443s] -- Up-to-date: /home/perry/Jesus/Prueba6/install/robot/share/robot/launch/moveit_rviz.launch.py
[3.444s] -- Up-to-date: /home/perry/Jesus/Prueba6/install/robot/share/robot/launch/warehouse_db.launch.py
[3.446s] -- Up-to-date: /home/perry/Jesus/Prueba6/install/robot/share/robot/launch/static_virtual_joint_tfs.launch.py
[3.448s] -- Up-to-date: /home/perry/Jesus/Prueba6/install/robot/share/robot/launch/move_group.launch.py
[3.452s] -- Up-to-date: /home/perry/Jesus/Prueba6/install/robot/share/robot/launch/spawn_controllers.launch.py
[3.455s] -- Up-to-date: /home/perry/Jesus/Prueba6/install/robot/share/robot/launch/rsp.launch.py
[3.458s] -- Up-to-date: /home/perry/Jesus/Prueba6/install/robot/share/robot/launch/demo.launch.py
[3.461s] -- Up-to-date: /home/perry/Jesus/Prueba6/install/robot/share/robot/config
[3.465s] -- Up-to-date: /home/perry/Jesus/Prueba6/install/robot/share/robot/config/joint_limits.yaml
[3.466s] -- Up-to-date: /home/perry/Jesus/Prueba6/install/robot/share/robot/config/ros2_controllers.yaml
[3.471s] -- Up-to-date: /home/perry/Jesus/Prueba6/install/robot/share/robot/config/sensors_3d.yaml
[3.472s] -- Up-to-date: /home/perry/Jesus/Prueba6/install/robot/share/robot/config/moveit_controllers.yaml
[3.481s] -- Up-to-date: /home/perry/Jesus/Prueba6/install/robot/share/robot/config/pilz_cartesian_limits.yaml
[3.483s] -- Up-to-date: /home/perry/Jesus/Prueba6/install/robot/share/robot/config/moveit.rviz
[3.484s] -- Up-to-date: /home/perry/Jesus/Prueba6/install/robot/share/robot/config/igus_rebel_6dof.srdf
[3.485s] -- Up-to-date: /home/perry/Jesus/Prueba6/install/robot/share/robot/config/kinematics.yaml
[3.503s] -- Up-to-date: /home/perry/Jesus/Prueba6/install/robot/share/robot/.setup_assistant
[3.524s] Invoked command in '/home/perry/Jesus/Prueba6/build/robot' returned '0': AMENT_PREFIX_PATH=/home/perry/Jesus/Prueba6/install/irc_ros_description:${AMENT_PREFIX_PATH} CMAKE_PREFIX_PATH=/home/perry/Jesus/Prueba6/install/irc_ros_description:/opt/ros/humble /usr/bin/cmake --install /home/perry/Jesus/Prueba6/build/robot
