[1.053s] DEBUG:colcon:Command line arguments: ['/usr/bin/colcon', 'build']
[1.054s] DEBUG:colcon:Parsed command line arguments: Namespace(log_base=None, log_level=None, verb_name='build', build_base='build', install_base='install', merge_install=False, symlink_install=False, test_result_base=None, continue_on_error=False, executor='parallel', parallel_workers=4, event_handlers=None, ignore_user_meta=False, metas=['./colcon.meta'], base_paths=['.'], packages_ignore=None, packages_ignore_regex=None, paths=None, packages_up_to=None, packages_up_to_regex=None, packages_above=None, packages_above_and_dependencies=None, packages_above_depth=None, packages_select_by_dep=None, packages_skip_by_dep=None, packages_skip_up_to=None, packages_select_build_failed=False, packages_skip_build_finished=False, packages_select_test_failures=False, packages_skip_test_passed=False, packages_select=None, packages_skip=None, packages_select_regex=None, packages_skip_regex=None, packages_start=None, packages_end=None, allow_overriding=[], cmake_args=None, cmake_target=None, cmake_target_skip_unavailable=False, cmake_clean_cache=False, cmake_clean_first=False, cmake_force_configure=False, ament_cmake_args=None, catkin_cmake_args=None, catkin_skip_building_tests=False, mixin_files=None, mixin=None, verb_parser=<colcon_mixin.mixin.mixin_argument.MixinArgumentDecorator object at 0xffffb4d67eb0>, verb_extension=<colcon_core.verb.build.BuildVerb object at 0xffffb4d67a00>, main=<bound method BuildVerb.main of <colcon_core.verb.build.BuildVerb object at 0xffffb4d67a00>>, mixin_verb=('build',))
[3.156s] Level 1:colcon.colcon_core.package_discovery:discover_packages(colcon_meta) check parameters
[3.157s] Level 1:colcon.colcon_core.package_discovery:discover_packages(recursive) check parameters
[3.158s] Level 1:colcon.colcon_core.package_discovery:discover_packages(ignore) check parameters
[3.158s] Level 1:colcon.colcon_core.package_discovery:discover_packages(path) check parameters
[3.158s] Level 1:colcon.colcon_core.package_discovery:discover_packages(colcon_meta) discover
[3.159s] Level 1:colcon.colcon_core.package_discovery:discover_packages(recursive) discover
[3.159s] INFO:colcon.colcon_core.package_discovery:Crawling recursively for packages in '/home/perry/Jesus/Prueba6'
[3.160s] Level 1:colcon.colcon_core.package_identification:_identify(.) by extensions ['ignore', 'ignore_ament_install']
[3.161s] Level 1:colcon.colcon_core.package_identification:_identify(.) by extension 'ignore'
[3.162s] Level 1:colcon.colcon_core.package_identification:_identify(.) by extension 'ignore_ament_install'
[3.163s] Level 1:colcon.colcon_core.package_identification:_identify(.) by extensions ['colcon_pkg']
[3.164s] Level 1:colcon.colcon_core.package_identification:_identify(.) by extension 'colcon_pkg'
[3.164s] Level 1:colcon.colcon_core.package_identification:_identify(.) by extensions ['colcon_meta']
[3.165s] Level 1:colcon.colcon_core.package_identification:_identify(.) by extension 'colcon_meta'
[3.165s] Level 1:colcon.colcon_core.package_identification:_identify(.) by extensions ['ros']
[3.165s] Level 1:colcon.colcon_core.package_identification:_identify(.) by extension 'ros'
[3.349s] Level 1:colcon.colcon_core.package_identification:_identify(.) by extensions ['cmake', 'python']
[3.349s] Level 1:colcon.colcon_core.package_identification:_identify(.) by extension 'cmake'
[3.349s] Level 1:colcon.colcon_core.package_identification:_identify(.) by extension 'python'
[3.350s] Level 1:colcon.colcon_core.package_identification:_identify(.) by extensions ['python_setup_py']
[3.350s] Level 1:colcon.colcon_core.package_identification:_identify(.) by extension 'python_setup_py'
[3.351s] Level 1:colcon.colcon_core.package_identification:_identify(build) by extensions ['ignore', 'ignore_ament_install']
[3.351s] Level 1:colcon.colcon_core.package_identification:_identify(build) by extension 'ignore'
[3.352s] Level 1:colcon.colcon_core.package_identification:_identify(build) ignored
[3.353s] Level 1:colcon.colcon_core.package_identification:_identify(install) by extensions ['ignore', 'ignore_ament_install']
[3.353s] Level 1:colcon.colcon_core.package_identification:_identify(install) by extension 'ignore'
[3.354s] Level 1:colcon.colcon_core.package_identification:_identify(install) ignored
[3.355s] Level 1:colcon.colcon_core.package_identification:_identify(log) by extensions ['ignore', 'ignore_ament_install']
[3.355s] Level 1:colcon.colcon_core.package_identification:_identify(log) by extension 'ignore'
[3.356s] Level 1:colcon.colcon_core.package_identification:_identify(log) ignored
[3.356s] Level 1:colcon.colcon_core.package_identification:_identify(src) by extensions ['ignore', 'ignore_ament_install']
[3.357s] Level 1:colcon.colcon_core.package_identification:_identify(src) by extension 'ignore'
[3.358s] Level 1:colcon.colcon_core.package_identification:_identify(src) by extension 'ignore_ament_install'
[3.358s] Level 1:colcon.colcon_core.package_identification:_identify(src) by extensions ['colcon_pkg']
[3.359s] Level 1:colcon.colcon_core.package_identification:_identify(src) by extension 'colcon_pkg'
[3.359s] Level 1:colcon.colcon_core.package_identification:_identify(src) by extensions ['colcon_meta']
[3.359s] Level 1:colcon.colcon_core.package_identification:_identify(src) by extension 'colcon_meta'
[3.360s] Level 1:colcon.colcon_core.package_identification:_identify(src) by extensions ['ros']
[3.360s] Level 1:colcon.colcon_core.package_identification:_identify(src) by extension 'ros'
[3.360s] Level 1:colcon.colcon_core.package_identification:_identify(src) by extensions ['cmake', 'python']
[3.361s] Level 1:colcon.colcon_core.package_identification:_identify(src) by extension 'cmake'
[3.361s] Level 1:colcon.colcon_core.package_identification:_identify(src) by extension 'python'
[3.361s] Level 1:colcon.colcon_core.package_identification:_identify(src) by extensions ['python_setup_py']
[3.361s] Level 1:colcon.colcon_core.package_identification:_identify(src) by extension 'python_setup_py'
[3.362s] Level 1:colcon.colcon_core.package_identification:_identify(src/hello_moveit) by extensions ['ignore', 'ignore_ament_install']
[3.363s] Level 1:colcon.colcon_core.package_identification:_identify(src/hello_moveit) by extension 'ignore'
[3.363s] Level 1:colcon.colcon_core.package_identification:_identify(src/hello_moveit) by extension 'ignore_ament_install'
[3.364s] Level 1:colcon.colcon_core.package_identification:_identify(src/hello_moveit) by extensions ['colcon_pkg']
[3.364s] Level 1:colcon.colcon_core.package_identification:_identify(src/hello_moveit) by extension 'colcon_pkg'
[3.364s] Level 1:colcon.colcon_core.package_identification:_identify(src/hello_moveit) by extensions ['colcon_meta']
[3.365s] Level 1:colcon.colcon_core.package_identification:_identify(src/hello_moveit) by extension 'colcon_meta'
[3.365s] Level 1:colcon.colcon_core.package_identification:_identify(src/hello_moveit) by extensions ['ros']
[3.365s] Level 1:colcon.colcon_core.package_identification:_identify(src/hello_moveit) by extension 'ros'
[3.393s] DEBUG:colcon.colcon_core.package_identification:Package 'src/hello_moveit' with type 'ros.ament_cmake' and name 'hello_moveit'
[3.394s] Level 1:colcon.colcon_core.package_identification:_identify(src/irc_ros_description) by extensions ['ignore', 'ignore_ament_install']
[3.395s] Level 1:colcon.colcon_core.package_identification:_identify(src/irc_ros_description) by extension 'ignore'
[3.396s] Level 1:colcon.colcon_core.package_identification:_identify(src/irc_ros_description) by extension 'ignore_ament_install'
[3.396s] Level 1:colcon.colcon_core.package_identification:_identify(src/irc_ros_description) by extensions ['colcon_pkg']
[3.397s] Level 1:colcon.colcon_core.package_identification:_identify(src/irc_ros_description) by extension 'colcon_pkg'
[3.397s] Level 1:colcon.colcon_core.package_identification:_identify(src/irc_ros_description) by extensions ['colcon_meta']
[3.398s] Level 1:colcon.colcon_core.package_identification:_identify(src/irc_ros_description) by extension 'colcon_meta'
[3.398s] Level 1:colcon.colcon_core.package_identification:_identify(src/irc_ros_description) by extensions ['ros']
[3.399s] Level 1:colcon.colcon_core.package_identification:_identify(src/irc_ros_description) by extension 'ros'
[3.404s] DEBUG:colcon.colcon_core.package_identification:Package 'src/irc_ros_description' with type 'ros.ament_cmake' and name 'irc_ros_description'
[3.405s] Level 1:colcon.colcon_core.package_identification:_identify(src/moveit2_pose_target) by extensions ['ignore', 'ignore_ament_install']
[3.405s] Level 1:colcon.colcon_core.package_identification:_identify(src/moveit2_pose_target) by extension 'ignore'
[3.406s] Level 1:colcon.colcon_core.package_identification:_identify(src/moveit2_pose_target) by extension 'ignore_ament_install'
[3.407s] Level 1:colcon.colcon_core.package_identification:_identify(src/moveit2_pose_target) by extensions ['colcon_pkg']
[3.407s] Level 1:colcon.colcon_core.package_identification:_identify(src/moveit2_pose_target) by extension 'colcon_pkg'
[3.407s] Level 1:colcon.colcon_core.package_identification:_identify(src/moveit2_pose_target) by extensions ['colcon_meta']
[3.407s] Level 1:colcon.colcon_core.package_identification:_identify(src/moveit2_pose_target) by extension 'colcon_meta'
[3.408s] Level 1:colcon.colcon_core.package_identification:_identify(src/moveit2_pose_target) by extensions ['ros']
[3.408s] Level 1:colcon.colcon_core.package_identification:_identify(src/moveit2_pose_target) by extension 'ros'
[3.414s] DEBUG:colcon.colcon_core.package_identification:Package 'src/moveit2_pose_target' with type 'ros.ament_cmake' and name 'moveit2_pose_target'
[3.415s] Level 1:colcon.colcon_core.package_identification:_identify(src/my_package) by extensions ['ignore', 'ignore_ament_install']
[3.416s] Level 1:colcon.colcon_core.package_identification:_identify(src/my_package) by extension 'ignore'
[3.417s] Level 1:colcon.colcon_core.package_identification:_identify(src/my_package) by extension 'ignore_ament_install'
[3.417s] Level 1:colcon.colcon_core.package_identification:_identify(src/my_package) by extensions ['colcon_pkg']
[3.418s] Level 1:colcon.colcon_core.package_identification:_identify(src/my_package) by extension 'colcon_pkg'
[3.418s] Level 1:colcon.colcon_core.package_identification:_identify(src/my_package) by extensions ['colcon_meta']
[3.418s] Level 1:colcon.colcon_core.package_identification:_identify(src/my_package) by extension 'colcon_meta'
[3.419s] Level 1:colcon.colcon_core.package_identification:_identify(src/my_package) by extensions ['ros']
[3.419s] Level 1:colcon.colcon_core.package_identification:_identify(src/my_package) by extension 'ros'
[3.422s] DEBUG:colcon.colcon_core.package_identification:Package 'src/my_package' with type 'ros.ament_python' and name 'my_package'
[3.423s] Level 1:colcon.colcon_core.package_identification:_identify(src/robot) by extensions ['ignore', 'ignore_ament_install']
[3.424s] Level 1:colcon.colcon_core.package_identification:_identify(src/robot) by extension 'ignore'
[3.424s] Level 1:colcon.colcon_core.package_identification:_identify(src/robot) by extension 'ignore_ament_install'
[3.425s] Level 1:colcon.colcon_core.package_identification:_identify(src/robot) by extensions ['colcon_pkg']
[3.425s] Level 1:colcon.colcon_core.package_identification:_identify(src/robot) by extension 'colcon_pkg'
[3.426s] Level 1:colcon.colcon_core.package_identification:_identify(src/robot) by extensions ['colcon_meta']
[3.426s] Level 1:colcon.colcon_core.package_identification:_identify(src/robot) by extension 'colcon_meta'
[3.426s] Level 1:colcon.colcon_core.package_identification:_identify(src/robot) by extensions ['ros']
[3.427s] Level 1:colcon.colcon_core.package_identification:_identify(src/robot) by extension 'ros'
[3.433s] DEBUG:colcon.colcon_core.package_identification:Package 'src/robot' with type 'ros.ament_cmake' and name 'robot'
[3.434s] Level 1:colcon.colcon_core.package_discovery:discover_packages(recursive) using defaults
[3.434s] Level 1:colcon.colcon_core.package_discovery:discover_packages(ignore) discover
[3.435s] Level 1:colcon.colcon_core.package_discovery:discover_packages(ignore) using defaults
[3.435s] Level 1:colcon.colcon_core.package_discovery:discover_packages(path) discover
[3.435s] Level 1:colcon.colcon_core.package_discovery:discover_packages(path) using defaults
[3.660s] Level 1:colcon.colcon_core.package_discovery:discover_packages(prefix_path) check parameters
[3.660s] Level 1:colcon.colcon_core.package_discovery:discover_packages(prefix_path) discover
[3.705s] DEBUG:colcon.colcon_installed_package_information.package_discovery:Found 444 installed packages in /opt/ros/humble
[3.717s] Level 1:colcon.colcon_core.package_discovery:discover_packages(prefix_path) using defaults
[4.532s] Level 5:colcon.colcon_core.verb:set package 'hello_moveit' build argument 'cmake_args' from command line to 'None'
[4.533s] Level 5:colcon.colcon_core.verb:set package 'hello_moveit' build argument 'cmake_target' from command line to 'None'
[4.533s] Level 5:colcon.colcon_core.verb:set package 'hello_moveit' build argument 'cmake_target_skip_unavailable' from command line to 'False'
[4.533s] Level 5:colcon.colcon_core.verb:set package 'hello_moveit' build argument 'cmake_clean_cache' from command line to 'False'
[4.533s] Level 5:colcon.colcon_core.verb:set package 'hello_moveit' build argument 'cmake_clean_first' from command line to 'False'
[4.533s] Level 5:colcon.colcon_core.verb:set package 'hello_moveit' build argument 'cmake_force_configure' from command line to 'False'
[4.534s] Level 5:colcon.colcon_core.verb:set package 'hello_moveit' build argument 'ament_cmake_args' from command line to 'None'
[4.534s] Level 5:colcon.colcon_core.verb:set package 'hello_moveit' build argument 'catkin_cmake_args' from command line to 'None'
[4.534s] Level 5:colcon.colcon_core.verb:set package 'hello_moveit' build argument 'catkin_skip_building_tests' from command line to 'False'
[4.534s] DEBUG:colcon.colcon_core.verb:Building package 'hello_moveit' with the following arguments: {'ament_cmake_args': None, 'build_base': '/home/perry/Jesus/Prueba6/build/hello_moveit', 'catkin_cmake_args': None, 'catkin_skip_building_tests': False, 'cmake_args': None, 'cmake_clean_cache': False, 'cmake_clean_first': False, 'cmake_force_configure': False, 'cmake_target': None, 'cmake_target_skip_unavailable': False, 'install_base': '/home/perry/Jesus/Prueba6/install/hello_moveit', 'merge_install': False, 'path': '/home/perry/Jesus/Prueba6/src/hello_moveit', 'symlink_install': False, 'test_result_base': None}
[4.536s] Level 5:colcon.colcon_core.verb:set package 'irc_ros_description' build argument 'cmake_args' from command line to 'None'
[4.537s] Level 5:colcon.colcon_core.verb:set package 'irc_ros_description' build argument 'cmake_target' from command line to 'None'
[4.537s] Level 5:colcon.colcon_core.verb:set package 'irc_ros_description' build argument 'cmake_target_skip_unavailable' from command line to 'False'
[4.537s] Level 5:colcon.colcon_core.verb:set package 'irc_ros_description' build argument 'cmake_clean_cache' from command line to 'False'
[4.537s] Level 5:colcon.colcon_core.verb:set package 'irc_ros_description' build argument 'cmake_clean_first' from command line to 'False'
[4.537s] Level 5:colcon.colcon_core.verb:set package 'irc_ros_description' build argument 'cmake_force_configure' from command line to 'False'
[4.537s] Level 5:colcon.colcon_core.verb:set package 'irc_ros_description' build argument 'ament_cmake_args' from command line to 'None'
[4.538s] Level 5:colcon.colcon_core.verb:set package 'irc_ros_description' build argument 'catkin_cmake_args' from command line to 'None'
[4.538s] Level 5:colcon.colcon_core.verb:set package 'irc_ros_description' build argument 'catkin_skip_building_tests' from command line to 'False'
[4.538s] DEBUG:colcon.colcon_core.verb:Building package 'irc_ros_description' with the following arguments: {'ament_cmake_args': None, 'build_base': '/home/perry/Jesus/Prueba6/build/irc_ros_description', 'catkin_cmake_args': None, 'catkin_skip_building_tests': False, 'cmake_args': None, 'cmake_clean_cache': False, 'cmake_clean_first': False, 'cmake_force_configure': False, 'cmake_target': None, 'cmake_target_skip_unavailable': False, 'install_base': '/home/perry/Jesus/Prueba6/install/irc_ros_description', 'merge_install': False, 'path': '/home/perry/Jesus/Prueba6/src/irc_ros_description', 'symlink_install': False, 'test_result_base': None}
[4.540s] Level 5:colcon.colcon_core.verb:set package 'moveit2_pose_target' build argument 'cmake_args' from command line to 'None'
[4.540s] Level 5:colcon.colcon_core.verb:set package 'moveit2_pose_target' build argument 'cmake_target' from command line to 'None'
[4.541s] Level 5:colcon.colcon_core.verb:set package 'moveit2_pose_target' build argument 'cmake_target_skip_unavailable' from command line to 'False'
[4.541s] Level 5:colcon.colcon_core.verb:set package 'moveit2_pose_target' build argument 'cmake_clean_cache' from command line to 'False'
[4.541s] Level 5:colcon.colcon_core.verb:set package 'moveit2_pose_target' build argument 'cmake_clean_first' from command line to 'False'
[4.541s] Level 5:colcon.colcon_core.verb:set package 'moveit2_pose_target' build argument 'cmake_force_configure' from command line to 'False'
[4.541s] Level 5:colcon.colcon_core.verb:set package 'moveit2_pose_target' build argument 'ament_cmake_args' from command line to 'None'
[4.541s] Level 5:colcon.colcon_core.verb:set package 'moveit2_pose_target' build argument 'catkin_cmake_args' from command line to 'None'
[4.542s] Level 5:colcon.colcon_core.verb:set package 'moveit2_pose_target' build argument 'catkin_skip_building_tests' from command line to 'False'
[4.542s] DEBUG:colcon.colcon_core.verb:Building package 'moveit2_pose_target' with the following arguments: {'ament_cmake_args': None, 'build_base': '/home/perry/Jesus/Prueba6/build/moveit2_pose_target', 'catkin_cmake_args': None, 'catkin_skip_building_tests': False, 'cmake_args': None, 'cmake_clean_cache': False, 'cmake_clean_first': False, 'cmake_force_configure': False, 'cmake_target': None, 'cmake_target_skip_unavailable': False, 'install_base': '/home/perry/Jesus/Prueba6/install/moveit2_pose_target', 'merge_install': False, 'path': '/home/perry/Jesus/Prueba6/src/moveit2_pose_target', 'symlink_install': False, 'test_result_base': None}
[4.544s] Level 5:colcon.colcon_core.verb:set package 'my_package' build argument 'cmake_args' from command line to 'None'
[4.544s] Level 5:colcon.colcon_core.verb:set package 'my_package' build argument 'cmake_target' from command line to 'None'
[4.544s] Level 5:colcon.colcon_core.verb:set package 'my_package' build argument 'cmake_target_skip_unavailable' from command line to 'False'
[4.544s] Level 5:colcon.colcon_core.verb:set package 'my_package' build argument 'cmake_clean_cache' from command line to 'False'
[4.545s] Level 5:colcon.colcon_core.verb:set package 'my_package' build argument 'cmake_clean_first' from command line to 'False'
[4.545s] Level 5:colcon.colcon_core.verb:set package 'my_package' build argument 'cmake_force_configure' from command line to 'False'
[4.545s] Level 5:colcon.colcon_core.verb:set package 'my_package' build argument 'ament_cmake_args' from command line to 'None'
[4.545s] Level 5:colcon.colcon_core.verb:set package 'my_package' build argument 'catkin_cmake_args' from command line to 'None'
[4.545s] Level 5:colcon.colcon_core.verb:set package 'my_package' build argument 'catkin_skip_building_tests' from command line to 'False'
[4.545s] DEBUG:colcon.colcon_core.verb:Building package 'my_package' with the following arguments: {'ament_cmake_args': None, 'build_base': '/home/perry/Jesus/Prueba6/build/my_package', 'catkin_cmake_args': None, 'catkin_skip_building_tests': False, 'cmake_args': None, 'cmake_clean_cache': False, 'cmake_clean_first': False, 'cmake_force_configure': False, 'cmake_target': None, 'cmake_target_skip_unavailable': False, 'install_base': '/home/perry/Jesus/Prueba6/install/my_package', 'merge_install': False, 'path': '/home/perry/Jesus/Prueba6/src/my_package', 'symlink_install': False, 'test_result_base': None}
[4.547s] Level 5:colcon.colcon_core.verb:set package 'robot' build argument 'cmake_args' from command line to 'None'
[4.548s] Level 5:colcon.colcon_core.verb:set package 'robot' build argument 'cmake_target' from command line to 'None'
[4.548s] Level 5:colcon.colcon_core.verb:set package 'robot' build argument 'cmake_target_skip_unavailable' from command line to 'False'
[4.548s] Level 5:colcon.colcon_core.verb:set package 'robot' build argument 'cmake_clean_cache' from command line to 'False'
[4.548s] Level 5:colcon.colcon_core.verb:set package 'robot' build argument 'cmake_clean_first' from command line to 'False'
[4.548s] Level 5:colcon.colcon_core.verb:set package 'robot' build argument 'cmake_force_configure' from command line to 'False'
[4.549s] Level 5:colcon.colcon_core.verb:set package 'robot' build argument 'ament_cmake_args' from command line to 'None'
[4.549s] Level 5:colcon.colcon_core.verb:set package 'robot' build argument 'catkin_cmake_args' from command line to 'None'
[4.549s] Level 5:colcon.colcon_core.verb:set package 'robot' build argument 'catkin_skip_building_tests' from command line to 'False'
[4.549s] DEBUG:colcon.colcon_core.verb:Building package 'robot' with the following arguments: {'ament_cmake_args': None, 'build_base': '/home/perry/Jesus/Prueba6/build/robot', 'catkin_cmake_args': None, 'catkin_skip_building_tests': False, 'cmake_args': None, 'cmake_clean_cache': False, 'cmake_clean_first': False, 'cmake_force_configure': False, 'cmake_target': None, 'cmake_target_skip_unavailable': False, 'install_base': '/home/perry/Jesus/Prueba6/install/robot', 'merge_install': False, 'path': '/home/perry/Jesus/Prueba6/src/robot', 'symlink_install': False, 'test_result_base': None}
[4.550s] INFO:colcon.colcon_core.executor:Executing jobs using 'parallel' executor
[4.555s] DEBUG:colcon.colcon_parallel_executor.executor.parallel:run_until_complete
[4.556s] INFO:colcon.colcon_ros.task.ament_cmake.build:Building ROS package in '/home/perry/Jesus/Prueba6/src/irc_ros_description' with build type 'ament_cmake'
[4.557s] INFO:colcon.colcon_cmake.task.cmake.build:Building CMake package in '/home/perry/Jesus/Prueba6/src/irc_ros_description'
[4.588s] INFO:colcon.colcon_core.plugin_system:Skipping extension 'colcon_core.shell.bat': Not used on non-Windows systems
[4.589s] INFO:colcon.colcon_core.shell:Skip shell extension 'powershell' for command environment: Not usable outside of PowerShell
[4.590s] DEBUG:colcon.colcon_core.shell:Skip shell extension 'dsv' for command environment
[4.627s] INFO:colcon.colcon_ros.task.ament_cmake.build:Building ROS package in '/home/perry/Jesus/Prueba6/src/hello_moveit' with build type 'ament_cmake'
[4.628s] INFO:colcon.colcon_cmake.task.cmake.build:Building CMake package in '/home/perry/Jesus/Prueba6/src/hello_moveit'
[4.629s] INFO:colcon.colcon_core.shell:Skip shell extension 'powershell' for command environment: Not usable outside of PowerShell
[4.630s] DEBUG:colcon.colcon_core.shell:Skip shell extension 'dsv' for command environment
[4.673s] INFO:colcon.colcon_ros.task.ament_cmake.build:Building ROS package in '/home/perry/Jesus/Prueba6/src/moveit2_pose_target' with build type 'ament_cmake'
[4.675s] INFO:colcon.colcon_cmake.task.cmake.build:Building CMake package in '/home/perry/Jesus/Prueba6/src/moveit2_pose_target'
[4.692s] INFO:colcon.colcon_core.shell:Skip shell extension 'powershell' for command environment: Not usable outside of PowerShell
[4.692s] DEBUG:colcon.colcon_core.shell:Skip shell extension 'dsv' for command environment
[4.751s] INFO:colcon.colcon_ros.task.ament_python.build:Building ROS package in '/home/perry/Jesus/Prueba6/src/my_package' with build type 'ament_python'
[4.755s] Level 1:colcon.colcon_core.shell:create_environment_hook('my_package', 'ament_prefix_path')
[4.758s] INFO:colcon.colcon_core.shell:Creating environment hook '/home/perry/Jesus/Prueba6/install/my_package/share/my_package/hook/ament_prefix_path.ps1'
[4.777s] INFO:colcon.colcon_core.shell:Creating environment descriptor '/home/perry/Jesus/Prueba6/install/my_package/share/my_package/hook/ament_prefix_path.dsv'
[4.784s] INFO:colcon.colcon_core.shell:Creating environment hook '/home/perry/Jesus/Prueba6/install/my_package/share/my_package/hook/ament_prefix_path.sh'
[4.802s] INFO:colcon.colcon_core.shell:Skip shell extension 'powershell' for command environment: Not usable outside of PowerShell
[4.803s] DEBUG:colcon.colcon_core.shell:Skip shell extension 'dsv' for command environment
[4.928s] DEBUG:colcon.colcon_core.event_handler.log_command:Invoking command in '/home/perry/Jesus/Prueba6/build/irc_ros_description': CMAKE_PREFIX_PATH=/opt/ros/humble /usr/bin/cmake --build /home/perry/Jesus/Prueba6/build/irc_ros_description -- -j4 -l4
[5.015s] DEBUG:colcon.colcon_core.event_handler.log_command:Invoking command in '/home/perry/Jesus/Prueba6/build/hello_moveit': CMAKE_PREFIX_PATH=/opt/ros/humble /usr/bin/cmake --build /home/perry/Jesus/Prueba6/build/hello_moveit -- -j4 -l4
[5.120s] DEBUG:colcon.colcon_core.event_handler.log_command:Invoking command in '/home/perry/Jesus/Prueba6/build/moveit2_pose_target': CMAKE_PREFIX_PATH=/opt/ros/humble /usr/bin/cmake --build /home/perry/Jesus/Prueba6/build/moveit2_pose_target -- -j4 -l4
[11.008s] INFO:colcon.colcon_core.task.python.build:Building Python package in '/home/perry/Jesus/Prueba6/src/my_package'
[11.011s] INFO:colcon.colcon_core.shell:Skip shell extension 'powershell' for command environment: Not usable outside of PowerShell
[11.012s] DEBUG:colcon.colcon_core.shell:Skip shell extension 'dsv' for command environment
[11.132s] DEBUG:colcon.colcon_core.event_handler.log_command:Invoked command in '/home/perry/Jesus/Prueba6/build/irc_ros_description' returned '0': CMAKE_PREFIX_PATH=/opt/ros/humble /usr/bin/cmake --build /home/perry/Jesus/Prueba6/build/irc_ros_description -- -j4 -l4
[11.228s] DEBUG:colcon.colcon_core.event_handler.log_command:Invoking command in '/home/perry/Jesus/Prueba6/build/irc_ros_description': CMAKE_PREFIX_PATH=/opt/ros/humble /usr/bin/cmake --install /home/perry/Jesus/Prueba6/build/irc_ros_description
[11.265s] DEBUG:colcon.colcon_core.event_handler.log_command:Invoked command in '/home/perry/Jesus/Prueba6/build/moveit2_pose_target' returned '0': CMAKE_PREFIX_PATH=/opt/ros/humble /usr/bin/cmake --build /home/perry/Jesus/Prueba6/build/moveit2_pose_target -- -j4 -l4
[11.309s] DEBUG:colcon.colcon_core.event_handler.log_command:Invoking command in '/home/perry/Jesus/Prueba6/build/moveit2_pose_target': CMAKE_PREFIX_PATH=/opt/ros/humble /usr/bin/cmake --install /home/perry/Jesus/Prueba6/build/moveit2_pose_target
[11.330s] DEBUG:colcon.colcon_core.event_handler.log_command:Invoked command in '/home/perry/Jesus/Prueba6/build/hello_moveit' returned '0': CMAKE_PREFIX_PATH=/opt/ros/humble /usr/bin/cmake --build /home/perry/Jesus/Prueba6/build/hello_moveit -- -j4 -l4
[11.341s] DEBUG:colcon.colcon_core.event_handler.log_command:Invoking command in '/home/perry/Jesus/Prueba6/build/hello_moveit': CMAKE_PREFIX_PATH=/opt/ros/humble /usr/bin/cmake --install /home/perry/Jesus/Prueba6/build/hello_moveit
[11.471s] Level 1:colcon.colcon_core.environment:create_environment_scripts_only(moveit2_pose_target)
[11.632s] Level 1:colcon.colcon_core.environment:checking '/home/perry/Jesus/Prueba6/install/moveit2_pose_target' for CMake module files
[11.636s] DEBUG:colcon.colcon_core.event_handler.log_command:Invoked command in '/home/perry/Jesus/Prueba6/build/moveit2_pose_target' returned '0': CMAKE_PREFIX_PATH=/opt/ros/humble /usr/bin/cmake --install /home/perry/Jesus/Prueba6/build/moveit2_pose_target
[11.649s] Level 1:colcon.colcon_core.environment:checking '/home/perry/Jesus/Prueba6/install/moveit2_pose_target' for CMake config files
[11.661s] Level 1:colcon.colcon_core.shell:create_environment_hook('moveit2_pose_target', 'cmake_prefix_path')
[11.663s] INFO:colcon.colcon_core.shell:Creating environment hook '/home/perry/Jesus/Prueba6/install/moveit2_pose_target/share/moveit2_pose_target/hook/cmake_prefix_path.ps1'
[11.684s] INFO:colcon.colcon_core.shell:Creating environment descriptor '/home/perry/Jesus/Prueba6/install/moveit2_pose_target/share/moveit2_pose_target/hook/cmake_prefix_path.dsv'
[11.696s] INFO:colcon.colcon_core.shell:Creating environment hook '/home/perry/Jesus/Prueba6/install/moveit2_pose_target/share/moveit2_pose_target/hook/cmake_prefix_path.sh'
[11.736s] Level 1:colcon.colcon_core.environment:checking '/home/perry/Jesus/Prueba6/install/moveit2_pose_target/bin'
[11.740s] Level 1:colcon.colcon_core.environment:checking '/home/perry/Jesus/Prueba6/install/moveit2_pose_target/lib/pkgconfig/moveit2_pose_target.pc'
[11.752s] Level 1:colcon.colcon_core.environment:checking '/home/perry/Jesus/Prueba6/install/moveit2_pose_target/lib/python3.10/site-packages'
[11.756s] Level 1:colcon.colcon_core.environment:checking '/home/perry/Jesus/Prueba6/install/moveit2_pose_target/bin'
[11.758s] INFO:colcon.colcon_core.shell:Creating package script '/home/perry/Jesus/Prueba6/install/moveit2_pose_target/share/moveit2_pose_target/package.ps1'
[11.790s] INFO:colcon.colcon_core.shell:Creating package descriptor '/home/perry/Jesus/Prueba6/install/moveit2_pose_target/share/moveit2_pose_target/package.dsv'
[11.809s] INFO:colcon.colcon_core.shell:Creating package script '/home/perry/Jesus/Prueba6/install/moveit2_pose_target/share/moveit2_pose_target/package.sh'
[11.830s] INFO:colcon.colcon_core.shell:Creating package script '/home/perry/Jesus/Prueba6/install/moveit2_pose_target/share/moveit2_pose_target/package.bash'
[11.844s] INFO:colcon.colcon_core.shell:Creating package script '/home/perry/Jesus/Prueba6/install/moveit2_pose_target/share/moveit2_pose_target/package.zsh'
[11.858s] Level 1:colcon.colcon_core.environment:create_file_with_runtime_dependencies(/home/perry/Jesus/Prueba6/install/moveit2_pose_target/share/colcon-core/packages/moveit2_pose_target)
[11.883s] Level 1:colcon.colcon_core.environment:create_environment_scripts_only(moveit2_pose_target)
[11.887s] Level 1:colcon.colcon_core.environment:checking '/home/perry/Jesus/Prueba6/install/moveit2_pose_target' for CMake module files
[11.905s] Level 1:colcon.colcon_core.environment:checking '/home/perry/Jesus/Prueba6/install/moveit2_pose_target' for CMake config files
[11.909s] Level 1:colcon.colcon_core.shell:create_environment_hook('moveit2_pose_target', 'cmake_prefix_path')
[11.912s] INFO:colcon.colcon_core.shell:Creating environment hook '/home/perry/Jesus/Prueba6/install/moveit2_pose_target/share/moveit2_pose_target/hook/cmake_prefix_path.ps1'
[11.925s] INFO:colcon.colcon_core.shell:Creating environment descriptor '/home/perry/Jesus/Prueba6/install/moveit2_pose_target/share/moveit2_pose_target/hook/cmake_prefix_path.dsv'
[11.946s] INFO:colcon.colcon_core.shell:Creating environment hook '/home/perry/Jesus/Prueba6/install/moveit2_pose_target/share/moveit2_pose_target/hook/cmake_prefix_path.sh'
[11.968s] Level 1:colcon.colcon_core.environment:checking '/home/perry/Jesus/Prueba6/install/moveit2_pose_target/bin'
[11.968s] Level 1:colcon.colcon_core.environment:checking '/home/perry/Jesus/Prueba6/install/moveit2_pose_target/lib/pkgconfig/moveit2_pose_target.pc'
[11.970s] Level 1:colcon.colcon_core.environment:checking '/home/perry/Jesus/Prueba6/install/moveit2_pose_target/lib/python3.10/site-packages'
[11.972s] Level 1:colcon.colcon_core.environment:checking '/home/perry/Jesus/Prueba6/install/moveit2_pose_target/bin'
[11.974s] INFO:colcon.colcon_core.shell:Creating package script '/home/perry/Jesus/Prueba6/install/moveit2_pose_target/share/moveit2_pose_target/package.ps1'
[11.981s] INFO:colcon.colcon_core.shell:Creating package descriptor '/home/perry/Jesus/Prueba6/install/moveit2_pose_target/share/moveit2_pose_target/package.dsv'
[12.031s] INFO:colcon.colcon_core.shell:Creating package script '/home/perry/Jesus/Prueba6/install/moveit2_pose_target/share/moveit2_pose_target/package.sh'
[12.048s] INFO:colcon.colcon_core.shell:Creating package script '/home/perry/Jesus/Prueba6/install/moveit2_pose_target/share/moveit2_pose_target/package.bash'
[12.055s] INFO:colcon.colcon_core.shell:Creating package script '/home/perry/Jesus/Prueba6/install/moveit2_pose_target/share/moveit2_pose_target/package.zsh'
[12.065s] Level 1:colcon.colcon_core.environment:create_file_with_runtime_dependencies(/home/perry/Jesus/Prueba6/install/moveit2_pose_target/share/colcon-core/packages/moveit2_pose_target)
[12.096s] Level 1:colcon.colcon_core.environment:create_environment_scripts_only(hello_moveit)
[12.099s] Level 1:colcon.colcon_core.environment:checking '/home/perry/Jesus/Prueba6/install/hello_moveit' for CMake module files
[12.113s] DEBUG:colcon.colcon_core.event_handler.log_command:Invoked command in '/home/perry/Jesus/Prueba6/build/hello_moveit' returned '0': CMAKE_PREFIX_PATH=/opt/ros/humble /usr/bin/cmake --install /home/perry/Jesus/Prueba6/build/hello_moveit
[12.120s] Level 1:colcon.colcon_core.environment:checking '/home/perry/Jesus/Prueba6/install/hello_moveit' for CMake config files
[12.123s] Level 1:colcon.colcon_core.shell:create_environment_hook('hello_moveit', 'cmake_prefix_path')
[12.125s] INFO:colcon.colcon_core.shell:Creating environment hook '/home/perry/Jesus/Prueba6/install/hello_moveit/share/hello_moveit/hook/cmake_prefix_path.ps1'
[12.132s] INFO:colcon.colcon_core.shell:Creating environment descriptor '/home/perry/Jesus/Prueba6/install/hello_moveit/share/hello_moveit/hook/cmake_prefix_path.dsv'
[12.141s] INFO:colcon.colcon_core.shell:Creating environment hook '/home/perry/Jesus/Prueba6/install/hello_moveit/share/hello_moveit/hook/cmake_prefix_path.sh'
[12.152s] Level 1:colcon.colcon_core.environment:checking '/home/perry/Jesus/Prueba6/install/hello_moveit/lib'
[12.155s] Level 1:colcon.colcon_core.environment:checking '/home/perry/Jesus/Prueba6/install/hello_moveit/bin'
[12.156s] Level 1:colcon.colcon_core.environment:checking '/home/perry/Jesus/Prueba6/install/hello_moveit/lib/pkgconfig/hello_moveit.pc'
[12.158s] Level 1:colcon.colcon_core.environment:checking '/home/perry/Jesus/Prueba6/install/hello_moveit/lib/python3.10/site-packages'
[12.162s] Level 1:colcon.colcon_core.environment:checking '/home/perry/Jesus/Prueba6/install/hello_moveit/bin'
[12.165s] INFO:colcon.colcon_core.shell:Creating package script '/home/perry/Jesus/Prueba6/install/hello_moveit/share/hello_moveit/package.ps1'
[12.173s] INFO:colcon.colcon_core.shell:Creating package descriptor '/home/perry/Jesus/Prueba6/install/hello_moveit/share/hello_moveit/package.dsv'
[12.179s] INFO:colcon.colcon_core.shell:Creating package script '/home/perry/Jesus/Prueba6/install/hello_moveit/share/hello_moveit/package.sh'
[12.182s] INFO:colcon.colcon_core.shell:Creating package script '/home/perry/Jesus/Prueba6/install/hello_moveit/share/hello_moveit/package.bash'
[12.185s] INFO:colcon.colcon_core.shell:Creating package script '/home/perry/Jesus/Prueba6/install/hello_moveit/share/hello_moveit/package.zsh'
[12.188s] Level 1:colcon.colcon_core.environment:create_file_with_runtime_dependencies(/home/perry/Jesus/Prueba6/install/hello_moveit/share/colcon-core/packages/hello_moveit)
[12.194s] Level 1:colcon.colcon_core.environment:create_environment_scripts_only(hello_moveit)
[12.196s] Level 1:colcon.colcon_core.environment:checking '/home/perry/Jesus/Prueba6/install/hello_moveit' for CMake module files
[12.206s] Level 1:colcon.colcon_core.environment:checking '/home/perry/Jesus/Prueba6/install/hello_moveit' for CMake config files
[12.214s] Level 1:colcon.colcon_core.shell:create_environment_hook('hello_moveit', 'cmake_prefix_path')
[12.218s] INFO:colcon.colcon_core.shell:Creating environment hook '/home/perry/Jesus/Prueba6/install/hello_moveit/share/hello_moveit/hook/cmake_prefix_path.ps1'
[12.223s] INFO:colcon.colcon_core.shell:Creating environment descriptor '/home/perry/Jesus/Prueba6/install/hello_moveit/share/hello_moveit/hook/cmake_prefix_path.dsv'
[12.230s] INFO:colcon.colcon_core.shell:Creating environment hook '/home/perry/Jesus/Prueba6/install/hello_moveit/share/hello_moveit/hook/cmake_prefix_path.sh'
[12.240s] Level 1:colcon.colcon_core.environment:checking '/home/perry/Jesus/Prueba6/install/hello_moveit/lib'
[12.241s] Level 1:colcon.colcon_core.environment:checking '/home/perry/Jesus/Prueba6/install/hello_moveit/bin'
[12.243s] Level 1:colcon.colcon_core.environment:checking '/home/perry/Jesus/Prueba6/install/hello_moveit/lib/pkgconfig/hello_moveit.pc'
[12.245s] Level 1:colcon.colcon_core.environment:checking '/home/perry/Jesus/Prueba6/install/hello_moveit/lib/python3.10/site-packages'
[12.247s] Level 1:colcon.colcon_core.environment:checking '/home/perry/Jesus/Prueba6/install/hello_moveit/bin'
[12.249s] INFO:colcon.colcon_core.shell:Creating package script '/home/perry/Jesus/Prueba6/install/hello_moveit/share/hello_moveit/package.ps1'
[12.257s] INFO:colcon.colcon_core.shell:Creating package descriptor '/home/perry/Jesus/Prueba6/install/hello_moveit/share/hello_moveit/package.dsv'
[12.272s] INFO:colcon.colcon_core.shell:Creating package script '/home/perry/Jesus/Prueba6/install/hello_moveit/share/hello_moveit/package.sh'
[12.279s] INFO:colcon.colcon_core.shell:Creating package script '/home/perry/Jesus/Prueba6/install/hello_moveit/share/hello_moveit/package.bash'
[12.289s] INFO:colcon.colcon_core.shell:Creating package script '/home/perry/Jesus/Prueba6/install/hello_moveit/share/hello_moveit/package.zsh'
[12.296s] Level 1:colcon.colcon_core.environment:create_file_with_runtime_dependencies(/home/perry/Jesus/Prueba6/install/hello_moveit/share/colcon-core/packages/hello_moveit)
[12.326s] Level 1:colcon.colcon_core.environment:create_environment_scripts_only(irc_ros_description)
[12.330s] DEBUG:colcon.colcon_core.event_handler.log_command:Invoked command in '/home/perry/Jesus/Prueba6/build/irc_ros_description' returned '0': CMAKE_PREFIX_PATH=/opt/ros/humble /usr/bin/cmake --install /home/perry/Jesus/Prueba6/build/irc_ros_description
[12.332s] Level 1:colcon.colcon_core.environment:checking '/home/perry/Jesus/Prueba6/install/irc_ros_description' for CMake module files
[12.338s] Level 1:colcon.colcon_core.environment:checking '/home/perry/Jesus/Prueba6/install/irc_ros_description' for CMake config files
[12.359s] Level 1:colcon.colcon_core.shell:create_environment_hook('irc_ros_description', 'cmake_prefix_path')
[12.361s] INFO:colcon.colcon_core.shell:Creating environment hook '/home/perry/Jesus/Prueba6/install/irc_ros_description/share/irc_ros_description/hook/cmake_prefix_path.ps1'
[12.366s] INFO:colcon.colcon_core.shell:Creating environment descriptor '/home/perry/Jesus/Prueba6/install/irc_ros_description/share/irc_ros_description/hook/cmake_prefix_path.dsv'
[12.372s] INFO:colcon.colcon_core.shell:Creating environment hook '/home/perry/Jesus/Prueba6/install/irc_ros_description/share/irc_ros_description/hook/cmake_prefix_path.sh'
[12.380s] Level 1:colcon.colcon_core.environment:checking '/home/perry/Jesus/Prueba6/install/irc_ros_description/bin'
[12.380s] Level 1:colcon.colcon_core.environment:checking '/home/perry/Jesus/Prueba6/install/irc_ros_description/lib/pkgconfig/irc_ros_description.pc'
[12.382s] Level 1:colcon.colcon_core.environment:checking '/home/perry/Jesus/Prueba6/install/irc_ros_description/lib/python3.10/site-packages'
[12.384s] Level 1:colcon.colcon_core.environment:checking '/home/perry/Jesus/Prueba6/install/irc_ros_description/bin'
[12.386s] INFO:colcon.colcon_core.shell:Creating package script '/home/perry/Jesus/Prueba6/install/irc_ros_description/share/irc_ros_description/package.ps1'
[12.390s] INFO:colcon.colcon_core.shell:Creating package descriptor '/home/perry/Jesus/Prueba6/install/irc_ros_description/share/irc_ros_description/package.dsv'
[12.394s] INFO:colcon.colcon_core.shell:Creating package script '/home/perry/Jesus/Prueba6/install/irc_ros_description/share/irc_ros_description/package.sh'
[12.400s] INFO:colcon.colcon_core.shell:Creating package script '/home/perry/Jesus/Prueba6/install/irc_ros_description/share/irc_ros_description/package.bash'
[12.404s] INFO:colcon.colcon_core.shell:Creating package script '/home/perry/Jesus/Prueba6/install/irc_ros_description/share/irc_ros_description/package.zsh'
[12.410s] Level 1:colcon.colcon_core.environment:create_file_with_runtime_dependencies(/home/perry/Jesus/Prueba6/install/irc_ros_description/share/colcon-core/packages/irc_ros_description)
[12.421s] Level 1:colcon.colcon_core.environment:create_environment_scripts_only(irc_ros_description)
[12.425s] Level 1:colcon.colcon_core.environment:checking '/home/perry/Jesus/Prueba6/install/irc_ros_description' for CMake module files
[12.431s] Level 1:colcon.colcon_core.environment:checking '/home/perry/Jesus/Prueba6/install/irc_ros_description' for CMake config files
[12.453s] Level 1:colcon.colcon_core.shell:create_environment_hook('irc_ros_description', 'cmake_prefix_path')
[12.456s] INFO:colcon.colcon_core.shell:Creating environment hook '/home/perry/Jesus/Prueba6/install/irc_ros_description/share/irc_ros_description/hook/cmake_prefix_path.ps1'
[12.459s] INFO:colcon.colcon_core.shell:Creating environment descriptor '/home/perry/Jesus/Prueba6/install/irc_ros_description/share/irc_ros_description/hook/cmake_prefix_path.dsv'
[12.462s] INFO:colcon.colcon_core.shell:Creating environment hook '/home/perry/Jesus/Prueba6/install/irc_ros_description/share/irc_ros_description/hook/cmake_prefix_path.sh'
[12.466s] Level 1:colcon.colcon_core.environment:checking '/home/perry/Jesus/Prueba6/install/irc_ros_description/bin'
[12.467s] Level 1:colcon.colcon_core.environment:checking '/home/perry/Jesus/Prueba6/install/irc_ros_description/lib/pkgconfig/irc_ros_description.pc'
[12.469s] Level 1:colcon.colcon_core.environment:checking '/home/perry/Jesus/Prueba6/install/irc_ros_description/lib/python3.10/site-packages'
[12.470s] Level 1:colcon.colcon_core.environment:checking '/home/perry/Jesus/Prueba6/install/irc_ros_description/bin'
[12.472s] INFO:colcon.colcon_core.shell:Creating package script '/home/perry/Jesus/Prueba6/install/irc_ros_description/share/irc_ros_description/package.ps1'
[12.476s] INFO:colcon.colcon_core.shell:Creating package descriptor '/home/perry/Jesus/Prueba6/install/irc_ros_description/share/irc_ros_description/package.dsv'
[12.480s] INFO:colcon.colcon_core.shell:Creating package script '/home/perry/Jesus/Prueba6/install/irc_ros_description/share/irc_ros_description/package.sh'
[12.484s] INFO:colcon.colcon_core.shell:Creating package script '/home/perry/Jesus/Prueba6/install/irc_ros_description/share/irc_ros_description/package.bash'
[12.487s] INFO:colcon.colcon_core.shell:Creating package script '/home/perry/Jesus/Prueba6/install/irc_ros_description/share/irc_ros_description/package.zsh'
[12.491s] Level 1:colcon.colcon_core.environment:create_file_with_runtime_dependencies(/home/perry/Jesus/Prueba6/install/irc_ros_description/share/colcon-core/packages/irc_ros_description)
[12.497s] INFO:colcon.colcon_ros.task.ament_cmake.build:Building ROS package in '/home/perry/Jesus/Prueba6/src/robot' with build type 'ament_cmake'
[12.498s] INFO:colcon.colcon_cmake.task.cmake.build:Building CMake package in '/home/perry/Jesus/Prueba6/src/robot'
[12.500s] INFO:colcon.colcon_core.shell:Skip shell extension 'powershell' for command environment: Not usable outside of PowerShell
[12.500s] DEBUG:colcon.colcon_core.shell:Skip shell extension 'dsv' for command environment
[12.608s] DEBUG:colcon.colcon_core.event_handler.log_command:Invoking command in '/home/perry/Jesus/Prueba6/build/robot': AMENT_PREFIX_PATH=/home/perry/Jesus/Prueba6/install/irc_ros_description:${AMENT_PREFIX_PATH} CMAKE_PREFIX_PATH=/home/perry/Jesus/Prueba6/install/irc_ros_description:/opt/ros/humble /usr/bin/cmake --build /home/perry/Jesus/Prueba6/build/robot -- -j4 -l4
[12.961s] DEBUG:colcon.colcon_core.event_handler.log_command:Invoked command in '/home/perry/Jesus/Prueba6/build/robot' returned '0': AMENT_PREFIX_PATH=/home/perry/Jesus/Prueba6/install/irc_ros_description:${AMENT_PREFIX_PATH} CMAKE_PREFIX_PATH=/home/perry/Jesus/Prueba6/install/irc_ros_description:/opt/ros/humble /usr/bin/cmake --build /home/perry/Jesus/Prueba6/build/robot -- -j4 -l4
[12.973s] DEBUG:colcon.colcon_core.event_handler.log_command:Invoking command in '/home/perry/Jesus/Prueba6/build/robot': AMENT_PREFIX_PATH=/home/perry/Jesus/Prueba6/install/irc_ros_description:${AMENT_PREFIX_PATH} CMAKE_PREFIX_PATH=/home/perry/Jesus/Prueba6/install/irc_ros_description:/opt/ros/humble /usr/bin/cmake --install /home/perry/Jesus/Prueba6/build/robot
[13.127s] Level 1:colcon.colcon_core.environment:create_environment_scripts_only(robot)
[13.128s] Level 1:colcon.colcon_core.environment:checking '/home/perry/Jesus/Prueba6/install/robot' for CMake module files
[13.146s] Level 1:colcon.colcon_core.environment:checking '/home/perry/Jesus/Prueba6/install/robot' for CMake config files
[13.157s] Level 1:colcon.colcon_core.shell:create_environment_hook('robot', 'cmake_prefix_path')
[13.161s] INFO:colcon.colcon_core.shell:Creating environment hook '/home/perry/Jesus/Prueba6/install/robot/share/robot/hook/cmake_prefix_path.ps1'
[13.169s] INFO:colcon.colcon_core.shell:Creating environment descriptor '/home/perry/Jesus/Prueba6/install/robot/share/robot/hook/cmake_prefix_path.dsv'
[13.186s] INFO:colcon.colcon_core.shell:Creating environment hook '/home/perry/Jesus/Prueba6/install/robot/share/robot/hook/cmake_prefix_path.sh'
[13.191s] DEBUG:colcon.colcon_core.event_handler.log_command:Invoked command in '/home/perry/Jesus/Prueba6/build/robot' returned '0': AMENT_PREFIX_PATH=/home/perry/Jesus/Prueba6/install/irc_ros_description:${AMENT_PREFIX_PATH} CMAKE_PREFIX_PATH=/home/perry/Jesus/Prueba6/install/irc_ros_description:/opt/ros/humble /usr/bin/cmake --install /home/perry/Jesus/Prueba6/build/robot
[13.192s] Level 1:colcon.colcon_core.environment:checking '/home/perry/Jesus/Prueba6/install/robot/bin'
[13.193s] Level 1:colcon.colcon_core.environment:checking '/home/perry/Jesus/Prueba6/install/robot/lib/pkgconfig/robot.pc'
[13.200s] Level 1:colcon.colcon_core.environment:checking '/home/perry/Jesus/Prueba6/install/robot/lib/python3.10/site-packages'
[13.201s] Level 1:colcon.colcon_core.environment:checking '/home/perry/Jesus/Prueba6/install/robot/bin'
[13.203s] INFO:colcon.colcon_core.shell:Creating package script '/home/perry/Jesus/Prueba6/install/robot/share/robot/package.ps1'
[13.206s] INFO:colcon.colcon_core.shell:Creating package descriptor '/home/perry/Jesus/Prueba6/install/robot/share/robot/package.dsv'
[13.209s] INFO:colcon.colcon_core.shell:Creating package script '/home/perry/Jesus/Prueba6/install/robot/share/robot/package.sh'
[13.216s] INFO:colcon.colcon_core.shell:Creating package script '/home/perry/Jesus/Prueba6/install/robot/share/robot/package.bash'
[13.219s] INFO:colcon.colcon_core.shell:Creating package script '/home/perry/Jesus/Prueba6/install/robot/share/robot/package.zsh'
[13.222s] Level 1:colcon.colcon_core.environment:create_file_with_runtime_dependencies(/home/perry/Jesus/Prueba6/install/robot/share/colcon-core/packages/robot)
[13.233s] Level 1:colcon.colcon_core.environment:create_environment_scripts_only(robot)
[13.235s] Level 1:colcon.colcon_core.environment:checking '/home/perry/Jesus/Prueba6/install/robot' for CMake module files
[13.241s] Level 1:colcon.colcon_core.environment:checking '/home/perry/Jesus/Prueba6/install/robot' for CMake config files
[13.246s] Level 1:colcon.colcon_core.shell:create_environment_hook('robot', 'cmake_prefix_path')
[13.249s] INFO:colcon.colcon_core.shell:Creating environment hook '/home/perry/Jesus/Prueba6/install/robot/share/robot/hook/cmake_prefix_path.ps1'
[13.256s] INFO:colcon.colcon_core.shell:Creating environment descriptor '/home/perry/Jesus/Prueba6/install/robot/share/robot/hook/cmake_prefix_path.dsv'
[13.261s] INFO:colcon.colcon_core.shell:Creating environment hook '/home/perry/Jesus/Prueba6/install/robot/share/robot/hook/cmake_prefix_path.sh'
[13.269s] Level 1:colcon.colcon_core.environment:checking '/home/perry/Jesus/Prueba6/install/robot/bin'
[13.270s] Level 1:colcon.colcon_core.environment:checking '/home/perry/Jesus/Prueba6/install/robot/lib/pkgconfig/robot.pc'
[13.272s] Level 1:colcon.colcon_core.environment:checking '/home/perry/Jesus/Prueba6/install/robot/lib/python3.10/site-packages'
[13.275s] Level 1:colcon.colcon_core.environment:checking '/home/perry/Jesus/Prueba6/install/robot/bin'
[13.279s] INFO:colcon.colcon_core.shell:Creating package script '/home/perry/Jesus/Prueba6/install/robot/share/robot/package.ps1'
[13.284s] INFO:colcon.colcon_core.shell:Creating package descriptor '/home/perry/Jesus/Prueba6/install/robot/share/robot/package.dsv'
[13.291s] INFO:colcon.colcon_core.shell:Creating package script '/home/perry/Jesus/Prueba6/install/robot/share/robot/package.sh'
[13.299s] INFO:colcon.colcon_core.shell:Creating package script '/home/perry/Jesus/Prueba6/install/robot/share/robot/package.bash'
[13.309s] INFO:colcon.colcon_core.shell:Creating package script '/home/perry/Jesus/Prueba6/install/robot/share/robot/package.zsh'
[13.313s] Level 1:colcon.colcon_core.environment:create_file_with_runtime_dependencies(/home/perry/Jesus/Prueba6/install/robot/share/colcon-core/packages/robot)
[19.096s] DEBUG:colcon.colcon_core.event_handler.log_command:Invoking command in '/home/perry/Jesus/Prueba6/src/my_package': PYTHONPATH=/home/perry/Jesus/Prueba6/build/my_package/prefix_override:/usr/lib/python3/dist-packages/colcon_core/task/python/colcon_distutils_commands:/home/perry/Jesus/Prueba6/install/my_package/lib/python3.10/site-packages:${PYTHONPATH} /usr/bin/python3 -W ignore:setup.py install is deprecated -W ignore:easy_install command is deprecated setup.py egg_info --egg-base ../../build/my_package build --build-base /home/perry/Jesus/Prueba6/build/my_package/build install --record /home/perry/Jesus/Prueba6/build/my_package/install.log --single-version-externally-managed install_data
[25.228s] Level 1:colcon.colcon_core.environment:checking '/home/perry/Jesus/Prueba6/install/my_package' for CMake module files
[25.239s] DEBUG:colcon.colcon_core.event_handler.log_command:Invoked command in '/home/perry/Jesus/Prueba6/src/my_package' returned '0': PYTHONPATH=/home/perry/Jesus/Prueba6/build/my_package/prefix_override:/usr/lib/python3/dist-packages/colcon_core/task/python/colcon_distutils_commands:/home/perry/Jesus/Prueba6/install/my_package/lib/python3.10/site-packages:${PYTHONPATH} /usr/bin/python3 -W ignore:setup.py install is deprecated -W ignore:easy_install command is deprecated setup.py egg_info --egg-base ../../build/my_package build --build-base /home/perry/Jesus/Prueba6/build/my_package/build install --record /home/perry/Jesus/Prueba6/build/my_package/install.log --single-version-externally-managed install_data
[25.241s] Level 1:colcon.colcon_core.environment:checking '/home/perry/Jesus/Prueba6/install/my_package' for CMake config files
[25.262s] Level 1:colcon.colcon_core.environment:checking '/home/perry/Jesus/Prueba6/install/my_package/lib'
[25.271s] Level 1:colcon.colcon_core.environment:checking '/home/perry/Jesus/Prueba6/install/my_package/bin'
[25.273s] Level 1:colcon.colcon_core.environment:checking '/home/perry/Jesus/Prueba6/install/my_package/lib/pkgconfig/my_package.pc'
[25.280s] Level 1:colcon.colcon_core.environment:checking '/home/perry/Jesus/Prueba6/install/my_package/lib/python3.10/site-packages'
[25.283s] Level 1:colcon.colcon_core.shell:create_environment_hook('my_package', 'pythonpath')
[25.285s] INFO:colcon.colcon_core.shell:Creating environment hook '/home/perry/Jesus/Prueba6/install/my_package/share/my_package/hook/pythonpath.ps1'
[25.294s] INFO:colcon.colcon_core.shell:Creating environment descriptor '/home/perry/Jesus/Prueba6/install/my_package/share/my_package/hook/pythonpath.dsv'
[25.304s] INFO:colcon.colcon_core.shell:Creating environment hook '/home/perry/Jesus/Prueba6/install/my_package/share/my_package/hook/pythonpath.sh'
[25.317s] Level 1:colcon.colcon_core.environment:checking '/home/perry/Jesus/Prueba6/install/my_package/bin'
[25.318s] Level 1:colcon.colcon_core.environment:create_environment_scripts_only(my_package)
[25.325s] INFO:colcon.colcon_core.shell:Creating package script '/home/perry/Jesus/Prueba6/install/my_package/share/my_package/package.ps1'
[25.337s] INFO:colcon.colcon_core.shell:Creating package descriptor '/home/perry/Jesus/Prueba6/install/my_package/share/my_package/package.dsv'
[25.342s] INFO:colcon.colcon_core.shell:Creating package script '/home/perry/Jesus/Prueba6/install/my_package/share/my_package/package.sh'
[25.353s] INFO:colcon.colcon_core.shell:Creating package script '/home/perry/Jesus/Prueba6/install/my_package/share/my_package/package.bash'
[25.360s] INFO:colcon.colcon_core.shell:Creating package script '/home/perry/Jesus/Prueba6/install/my_package/share/my_package/package.zsh'
[25.369s] Level 1:colcon.colcon_core.environment:create_file_with_runtime_dependencies(/home/perry/Jesus/Prueba6/install/my_package/share/colcon-core/packages/my_package)
[25.373s] DEBUG:colcon.colcon_parallel_executor.executor.parallel:closing loop
[25.389s] DEBUG:colcon.colcon_parallel_executor.executor.parallel:loop closed
[25.393s] DEBUG:colcon.colcon_parallel_executor.executor.parallel:run_until_complete finished with '0'
[25.394s] DEBUG:colcon.colcon_core.event_reactor:joining thread
[25.508s] INFO:colcon.colcon_core.plugin_system:Skipping extension 'colcon_notification.desktop_notification.terminal_notifier': Not used on non-Darwin systems
[25.510s] INFO:colcon.colcon_core.plugin_system:Skipping extension 'colcon_notification.desktop_notification.win32': Not used on non-Windows systems
[25.514s] INFO:colcon.colcon_notification.desktop_notification:Sending desktop notification using 'notify2'
[25.755s] DEBUG:colcon.colcon_core.event_reactor:joined thread
[25.757s] INFO:colcon.colcon_core.shell:Creating prefix script '/home/perry/Jesus/Prueba6/install/local_setup.ps1'
[25.769s] INFO:colcon.colcon_core.shell:Creating prefix util module '/home/perry/Jesus/Prueba6/install/_local_setup_util_ps1.py'
[25.791s] INFO:colcon.colcon_core.shell:Creating prefix chain script '/home/perry/Jesus/Prueba6/install/setup.ps1'
[25.800s] INFO:colcon.colcon_core.shell:Creating prefix script '/home/perry/Jesus/Prueba6/install/local_setup.sh'
[25.813s] INFO:colcon.colcon_core.shell:Creating prefix util module '/home/perry/Jesus/Prueba6/install/_local_setup_util_sh.py'
[25.823s] INFO:colcon.colcon_core.shell:Creating prefix chain script '/home/perry/Jesus/Prueba6/install/setup.sh'
[25.832s] INFO:colcon.colcon_core.shell:Creating prefix script '/home/perry/Jesus/Prueba6/install/local_setup.bash'
[25.840s] INFO:colcon.colcon_core.shell:Creating prefix chain script '/home/perry/Jesus/Prueba6/install/setup.bash'
[25.858s] INFO:colcon.colcon_core.shell:Creating prefix script '/home/perry/Jesus/Prueba6/install/local_setup.zsh'
[25.866s] INFO:colcon.colcon_core.shell:Creating prefix chain script '/home/perry/Jesus/Prueba6/install/setup.zsh'
