[0.252s] Invoking command in '/home/perry/Jesus/Prueba6/build/robot': CMAKE_PREFIX_PATH=/home/perry/Jesus/Prueba6/install/irc_ros_description:/home/perry/Jesus/Prueba6/install/rviz_marker_tools:/home/perry/Jesus/Prueba6/install/robot:/home/perry/Jesus/Prueba6/install/moveit_task_constructor_msgs:/home/perry/Jesus/Prueba6/install/moveit_resources_prbt_support:/home/perry/Jesus/Prueba6/install/moveit:/home/perry/Jesus/Prueba6/install/moveit_common:/home/perry/Jesus/Prueba6/install/moveit2_pose_target:/home/perry/Jesus/Prueba6/install/hello_moveit:/home/perry/Jesus/Prueba6/install/my_package:/home/perry/Jesus/Prueba6/install/moveit_configs_utils:/opt/ros/humble /usr/bin/cmake /home/perry/Jesus/Prueba6/src/robot -DAMENT_CMAKE_SYMLINK_INSTALL=1 -DCMAKE_INSTALL_PREFIX=/home/perry/Jesus/Prueba6/install/robot
[0.555s] -- Found ament_cmake: 1.3.11 (/opt/ros/humble/share/ament_cmake/cmake)
[3.149s] -- Override CMake install command with custom implementation using symlinks instead of copying resources
[5.318s] -- Configuring done
[5.520s] -- Generating done
[5.606s] -- Build files have been written to: /home/perry/Jesus/Prueba6/build/robot
[5.682s] Invoked command in '/home/perry/Jesus/Prueba6/build/robot' returned '0': CMAKE_PREFIX_PATH=/home/perry/Jesus/Prueba6/install/irc_ros_description:/home/perry/Jesus/Prueba6/install/rviz_marker_tools:/home/perry/Jesus/Prueba6/install/robot:/home/perry/Jesus/Prueba6/install/moveit_task_constructor_msgs:/home/perry/Jesus/Prueba6/install/moveit_resources_prbt_support:/home/perry/Jesus/Prueba6/install/moveit:/home/perry/Jesus/Prueba6/install/moveit_common:/home/perry/Jesus/Prueba6/install/moveit2_pose_target:/home/perry/Jesus/Prueba6/install/hello_moveit:/home/perry/Jesus/Prueba6/install/my_package:/home/perry/Jesus/Prueba6/install/moveit_configs_utils:/opt/ros/humble /usr/bin/cmake /home/perry/Jesus/Prueba6/src/robot -DAMENT_CMAKE_SYMLINK_INSTALL=1 -DCMAKE_INSTALL_PREFIX=/home/perry/Jesus/Prueba6/install/robot
[5.693s] Invoking command in '/home/perry/Jesus/Prueba6/build/robot': CMAKE_PREFIX_PATH=/home/perry/Jesus/Prueba6/install/irc_ros_description:/home/perry/Jesus/Prueba6/install/rviz_marker_tools:/home/perry/Jesus/Prueba6/install/robot:/home/perry/Jesus/Prueba6/install/moveit_task_constructor_msgs:/home/perry/Jesus/Prueba6/install/moveit_resources_prbt_support:/home/perry/Jesus/Prueba6/install/moveit:/home/perry/Jesus/Prueba6/install/moveit_common:/home/perry/Jesus/Prueba6/install/moveit2_pose_target:/home/perry/Jesus/Prueba6/install/hello_moveit:/home/perry/Jesus/Prueba6/install/my_package:/home/perry/Jesus/Prueba6/install/moveit_configs_utils:/opt/ros/humble /usr/bin/cmake --build /home/perry/Jesus/Prueba6/build/robot -- -j4 -l4
[6.502s] Invoked command in '/home/perry/Jesus/Prueba6/build/robot' returned '0': CMAKE_PREFIX_PATH=/home/perry/Jesus/Prueba6/install/irc_ros_description:/home/perry/Jesus/Prueba6/install/rviz_marker_tools:/home/perry/Jesus/Prueba6/install/robot:/home/perry/Jesus/Prueba6/install/moveit_task_constructor_msgs:/home/perry/Jesus/Prueba6/install/moveit_resources_prbt_support:/home/perry/Jesus/Prueba6/install/moveit:/home/perry/Jesus/Prueba6/install/moveit_common:/home/perry/Jesus/Prueba6/install/moveit2_pose_target:/home/perry/Jesus/Prueba6/install/hello_moveit:/home/perry/Jesus/Prueba6/install/my_package:/home/perry/Jesus/Prueba6/install/moveit_configs_utils:/opt/ros/humble /usr/bin/cmake --build /home/perry/Jesus/Prueba6/build/robot -- -j4 -l4
[6.513s] Invoking command in '/home/perry/Jesus/Prueba6/build/robot': CMAKE_PREFIX_PATH=/home/perry/Jesus/Prueba6/install/irc_ros_description:/home/perry/Jesus/Prueba6/install/rviz_marker_tools:/home/perry/Jesus/Prueba6/install/robot:/home/perry/Jesus/Prueba6/install/moveit_task_constructor_msgs:/home/perry/Jesus/Prueba6/install/moveit_resources_prbt_support:/home/perry/Jesus/Prueba6/install/moveit:/home/perry/Jesus/Prueba6/install/moveit_common:/home/perry/Jesus/Prueba6/install/moveit2_pose_target:/home/perry/Jesus/Prueba6/install/hello_moveit:/home/perry/Jesus/Prueba6/install/my_package:/home/perry/Jesus/Prueba6/install/moveit_configs_utils:/opt/ros/humble /usr/bin/cmake --install /home/perry/Jesus/Prueba6/build/robot
[6.668s] -- Install configuration: "Debug"
[6.674s] -- Execute custom install script
[6.675s] -- Symlinking: /home/perry/Jesus/Prueba6/install/robot/share/ament_index/resource_index/package_run_dependencies/robot
[6.792s] -- Symlinking: /home/perry/Jesus/Prueba6/install/robot/share/ament_index/resource_index/parent_prefix_path/robot
[6.951s] -- Symlinking: /home/perry/Jesus/Prueba6/install/robot/share/robot/environment/ament_prefix_path.sh
[7.146s] -- Symlinking: /home/perry/Jesus/Prueba6/install/robot/share/robot/environment/ament_prefix_path.dsv
[7.272s] -- Symlinking: /home/perry/Jesus/Prueba6/install/robot/share/robot/environment/path.sh
[7.427s] -- Symlinking: /home/perry/Jesus/Prueba6/install/robot/share/robot/environment/path.dsv
[7.533s] -- Symlinking: /home/perry/Jesus/Prueba6/install/robot/share/robot/local_setup.bash
[7.649s] -- Symlinking: /home/perry/Jesus/Prueba6/install/robot/share/robot/local_setup.sh
[7.816s] -- Symlinking: /home/perry/Jesus/Prueba6/install/robot/share/robot/local_setup.zsh
[7.912s] -- Symlinking: /home/perry/Jesus/Prueba6/install/robot/share/robot/local_setup.dsv
[8.024s] -- Symlinking: /home/perry/Jesus/Prueba6/install/robot/share/robot/package.dsv
[8.168s] -- Symlinking: /home/perry/Jesus/Prueba6/install/robot/share/ament_index/resource_index/packages/robot
[8.347s] -- Symlinking: /home/perry/Jesus/Prueba6/install/robot/share/robot/cmake/robotConfig.cmake
[8.482s] -- Symlinking: /home/perry/Jesus/Prueba6/install/robot/share/robot/cmake/robotConfig-version.cmake
[8.598s] -- Symlinking: /home/perry/Jesus/Prueba6/install/robot/share/robot/package.xml
[8.709s] -- Symlinking: /home/perry/Jesus/Prueba6/install/robot/share/robot/launch/demo.launch.py
[8.827s] -- Symlinking: /home/perry/Jesus/Prueba6/install/robot/share/robot/launch/move_group.launch.py
[8.989s] -- Symlinking: /home/perry/Jesus/Prueba6/install/robot/share/robot/launch/moveit_rviz.launch.py
[9.085s] -- Symlinking: /home/perry/Jesus/Prueba6/install/robot/share/robot/launch/rsp.launch.py
[9.275s] -- Symlinking: /home/perry/Jesus/Prueba6/install/robot/share/robot/launch/setup_assistant.launch.py
[9.472s] -- Symlinking: /home/perry/Jesus/Prueba6/install/robot/share/robot/launch/spawn_controllers.launch.py
[9.759s] -- Symlinking: /home/perry/Jesus/Prueba6/install/robot/share/robot/launch/static_virtual_joint_tfs.launch.py
[9.907s] -- Symlinking: /home/perry/Jesus/Prueba6/install/robot/share/robot/launch/warehouse_db.launch.py
[10.009s] -- Symlinking: /home/perry/Jesus/Prueba6/install/robot/share/robot/config/igus_rebel_6dof.srdf
[10.119s] -- Symlinking: /home/perry/Jesus/Prueba6/install/robot/share/robot/config/joint_limits.yaml
[10.360s] -- Symlinking: /home/perry/Jesus/Prueba6/install/robot/share/robot/config/kinematics.yaml
[10.583s] -- Symlinking: /home/perry/Jesus/Prueba6/install/robot/share/robot/config/moveit.rviz
[10.948s] -- Symlinking: /home/perry/Jesus/Prueba6/install/robot/share/robot/config/moveit_controllers.yaml
[11.092s] -- Symlinking: /home/perry/Jesus/Prueba6/install/robot/share/robot/config/pilz_cartesian_limits.yaml
[11.173s] -- Symlinking: /home/perry/Jesus/Prueba6/install/robot/share/robot/config/ros2_controllers.yaml
[11.342s] -- Symlinking: /home/perry/Jesus/Prueba6/install/robot/share/robot/config/sensors_3d.yaml
[11.533s] -- Symlinking: /home/perry/Jesus/Prueba6/install/robot/share/robot/.setup_assistant
[11.737s] Invoked command in '/home/perry/Jesus/Prueba6/build/robot' returned '0': CMAKE_PREFIX_PATH=/home/perry/Jesus/Prueba6/install/irc_ros_description:/home/perry/Jesus/Prueba6/install/rviz_marker_tools:/home/perry/Jesus/Prueba6/install/robot:/home/perry/Jesus/Prueba6/install/moveit_task_constructor_msgs:/home/perry/Jesus/Prueba6/install/moveit_resources_prbt_support:/home/perry/Jesus/Prueba6/install/moveit:/home/perry/Jesus/Prueba6/install/moveit_common:/home/perry/Jesus/Prueba6/install/moveit2_pose_target:/home/perry/Jesus/Prueba6/install/hello_moveit:/home/perry/Jesus/Prueba6/install/my_package:/home/perry/Jesus/Prueba6/install/moveit_configs_utils:/opt/ros/humble /usr/bin/cmake --install /home/perry/Jesus/Prueba6/build/robot
