[90.628s] Invoking command in '/home/perry/Jesus/Prueba6/src/my_package': PYTHONPATH=/home/perry/Jesus/Prueba6/build/my_package/prefix_override:/usr/lib/python3/dist-packages/colcon_core/task/python/colcon_distutils_commands:/home/perry/Jesus/Prueba6/install/my_package/lib/python3.10/site-packages:${PYTHONPATH} /usr/bin/python3 -W ignore:setup.py install is deprecated -W ignore:easy_install command is deprecated setup.py egg_info --egg-base ../../build/my_package build --build-base /home/perry/Jesus/Prueba6/build/my_package/build install --record /home/perry/Jesus/Prueba6/build/my_package/install.log --single-version-externally-managed install_data
[95.031s] running egg_info
[95.035s] writing ../../build/my_package/my_package.egg-info/PKG-INFO
[95.037s] writing dependency_links to ../../build/my_package/my_package.egg-info/dependency_links.txt
[95.039s] writing entry points to ../../build/my_package/my_package.egg-info/entry_points.txt
[95.040s] writing requirements to ../../build/my_package/my_package.egg-info/requires.txt
[95.042s] writing top-level names to ../../build/my_package/my_package.egg-info/top_level.txt
[95.065s] reading manifest file '../../build/my_package/my_package.egg-info/SOURCES.txt'
[95.072s] writing manifest file '../../build/my_package/my_package.egg-info/SOURCES.txt'
[95.075s] running build
[95.076s] running build_py
[95.081s] running install
[95.083s] running install_lib
[95.100s] running install_data
[95.102s] running install_egg_info
[95.131s] removing '/home/perry/Jesus/Prueba6/install/my_package/lib/python3.10/site-packages/my_package-0.0.0-py3.10.egg-info' (and everything under it)
[95.135s] Copying ../../build/my_package/my_package.egg-info to /home/perry/Jesus/Prueba6/install/my_package/lib/python3.10/site-packages/my_package-0.0.0-py3.10.egg-info
[95.161s] running install_scripts
[95.417s] Installing nodo_cinematica script to /home/perry/Jesus/Prueba6/install/my_package/lib/my_package
[95.419s] Installing nodo_cinematica_inv script to /home/perry/Jesus/Prueba6/install/my_package/lib/my_package
[95.420s] Installing nodo_mando script to /home/perry/Jesus/Prueba6/install/my_package/lib/my_package
[95.423s] writing list of installed files to '/home/perry/Jesus/Prueba6/build/my_package/install.log'
[95.659s] Invoked command in '/home/perry/Jesus/Prueba6/src/my_package' returned '0': PYTHONPATH=/home/perry/Jesus/Prueba6/build/my_package/prefix_override:/usr/lib/python3/dist-packages/colcon_core/task/python/colcon_distutils_commands:/home/perry/Jesus/Prueba6/install/my_package/lib/python3.10/site-packages:${PYTHONPATH} /usr/bin/python3 -W ignore:setup.py install is deprecated -W ignore:easy_install command is deprecated setup.py egg_info --egg-base ../../build/my_package build --build-base /home/perry/Jesus/Prueba6/build/my_package/build install --record /home/perry/Jesus/Prueba6/build/my_package/install.log --single-version-externally-managed install_data
