[4.765s] DEBUG:colcon:Command line arguments: ['/usr/bin/colcon', 'build', '--symlink-install']
[4.765s] DEBUG:colcon:Parsed command line arguments: Namespace(log_base=None, log_level=None, verb_name='build', build_base='build', install_base='install', merge_install=False, symlink_install=True, test_result_base=None, continue_on_error=False, executor='parallel', parallel_workers=4, event_handlers=None, ignore_user_meta=False, metas=['./colcon.meta'], base_paths=['.'], packages_ignore=None, packages_ignore_regex=None, paths=None, packages_up_to=None, packages_up_to_regex=None, packages_above=None, packages_above_and_dependencies=None, packages_above_depth=None, packages_select_by_dep=None, packages_skip_by_dep=None, packages_skip_up_to=None, packages_select_build_failed=False, packages_skip_build_finished=False, packages_select_test_failures=False, packages_skip_test_passed=False, packages_select=None, packages_skip=None, packages_select_regex=None, packages_skip_regex=None, packages_start=None, packages_end=None, allow_overriding=[], cmake_args=None, cmake_target=None, cmake_target_skip_unavailable=False, cmake_clean_cache=False, cmake_clean_first=False, cmake_force_configure=False, ament_cmake_args=None, catkin_cmake_args=None, catkin_skip_building_tests=False, mixin_files=None, mixin=None, verb_parser=<colcon_mixin.mixin.mixin_argument.MixinArgumentDecorator object at 0x733ecb21fe30>, verb_extension=<colcon_core.verb.build.BuildVerb object at 0x733ecb3cc410>, main=<bound method BuildVerb.main of <colcon_core.verb.build.BuildVerb object at 0x733ecb3cc410>>, mixin_verb=('build',))
[5.549s] Level 1:colcon.colcon_core.package_discovery:discover_packages(colcon_meta) check parameters
[5.550s] Level 1:colcon.colcon_core.package_discovery:discover_packages(recursive) check parameters
[5.550s] Level 1:colcon.colcon_core.package_discovery:discover_packages(ignore) check parameters
[5.550s] Level 1:colcon.colcon_core.package_discovery:discover_packages(path) check parameters
[5.550s] Level 1:colcon.colcon_core.package_discovery:discover_packages(colcon_meta) discover
[5.550s] Level 1:colcon.colcon_core.package_discovery:discover_packages(recursive) discover
[5.551s] INFO:colcon.colcon_core.package_discovery:Crawling recursively for packages in '/home/jesus/p_mando'
[5.551s] Level 1:colcon.colcon_core.package_identification:_identify(.) by extensions ['ignore', 'ignore_ament_install']
[5.551s] Level 1:colcon.colcon_core.package_identification:_identify(.) by extension 'ignore'
[5.552s] Level 1:colcon.colcon_core.package_identification:_identify(.) by extension 'ignore_ament_install'
[5.552s] Level 1:colcon.colcon_core.package_identification:_identify(.) by extensions ['colcon_pkg']
[5.552s] Level 1:colcon.colcon_core.package_identification:_identify(.) by extension 'colcon_pkg'
[5.552s] Level 1:colcon.colcon_core.package_identification:_identify(.) by extensions ['colcon_meta']
[5.553s] Level 1:colcon.colcon_core.package_identification:_identify(.) by extension 'colcon_meta'
[5.553s] Level 1:colcon.colcon_core.package_identification:_identify(.) by extensions ['ros']
[5.553s] Level 1:colcon.colcon_core.package_identification:_identify(.) by extension 'ros'
[5.759s] Level 1:colcon.colcon_core.package_identification:_identify(.) by extensions ['cmake', 'python']
[5.759s] Level 1:colcon.colcon_core.package_identification:_identify(.) by extension 'cmake'
[5.760s] Level 1:colcon.colcon_core.package_identification:_identify(.) by extension 'python'
[5.760s] Level 1:colcon.colcon_core.package_identification:_identify(.) by extensions ['python_setup_py']
[5.760s] Level 1:colcon.colcon_core.package_identification:_identify(.) by extension 'python_setup_py'
[5.770s] Level 1:colcon.colcon_core.package_identification:_identify(build) by extensions ['ignore', 'ignore_ament_install']
[5.770s] Level 1:colcon.colcon_core.package_identification:_identify(build) by extension 'ignore'
[5.771s] Level 1:colcon.colcon_core.package_identification:_identify(build) ignored
[5.771s] Level 1:colcon.colcon_core.package_identification:_identify(install) by extensions ['ignore', 'ignore_ament_install']
[5.772s] Level 1:colcon.colcon_core.package_identification:_identify(install) by extension 'ignore'
[5.772s] Level 1:colcon.colcon_core.package_identification:_identify(install) ignored
[5.772s] Level 1:colcon.colcon_core.package_identification:_identify(log) by extensions ['ignore', 'ignore_ament_install']
[5.773s] Level 1:colcon.colcon_core.package_identification:_identify(log) by extension 'ignore'
[5.773s] Level 1:colcon.colcon_core.package_identification:_identify(log) ignored
[5.773s] Level 1:colcon.colcon_core.package_identification:_identify(src) by extensions ['ignore', 'ignore_ament_install']
[5.773s] Level 1:colcon.colcon_core.package_identification:_identify(src) by extension 'ignore'
[5.774s] Level 1:colcon.colcon_core.package_identification:_identify(src) by extension 'ignore_ament_install'
[5.774s] Level 1:colcon.colcon_core.package_identification:_identify(src) by extensions ['colcon_pkg']
[5.774s] Level 1:colcon.colcon_core.package_identification:_identify(src) by extension 'colcon_pkg'
[5.774s] Level 1:colcon.colcon_core.package_identification:_identify(src) by extensions ['colcon_meta']
[5.774s] Level 1:colcon.colcon_core.package_identification:_identify(src) by extension 'colcon_meta'
[5.775s] Level 1:colcon.colcon_core.package_identification:_identify(src) by extensions ['ros']
[5.775s] Level 1:colcon.colcon_core.package_identification:_identify(src) by extension 'ros'
[5.775s] Level 1:colcon.colcon_core.package_identification:_identify(src) by extensions ['cmake', 'python']
[5.775s] Level 1:colcon.colcon_core.package_identification:_identify(src) by extension 'cmake'
[5.775s] Level 1:colcon.colcon_core.package_identification:_identify(src) by extension 'python'
[5.776s] Level 1:colcon.colcon_core.package_identification:_identify(src) by extensions ['python_setup_py']
[5.776s] Level 1:colcon.colcon_core.package_identification:_identify(src) by extension 'python_setup_py'
[5.776s] Level 1:colcon.colcon_core.package_identification:_identify(src/my_package) by extensions ['ignore', 'ignore_ament_install']
[5.776s] Level 1:colcon.colcon_core.package_identification:_identify(src/my_package) by extension 'ignore'
[5.776s] Level 1:colcon.colcon_core.package_identification:_identify(src/my_package) by extension 'ignore_ament_install'
[5.777s] Level 1:colcon.colcon_core.package_identification:_identify(src/my_package) by extensions ['colcon_pkg']
[5.777s] Level 1:colcon.colcon_core.package_identification:_identify(src/my_package) by extension 'colcon_pkg'
[5.777s] Level 1:colcon.colcon_core.package_identification:_identify(src/my_package) by extensions ['colcon_meta']
[5.777s] Level 1:colcon.colcon_core.package_identification:_identify(src/my_package) by extension 'colcon_meta'
[5.777s] Level 1:colcon.colcon_core.package_identification:_identify(src/my_package) by extensions ['ros']
[5.777s] Level 1:colcon.colcon_core.package_identification:_identify(src/my_package) by extension 'ros'
[5.821s] DEBUG:colcon.colcon_core.package_identification:Package 'src/my_package' with type 'ros.ament_python' and name 'my_package'
[5.821s] Level 1:colcon.colcon_core.package_discovery:discover_packages(recursive) using defaults
[5.822s] Level 1:colcon.colcon_core.package_discovery:discover_packages(ignore) discover
[5.822s] Level 1:colcon.colcon_core.package_discovery:discover_packages(ignore) using defaults
[5.822s] Level 1:colcon.colcon_core.package_discovery:discover_packages(path) discover
[5.822s] Level 1:colcon.colcon_core.package_discovery:discover_packages(path) using defaults
[6.146s] Level 1:colcon.colcon_core.package_discovery:discover_packages(prefix_path) check parameters
[6.146s] Level 1:colcon.colcon_core.package_discovery:discover_packages(prefix_path) discover
[6.350s] DEBUG:colcon.colcon_installed_package_information.package_discovery:Found 413 installed packages in /opt/ros/jazzy
[6.357s] Level 1:colcon.colcon_core.package_discovery:discover_packages(prefix_path) using defaults
[10.631s] Level 5:colcon.colcon_core.verb:set package 'my_package' build argument 'cmake_args' from command line to 'None'
[10.631s] Level 5:colcon.colcon_core.verb:set package 'my_package' build argument 'cmake_target' from command line to 'None'
[10.632s] Level 5:colcon.colcon_core.verb:set package 'my_package' build argument 'cmake_target_skip_unavailable' from command line to 'False'
[10.632s] Level 5:colcon.colcon_core.verb:set package 'my_package' build argument 'cmake_clean_cache' from command line to 'False'
[10.632s] Level 5:colcon.colcon_core.verb:set package 'my_package' build argument 'cmake_clean_first' from command line to 'False'
[10.632s] Level 5:colcon.colcon_core.verb:set package 'my_package' build argument 'cmake_force_configure' from command line to 'False'
[10.632s] Level 5:colcon.colcon_core.verb:set package 'my_package' build argument 'ament_cmake_args' from command line to 'None'
[10.632s] Level 5:colcon.colcon_core.verb:set package 'my_package' build argument 'catkin_cmake_args' from command line to 'None'
[10.632s] Level 5:colcon.colcon_core.verb:set package 'my_package' build argument 'catkin_skip_building_tests' from command line to 'False'
[10.632s] DEBUG:colcon.colcon_core.verb:Building package 'my_package' with the following arguments: {'ament_cmake_args': None, 'build_base': '/home/jesus/p_mando/build/my_package', 'catkin_cmake_args': None, 'catkin_skip_building_tests': False, 'cmake_args': None, 'cmake_clean_cache': False, 'cmake_clean_first': False, 'cmake_force_configure': False, 'cmake_target': None, 'cmake_target_skip_unavailable': False, 'install_base': '/home/jesus/p_mando/install/my_package', 'merge_install': False, 'path': '/home/jesus/p_mando/src/my_package', 'symlink_install': True, 'test_result_base': None}
[10.632s] INFO:colcon.colcon_core.executor:Executing jobs using 'parallel' executor
[10.633s] DEBUG:colcon.colcon_parallel_executor.executor.parallel:run_until_complete
[10.634s] INFO:colcon.colcon_ros.task.ament_python.build:Building ROS package in '/home/jesus/p_mando/src/my_package' with build type 'ament_python'
[10.634s] Level 1:colcon.colcon_core.shell:create_environment_hook('my_package', 'ament_prefix_path')
[10.773s] INFO:colcon.colcon_core.plugin_system:Skipping extension 'colcon_core.shell.bat': Not used on non-Windows systems
[10.774s] INFO:colcon.colcon_core.shell:Creating environment hook '/home/jesus/p_mando/install/my_package/share/my_package/hook/ament_prefix_path.ps1'
[10.790s] INFO:colcon.colcon_core.shell:Creating environment descriptor '/home/jesus/p_mando/install/my_package/share/my_package/hook/ament_prefix_path.dsv'
[10.799s] INFO:colcon.colcon_core.shell:Creating environment hook '/home/jesus/p_mando/install/my_package/share/my_package/hook/ament_prefix_path.sh'
[10.801s] INFO:colcon.colcon_core.shell:Skip shell extension 'powershell' for command environment: Not usable outside of PowerShell
[10.801s] DEBUG:colcon.colcon_core.shell:Skip shell extension 'dsv' for command environment
[11.238s] INFO:colcon.colcon_core.task.python.build:Building Python package in '/home/jesus/p_mando/src/my_package'
[11.238s] INFO:colcon.colcon_core.shell:Skip shell extension 'powershell' for command environment: Not usable outside of PowerShell
[11.239s] DEBUG:colcon.colcon_core.shell:Skip shell extension 'dsv' for command environment
[17.396s] DEBUG:colcon.colcon_core.event_handler.log_command:Invoking command in '/home/jesus/p_mando/build/my_package': DEBUGINFOD_URLS=https://debuginfod.ubuntu.com PYTHONPATH=/home/jesus/p_mando/build/my_package/prefix_override:/usr/lib/python3/dist-packages/colcon_core/task/python/colcon_distutils_commands:/home/jesus/p_mando/install/my_package/lib/python3.12/site-packages:${PYTHONPATH} /usr/bin/python3 -W ignore:setup.py install is deprecated -W ignore:easy_install command is deprecated setup.py develop --editable --build-directory /home/jesus/p_mando/build/my_package/build --no-deps symlink_data
[18.676s] Level 1:colcon.colcon_core.shell:create_environment_hook('my_package', 'pythonpath_develop')
[18.677s] INFO:colcon.colcon_core.shell:Creating environment hook '/home/jesus/p_mando/build/my_package/share/my_package/hook/pythonpath_develop.ps1'
[18.677s] DEBUG:colcon.colcon_core.event_handler.log_command:Invoked command in '/home/jesus/p_mando/build/my_package' returned '0': DEBUGINFOD_URLS=https://debuginfod.ubuntu.com PYTHONPATH=/home/jesus/p_mando/build/my_package/prefix_override:/usr/lib/python3/dist-packages/colcon_core/task/python/colcon_distutils_commands:/home/jesus/p_mando/install/my_package/lib/python3.12/site-packages:${PYTHONPATH} /usr/bin/python3 -W ignore:setup.py install is deprecated -W ignore:easy_install command is deprecated setup.py develop --editable --build-directory /home/jesus/p_mando/build/my_package/build --no-deps symlink_data
[18.678s] INFO:colcon.colcon_core.shell:Creating environment descriptor '/home/jesus/p_mando/build/my_package/share/my_package/hook/pythonpath_develop.dsv'
[18.679s] INFO:colcon.colcon_core.shell:Creating environment hook '/home/jesus/p_mando/build/my_package/share/my_package/hook/pythonpath_develop.sh'
[18.747s] Level 1:colcon.colcon_core.environment:checking '/home/jesus/p_mando/install/my_package' for CMake module files
[18.748s] Level 1:colcon.colcon_core.environment:checking '/home/jesus/p_mando/install/my_package' for CMake config files
[18.768s] Level 1:colcon.colcon_core.environment:checking '/home/jesus/p_mando/install/my_package/lib'
[18.769s] Level 1:colcon.colcon_core.environment:checking '/home/jesus/p_mando/install/my_package/bin'
[18.769s] Level 1:colcon.colcon_core.environment:checking '/home/jesus/p_mando/install/my_package/lib/pkgconfig/my_package.pc'
[18.770s] Level 1:colcon.colcon_core.environment:checking '/home/jesus/p_mando/install/my_package/lib/python3.12/site-packages'
[18.771s] Level 1:colcon.colcon_core.shell:create_environment_hook('my_package', 'pythonpath')
[18.772s] INFO:colcon.colcon_core.shell:Creating environment hook '/home/jesus/p_mando/install/my_package/share/my_package/hook/pythonpath.ps1'
[18.773s] INFO:colcon.colcon_core.shell:Creating environment descriptor '/home/jesus/p_mando/install/my_package/share/my_package/hook/pythonpath.dsv'
[18.775s] INFO:colcon.colcon_core.shell:Creating environment hook '/home/jesus/p_mando/install/my_package/share/my_package/hook/pythonpath.sh'
[18.777s] Level 1:colcon.colcon_core.environment:checking '/home/jesus/p_mando/install/my_package/bin'
[18.778s] Level 1:colcon.colcon_core.environment:create_environment_scripts_only(my_package)
[18.779s] INFO:colcon.colcon_core.shell:Creating package script '/home/jesus/p_mando/install/my_package/share/my_package/package.ps1'
[18.798s] INFO:colcon.colcon_core.shell:Creating package descriptor '/home/jesus/p_mando/install/my_package/share/my_package/package.dsv'
[18.816s] INFO:colcon.colcon_core.shell:Creating package script '/home/jesus/p_mando/install/my_package/share/my_package/package.sh'
[18.820s] INFO:colcon.colcon_core.shell:Creating package script '/home/jesus/p_mando/install/my_package/share/my_package/package.bash'
[18.834s] INFO:colcon.colcon_core.shell:Creating package script '/home/jesus/p_mando/install/my_package/share/my_package/package.zsh'
[18.843s] Level 1:colcon.colcon_core.environment:create_file_with_runtime_dependencies(/home/jesus/p_mando/install/my_package/share/colcon-core/packages/my_package)
[18.844s] DEBUG:colcon.colcon_parallel_executor.executor.parallel:closing loop
[18.846s] DEBUG:colcon.colcon_parallel_executor.executor.parallel:loop closed
[18.847s] DEBUG:colcon.colcon_parallel_executor.executor.parallel:run_until_complete finished with '0'
[18.847s] DEBUG:colcon.colcon_core.event_reactor:joining thread
[18.947s] INFO:colcon.colcon_core.plugin_system:Skipping extension 'colcon_notification.desktop_notification.terminal_notifier': Not used on non-Darwin systems
[18.948s] INFO:colcon.colcon_core.plugin_system:Skipping extension 'colcon_notification.desktop_notification.win32': Not used on non-Windows systems
[18.948s] INFO:colcon.colcon_notification.desktop_notification:Sending desktop notification using 'notify2'
[22.133s] DEBUG:colcon.colcon_core.event_reactor:joined thread
[22.134s] INFO:colcon.colcon_core.shell:Creating prefix script '/home/jesus/p_mando/install/local_setup.ps1'
[22.170s] INFO:colcon.colcon_core.shell:Creating prefix util module '/home/jesus/p_mando/install/_local_setup_util_ps1.py'
[22.191s] INFO:colcon.colcon_core.shell:Creating prefix chain script '/home/jesus/p_mando/install/setup.ps1'
[22.214s] INFO:colcon.colcon_core.shell:Creating prefix script '/home/jesus/p_mando/install/local_setup.sh'
[22.301s] INFO:colcon.colcon_core.shell:Creating prefix util module '/home/jesus/p_mando/install/_local_setup_util_sh.py'
[22.303s] INFO:colcon.colcon_core.shell:Creating prefix chain script '/home/jesus/p_mando/install/setup.sh'
[22.305s] INFO:colcon.colcon_core.shell:Creating prefix script '/home/jesus/p_mando/install/local_setup.bash'
[22.319s] INFO:colcon.colcon_core.shell:Creating prefix chain script '/home/jesus/p_mando/install/setup.bash'
[22.321s] INFO:colcon.colcon_core.shell:Creating prefix script '/home/jesus/p_mando/install/local_setup.zsh'
[22.340s] INFO:colcon.colcon_core.shell:Creating prefix chain script '/home/jesus/p_mando/install/setup.zsh'
