[12.915s] Invoking command in '/home/perry/Jesus/Prueba6/src/my_package': PYTHONPATH=/home/perry/Jesus/Prueba6/build/my_package/prefix_override:/usr/lib/python3/dist-packages/colcon_core/task/python/colcon_distutils_commands:/home/perry/Jesus/Prueba6/install/my_package/lib/python3.10/site-packages:${PYTHONPATH} /usr/bin/python3 -W ignore:setup.py install is deprecated -W ignore:easy_install command is deprecated setup.py egg_info --egg-base ../../build/my_package build --build-base /home/perry/Jesus/Prueba6/build/my_package/build install --record /home/perry/Jesus/Prueba6/build/my_package/install.log --single-version-externally-managed install_data
[17.406s] running egg_info
[17.417s] writing ../../build/my_package/my_package.egg-info/PKG-INFO
[17.421s] writing dependency_links to ../../build/my_package/my_package.egg-info/dependency_links.txt
[17.426s] writing entry points to ../../build/my_package/my_package.egg-info/entry_points.txt
[17.436s] writing requirements to ../../build/my_package/my_package.egg-info/requires.txt
[17.439s] writing top-level names to ../../build/my_package/my_package.egg-info/top_level.txt
[17.458s] reading manifest file '../../build/my_package/my_package.egg-info/SOURCES.txt'
[17.474s] writing manifest file '../../build/my_package/my_package.egg-info/SOURCES.txt'
[17.490s] running build
[17.506s] running build_py
[17.508s] copying my_package/nodo_IO.py -> /home/perry/Jesus/Prueba6/build/my_package/build/lib/my_package
[17.509s] running install
[17.511s] running install_lib
[17.521s] copying /home/perry/Jesus/Prueba6/build/my_package/build/lib/my_package/nodo_IO.py -> /home/perry/Jesus/Prueba6/install/my_package/lib/python3.10/site-packages/my_package
[17.535s] byte-compiling /home/perry/Jesus/Prueba6/install/my_package/lib/python3.10/site-packages/my_package/nodo_IO.py to nodo_IO.cpython-310.pyc
[17.553s] running install_data
[17.555s] running install_egg_info
[17.584s] removing '/home/perry/Jesus/Prueba6/install/my_package/lib/python3.10/site-packages/my_package-0.0.0-py3.10.egg-info' (and everything under it)
[17.592s] Copying ../../build/my_package/my_package.egg-info to /home/perry/Jesus/Prueba6/install/my_package/lib/python3.10/site-packages/my_package-0.0.0-py3.10.egg-info
[17.618s] running install_scripts
[17.807s] Installing nodo_IO script to /home/perry/Jesus/Prueba6/install/my_package/lib/my_package
[17.811s] Installing nodo_cinematica script to /home/perry/Jesus/Prueba6/install/my_package/lib/my_package
[17.814s] Installing nodo_mando script to /home/perry/Jesus/Prueba6/install/my_package/lib/my_package
[17.819s] Installing nodo_mensaje_recibido script to /home/perry/Jesus/Prueba6/install/my_package/lib/my_package
[17.820s] Installing pose_moveit script to /home/perry/Jesus/Prueba6/install/my_package/lib/my_package
[17.832s] writing list of installed files to '/home/perry/Jesus/Prueba6/build/my_package/install.log'
[18.114s] Invoked command in '/home/perry/Jesus/Prueba6/src/my_package' returned '0': PYTHONPATH=/home/perry/Jesus/Prueba6/build/my_package/prefix_override:/usr/lib/python3/dist-packages/colcon_core/task/python/colcon_distutils_commands:/home/perry/Jesus/Prueba6/install/my_package/lib/python3.10/site-packages:${PYTHONPATH} /usr/bin/python3 -W ignore:setup.py install is deprecated -W ignore:easy_install command is deprecated setup.py egg_info --egg-base ../../build/my_package build --build-base /home/perry/Jesus/Prueba6/build/my_package/build install --record /home/perry/Jesus/Prueba6/build/my_package/install.log --single-version-externally-managed install_data
