[0.367s] Invoking command in '/home/perry/Jesus/Prueba6/build/irc_ros_description': CMAKE_PREFIX_PATH=/opt/ros/humble /usr/bin/cmake --build /home/perry/Jesus/Prueba6/build/irc_ros_description -- -j4 -l4
[6.572s] Invoked command in '/home/perry/Jesus/Prueba6/build/irc_ros_description' returned '0': CMAKE_PREFIX_PATH=/opt/ros/humble /usr/bin/cmake --build /home/perry/Jesus/Prueba6/build/irc_ros_description -- -j4 -l4
[6.668s] Invoking command in '/home/perry/Jesus/Prueba6/build/irc_ros_description': CMAKE_PREFIX_PATH=/opt/ros/humble /usr/bin/cmake --install /home/perry/Jesus/Prueba6/build/irc_ros_description
[6.812s] -- Install configuration: "Debug"
[6.822s] -- Execute custom install script
[6.942s] -- Up-to-date symlink: /home/perry/Jesus/Prueba6/install/irc_ros_description/share/irc_ros_description/meshes/cpr_platform_medium/body.dae
[6.942s] -- Up-to-date symlink: /home/perry/Jesus/Prueba6/install/irc_ros_description/share/irc_ros_description/meshes/cpr_platform_medium/bodyColl.dae
[6.948s] -- Up-to-date symlink: /home/perry/Jesus/Prueba6/install/irc_ros_description/share/irc_ros_description/meshes/cpr_platform_medium/wheel.dae
[6.985s] -- Up-to-date symlink: /home/perry/Jesus/Prueba6/install/irc_ros_description/share/irc_ros_description/meshes/cpr_platform_medium/wheelColl.dae
[6.992s] -- Up-to-date symlink: /home/perry/Jesus/Prueba6/install/irc_ros_description/share/irc_ros_description/meshes/gripper_schmalz_ecbpmi/Joint0.dae
[6.995s] -- Up-to-date symlink: /home/perry/Jesus/Prueba6/install/irc_ros_description/share/irc_ros_description/meshes/gripper_schmalz_ecbpmi/Joint0Coll.dae
[7.032s] -- Up-to-date symlink: /home/perry/Jesus/Prueba6/install/irc_ros_description/share/irc_ros_description/meshes/igus_rebel_4dof_00/Joint0.dae
[7.081s] -- Up-to-date symlink: /home/perry/Jesus/Prueba6/install/irc_ros_description/share/irc_ros_description/meshes/igus_rebel_4dof_00/Joint0Coll.dae
[7.087s] -- Up-to-date symlink: /home/perry/Jesus/Prueba6/install/irc_ros_description/share/irc_ros_description/meshes/igus_rebel_4dof_00/Joint1.dae
[7.096s] -- Up-to-date symlink: /home/perry/Jesus/Prueba6/install/irc_ros_description/share/irc_ros_description/meshes/igus_rebel_4dof_00/Joint1Coll.dae
[7.097s] -- Up-to-date symlink: /home/perry/Jesus/Prueba6/install/irc_ros_description/share/irc_ros_description/meshes/igus_rebel_4dof_00/Joint2.dae
[7.098s] -- Up-to-date symlink: /home/perry/Jesus/Prueba6/install/irc_ros_description/share/irc_ros_description/meshes/igus_rebel_4dof_00/Joint2Coll.dae
[7.100s] -- Up-to-date symlink: /home/perry/Jesus/Prueba6/install/irc_ros_description/share/irc_ros_description/meshes/igus_rebel_4dof_00/Joint3.dae
[7.106s] -- Up-to-date symlink: /home/perry/Jesus/Prueba6/install/irc_ros_description/share/irc_ros_description/meshes/igus_rebel_4dof_00/Joint3Coll.dae
[7.111s] -- Up-to-date symlink: /home/perry/Jesus/Prueba6/install/irc_ros_description/share/irc_ros_description/meshes/igus_rebel_4dof_00/Joint4.dae
[7.113s] -- Up-to-date symlink: /home/perry/Jesus/Prueba6/install/irc_ros_description/share/irc_ros_description/meshes/igus_rebel_4dof_00/Joint4Coll.dae
[7.114s] -- Up-to-date symlink: /home/perry/Jesus/Prueba6/install/irc_ros_description/share/irc_ros_description/meshes/igus_rebel_4dof_pre/Joint0.dae
[7.117s] -- Up-to-date symlink: /home/perry/Jesus/Prueba6/install/irc_ros_description/share/irc_ros_description/meshes/igus_rebel_4dof_pre/Joint0Coll.dae
[7.118s] -- Up-to-date symlink: /home/perry/Jesus/Prueba6/install/irc_ros_description/share/irc_ros_description/meshes/igus_rebel_4dof_pre/Joint1.dae
[7.119s] -- Up-to-date symlink: /home/perry/Jesus/Prueba6/install/irc_ros_description/share/irc_ros_description/meshes/igus_rebel_4dof_pre/Joint1Coll.dae
[7.120s] -- Up-to-date symlink: /home/perry/Jesus/Prueba6/install/irc_ros_description/share/irc_ros_description/meshes/igus_rebel_4dof_pre/Joint2.dae
[7.147s] -- Up-to-date symlink: /home/perry/Jesus/Prueba6/install/irc_ros_description/share/irc_ros_description/meshes/igus_rebel_4dof_pre/Joint2Coll.dae
[7.164s] -- Up-to-date symlink: /home/perry/Jesus/Prueba6/install/irc_ros_description/share/irc_ros_description/meshes/igus_rebel_4dof_pre/Joint3.dae
[7.177s] -- Up-to-date symlink: /home/perry/Jesus/Prueba6/install/irc_ros_description/share/irc_ros_description/meshes/igus_rebel_4dof_pre/Joint3Coll.dae
[7.178s] -- Up-to-date symlink: /home/perry/Jesus/Prueba6/install/irc_ros_description/share/irc_ros_description/meshes/igus_rebel_4dof_pre/Joint4.dae
[7.185s] -- Up-to-date symlink: /home/perry/Jesus/Prueba6/install/irc_ros_description/share/irc_ros_description/meshes/igus_rebel_4dof_pre/Joint4Coll.dae
[7.187s] -- Up-to-date symlink: /home/perry/Jesus/Prueba6/install/irc_ros_description/share/irc_ros_description/meshes/igus_rebel_6dof_00/Joint0.dae
[7.200s] -- Up-to-date symlink: /home/perry/Jesus/Prueba6/install/irc_ros_description/share/irc_ros_description/meshes/igus_rebel_6dof_00/Joint0Coll.dae
[7.202s] -- Up-to-date symlink: /home/perry/Jesus/Prueba6/install/irc_ros_description/share/irc_ros_description/meshes/igus_rebel_6dof_00/Joint1.dae
[7.203s] -- Up-to-date symlink: /home/perry/Jesus/Prueba6/install/irc_ros_description/share/irc_ros_description/meshes/igus_rebel_6dof_00/Joint1Coll.dae
[7.204s] -- Up-to-date symlink: /home/perry/Jesus/Prueba6/install/irc_ros_description/share/irc_ros_description/meshes/igus_rebel_6dof_00/Joint2.dae
[7.205s] -- Up-to-date symlink: /home/perry/Jesus/Prueba6/install/irc_ros_description/share/irc_ros_description/meshes/igus_rebel_6dof_00/Joint2Coll.dae
[7.206s] -- Up-to-date symlink: /home/perry/Jesus/Prueba6/install/irc_ros_description/share/irc_ros_description/meshes/igus_rebel_6dof_00/Joint3.dae
[7.207s] -- Up-to-date symlink: /home/perry/Jesus/Prueba6/install/irc_ros_description/share/irc_ros_description/meshes/igus_rebel_6dof_00/Joint3Coll.dae
[7.208s] -- Up-to-date symlink: /home/perry/Jesus/Prueba6/install/irc_ros_description/share/irc_ros_description/meshes/igus_rebel_6dof_00/Joint4.dae
[7.209s] -- Up-to-date symlink: /home/perry/Jesus/Prueba6/install/irc_ros_description/share/irc_ros_description/meshes/igus_rebel_6dof_00/Joint4Coll.dae
[7.211s] -- Up-to-date symlink: /home/perry/Jesus/Prueba6/install/irc_ros_description/share/irc_ros_description/meshes/igus_rebel_6dof_00/Joint5.dae
[7.212s] -- Up-to-date symlink: /home/perry/Jesus/Prueba6/install/irc_ros_description/share/irc_ros_description/meshes/igus_rebel_6dof_00/Joint5Coll.dae
[7.213s] -- Up-to-date symlink: /home/perry/Jesus/Prueba6/install/irc_ros_description/share/irc_ros_description/meshes/igus_rebel_6dof_00/Joint6.dae
[7.213s] -- Up-to-date symlink: /home/perry/Jesus/Prueba6/install/irc_ros_description/share/irc_ros_description/meshes/igus_rebel_6dof_00/Joint6Coll.dae
[7.214s] -- Up-to-date symlink: /home/perry/Jesus/Prueba6/install/irc_ros_description/share/irc_ros_description/meshes/igus_rebel_6dof_pre/Joint0.dae
[7.214s] -- Up-to-date symlink: /home/perry/Jesus/Prueba6/install/irc_ros_description/share/irc_ros_description/meshes/igus_rebel_6dof_pre/Joint0Coll.dae
[7.215s] -- Up-to-date symlink: /home/perry/Jesus/Prueba6/install/irc_ros_description/share/irc_ros_description/meshes/igus_rebel_6dof_pre/Joint1.dae
[7.216s] -- Up-to-date symlink: /home/perry/Jesus/Prueba6/install/irc_ros_description/share/irc_ros_description/meshes/igus_rebel_6dof_pre/Joint1Coll.dae
[7.225s] -- Up-to-date symlink: /home/perry/Jesus/Prueba6/install/irc_ros_description/share/irc_ros_description/meshes/igus_rebel_6dof_pre/Joint2.dae
[7.226s] -- Up-to-date symlink: /home/perry/Jesus/Prueba6/install/irc_ros_description/share/irc_ros_description/meshes/igus_rebel_6dof_pre/Joint2Coll.dae
[7.228s] -- Up-to-date symlink: /home/perry/Jesus/Prueba6/install/irc_ros_description/share/irc_ros_description/meshes/igus_rebel_6dof_pre/Joint3.dae
[7.233s] -- Up-to-date symlink: /home/perry/Jesus/Prueba6/install/irc_ros_description/share/irc_ros_description/meshes/igus_rebel_6dof_pre/Joint3Coll.dae
[7.234s] -- Up-to-date symlink: /home/perry/Jesus/Prueba6/install/irc_ros_description/share/irc_ros_description/meshes/igus_rebel_6dof_pre/Joint4.dae
[7.242s] -- Up-to-date symlink: /home/perry/Jesus/Prueba6/install/irc_ros_description/share/irc_ros_description/meshes/igus_rebel_6dof_pre/Joint4Coll.dae
[7.245s] -- Up-to-date symlink: /home/perry/Jesus/Prueba6/install/irc_ros_description/share/irc_ros_description/meshes/igus_rebel_6dof_pre/Joint5.dae
[7.253s] -- Up-to-date symlink: /home/perry/Jesus/Prueba6/install/irc_ros_description/share/irc_ros_description/meshes/igus_rebel_6dof_pre/Joint5Coll.dae
[7.254s] -- Up-to-date symlink: /home/perry/Jesus/Prueba6/install/irc_ros_description/share/irc_ros_description/meshes/igus_rebel_6dof_pre/Joint6.dae
[7.255s] -- Up-to-date symlink: /home/perry/Jesus/Prueba6/install/irc_ros_description/share/irc_ros_description/meshes/igus_rebel_6dof_pre/Joint6Coll.dae
[7.264s] -- Up-to-date symlink: /home/perry/Jesus/Prueba6/install/irc_ros_description/share/irc_ros_description/meshes/igus_robolink_rl_dp_5/Joint0.dae
[7.265s] -- Up-to-date symlink: /home/perry/Jesus/Prueba6/install/irc_ros_description/share/irc_ros_description/meshes/igus_robolink_rl_dp_5/Joint0Coll.dae
[7.266s] -- Up-to-date symlink: /home/perry/Jesus/Prueba6/install/irc_ros_description/share/irc_ros_description/meshes/igus_robolink_rl_dp_5/Joint1.dae
[7.267s] -- Up-to-date symlink: /home/perry/Jesus/Prueba6/install/irc_ros_description/share/irc_ros_description/meshes/igus_robolink_rl_dp_5/Joint1Coll.dae
[7.272s] -- Up-to-date symlink: /home/perry/Jesus/Prueba6/install/irc_ros_description/share/irc_ros_description/meshes/igus_robolink_rl_dp_5/Joint2.dae
[7.273s] -- Up-to-date symlink: /home/perry/Jesus/Prueba6/install/irc_ros_description/share/irc_ros_description/meshes/igus_robolink_rl_dp_5/Joint2Coll.dae
[7.273s] -- Up-to-date symlink: /home/perry/Jesus/Prueba6/install/irc_ros_description/share/irc_ros_description/meshes/igus_robolink_rl_dp_5/Joint3.dae
[7.274s] -- Up-to-date symlink: /home/perry/Jesus/Prueba6/install/irc_ros_description/share/irc_ros_description/meshes/igus_robolink_rl_dp_5/Joint3Coll.dae
[7.280s] -- Up-to-date symlink: /home/perry/Jesus/Prueba6/install/irc_ros_description/share/irc_ros_description/meshes/igus_robolink_rl_dp_5/Joint4.dae
[7.281s] -- Up-to-date symlink: /home/perry/Jesus/Prueba6/install/irc_ros_description/share/irc_ros_description/meshes/igus_robolink_rl_dp_5/Joint4Coll.dae
[7.282s] -- Up-to-date symlink: /home/perry/Jesus/Prueba6/install/irc_ros_description/share/irc_ros_description/meshes/igus_robolink_rl_dp_5/Joint5.dae
[7.283s] -- Up-to-date symlink: /home/perry/Jesus/Prueba6/install/irc_ros_description/share/irc_ros_description/meshes/igus_robolink_rl_dp_5/Joint5Coll.dae
[7.284s] -- Up-to-date symlink: /home/perry/Jesus/Prueba6/install/irc_ros_description/share/irc_ros_description/launch/visualize.launch.py
[7.303s] -- Up-to-date symlink: /home/perry/Jesus/Prueba6/install/irc_ros_description/share/irc_ros_description/urdf/cpr_platform_medium.urdf.xacro
[7.305s] -- Up-to-date symlink: /home/perry/Jesus/Prueba6/install/irc_ros_description/share/irc_ros_description/urdf/grippers/ext_dio_gripper.description.xacro
[7.306s] -- Up-to-date symlink: /home/perry/Jesus/Prueba6/install/irc_ros_description/share/irc_ros_description/urdf/grippers/ext_dio_gripper.ros2_control.xacro
[7.307s] -- Up-to-date symlink: /home/perry/Jesus/Prueba6/install/irc_ros_description/share/irc_ros_description/urdf/grippers/grippers.macro.xacro
[7.309s] -- Up-to-date symlink: /home/perry/Jesus/Prueba6/install/irc_ros_description/share/irc_ros_description/urdf/grippers/schmalz_ecbpmi.description.xacro
[7.315s] -- Up-to-date symlink: /home/perry/Jesus/Prueba6/install/irc_ros_description/share/irc_ros_description/urdf/igus_rebel_4dof.urdf.xacro
[7.318s] -- Up-to-date symlink: /home/perry/Jesus/Prueba6/install/irc_ros_description/share/irc_ros_description/urdf/igus_rebel_6dof.urdf.xacro
[7.330s] -- Up-to-date symlink: /home/perry/Jesus/Prueba6/install/irc_ros_description/share/irc_ros_description/urdf/igus_robolink_rl_dp_5.urdf.xacro
[7.333s] -- Up-to-date symlink: /home/perry/Jesus/Prueba6/install/irc_ros_description/share/irc_ros_description/urdf/modules/din_rail.ros2_control.xacro
[7.340s] -- Up-to-date symlink: /home/perry/Jesus/Prueba6/install/irc_ros_description/share/irc_ros_description/urdf/modules/rebel.ros2_control.xacro
[7.344s] -- Up-to-date symlink: /home/perry/Jesus/Prueba6/install/irc_ros_description/share/irc_ros_description/urdf/platforms/cpr_platform_medium.description.xacro
[7.351s] -- Up-to-date symlink: /home/perry/Jesus/Prueba6/install/irc_ros_description/share/irc_ros_description/urdf/platforms/cpr_platform_medium.macro.xacro
[7.354s] -- Up-to-date symlink: /home/perry/Jesus/Prueba6/install/irc_ros_description/share/irc_ros_description/urdf/platforms/cpr_platform_medium.ros2_control.xacro
[7.360s] -- Up-to-date symlink: /home/perry/Jesus/Prueba6/install/irc_ros_description/share/irc_ros_description/urdf/rebel_on_platform.urdf.xacro
[7.380s] -- Up-to-date symlink: /home/perry/Jesus/Prueba6/install/irc_ros_description/share/irc_ros_description/urdf/robots/igus_rebel_4dof.macro.xacro
[7.381s] -- Up-to-date symlink: /home/perry/Jesus/Prueba6/install/irc_ros_description/share/irc_ros_description/urdf/robots/igus_rebel_4dof_00.description.xacro
[7.382s] -- Up-to-date symlink: /home/perry/Jesus/Prueba6/install/irc_ros_description/share/irc_ros_description/urdf/robots/igus_rebel_4dof_00.ros2_control.xacro
[7.386s] -- Up-to-date symlink: /home/perry/Jesus/Prueba6/install/irc_ros_description/share/irc_ros_description/urdf/robots/igus_rebel_4dof_01.description.xacro
[7.390s] -- Up-to-date symlink: /home/perry/Jesus/Prueba6/install/irc_ros_description/share/irc_ros_description/urdf/robots/igus_rebel_4dof_01.ros2_control.xacro
[7.403s] -- Up-to-date symlink: /home/perry/Jesus/Prueba6/install/irc_ros_description/share/irc_ros_description/urdf/robots/igus_rebel_6dof.macro.xacro
[7.404s] -- Up-to-date symlink: /home/perry/Jesus/Prueba6/install/irc_ros_description/share/irc_ros_description/urdf/robots/igus_rebel_6dof_00.description.xacro
[7.426s] -- Up-to-date symlink: /home/perry/Jesus/Prueba6/install/irc_ros_description/share/irc_ros_description/urdf/robots/igus_rebel_6dof_00.ros2_control.xacro
[7.431s] -- Up-to-date symlink: /home/perry/Jesus/Prueba6/install/irc_ros_description/share/irc_ros_description/urdf/robots/igus_rebel_6dof_01.description.xacro
[7.434s] -- Up-to-date symlink: /home/perry/Jesus/Prueba6/install/irc_ros_description/share/irc_ros_description/urdf/robots/igus_rebel_6dof_01.ros2_control.xacro
[7.440s] -- Up-to-date symlink: /home/perry/Jesus/Prueba6/install/irc_ros_description/share/irc_ros_description/urdf/robots/igus_rebel_6dof_pre.description.xacro
[7.464s] -- Up-to-date symlink: /home/perry/Jesus/Prueba6/install/irc_ros_description/share/irc_ros_description/urdf/robots/igus_rebel_6dof_pre.ros2_control.xacro
[7.467s] -- Up-to-date symlink: /home/perry/Jesus/Prueba6/install/irc_ros_description/share/irc_ros_description/urdf/robots/igus_robolink_rl_dp_5.description.xacro
[7.475s] -- Up-to-date symlink: /home/perry/Jesus/Prueba6/install/irc_ros_description/share/irc_ros_description/urdf/robots/igus_robolink_rl_dp_5.macro.xacro
[7.476s] -- Up-to-date symlink: /home/perry/Jesus/Prueba6/install/irc_ros_description/share/irc_ros_description/urdf/robots/igus_robolink_rl_dp_5.ros2_control.xacro
[7.477s] -- Up-to-date symlink: /home/perry/Jesus/Prueba6/install/irc_ros_description/share/irc_ros_description/rviz/platform.rviz
[7.478s] -- Up-to-date symlink: /home/perry/Jesus/Prueba6/install/irc_ros_description/share/irc_ros_description/rviz/rebel.rviz
[7.479s] -- Up-to-date symlink: /home/perry/Jesus/Prueba6/install/irc_ros_description/share/ament_index/resource_index/package_run_dependencies/irc_ros_description
[7.493s] -- Up-to-date symlink: /home/perry/Jesus/Prueba6/install/irc_ros_description/share/ament_index/resource_index/parent_prefix_path/irc_ros_description
[7.494s] -- Up-to-date symlink: /home/perry/Jesus/Prueba6/install/irc_ros_description/share/irc_ros_description/environment/ament_prefix_path.sh
[7.494s] -- Up-to-date symlink: /home/perry/Jesus/Prueba6/install/irc_ros_description/share/irc_ros_description/environment/ament_prefix_path.dsv
[7.495s] -- Up-to-date symlink: /home/perry/Jesus/Prueba6/install/irc_ros_description/share/irc_ros_description/environment/path.sh
[7.504s] -- Up-to-date symlink: /home/perry/Jesus/Prueba6/install/irc_ros_description/share/irc_ros_description/environment/path.dsv
[7.530s] -- Up-to-date symlink: /home/perry/Jesus/Prueba6/install/irc_ros_description/share/irc_ros_description/local_setup.bash
[7.531s] -- Up-to-date symlink: /home/perry/Jesus/Prueba6/install/irc_ros_description/share/irc_ros_description/local_setup.sh
[7.550s] -- Up-to-date symlink: /home/perry/Jesus/Prueba6/install/irc_ros_description/share/irc_ros_description/local_setup.zsh
[7.554s] -- Up-to-date symlink: /home/perry/Jesus/Prueba6/install/irc_ros_description/share/irc_ros_description/local_setup.dsv
[7.555s] -- Symlinking: /home/perry/Jesus/Prueba6/install/irc_ros_description/share/irc_ros_description/package.dsv
[7.702s] -- Up-to-date symlink: /home/perry/Jesus/Prueba6/install/irc_ros_description/share/ament_index/resource_index/packages/irc_ros_description
[7.715s] -- Up-to-date symlink: /home/perry/Jesus/Prueba6/install/irc_ros_description/share/irc_ros_description/cmake/irc_ros_descriptionConfig.cmake
[7.726s] -- Up-to-date symlink: /home/perry/Jesus/Prueba6/install/irc_ros_description/share/irc_ros_description/cmake/irc_ros_descriptionConfig-version.cmake
[7.728s] -- Up-to-date symlink: /home/perry/Jesus/Prueba6/install/irc_ros_description/share/irc_ros_description/package.xml
[7.769s] Invoked command in '/home/perry/Jesus/Prueba6/build/irc_ros_description' returned '0': CMAKE_PREFIX_PATH=/opt/ros/humble /usr/bin/cmake --install /home/perry/Jesus/Prueba6/build/irc_ros_description
