[0.196s] Invoking command in '/home/perry/Jesus/Prueba6/build/hello_moveit': CMAKE_PREFIX_PATH=${CMAKE_PREFIX_PATH}:/home/perry/Jesus/Prueba6/install/my_package:/opt/ros/humble /usr/bin/cmake /home/perry/Jesus/Prueba6/src/hello_moveit -DCMAKE_INSTALL_PREFIX=/home/perry/Jesus/Prueba6/install/hello_moveit
[0.575s] -- Found ament_cmake: 1.3.11 (/opt/ros/humble/share/ament_cmake/cmake)
[2.702s] -- Override CMake install command with custom implementation using symlinks instead of copying resources
[3.055s] -- Found moveit_ros_planning_interface: 2.5.8 (/opt/ros/humble/share/moveit_ros_planning_interface/cmake)
[3.311s] -- Found Boost: /usr/lib/aarch64-linux-gnu/cmake/Boost-1.74.0/BoostConfig.cmake (found version "1.74.0") found components: date_time filesystem program_options system thread 
[3.830s] -- Found rosidl_generator_c: 3.1.6 (/opt/ros/humble/share/rosidl_generator_c/cmake)
[3.860s] -- Found rosidl_adapter: 3.1.6 (/opt/ros/humble/share/rosidl_adapter/cmake)
[3.927s] -- Found rosidl_generator_cpp: 3.1.6 (/opt/ros/humble/share/rosidl_generator_cpp/cmake)
[4.040s] -- Using all available rosidl_typesupport_c: rosidl_typesupport_fastrtps_c;rosidl_typesupport_introspection_c
[4.210s] -- Using all available rosidl_typesupport_cpp: rosidl_typesupport_fastrtps_cpp;rosidl_typesupport_introspection_cpp
[6.622s] -- Found Boost: /usr/lib/aarch64-linux-gnu/cmake/Boost-1.74.0/BoostConfig.cmake (found version "1.74.0") found components: chrono date_time filesystem iostreams program_options regex serialization system thread 
[6.952s] -- Found parameter_traits: 0.4.0 (/opt/ros/humble/share/parameter_traits/cmake)
[7.455s] -- Found rmw_implementation_cmake: 6.1.2 (/opt/ros/humble/share/rmw_implementation_cmake/cmake)
[7.491s] -- Found rmw_fastrtps_cpp: 6.2.7 (/opt/ros/humble/share/rmw_fastrtps_cpp/cmake)
[9.587s] -- Using RMW implementation 'rmw_fastrtps_cpp' as default
[10.108s] -- Found rclcpp_lifecycle: 16.0.12 (/opt/ros/humble/share/rclcpp_lifecycle/cmake)
[10.352s] -- Found Boost: /usr/lib/aarch64-linux-gnu/cmake/Boost-1.74.0/BoostConfig.cmake (found version "1.74.0") found components: filesystem 
[10.900s] -- library: /usr/lib/aarch64-linux-gnu/libcurl.so
[11.137s] -- Ensuring Eigen3 include directory is part of orocos-kdl CMake target
[12.315s] -- Found Boost: /usr/lib/aarch64-linux-gnu/cmake/Boost-1.74.0/BoostConfig.cmake (found version "1.74.0") found components: system filesystem date_time program_options thread chrono 
[12.515s] -- Found Boost: /usr/lib/aarch64-linux-gnu/cmake/Boost-1.74.0/BoostConfig.cmake (found version "1.74.0") found components: thread system filesystem regex date_time program_options 
[12.648s] -- Found Boost: /usr/lib/aarch64-linux-gnu/cmake/Boost-1.74.0/BoostConfig.cmake (found version "1.74.0") found components: system filesystem date_time program_options thread 
[12.888s] -- Found ament_lint_auto: 0.12.12 (/opt/ros/humble/share/ament_lint_auto/cmake)
[13.669s] -- Added test 'cppcheck' to perform static code analysis on C / C++ code
[13.671s] -- Configured cppcheck include dirs: $<BUILD_INTERFACE:/home/perry/Jesus/Prueba6/src/hello_moveit/include>
[13.672s] -- Configured cppcheck exclude dirs and/or files: 
[13.676s] -- Added test 'lint_cmake' to check CMake code style
[13.686s] -- Added test 'uncrustify' to check C / C++ code style
[13.687s] -- Configured uncrustify additional arguments: 
[13.689s] -- Added test 'xmllint' to check XML markup files
[13.706s] -- Configuring done
[14.088s] -- Generating done
[14.196s] -- Build files have been written to: /home/perry/Jesus/Prueba6/build/hello_moveit
[14.489s] Invoked command in '/home/perry/Jesus/Prueba6/build/hello_moveit' returned '0': CMAKE_PREFIX_PATH=${CMAKE_PREFIX_PATH}:/home/perry/Jesus/Prueba6/install/my_package:/opt/ros/humble /usr/bin/cmake /home/perry/Jesus/Prueba6/src/hello_moveit -DCMAKE_INSTALL_PREFIX=/home/perry/Jesus/Prueba6/install/hello_moveit
[14.534s] Invoking command in '/home/perry/Jesus/Prueba6/build/hello_moveit': CMAKE_PREFIX_PATH=${CMAKE_PREFIX_PATH}:/home/perry/Jesus/Prueba6/install/my_package:/opt/ros/humble /usr/bin/cmake --build /home/perry/Jesus/Prueba6/build/hello_moveit -- -j4 -l4
[15.264s] [35m[1mConsolidate compiler generated dependencies of target hello_moveit[0m
[15.420s] [100%] Built target hello_moveit
[15.577s] Invoked command in '/home/perry/Jesus/Prueba6/build/hello_moveit' returned '0': CMAKE_PREFIX_PATH=${CMAKE_PREFIX_PATH}:/home/perry/Jesus/Prueba6/install/my_package:/opt/ros/humble /usr/bin/cmake --build /home/perry/Jesus/Prueba6/build/hello_moveit -- -j4 -l4
[15.696s] Invoking command in '/home/perry/Jesus/Prueba6/build/hello_moveit': CMAKE_PREFIX_PATH=${CMAKE_PREFIX_PATH}:/home/perry/Jesus/Prueba6/install/my_package:/opt/ros/humble /usr/bin/cmake --install /home/perry/Jesus/Prueba6/build/hello_moveit
[15.802s] -- Install configuration: "Debug"
[15.809s] -- Execute custom install script
[15.811s] -- Up-to-date symlink: /home/perry/Jesus/Prueba6/install/hello_moveit/lib/hello_moveit/hello_moveit
[15.816s] -- Up-to-date symlink: /home/perry/Jesus/Prueba6/install/hello_moveit/share/ament_index/resource_index/package_run_dependencies/hello_moveit
[15.823s] -- Up-to-date symlink: /home/perry/Jesus/Prueba6/install/hello_moveit/share/ament_index/resource_index/parent_prefix_path/hello_moveit
[15.832s] -- Up-to-date symlink: /home/perry/Jesus/Prueba6/install/hello_moveit/share/hello_moveit/environment/ament_prefix_path.sh
[15.839s] -- Up-to-date symlink: /home/perry/Jesus/Prueba6/install/hello_moveit/share/hello_moveit/environment/ament_prefix_path.dsv
[15.850s] -- Up-to-date symlink: /home/perry/Jesus/Prueba6/install/hello_moveit/share/hello_moveit/environment/path.sh
[15.852s] -- Up-to-date symlink: /home/perry/Jesus/Prueba6/install/hello_moveit/share/hello_moveit/environment/path.dsv
[15.860s] -- Up-to-date symlink: /home/perry/Jesus/Prueba6/install/hello_moveit/share/hello_moveit/local_setup.bash
[15.865s] -- Up-to-date symlink: /home/perry/Jesus/Prueba6/install/hello_moveit/share/hello_moveit/local_setup.sh
[15.873s] -- Up-to-date symlink: /home/perry/Jesus/Prueba6/install/hello_moveit/share/hello_moveit/local_setup.zsh
[15.880s] -- Up-to-date symlink: /home/perry/Jesus/Prueba6/install/hello_moveit/share/hello_moveit/local_setup.dsv
[15.882s] -- Symlinking: /home/perry/Jesus/Prueba6/install/hello_moveit/share/hello_moveit/package.dsv
[16.000s] -- Up-to-date symlink: /home/perry/Jesus/Prueba6/install/hello_moveit/share/ament_index/resource_index/packages/hello_moveit
[16.005s] -- Up-to-date symlink: /home/perry/Jesus/Prueba6/install/hello_moveit/share/hello_moveit/cmake/hello_moveitConfig.cmake
[16.009s] -- Up-to-date symlink: /home/perry/Jesus/Prueba6/install/hello_moveit/share/hello_moveit/cmake/hello_moveitConfig-version.cmake
[16.012s] -- Up-to-date symlink: /home/perry/Jesus/Prueba6/install/hello_moveit/share/hello_moveit/package.xml
[16.038s] Invoked command in '/home/perry/Jesus/Prueba6/build/hello_moveit' returned '0': CMAKE_PREFIX_PATH=${CMAKE_PREFIX_PATH}:/home/perry/Jesus/Prueba6/install/my_package:/opt/ros/humble /usr/bin/cmake --install /home/perry/Jesus/Prueba6/build/hello_moveit
