[18.926s] Invoking command in '/home/perry/Jesus/Prueba6/src/my_package': PYTHONPATH=/home/perry/Jesus/Prueba6/build/my_package/prefix_override:/usr/lib/python3/dist-packages/colcon_core/task/python/colcon_distutils_commands:/home/perry/Jesus/Prueba6/install/my_package/lib/python3.10/site-packages:${PYTHONPATH} /usr/bin/python3 -W ignore:setup.py install is deprecated -W ignore:easy_install command is deprecated setup.py egg_info --egg-base ../../build/my_package build --build-base /home/perry/Jesus/Prueba6/build/my_package/build install --record /home/perry/Jesus/Prueba6/build/my_package/install.log --single-version-externally-managed install_data
[24.357s] running egg_info
[24.366s] writing ../../build/my_package/my_package.egg-info/PKG-INFO
[24.370s] writing dependency_links to ../../build/my_package/my_package.egg-info/dependency_links.txt
[24.380s] writing entry points to ../../build/my_package/my_package.egg-info/entry_points.txt
[24.383s] writing requirements to ../../build/my_package/my_package.egg-info/requires.txt
[24.387s] writing top-level names to ../../build/my_package/my_package.egg-info/top_level.txt
[24.405s] reading manifest file '../../build/my_package/my_package.egg-info/SOURCES.txt'
[24.415s] writing manifest file '../../build/my_package/my_package.egg-info/SOURCES.txt'
[24.419s] running build
[24.428s] running build_py
[24.430s] running install
[24.433s] running install_lib
[24.454s] running install_data
[24.457s] running install_egg_info
[24.480s] removing '/home/perry/Jesus/Prueba6/install/my_package/lib/python3.10/site-packages/my_package-0.0.0-py3.10.egg-info' (and everything under it)
[24.486s] Copying ../../build/my_package/my_package.egg-info to /home/perry/Jesus/Prueba6/install/my_package/lib/python3.10/site-packages/my_package-0.0.0-py3.10.egg-info
[24.510s] running install_scripts
[24.764s] Installing nodo_cinematica script to /home/perry/Jesus/Prueba6/install/my_package/lib/my_package
[24.771s] Installing nodo_cinematica_inv script to /home/perry/Jesus/Prueba6/install/my_package/lib/my_package
[24.776s] Installing nodo_mando script to /home/perry/Jesus/Prueba6/install/my_package/lib/my_package
[24.778s] writing list of installed files to '/home/perry/Jesus/Prueba6/build/my_package/install.log'
[25.132s] Invoked command in '/home/perry/Jesus/Prueba6/src/my_package' returned '0': PYTHONPATH=/home/perry/Jesus/Prueba6/build/my_package/prefix_override:/usr/lib/python3/dist-packages/colcon_core/task/python/colcon_distutils_commands:/home/perry/Jesus/Prueba6/install/my_package/lib/python3.10/site-packages:${PYTHONPATH} /usr/bin/python3 -W ignore:setup.py install is deprecated -W ignore:easy_install command is deprecated setup.py egg_info --egg-base ../../build/my_package build --build-base /home/perry/Jesus/Prueba6/build/my_package/build install --record /home/perry/Jesus/Prueba6/build/my_package/install.log --single-version-externally-managed install_data
