[2.488s] DEBUG:colcon:Command line arguments: ['/usr/bin/colcon', 'build']
[2.489s] DEBUG:colcon:Parsed command line arguments: Namespace(log_base=None, log_level=None, verb_name='build', build_base='build', install_base='install', merge_install=False, symlink_install=False, test_result_base=None, continue_on_error=False, executor='parallel', parallel_workers=4, event_handlers=None, ignore_user_meta=False, metas=['./colcon.meta'], base_paths=['.'], packages_ignore=None, packages_ignore_regex=None, paths=None, packages_up_to=None, packages_up_to_regex=None, packages_above=None, packages_above_and_dependencies=None, packages_above_depth=None, packages_select_by_dep=None, packages_skip_by_dep=None, packages_skip_up_to=None, packages_select_build_failed=False, packages_skip_build_finished=False, packages_select_test_failures=False, packages_skip_test_passed=False, packages_select=None, packages_skip=None, packages_select_regex=None, packages_skip_regex=None, packages_start=None, packages_end=None, allow_overriding=[], cmake_args=None, cmake_target=None, cmake_target_skip_unavailable=False, cmake_clean_cache=False, cmake_clean_first=False, cmake_force_configure=False, ament_cmake_args=None, catkin_cmake_args=None, catkin_skip_building_tests=False, mixin_files=None, mixin=None, verb_parser=<colcon_mixin.mixin.mixin_argument.MixinArgumentDecorator object at 0xffffad4b7eb0>, verb_extension=<colcon_core.verb.build.BuildVerb object at 0xffffad4b7a00>, main=<bound method BuildVerb.main of <colcon_core.verb.build.BuildVerb object at 0xffffad4b7a00>>, mixin_verb=('build',))
[5.564s] Level 1:colcon.colcon_core.package_discovery:discover_packages(colcon_meta) check parameters
[5.565s] Level 1:colcon.colcon_core.package_discovery:discover_packages(recursive) check parameters
[5.566s] Level 1:colcon.colcon_core.package_discovery:discover_packages(ignore) check parameters
[5.566s] Level 1:colcon.colcon_core.package_discovery:discover_packages(path) check parameters
[5.566s] Level 1:colcon.colcon_core.package_discovery:discover_packages(colcon_meta) discover
[5.567s] Level 1:colcon.colcon_core.package_discovery:discover_packages(recursive) discover
[5.568s] INFO:colcon.colcon_core.package_discovery:Crawling recursively for packages in '/home/perry/Jesus/Prueba6'
[5.569s] Level 1:colcon.colcon_core.package_identification:_identify(.) by extensions ['ignore', 'ignore_ament_install']
[5.570s] Level 1:colcon.colcon_core.package_identification:_identify(.) by extension 'ignore'
[5.570s] Level 1:colcon.colcon_core.package_identification:_identify(.) by extension 'ignore_ament_install'
[5.571s] Level 1:colcon.colcon_core.package_identification:_identify(.) by extensions ['colcon_pkg']
[5.571s] Level 1:colcon.colcon_core.package_identification:_identify(.) by extension 'colcon_pkg'
[5.571s] Level 1:colcon.colcon_core.package_identification:_identify(.) by extensions ['colcon_meta']
[5.572s] Level 1:colcon.colcon_core.package_identification:_identify(.) by extension 'colcon_meta'
[5.572s] Level 1:colcon.colcon_core.package_identification:_identify(.) by extensions ['ros']
[5.572s] Level 1:colcon.colcon_core.package_identification:_identify(.) by extension 'ros'
[5.794s] Level 1:colcon.colcon_core.package_identification:_identify(.) by extensions ['cmake', 'python']
[5.794s] Level 1:colcon.colcon_core.package_identification:_identify(.) by extension 'cmake'
[5.795s] Level 1:colcon.colcon_core.package_identification:_identify(.) by extension 'python'
[5.795s] Level 1:colcon.colcon_core.package_identification:_identify(.) by extensions ['python_setup_py']
[5.796s] Level 1:colcon.colcon_core.package_identification:_identify(.) by extension 'python_setup_py'
[5.797s] Level 1:colcon.colcon_core.package_identification:_identify(build) by extensions ['ignore', 'ignore_ament_install']
[5.798s] Level 1:colcon.colcon_core.package_identification:_identify(build) by extension 'ignore'
[5.799s] Level 1:colcon.colcon_core.package_identification:_identify(build) ignored
[5.800s] Level 1:colcon.colcon_core.package_identification:_identify(install) by extensions ['ignore', 'ignore_ament_install']
[5.801s] Level 1:colcon.colcon_core.package_identification:_identify(install) by extension 'ignore'
[5.801s] Level 1:colcon.colcon_core.package_identification:_identify(install) ignored
[5.802s] Level 1:colcon.colcon_core.package_identification:_identify(log) by extensions ['ignore', 'ignore_ament_install']
[5.803s] Level 1:colcon.colcon_core.package_identification:_identify(log) by extension 'ignore'
[5.804s] Level 1:colcon.colcon_core.package_identification:_identify(log) ignored
[5.805s] Level 1:colcon.colcon_core.package_identification:_identify(src) by extensions ['ignore', 'ignore_ament_install']
[5.806s] Level 1:colcon.colcon_core.package_identification:_identify(src) by extension 'ignore'
[5.806s] Level 1:colcon.colcon_core.package_identification:_identify(src) by extension 'ignore_ament_install'
[5.807s] Level 1:colcon.colcon_core.package_identification:_identify(src) by extensions ['colcon_pkg']
[5.807s] Level 1:colcon.colcon_core.package_identification:_identify(src) by extension 'colcon_pkg'
[5.807s] Level 1:colcon.colcon_core.package_identification:_identify(src) by extensions ['colcon_meta']
[5.808s] Level 1:colcon.colcon_core.package_identification:_identify(src) by extension 'colcon_meta'
[5.808s] Level 1:colcon.colcon_core.package_identification:_identify(src) by extensions ['ros']
[5.808s] Level 1:colcon.colcon_core.package_identification:_identify(src) by extension 'ros'
[5.809s] Level 1:colcon.colcon_core.package_identification:_identify(src) by extensions ['cmake', 'python']
[5.810s] Level 1:colcon.colcon_core.package_identification:_identify(src) by extension 'cmake'
[5.810s] Level 1:colcon.colcon_core.package_identification:_identify(src) by extension 'python'
[5.810s] Level 1:colcon.colcon_core.package_identification:_identify(src) by extensions ['python_setup_py']
[5.811s] Level 1:colcon.colcon_core.package_identification:_identify(src) by extension 'python_setup_py'
[5.812s] Level 1:colcon.colcon_core.package_identification:_identify(src/hello_moveit) by extensions ['ignore', 'ignore_ament_install']
[5.813s] Level 1:colcon.colcon_core.package_identification:_identify(src/hello_moveit) by extension 'ignore'
[5.813s] Level 1:colcon.colcon_core.package_identification:_identify(src/hello_moveit) by extension 'ignore_ament_install'
[5.814s] Level 1:colcon.colcon_core.package_identification:_identify(src/hello_moveit) by extensions ['colcon_pkg']
[5.814s] Level 1:colcon.colcon_core.package_identification:_identify(src/hello_moveit) by extension 'colcon_pkg'
[5.815s] Level 1:colcon.colcon_core.package_identification:_identify(src/hello_moveit) by extensions ['colcon_meta']
[5.815s] Level 1:colcon.colcon_core.package_identification:_identify(src/hello_moveit) by extension 'colcon_meta'
[5.815s] Level 1:colcon.colcon_core.package_identification:_identify(src/hello_moveit) by extensions ['ros']
[5.816s] Level 1:colcon.colcon_core.package_identification:_identify(src/hello_moveit) by extension 'ros'
[5.872s] DEBUG:colcon.colcon_core.package_identification:Package 'src/hello_moveit' with type 'ros.ament_cmake' and name 'hello_moveit'
[5.873s] Level 1:colcon.colcon_core.package_identification:_identify(src/irc_ros_description) by extensions ['ignore', 'ignore_ament_install']
[5.873s] Level 1:colcon.colcon_core.package_identification:_identify(src/irc_ros_description) by extension 'ignore'
[5.874s] Level 1:colcon.colcon_core.package_identification:_identify(src/irc_ros_description) by extension 'ignore_ament_install'
[5.875s] Level 1:colcon.colcon_core.package_identification:_identify(src/irc_ros_description) by extensions ['colcon_pkg']
[5.875s] Level 1:colcon.colcon_core.package_identification:_identify(src/irc_ros_description) by extension 'colcon_pkg'
[5.875s] Level 1:colcon.colcon_core.package_identification:_identify(src/irc_ros_description) by extensions ['colcon_meta']
[5.876s] Level 1:colcon.colcon_core.package_identification:_identify(src/irc_ros_description) by extension 'colcon_meta'
[5.876s] Level 1:colcon.colcon_core.package_identification:_identify(src/irc_ros_description) by extensions ['ros']
[5.876s] Level 1:colcon.colcon_core.package_identification:_identify(src/irc_ros_description) by extension 'ros'
[5.893s] DEBUG:colcon.colcon_core.package_identification:Package 'src/irc_ros_description' with type 'ros.ament_cmake' and name 'irc_ros_description'
[5.895s] Level 1:colcon.colcon_core.package_identification:_identify(src/moveit2_pose_target) by extensions ['ignore', 'ignore_ament_install']
[5.896s] Level 1:colcon.colcon_core.package_identification:_identify(src/moveit2_pose_target) by extension 'ignore'
[5.897s] Level 1:colcon.colcon_core.package_identification:_identify(src/moveit2_pose_target) by extension 'ignore_ament_install'
[5.898s] Level 1:colcon.colcon_core.package_identification:_identify(src/moveit2_pose_target) by extensions ['colcon_pkg']
[5.898s] Level 1:colcon.colcon_core.package_identification:_identify(src/moveit2_pose_target) by extension 'colcon_pkg'
[5.899s] Level 1:colcon.colcon_core.package_identification:_identify(src/moveit2_pose_target) by extensions ['colcon_meta']
[5.899s] Level 1:colcon.colcon_core.package_identification:_identify(src/moveit2_pose_target) by extension 'colcon_meta'
[5.899s] Level 1:colcon.colcon_core.package_identification:_identify(src/moveit2_pose_target) by extensions ['ros']
[5.900s] Level 1:colcon.colcon_core.package_identification:_identify(src/moveit2_pose_target) by extension 'ros'
[5.912s] DEBUG:colcon.colcon_core.package_identification:Package 'src/moveit2_pose_target' with type 'ros.ament_cmake' and name 'moveit2_pose_target'
[5.913s] Level 1:colcon.colcon_core.package_identification:_identify(src/my_package) by extensions ['ignore', 'ignore_ament_install']
[5.914s] Level 1:colcon.colcon_core.package_identification:_identify(src/my_package) by extension 'ignore'
[5.914s] Level 1:colcon.colcon_core.package_identification:_identify(src/my_package) by extension 'ignore_ament_install'
[5.915s] Level 1:colcon.colcon_core.package_identification:_identify(src/my_package) by extensions ['colcon_pkg']
[5.915s] Level 1:colcon.colcon_core.package_identification:_identify(src/my_package) by extension 'colcon_pkg'
[5.915s] Level 1:colcon.colcon_core.package_identification:_identify(src/my_package) by extensions ['colcon_meta']
[5.916s] Level 1:colcon.colcon_core.package_identification:_identify(src/my_package) by extension 'colcon_meta'
[5.916s] Level 1:colcon.colcon_core.package_identification:_identify(src/my_package) by extensions ['ros']
[5.917s] Level 1:colcon.colcon_core.package_identification:_identify(src/my_package) by extension 'ros'
[5.921s] DEBUG:colcon.colcon_core.package_identification:Package 'src/my_package' with type 'ros.ament_python' and name 'my_package'
[5.922s] Level 1:colcon.colcon_core.package_identification:_identify(src/robot) by extensions ['ignore', 'ignore_ament_install']
[5.923s] Level 1:colcon.colcon_core.package_identification:_identify(src/robot) by extension 'ignore'
[5.923s] Level 1:colcon.colcon_core.package_identification:_identify(src/robot) by extension 'ignore_ament_install'
[5.924s] Level 1:colcon.colcon_core.package_identification:_identify(src/robot) by extensions ['colcon_pkg']
[5.925s] Level 1:colcon.colcon_core.package_identification:_identify(src/robot) by extension 'colcon_pkg'
[5.925s] Level 1:colcon.colcon_core.package_identification:_identify(src/robot) by extensions ['colcon_meta']
[5.925s] Level 1:colcon.colcon_core.package_identification:_identify(src/robot) by extension 'colcon_meta'
[5.926s] Level 1:colcon.colcon_core.package_identification:_identify(src/robot) by extensions ['ros']
[5.926s] Level 1:colcon.colcon_core.package_identification:_identify(src/robot) by extension 'ros'
[5.939s] DEBUG:colcon.colcon_core.package_identification:Package 'src/robot' with type 'ros.ament_cmake' and name 'robot'
[5.940s] Level 1:colcon.colcon_core.package_discovery:discover_packages(recursive) using defaults
[5.940s] Level 1:colcon.colcon_core.package_discovery:discover_packages(ignore) discover
[5.941s] Level 1:colcon.colcon_core.package_discovery:discover_packages(ignore) using defaults
[5.941s] Level 1:colcon.colcon_core.package_discovery:discover_packages(path) discover
[5.942s] Level 1:colcon.colcon_core.package_discovery:discover_packages(path) using defaults
[6.289s] Level 1:colcon.colcon_core.package_discovery:discover_packages(prefix_path) check parameters
[6.290s] Level 1:colcon.colcon_core.package_discovery:discover_packages(prefix_path) discover
[6.334s] DEBUG:colcon.colcon_installed_package_information.package_discovery:Found 444 installed packages in /opt/ros/humble
[6.346s] Level 1:colcon.colcon_core.package_discovery:discover_packages(prefix_path) using defaults
[7.250s] Level 5:colcon.colcon_core.verb:set package 'hello_moveit' build argument 'cmake_args' from command line to 'None'
[7.251s] Level 5:colcon.colcon_core.verb:set package 'hello_moveit' build argument 'cmake_target' from command line to 'None'
[7.252s] Level 5:colcon.colcon_core.verb:set package 'hello_moveit' build argument 'cmake_target_skip_unavailable' from command line to 'False'
[7.253s] Level 5:colcon.colcon_core.verb:set package 'hello_moveit' build argument 'cmake_clean_cache' from command line to 'False'
[7.254s] Level 5:colcon.colcon_core.verb:set package 'hello_moveit' build argument 'cmake_clean_first' from command line to 'False'
[7.255s] Level 5:colcon.colcon_core.verb:set package 'hello_moveit' build argument 'cmake_force_configure' from command line to 'False'
[7.255s] Level 5:colcon.colcon_core.verb:set package 'hello_moveit' build argument 'ament_cmake_args' from command line to 'None'
[7.256s] Level 5:colcon.colcon_core.verb:set package 'hello_moveit' build argument 'catkin_cmake_args' from command line to 'None'
[7.256s] Level 5:colcon.colcon_core.verb:set package 'hello_moveit' build argument 'catkin_skip_building_tests' from command line to 'False'
[7.256s] DEBUG:colcon.colcon_core.verb:Building package 'hello_moveit' with the following arguments: {'ament_cmake_args': None, 'build_base': '/home/perry/Jesus/Prueba6/build/hello_moveit', 'catkin_cmake_args': None, 'catkin_skip_building_tests': False, 'cmake_args': None, 'cmake_clean_cache': False, 'cmake_clean_first': False, 'cmake_force_configure': False, 'cmake_target': None, 'cmake_target_skip_unavailable': False, 'install_base': '/home/perry/Jesus/Prueba6/install/hello_moveit', 'merge_install': False, 'path': '/home/perry/Jesus/Prueba6/src/hello_moveit', 'symlink_install': False, 'test_result_base': None}
[7.258s] Level 5:colcon.colcon_core.verb:set package 'irc_ros_description' build argument 'cmake_args' from command line to 'None'
[7.258s] Level 5:colcon.colcon_core.verb:set package 'irc_ros_description' build argument 'cmake_target' from command line to 'None'
[7.258s] Level 5:colcon.colcon_core.verb:set package 'irc_ros_description' build argument 'cmake_target_skip_unavailable' from command line to 'False'
[7.259s] Level 5:colcon.colcon_core.verb:set package 'irc_ros_description' build argument 'cmake_clean_cache' from command line to 'False'
[7.259s] Level 5:colcon.colcon_core.verb:set package 'irc_ros_description' build argument 'cmake_clean_first' from command line to 'False'
[7.259s] Level 5:colcon.colcon_core.verb:set package 'irc_ros_description' build argument 'cmake_force_configure' from command line to 'False'
[7.260s] Level 5:colcon.colcon_core.verb:set package 'irc_ros_description' build argument 'ament_cmake_args' from command line to 'None'
[7.260s] Level 5:colcon.colcon_core.verb:set package 'irc_ros_description' build argument 'catkin_cmake_args' from command line to 'None'
[7.261s] Level 5:colcon.colcon_core.verb:set package 'irc_ros_description' build argument 'catkin_skip_building_tests' from command line to 'False'
[7.262s] DEBUG:colcon.colcon_core.verb:Building package 'irc_ros_description' with the following arguments: {'ament_cmake_args': None, 'build_base': '/home/perry/Jesus/Prueba6/build/irc_ros_description', 'catkin_cmake_args': None, 'catkin_skip_building_tests': False, 'cmake_args': None, 'cmake_clean_cache': False, 'cmake_clean_first': False, 'cmake_force_configure': False, 'cmake_target': None, 'cmake_target_skip_unavailable': False, 'install_base': '/home/perry/Jesus/Prueba6/install/irc_ros_description', 'merge_install': False, 'path': '/home/perry/Jesus/Prueba6/src/irc_ros_description', 'symlink_install': False, 'test_result_base': None}
[7.264s] Level 5:colcon.colcon_core.verb:set package 'moveit2_pose_target' build argument 'cmake_args' from command line to 'None'
[7.265s] Level 5:colcon.colcon_core.verb:set package 'moveit2_pose_target' build argument 'cmake_target' from command line to 'None'
[7.265s] Level 5:colcon.colcon_core.verb:set package 'moveit2_pose_target' build argument 'cmake_target_skip_unavailable' from command line to 'False'
[7.265s] Level 5:colcon.colcon_core.verb:set package 'moveit2_pose_target' build argument 'cmake_clean_cache' from command line to 'False'
[7.265s] Level 5:colcon.colcon_core.verb:set package 'moveit2_pose_target' build argument 'cmake_clean_first' from command line to 'False'
[7.265s] Level 5:colcon.colcon_core.verb:set package 'moveit2_pose_target' build argument 'cmake_force_configure' from command line to 'False'
[7.265s] Level 5:colcon.colcon_core.verb:set package 'moveit2_pose_target' build argument 'ament_cmake_args' from command line to 'None'
[7.266s] Level 5:colcon.colcon_core.verb:set package 'moveit2_pose_target' build argument 'catkin_cmake_args' from command line to 'None'
[7.266s] Level 5:colcon.colcon_core.verb:set package 'moveit2_pose_target' build argument 'catkin_skip_building_tests' from command line to 'False'
[7.266s] DEBUG:colcon.colcon_core.verb:Building package 'moveit2_pose_target' with the following arguments: {'ament_cmake_args': None, 'build_base': '/home/perry/Jesus/Prueba6/build/moveit2_pose_target', 'catkin_cmake_args': None, 'catkin_skip_building_tests': False, 'cmake_args': None, 'cmake_clean_cache': False, 'cmake_clean_first': False, 'cmake_force_configure': False, 'cmake_target': None, 'cmake_target_skip_unavailable': False, 'install_base': '/home/perry/Jesus/Prueba6/install/moveit2_pose_target', 'merge_install': False, 'path': '/home/perry/Jesus/Prueba6/src/moveit2_pose_target', 'symlink_install': False, 'test_result_base': None}
[7.268s] Level 5:colcon.colcon_core.verb:set package 'my_package' build argument 'cmake_args' from command line to 'None'
[7.268s] Level 5:colcon.colcon_core.verb:set package 'my_package' build argument 'cmake_target' from command line to 'None'
[7.268s] Level 5:colcon.colcon_core.verb:set package 'my_package' build argument 'cmake_target_skip_unavailable' from command line to 'False'
[7.269s] Level 5:colcon.colcon_core.verb:set package 'my_package' build argument 'cmake_clean_cache' from command line to 'False'
[7.269s] Level 5:colcon.colcon_core.verb:set package 'my_package' build argument 'cmake_clean_first' from command line to 'False'
[7.269s] Level 5:colcon.colcon_core.verb:set package 'my_package' build argument 'cmake_force_configure' from command line to 'False'
[7.269s] Level 5:colcon.colcon_core.verb:set package 'my_package' build argument 'ament_cmake_args' from command line to 'None'
[7.269s] Level 5:colcon.colcon_core.verb:set package 'my_package' build argument 'catkin_cmake_args' from command line to 'None'
[7.269s] Level 5:colcon.colcon_core.verb:set package 'my_package' build argument 'catkin_skip_building_tests' from command line to 'False'
[7.270s] DEBUG:colcon.colcon_core.verb:Building package 'my_package' with the following arguments: {'ament_cmake_args': None, 'build_base': '/home/perry/Jesus/Prueba6/build/my_package', 'catkin_cmake_args': None, 'catkin_skip_building_tests': False, 'cmake_args': None, 'cmake_clean_cache': False, 'cmake_clean_first': False, 'cmake_force_configure': False, 'cmake_target': None, 'cmake_target_skip_unavailable': False, 'install_base': '/home/perry/Jesus/Prueba6/install/my_package', 'merge_install': False, 'path': '/home/perry/Jesus/Prueba6/src/my_package', 'symlink_install': False, 'test_result_base': None}
[7.272s] Level 5:colcon.colcon_core.verb:set package 'robot' build argument 'cmake_args' from command line to 'None'
[7.272s] Level 5:colcon.colcon_core.verb:set package 'robot' build argument 'cmake_target' from command line to 'None'
[7.272s] Level 5:colcon.colcon_core.verb:set package 'robot' build argument 'cmake_target_skip_unavailable' from command line to 'False'
[7.272s] Level 5:colcon.colcon_core.verb:set package 'robot' build argument 'cmake_clean_cache' from command line to 'False'
[7.273s] Level 5:colcon.colcon_core.verb:set package 'robot' build argument 'cmake_clean_first' from command line to 'False'
[7.273s] Level 5:colcon.colcon_core.verb:set package 'robot' build argument 'cmake_force_configure' from command line to 'False'
[7.273s] Level 5:colcon.colcon_core.verb:set package 'robot' build argument 'ament_cmake_args' from command line to 'None'
[7.273s] Level 5:colcon.colcon_core.verb:set package 'robot' build argument 'catkin_cmake_args' from command line to 'None'
[7.273s] Level 5:colcon.colcon_core.verb:set package 'robot' build argument 'catkin_skip_building_tests' from command line to 'False'
[7.273s] DEBUG:colcon.colcon_core.verb:Building package 'robot' with the following arguments: {'ament_cmake_args': None, 'build_base': '/home/perry/Jesus/Prueba6/build/robot', 'catkin_cmake_args': None, 'catkin_skip_building_tests': False, 'cmake_args': None, 'cmake_clean_cache': False, 'cmake_clean_first': False, 'cmake_force_configure': False, 'cmake_target': None, 'cmake_target_skip_unavailable': False, 'install_base': '/home/perry/Jesus/Prueba6/install/robot', 'merge_install': False, 'path': '/home/perry/Jesus/Prueba6/src/robot', 'symlink_install': False, 'test_result_base': None}
[7.274s] INFO:colcon.colcon_core.executor:Executing jobs using 'parallel' executor
[7.279s] DEBUG:colcon.colcon_parallel_executor.executor.parallel:run_until_complete
[7.284s] INFO:colcon.colcon_ros.task.ament_cmake.build:Building ROS package in '/home/perry/Jesus/Prueba6/src/irc_ros_description' with build type 'ament_cmake'
[7.284s] INFO:colcon.colcon_cmake.task.cmake.build:Building CMake package in '/home/perry/Jesus/Prueba6/src/irc_ros_description'
[7.370s] INFO:colcon.colcon_core.plugin_system:Skipping extension 'colcon_core.shell.bat': Not used on non-Windows systems
[7.371s] INFO:colcon.colcon_core.shell:Skip shell extension 'powershell' for command environment: Not usable outside of PowerShell
[7.371s] DEBUG:colcon.colcon_core.shell:Skip shell extension 'dsv' for command environment
[7.428s] INFO:colcon.colcon_ros.task.ament_cmake.build:Building ROS package in '/home/perry/Jesus/Prueba6/src/hello_moveit' with build type 'ament_cmake'
[7.429s] INFO:colcon.colcon_cmake.task.cmake.build:Building CMake package in '/home/perry/Jesus/Prueba6/src/hello_moveit'
[7.431s] INFO:colcon.colcon_core.shell:Skip shell extension 'powershell' for command environment: Not usable outside of PowerShell
[7.431s] DEBUG:colcon.colcon_core.shell:Skip shell extension 'dsv' for command environment
[7.471s] INFO:colcon.colcon_ros.task.ament_cmake.build:Building ROS package in '/home/perry/Jesus/Prueba6/src/moveit2_pose_target' with build type 'ament_cmake'
[7.474s] INFO:colcon.colcon_cmake.task.cmake.build:Building CMake package in '/home/perry/Jesus/Prueba6/src/moveit2_pose_target'
[7.475s] INFO:colcon.colcon_core.shell:Skip shell extension 'powershell' for command environment: Not usable outside of PowerShell
[7.476s] DEBUG:colcon.colcon_core.shell:Skip shell extension 'dsv' for command environment
[7.510s] INFO:colcon.colcon_ros.task.ament_python.build:Building ROS package in '/home/perry/Jesus/Prueba6/src/my_package' with build type 'ament_python'
[7.511s] Level 1:colcon.colcon_core.shell:create_environment_hook('my_package', 'ament_prefix_path')
[7.513s] INFO:colcon.colcon_core.shell:Creating environment hook '/home/perry/Jesus/Prueba6/install/my_package/share/my_package/hook/ament_prefix_path.ps1'
[7.535s] INFO:colcon.colcon_core.shell:Creating environment descriptor '/home/perry/Jesus/Prueba6/install/my_package/share/my_package/hook/ament_prefix_path.dsv'
[7.545s] INFO:colcon.colcon_core.shell:Creating environment hook '/home/perry/Jesus/Prueba6/install/my_package/share/my_package/hook/ament_prefix_path.sh'
[7.560s] INFO:colcon.colcon_core.shell:Skip shell extension 'powershell' for command environment: Not usable outside of PowerShell
[7.561s] DEBUG:colcon.colcon_core.shell:Skip shell extension 'dsv' for command environment
[7.682s] DEBUG:colcon.colcon_core.event_handler.log_command:Invoking command in '/home/perry/Jesus/Prueba6/build/irc_ros_description': CMAKE_PREFIX_PATH=/opt/ros/humble /usr/bin/cmake --build /home/perry/Jesus/Prueba6/build/irc_ros_description -- -j4 -l4
[7.786s] DEBUG:colcon.colcon_core.event_handler.log_command:Invoking command in '/home/perry/Jesus/Prueba6/build/hello_moveit': CMAKE_PREFIX_PATH=/opt/ros/humble /usr/bin/cmake --build /home/perry/Jesus/Prueba6/build/hello_moveit -- -j4 -l4
[7.840s] DEBUG:colcon.colcon_core.event_handler.log_command:Invoking command in '/home/perry/Jesus/Prueba6/build/moveit2_pose_target': CMAKE_PREFIX_PATH=/opt/ros/humble /usr/bin/cmake --build /home/perry/Jesus/Prueba6/build/moveit2_pose_target -- -j4 -l4
[72.957s] INFO:colcon.colcon_core.task.python.build:Building Python package in '/home/perry/Jesus/Prueba6/src/my_package'
[73.004s] INFO:colcon.colcon_core.shell:Skip shell extension 'powershell' for command environment: Not usable outside of PowerShell
[73.004s] DEBUG:colcon.colcon_core.shell:Skip shell extension 'dsv' for command environment
[77.030s] DEBUG:colcon.colcon_core.event_handler.log_command:Invoked command in '/home/perry/Jesus/Prueba6/build/irc_ros_description' returned '0': CMAKE_PREFIX_PATH=/opt/ros/humble /usr/bin/cmake --build /home/perry/Jesus/Prueba6/build/irc_ros_description -- -j4 -l4
[82.713s] DEBUG:colcon.colcon_core.event_handler.log_command:Invoking command in '/home/perry/Jesus/Prueba6/build/irc_ros_description': CMAKE_PREFIX_PATH=/opt/ros/humble /usr/bin/cmake --install /home/perry/Jesus/Prueba6/build/irc_ros_description
[82.744s] DEBUG:colcon.colcon_core.event_handler.log_command:Invoked command in '/home/perry/Jesus/Prueba6/build/moveit2_pose_target' returned '0': CMAKE_PREFIX_PATH=/opt/ros/humble /usr/bin/cmake --build /home/perry/Jesus/Prueba6/build/moveit2_pose_target -- -j4 -l4
[82.826s] DEBUG:colcon.colcon_core.event_handler.log_command:Invoking command in '/home/perry/Jesus/Prueba6/build/moveit2_pose_target': CMAKE_PREFIX_PATH=/opt/ros/humble /usr/bin/cmake --install /home/perry/Jesus/Prueba6/build/moveit2_pose_target
[82.876s] DEBUG:colcon.colcon_core.event_handler.log_command:Invoked command in '/home/perry/Jesus/Prueba6/build/hello_moveit' returned '0': CMAKE_PREFIX_PATH=/opt/ros/humble /usr/bin/cmake --build /home/perry/Jesus/Prueba6/build/hello_moveit -- -j4 -l4
[83.026s] DEBUG:colcon.colcon_core.event_handler.log_command:Invoking command in '/home/perry/Jesus/Prueba6/build/hello_moveit': CMAKE_PREFIX_PATH=/opt/ros/humble /usr/bin/cmake --install /home/perry/Jesus/Prueba6/build/hello_moveit
[83.728s] Level 1:colcon.colcon_core.environment:create_environment_scripts_only(moveit2_pose_target)
[83.732s] DEBUG:colcon.colcon_core.event_handler.log_command:Invoked command in '/home/perry/Jesus/Prueba6/build/moveit2_pose_target' returned '0': CMAKE_PREFIX_PATH=/opt/ros/humble /usr/bin/cmake --install /home/perry/Jesus/Prueba6/build/moveit2_pose_target
[84.190s] Level 1:colcon.colcon_core.environment:checking '/home/perry/Jesus/Prueba6/install/moveit2_pose_target' for CMake module files
[84.194s] Level 1:colcon.colcon_core.environment:checking '/home/perry/Jesus/Prueba6/install/moveit2_pose_target' for CMake config files
[84.216s] Level 1:colcon.colcon_core.shell:create_environment_hook('moveit2_pose_target', 'cmake_prefix_path')
[84.218s] INFO:colcon.colcon_core.shell:Creating environment hook '/home/perry/Jesus/Prueba6/install/moveit2_pose_target/share/moveit2_pose_target/hook/cmake_prefix_path.ps1'
[84.291s] INFO:colcon.colcon_core.shell:Creating environment descriptor '/home/perry/Jesus/Prueba6/install/moveit2_pose_target/share/moveit2_pose_target/hook/cmake_prefix_path.dsv'
[84.348s] INFO:colcon.colcon_core.shell:Creating environment hook '/home/perry/Jesus/Prueba6/install/moveit2_pose_target/share/moveit2_pose_target/hook/cmake_prefix_path.sh'
[84.382s] Level 1:colcon.colcon_core.environment:checking '/home/perry/Jesus/Prueba6/install/moveit2_pose_target/bin'
[84.383s] Level 1:colcon.colcon_core.environment:checking '/home/perry/Jesus/Prueba6/install/moveit2_pose_target/lib/pkgconfig/moveit2_pose_target.pc'
[84.384s] Level 1:colcon.colcon_core.environment:checking '/home/perry/Jesus/Prueba6/install/moveit2_pose_target/lib/python3.10/site-packages'
[84.386s] Level 1:colcon.colcon_core.environment:checking '/home/perry/Jesus/Prueba6/install/moveit2_pose_target/bin'
[84.388s] INFO:colcon.colcon_core.shell:Creating package script '/home/perry/Jesus/Prueba6/install/moveit2_pose_target/share/moveit2_pose_target/package.ps1'
[84.409s] INFO:colcon.colcon_core.shell:Creating package descriptor '/home/perry/Jesus/Prueba6/install/moveit2_pose_target/share/moveit2_pose_target/package.dsv'
[84.424s] INFO:colcon.colcon_core.shell:Creating package script '/home/perry/Jesus/Prueba6/install/moveit2_pose_target/share/moveit2_pose_target/package.sh'
[84.440s] INFO:colcon.colcon_core.shell:Creating package script '/home/perry/Jesus/Prueba6/install/moveit2_pose_target/share/moveit2_pose_target/package.bash'
[84.493s] INFO:colcon.colcon_core.shell:Creating package script '/home/perry/Jesus/Prueba6/install/moveit2_pose_target/share/moveit2_pose_target/package.zsh'
[84.558s] Level 1:colcon.colcon_core.environment:create_file_with_runtime_dependencies(/home/perry/Jesus/Prueba6/install/moveit2_pose_target/share/colcon-core/packages/moveit2_pose_target)
[84.573s] Level 1:colcon.colcon_core.environment:create_environment_scripts_only(moveit2_pose_target)
[84.574s] Level 1:colcon.colcon_core.environment:checking '/home/perry/Jesus/Prueba6/install/moveit2_pose_target' for CMake module files
[84.584s] Level 1:colcon.colcon_core.environment:checking '/home/perry/Jesus/Prueba6/install/moveit2_pose_target' for CMake config files
[84.586s] Level 1:colcon.colcon_core.shell:create_environment_hook('moveit2_pose_target', 'cmake_prefix_path')
[84.588s] INFO:colcon.colcon_core.shell:Creating environment hook '/home/perry/Jesus/Prueba6/install/moveit2_pose_target/share/moveit2_pose_target/hook/cmake_prefix_path.ps1'
[84.597s] INFO:colcon.colcon_core.shell:Creating environment descriptor '/home/perry/Jesus/Prueba6/install/moveit2_pose_target/share/moveit2_pose_target/hook/cmake_prefix_path.dsv'
[84.601s] INFO:colcon.colcon_core.shell:Creating environment hook '/home/perry/Jesus/Prueba6/install/moveit2_pose_target/share/moveit2_pose_target/hook/cmake_prefix_path.sh'
[84.606s] Level 1:colcon.colcon_core.environment:checking '/home/perry/Jesus/Prueba6/install/moveit2_pose_target/bin'
[84.607s] Level 1:colcon.colcon_core.environment:checking '/home/perry/Jesus/Prueba6/install/moveit2_pose_target/lib/pkgconfig/moveit2_pose_target.pc'
[84.610s] Level 1:colcon.colcon_core.environment:checking '/home/perry/Jesus/Prueba6/install/moveit2_pose_target/lib/python3.10/site-packages'
[84.612s] Level 1:colcon.colcon_core.environment:checking '/home/perry/Jesus/Prueba6/install/moveit2_pose_target/bin'
[84.615s] INFO:colcon.colcon_core.shell:Creating package script '/home/perry/Jesus/Prueba6/install/moveit2_pose_target/share/moveit2_pose_target/package.ps1'
[84.631s] INFO:colcon.colcon_core.shell:Creating package descriptor '/home/perry/Jesus/Prueba6/install/moveit2_pose_target/share/moveit2_pose_target/package.dsv'
[84.646s] INFO:colcon.colcon_core.shell:Creating package script '/home/perry/Jesus/Prueba6/install/moveit2_pose_target/share/moveit2_pose_target/package.sh'
[84.651s] INFO:colcon.colcon_core.shell:Creating package script '/home/perry/Jesus/Prueba6/install/moveit2_pose_target/share/moveit2_pose_target/package.bash'
[84.657s] INFO:colcon.colcon_core.shell:Creating package script '/home/perry/Jesus/Prueba6/install/moveit2_pose_target/share/moveit2_pose_target/package.zsh'
[84.661s] Level 1:colcon.colcon_core.environment:create_file_with_runtime_dependencies(/home/perry/Jesus/Prueba6/install/moveit2_pose_target/share/colcon-core/packages/moveit2_pose_target)
[84.671s] Level 1:colcon.colcon_core.environment:create_environment_scripts_only(hello_moveit)
[84.673s] Level 1:colcon.colcon_core.environment:checking '/home/perry/Jesus/Prueba6/install/hello_moveit' for CMake module files
[84.675s] DEBUG:colcon.colcon_core.event_handler.log_command:Invoked command in '/home/perry/Jesus/Prueba6/build/hello_moveit' returned '0': CMAKE_PREFIX_PATH=/opt/ros/humble /usr/bin/cmake --install /home/perry/Jesus/Prueba6/build/hello_moveit
[84.681s] Level 1:colcon.colcon_core.environment:checking '/home/perry/Jesus/Prueba6/install/hello_moveit' for CMake config files
[84.699s] Level 1:colcon.colcon_core.shell:create_environment_hook('hello_moveit', 'cmake_prefix_path')
[84.700s] INFO:colcon.colcon_core.shell:Creating environment hook '/home/perry/Jesus/Prueba6/install/hello_moveit/share/hello_moveit/hook/cmake_prefix_path.ps1'
[84.704s] INFO:colcon.colcon_core.shell:Creating environment descriptor '/home/perry/Jesus/Prueba6/install/hello_moveit/share/hello_moveit/hook/cmake_prefix_path.dsv'
[84.708s] INFO:colcon.colcon_core.shell:Creating environment hook '/home/perry/Jesus/Prueba6/install/hello_moveit/share/hello_moveit/hook/cmake_prefix_path.sh'
[84.713s] Level 1:colcon.colcon_core.environment:checking '/home/perry/Jesus/Prueba6/install/hello_moveit/lib'
[84.715s] Level 1:colcon.colcon_core.environment:checking '/home/perry/Jesus/Prueba6/install/hello_moveit/bin'
[84.715s] Level 1:colcon.colcon_core.environment:checking '/home/perry/Jesus/Prueba6/install/hello_moveit/lib/pkgconfig/hello_moveit.pc'
[84.717s] Level 1:colcon.colcon_core.environment:checking '/home/perry/Jesus/Prueba6/install/hello_moveit/lib/python3.10/site-packages'
[84.718s] Level 1:colcon.colcon_core.environment:checking '/home/perry/Jesus/Prueba6/install/hello_moveit/bin'
[84.720s] INFO:colcon.colcon_core.shell:Creating package script '/home/perry/Jesus/Prueba6/install/hello_moveit/share/hello_moveit/package.ps1'
[84.723s] INFO:colcon.colcon_core.shell:Creating package descriptor '/home/perry/Jesus/Prueba6/install/hello_moveit/share/hello_moveit/package.dsv'
[84.726s] INFO:colcon.colcon_core.shell:Creating package script '/home/perry/Jesus/Prueba6/install/hello_moveit/share/hello_moveit/package.sh'
[84.730s] INFO:colcon.colcon_core.shell:Creating package script '/home/perry/Jesus/Prueba6/install/hello_moveit/share/hello_moveit/package.bash'
[84.737s] INFO:colcon.colcon_core.shell:Creating package script '/home/perry/Jesus/Prueba6/install/hello_moveit/share/hello_moveit/package.zsh'
[84.739s] Level 1:colcon.colcon_core.environment:create_file_with_runtime_dependencies(/home/perry/Jesus/Prueba6/install/hello_moveit/share/colcon-core/packages/hello_moveit)
[84.782s] Level 1:colcon.colcon_core.environment:create_environment_scripts_only(hello_moveit)
[84.784s] Level 1:colcon.colcon_core.environment:checking '/home/perry/Jesus/Prueba6/install/hello_moveit' for CMake module files
[84.789s] Level 1:colcon.colcon_core.environment:checking '/home/perry/Jesus/Prueba6/install/hello_moveit' for CMake config files
[84.792s] Level 1:colcon.colcon_core.shell:create_environment_hook('hello_moveit', 'cmake_prefix_path')
[84.793s] INFO:colcon.colcon_core.shell:Creating environment hook '/home/perry/Jesus/Prueba6/install/hello_moveit/share/hello_moveit/hook/cmake_prefix_path.ps1'
[84.796s] INFO:colcon.colcon_core.shell:Creating environment descriptor '/home/perry/Jesus/Prueba6/install/hello_moveit/share/hello_moveit/hook/cmake_prefix_path.dsv'
[84.799s] INFO:colcon.colcon_core.shell:Creating environment hook '/home/perry/Jesus/Prueba6/install/hello_moveit/share/hello_moveit/hook/cmake_prefix_path.sh'
[84.804s] Level 1:colcon.colcon_core.environment:checking '/home/perry/Jesus/Prueba6/install/hello_moveit/lib'
[84.804s] Level 1:colcon.colcon_core.environment:checking '/home/perry/Jesus/Prueba6/install/hello_moveit/bin'
[84.805s] Level 1:colcon.colcon_core.environment:checking '/home/perry/Jesus/Prueba6/install/hello_moveit/lib/pkgconfig/hello_moveit.pc'
[84.806s] Level 1:colcon.colcon_core.environment:checking '/home/perry/Jesus/Prueba6/install/hello_moveit/lib/python3.10/site-packages'
[84.807s] Level 1:colcon.colcon_core.environment:checking '/home/perry/Jesus/Prueba6/install/hello_moveit/bin'
[84.809s] INFO:colcon.colcon_core.shell:Creating package script '/home/perry/Jesus/Prueba6/install/hello_moveit/share/hello_moveit/package.ps1'
[84.812s] INFO:colcon.colcon_core.shell:Creating package descriptor '/home/perry/Jesus/Prueba6/install/hello_moveit/share/hello_moveit/package.dsv'
[84.814s] INFO:colcon.colcon_core.shell:Creating package script '/home/perry/Jesus/Prueba6/install/hello_moveit/share/hello_moveit/package.sh'
[84.817s] INFO:colcon.colcon_core.shell:Creating package script '/home/perry/Jesus/Prueba6/install/hello_moveit/share/hello_moveit/package.bash'
[84.820s] INFO:colcon.colcon_core.shell:Creating package script '/home/perry/Jesus/Prueba6/install/hello_moveit/share/hello_moveit/package.zsh'
[84.822s] Level 1:colcon.colcon_core.environment:create_file_with_runtime_dependencies(/home/perry/Jesus/Prueba6/install/hello_moveit/share/colcon-core/packages/hello_moveit)
[85.624s] Level 1:colcon.colcon_core.environment:create_environment_scripts_only(irc_ros_description)
[85.629s] Level 1:colcon.colcon_core.environment:checking '/home/perry/Jesus/Prueba6/install/irc_ros_description' for CMake module files
[85.645s] DEBUG:colcon.colcon_core.event_handler.log_command:Invoked command in '/home/perry/Jesus/Prueba6/build/irc_ros_description' returned '0': CMAKE_PREFIX_PATH=/opt/ros/humble /usr/bin/cmake --install /home/perry/Jesus/Prueba6/build/irc_ros_description
[85.673s] Level 1:colcon.colcon_core.environment:checking '/home/perry/Jesus/Prueba6/install/irc_ros_description' for CMake config files
[85.754s] Level 1:colcon.colcon_core.shell:create_environment_hook('irc_ros_description', 'cmake_prefix_path')
[85.767s] INFO:colcon.colcon_core.shell:Creating environment hook '/home/perry/Jesus/Prueba6/install/irc_ros_description/share/irc_ros_description/hook/cmake_prefix_path.ps1'
[85.775s] INFO:colcon.colcon_core.shell:Creating environment descriptor '/home/perry/Jesus/Prueba6/install/irc_ros_description/share/irc_ros_description/hook/cmake_prefix_path.dsv'
[85.783s] INFO:colcon.colcon_core.shell:Creating environment hook '/home/perry/Jesus/Prueba6/install/irc_ros_description/share/irc_ros_description/hook/cmake_prefix_path.sh'
[85.798s] Level 1:colcon.colcon_core.environment:checking '/home/perry/Jesus/Prueba6/install/irc_ros_description/bin'
[85.799s] Level 1:colcon.colcon_core.environment:checking '/home/perry/Jesus/Prueba6/install/irc_ros_description/lib/pkgconfig/irc_ros_description.pc'
[85.801s] Level 1:colcon.colcon_core.environment:checking '/home/perry/Jesus/Prueba6/install/irc_ros_description/lib/python3.10/site-packages'
[85.802s] Level 1:colcon.colcon_core.environment:checking '/home/perry/Jesus/Prueba6/install/irc_ros_description/bin'
[85.806s] INFO:colcon.colcon_core.shell:Creating package script '/home/perry/Jesus/Prueba6/install/irc_ros_description/share/irc_ros_description/package.ps1'
[85.810s] INFO:colcon.colcon_core.shell:Creating package descriptor '/home/perry/Jesus/Prueba6/install/irc_ros_description/share/irc_ros_description/package.dsv'
[85.814s] INFO:colcon.colcon_core.shell:Creating package script '/home/perry/Jesus/Prueba6/install/irc_ros_description/share/irc_ros_description/package.sh'
[85.822s] INFO:colcon.colcon_core.shell:Creating package script '/home/perry/Jesus/Prueba6/install/irc_ros_description/share/irc_ros_description/package.bash'
[85.831s] INFO:colcon.colcon_core.shell:Creating package script '/home/perry/Jesus/Prueba6/install/irc_ros_description/share/irc_ros_description/package.zsh'
[85.842s] Level 1:colcon.colcon_core.environment:create_file_with_runtime_dependencies(/home/perry/Jesus/Prueba6/install/irc_ros_description/share/colcon-core/packages/irc_ros_description)
[85.877s] Level 1:colcon.colcon_core.environment:create_environment_scripts_only(irc_ros_description)
[85.879s] Level 1:colcon.colcon_core.environment:checking '/home/perry/Jesus/Prueba6/install/irc_ros_description' for CMake module files
[85.884s] Level 1:colcon.colcon_core.environment:checking '/home/perry/Jesus/Prueba6/install/irc_ros_description' for CMake config files
[86.002s] Level 1:colcon.colcon_core.shell:create_environment_hook('irc_ros_description', 'cmake_prefix_path')
[86.014s] INFO:colcon.colcon_core.shell:Creating environment hook '/home/perry/Jesus/Prueba6/install/irc_ros_description/share/irc_ros_description/hook/cmake_prefix_path.ps1'
[86.050s] INFO:colcon.colcon_core.shell:Creating environment descriptor '/home/perry/Jesus/Prueba6/install/irc_ros_description/share/irc_ros_description/hook/cmake_prefix_path.dsv'
[86.058s] INFO:colcon.colcon_core.shell:Creating environment hook '/home/perry/Jesus/Prueba6/install/irc_ros_description/share/irc_ros_description/hook/cmake_prefix_path.sh'
[86.070s] Level 1:colcon.colcon_core.environment:checking '/home/perry/Jesus/Prueba6/install/irc_ros_description/bin'
[86.073s] Level 1:colcon.colcon_core.environment:checking '/home/perry/Jesus/Prueba6/install/irc_ros_description/lib/pkgconfig/irc_ros_description.pc'
[86.077s] Level 1:colcon.colcon_core.environment:checking '/home/perry/Jesus/Prueba6/install/irc_ros_description/lib/python3.10/site-packages'
[86.081s] Level 1:colcon.colcon_core.environment:checking '/home/perry/Jesus/Prueba6/install/irc_ros_description/bin'
[86.086s] INFO:colcon.colcon_core.shell:Creating package script '/home/perry/Jesus/Prueba6/install/irc_ros_description/share/irc_ros_description/package.ps1'
[86.094s] INFO:colcon.colcon_core.shell:Creating package descriptor '/home/perry/Jesus/Prueba6/install/irc_ros_description/share/irc_ros_description/package.dsv'
[86.107s] INFO:colcon.colcon_core.shell:Creating package script '/home/perry/Jesus/Prueba6/install/irc_ros_description/share/irc_ros_description/package.sh'
[86.120s] INFO:colcon.colcon_core.shell:Creating package script '/home/perry/Jesus/Prueba6/install/irc_ros_description/share/irc_ros_description/package.bash'
[86.126s] INFO:colcon.colcon_core.shell:Creating package script '/home/perry/Jesus/Prueba6/install/irc_ros_description/share/irc_ros_description/package.zsh'
[86.132s] Level 1:colcon.colcon_core.environment:create_file_with_runtime_dependencies(/home/perry/Jesus/Prueba6/install/irc_ros_description/share/colcon-core/packages/irc_ros_description)
[86.136s] INFO:colcon.colcon_ros.task.ament_cmake.build:Building ROS package in '/home/perry/Jesus/Prueba6/src/robot' with build type 'ament_cmake'
[86.138s] INFO:colcon.colcon_cmake.task.cmake.build:Building CMake package in '/home/perry/Jesus/Prueba6/src/robot'
[86.140s] INFO:colcon.colcon_core.shell:Skip shell extension 'powershell' for command environment: Not usable outside of PowerShell
[86.140s] DEBUG:colcon.colcon_core.shell:Skip shell extension 'dsv' for command environment
[86.478s] DEBUG:colcon.colcon_core.event_handler.log_command:Invoking command in '/home/perry/Jesus/Prueba6/build/robot': AMENT_PREFIX_PATH=/home/perry/Jesus/Prueba6/install/irc_ros_description:${AMENT_PREFIX_PATH} CMAKE_PREFIX_PATH=/home/perry/Jesus/Prueba6/install/irc_ros_description:/opt/ros/humble /usr/bin/cmake --build /home/perry/Jesus/Prueba6/build/robot -- -j4 -l4
[87.086s] DEBUG:colcon.colcon_core.event_handler.log_command:Invoked command in '/home/perry/Jesus/Prueba6/build/robot' returned '0': AMENT_PREFIX_PATH=/home/perry/Jesus/Prueba6/install/irc_ros_description:${AMENT_PREFIX_PATH} CMAKE_PREFIX_PATH=/home/perry/Jesus/Prueba6/install/irc_ros_description:/opt/ros/humble /usr/bin/cmake --build /home/perry/Jesus/Prueba6/build/robot -- -j4 -l4
[87.109s] DEBUG:colcon.colcon_core.event_handler.log_command:Invoking command in '/home/perry/Jesus/Prueba6/build/robot': AMENT_PREFIX_PATH=/home/perry/Jesus/Prueba6/install/irc_ros_description:${AMENT_PREFIX_PATH} CMAKE_PREFIX_PATH=/home/perry/Jesus/Prueba6/install/irc_ros_description:/opt/ros/humble /usr/bin/cmake --install /home/perry/Jesus/Prueba6/build/robot
[87.329s] Level 1:colcon.colcon_core.environment:create_environment_scripts_only(robot)
[87.331s] Level 1:colcon.colcon_core.environment:checking '/home/perry/Jesus/Prueba6/install/robot' for CMake module files
[87.341s] Level 1:colcon.colcon_core.environment:checking '/home/perry/Jesus/Prueba6/install/robot' for CMake config files
[87.357s] Level 1:colcon.colcon_core.shell:create_environment_hook('robot', 'cmake_prefix_path')
[87.359s] INFO:colcon.colcon_core.shell:Creating environment hook '/home/perry/Jesus/Prueba6/install/robot/share/robot/hook/cmake_prefix_path.ps1'
[87.364s] INFO:colcon.colcon_core.shell:Creating environment descriptor '/home/perry/Jesus/Prueba6/install/robot/share/robot/hook/cmake_prefix_path.dsv'
[87.406s] INFO:colcon.colcon_core.shell:Creating environment hook '/home/perry/Jesus/Prueba6/install/robot/share/robot/hook/cmake_prefix_path.sh'
[87.417s] DEBUG:colcon.colcon_core.event_handler.log_command:Invoked command in '/home/perry/Jesus/Prueba6/build/robot' returned '0': AMENT_PREFIX_PATH=/home/perry/Jesus/Prueba6/install/irc_ros_description:${AMENT_PREFIX_PATH} CMAKE_PREFIX_PATH=/home/perry/Jesus/Prueba6/install/irc_ros_description:/opt/ros/humble /usr/bin/cmake --install /home/perry/Jesus/Prueba6/build/robot
[87.442s] Level 1:colcon.colcon_core.environment:checking '/home/perry/Jesus/Prueba6/install/robot/bin'
[87.444s] Level 1:colcon.colcon_core.environment:checking '/home/perry/Jesus/Prueba6/install/robot/lib/pkgconfig/robot.pc'
[87.456s] Level 1:colcon.colcon_core.environment:checking '/home/perry/Jesus/Prueba6/install/robot/lib/python3.10/site-packages'
[87.459s] Level 1:colcon.colcon_core.environment:checking '/home/perry/Jesus/Prueba6/install/robot/bin'
[87.469s] INFO:colcon.colcon_core.shell:Creating package script '/home/perry/Jesus/Prueba6/install/robot/share/robot/package.ps1'
[87.508s] INFO:colcon.colcon_core.shell:Creating package descriptor '/home/perry/Jesus/Prueba6/install/robot/share/robot/package.dsv'
[87.517s] INFO:colcon.colcon_core.shell:Creating package script '/home/perry/Jesus/Prueba6/install/robot/share/robot/package.sh'
[87.533s] INFO:colcon.colcon_core.shell:Creating package script '/home/perry/Jesus/Prueba6/install/robot/share/robot/package.bash'
[87.543s] INFO:colcon.colcon_core.shell:Creating package script '/home/perry/Jesus/Prueba6/install/robot/share/robot/package.zsh'
[87.548s] Level 1:colcon.colcon_core.environment:create_file_with_runtime_dependencies(/home/perry/Jesus/Prueba6/install/robot/share/colcon-core/packages/robot)
[87.562s] Level 1:colcon.colcon_core.environment:create_environment_scripts_only(robot)
[87.567s] Level 1:colcon.colcon_core.environment:checking '/home/perry/Jesus/Prueba6/install/robot' for CMake module files
[87.572s] Level 1:colcon.colcon_core.environment:checking '/home/perry/Jesus/Prueba6/install/robot' for CMake config files
[87.576s] Level 1:colcon.colcon_core.shell:create_environment_hook('robot', 'cmake_prefix_path')
[87.577s] INFO:colcon.colcon_core.shell:Creating environment hook '/home/perry/Jesus/Prueba6/install/robot/share/robot/hook/cmake_prefix_path.ps1'
[87.610s] INFO:colcon.colcon_core.shell:Creating environment descriptor '/home/perry/Jesus/Prueba6/install/robot/share/robot/hook/cmake_prefix_path.dsv'
[87.623s] INFO:colcon.colcon_core.shell:Creating environment hook '/home/perry/Jesus/Prueba6/install/robot/share/robot/hook/cmake_prefix_path.sh'
[87.643s] Level 1:colcon.colcon_core.environment:checking '/home/perry/Jesus/Prueba6/install/robot/bin'
[87.643s] Level 1:colcon.colcon_core.environment:checking '/home/perry/Jesus/Prueba6/install/robot/lib/pkgconfig/robot.pc'
[87.645s] Level 1:colcon.colcon_core.environment:checking '/home/perry/Jesus/Prueba6/install/robot/lib/python3.10/site-packages'
[87.646s] Level 1:colcon.colcon_core.environment:checking '/home/perry/Jesus/Prueba6/install/robot/bin'
[87.649s] INFO:colcon.colcon_core.shell:Creating package script '/home/perry/Jesus/Prueba6/install/robot/share/robot/package.ps1'
[87.657s] INFO:colcon.colcon_core.shell:Creating package descriptor '/home/perry/Jesus/Prueba6/install/robot/share/robot/package.dsv'
[87.666s] INFO:colcon.colcon_core.shell:Creating package script '/home/perry/Jesus/Prueba6/install/robot/share/robot/package.sh'
[87.670s] INFO:colcon.colcon_core.shell:Creating package script '/home/perry/Jesus/Prueba6/install/robot/share/robot/package.bash'
[87.685s] INFO:colcon.colcon_core.shell:Creating package script '/home/perry/Jesus/Prueba6/install/robot/share/robot/package.zsh'
[87.703s] Level 1:colcon.colcon_core.environment:create_file_with_runtime_dependencies(/home/perry/Jesus/Prueba6/install/robot/share/colcon-core/packages/robot)
[98.143s] DEBUG:colcon.colcon_core.event_handler.log_command:Invoking command in '/home/perry/Jesus/Prueba6/src/my_package': PYTHONPATH=/home/perry/Jesus/Prueba6/build/my_package/prefix_override:/usr/lib/python3/dist-packages/colcon_core/task/python/colcon_distutils_commands:/home/perry/Jesus/Prueba6/install/my_package/lib/python3.10/site-packages:${PYTHONPATH} /usr/bin/python3 -W ignore:setup.py install is deprecated -W ignore:easy_install command is deprecated setup.py egg_info --egg-base ../../build/my_package build --build-base /home/perry/Jesus/Prueba6/build/my_package/build install --record /home/perry/Jesus/Prueba6/build/my_package/install.log --single-version-externally-managed install_data
[103.157s] Level 1:colcon.colcon_core.environment:checking '/home/perry/Jesus/Prueba6/install/my_package' for CMake module files
[103.164s] Level 1:colcon.colcon_core.environment:checking '/home/perry/Jesus/Prueba6/install/my_package' for CMake config files
[103.174s] DEBUG:colcon.colcon_core.event_handler.log_command:Invoked command in '/home/perry/Jesus/Prueba6/src/my_package' returned '0': PYTHONPATH=/home/perry/Jesus/Prueba6/build/my_package/prefix_override:/usr/lib/python3/dist-packages/colcon_core/task/python/colcon_distutils_commands:/home/perry/Jesus/Prueba6/install/my_package/lib/python3.10/site-packages:${PYTHONPATH} /usr/bin/python3 -W ignore:setup.py install is deprecated -W ignore:easy_install command is deprecated setup.py egg_info --egg-base ../../build/my_package build --build-base /home/perry/Jesus/Prueba6/build/my_package/build install --record /home/perry/Jesus/Prueba6/build/my_package/install.log --single-version-externally-managed install_data
[103.177s] Level 1:colcon.colcon_core.environment:checking '/home/perry/Jesus/Prueba6/install/my_package/lib'
[103.178s] Level 1:colcon.colcon_core.environment:checking '/home/perry/Jesus/Prueba6/install/my_package/bin'
[103.180s] Level 1:colcon.colcon_core.environment:checking '/home/perry/Jesus/Prueba6/install/my_package/lib/pkgconfig/my_package.pc'
[103.182s] Level 1:colcon.colcon_core.environment:checking '/home/perry/Jesus/Prueba6/install/my_package/lib/python3.10/site-packages'
[103.182s] Level 1:colcon.colcon_core.shell:create_environment_hook('my_package', 'pythonpath')
[103.185s] INFO:colcon.colcon_core.shell:Creating environment hook '/home/perry/Jesus/Prueba6/install/my_package/share/my_package/hook/pythonpath.ps1'
[103.193s] INFO:colcon.colcon_core.shell:Creating environment descriptor '/home/perry/Jesus/Prueba6/install/my_package/share/my_package/hook/pythonpath.dsv'
[103.197s] INFO:colcon.colcon_core.shell:Creating environment hook '/home/perry/Jesus/Prueba6/install/my_package/share/my_package/hook/pythonpath.sh'
[103.201s] Level 1:colcon.colcon_core.environment:checking '/home/perry/Jesus/Prueba6/install/my_package/bin'
[103.202s] Level 1:colcon.colcon_core.environment:create_environment_scripts_only(my_package)
[103.204s] INFO:colcon.colcon_core.shell:Creating package script '/home/perry/Jesus/Prueba6/install/my_package/share/my_package/package.ps1'
[103.210s] INFO:colcon.colcon_core.shell:Creating package descriptor '/home/perry/Jesus/Prueba6/install/my_package/share/my_package/package.dsv'
[103.214s] INFO:colcon.colcon_core.shell:Creating package script '/home/perry/Jesus/Prueba6/install/my_package/share/my_package/package.sh'
[103.219s] INFO:colcon.colcon_core.shell:Creating package script '/home/perry/Jesus/Prueba6/install/my_package/share/my_package/package.bash'
[103.224s] INFO:colcon.colcon_core.shell:Creating package script '/home/perry/Jesus/Prueba6/install/my_package/share/my_package/package.zsh'
[103.228s] Level 1:colcon.colcon_core.environment:create_file_with_runtime_dependencies(/home/perry/Jesus/Prueba6/install/my_package/share/colcon-core/packages/my_package)
[103.235s] DEBUG:colcon.colcon_parallel_executor.executor.parallel:closing loop
[103.237s] DEBUG:colcon.colcon_parallel_executor.executor.parallel:loop closed
[103.237s] DEBUG:colcon.colcon_parallel_executor.executor.parallel:run_until_complete finished with '0'
[103.238s] DEBUG:colcon.colcon_core.event_reactor:joining thread
[103.344s] INFO:colcon.colcon_core.plugin_system:Skipping extension 'colcon_notification.desktop_notification.terminal_notifier': Not used on non-Darwin systems
[103.345s] INFO:colcon.colcon_core.plugin_system:Skipping extension 'colcon_notification.desktop_notification.win32': Not used on non-Windows systems
[103.346s] INFO:colcon.colcon_notification.desktop_notification:Sending desktop notification using 'notify2'
[104.058s] DEBUG:colcon.colcon_core.event_reactor:joined thread
[104.060s] INFO:colcon.colcon_core.shell:Creating prefix script '/home/perry/Jesus/Prueba6/install/local_setup.ps1'
[104.071s] INFO:colcon.colcon_core.shell:Creating prefix util module '/home/perry/Jesus/Prueba6/install/_local_setup_util_ps1.py'
[104.102s] INFO:colcon.colcon_core.shell:Creating prefix chain script '/home/perry/Jesus/Prueba6/install/setup.ps1'
[104.119s] INFO:colcon.colcon_core.shell:Creating prefix script '/home/perry/Jesus/Prueba6/install/local_setup.sh'
[104.140s] INFO:colcon.colcon_core.shell:Creating prefix util module '/home/perry/Jesus/Prueba6/install/_local_setup_util_sh.py'
[104.146s] INFO:colcon.colcon_core.shell:Creating prefix chain script '/home/perry/Jesus/Prueba6/install/setup.sh'
[104.162s] INFO:colcon.colcon_core.shell:Creating prefix script '/home/perry/Jesus/Prueba6/install/local_setup.bash'
[104.179s] INFO:colcon.colcon_core.shell:Creating prefix chain script '/home/perry/Jesus/Prueba6/install/setup.bash'
[104.198s] INFO:colcon.colcon_core.shell:Creating prefix script '/home/perry/Jesus/Prueba6/install/local_setup.zsh'
[104.208s] INFO:colcon.colcon_core.shell:Creating prefix chain script '/home/perry/Jesus/Prueba6/install/setup.zsh'
