[12.062s] Invoking command in '/home/perry/Jesus/Prueba6/src/my_package': PYTHONPATH=/home/perry/Jesus/Prueba6/build/my_package/prefix_override:/usr/lib/python3/dist-packages/colcon_core/task/python/colcon_distutils_commands:/home/perry/Jesus/Prueba6/install/my_package/lib/python3.10/site-packages:${PYTHONPATH} /usr/bin/python3 -W ignore:setup.py install is deprecated -W ignore:easy_install command is deprecated setup.py egg_info --egg-base ../../build/my_package build --build-base /home/perry/Jesus/Prueba6/build/my_package/build install --record /home/perry/Jesus/Prueba6/build/my_package/install.log --single-version-externally-managed install_data
[16.324s] running egg_info
[16.329s] writing ../../build/my_package/my_package.egg-info/PKG-INFO
[16.333s] writing dependency_links to ../../build/my_package/my_package.egg-info/dependency_links.txt
[16.337s] writing entry points to ../../build/my_package/my_package.egg-info/entry_points.txt
[16.339s] writing requirements to ../../build/my_package/my_package.egg-info/requires.txt
[16.341s] writing top-level names to ../../build/my_package/my_package.egg-info/top_level.txt
[16.346s] reading manifest file '../../build/my_package/my_package.egg-info/SOURCES.txt'
[16.366s] writing manifest file '../../build/my_package/my_package.egg-info/SOURCES.txt'
[16.377s] running build
[16.380s] running build_py
[16.386s] copying my_package/nodo_IO.py -> /home/perry/Jesus/Prueba6/build/my_package/build/lib/my_package
[16.391s] running install
[16.394s] running install_lib
[16.398s] copying /home/perry/Jesus/Prueba6/build/my_package/build/lib/my_package/nodo_IO.py -> /home/perry/Jesus/Prueba6/install/my_package/lib/python3.10/site-packages/my_package
[16.403s] byte-compiling /home/perry/Jesus/Prueba6/install/my_package/lib/python3.10/site-packages/my_package/nodo_IO.py to nodo_IO.cpython-310.pyc
[16.408s] running install_data
[16.413s] running install_egg_info
[16.418s] removing '/home/perry/Jesus/Prueba6/install/my_package/lib/python3.10/site-packages/my_package-0.0.0-py3.10.egg-info' (and everything under it)
[16.425s] Copying ../../build/my_package/my_package.egg-info to /home/perry/Jesus/Prueba6/install/my_package/lib/python3.10/site-packages/my_package-0.0.0-py3.10.egg-info
[16.432s] running install_scripts
[16.633s] Installing nodo_IO script to /home/perry/Jesus/Prueba6/install/my_package/lib/my_package
[16.638s] Installing nodo_cinematica script to /home/perry/Jesus/Prueba6/install/my_package/lib/my_package
[16.641s] Installing nodo_mando script to /home/perry/Jesus/Prueba6/install/my_package/lib/my_package
[16.649s] Installing nodo_mensaje_recibido script to /home/perry/Jesus/Prueba6/install/my_package/lib/my_package
[16.691s] Installing pose_moveit script to /home/perry/Jesus/Prueba6/install/my_package/lib/my_package
[16.693s] writing list of installed files to '/home/perry/Jesus/Prueba6/build/my_package/install.log'
[16.919s] Invoked command in '/home/perry/Jesus/Prueba6/src/my_package' returned '0': PYTHONPATH=/home/perry/Jesus/Prueba6/build/my_package/prefix_override:/usr/lib/python3/dist-packages/colcon_core/task/python/colcon_distutils_commands:/home/perry/Jesus/Prueba6/install/my_package/lib/python3.10/site-packages:${PYTHONPATH} /usr/bin/python3 -W ignore:setup.py install is deprecated -W ignore:easy_install command is deprecated setup.py egg_info --egg-base ../../build/my_package build --build-base /home/perry/Jesus/Prueba6/build/my_package/build install --record /home/perry/Jesus/Prueba6/build/my_package/install.log --single-version-externally-managed install_data
