[0.352s] Invoking command in '/home/perry/Jesus/Prueba6/build/irc_ros_description': CMAKE_PREFIX_PATH=${CMAKE_PREFIX_PATH}:/home/perry/Jesus/Prueba6/install/my_package:/opt/ros/humble /usr/bin/cmake /home/perry/Jesus/Prueba6/src/irc_ros_description -DAMENT_CMAKE_SYMLINK_INSTALL=1 -DCMAKE_INSTALL_PREFIX=/home/perry/Jesus/Prueba6/install/irc_ros_description
[8.213s] -- Found ament_cmake: 1.3.11 (/opt/ros/humble/share/ament_cmake/cmake)
[8.235s] -- Override CMake install command with custom implementation using symlinks instead of copying resources
[8.237s] -- Configuring done
[8.269s] -- Generating done
[8.280s] -- Build files have been written to: /home/perry/Jesus/Prueba6/build/irc_ros_description
[8.344s] Invoked command in '/home/perry/Jesus/Prueba6/build/irc_ros_description' returned '0': CMAKE_PREFIX_PATH=${CMAKE_PREFIX_PATH}:/home/perry/Jesus/Prueba6/install/my_package:/opt/ros/humble /usr/bin/cmake /home/perry/Jesus/Prueba6/src/irc_ros_description -DAMENT_CMAKE_SYMLINK_INSTALL=1 -DCMAKE_INSTALL_PREFIX=/home/perry/Jesus/Prueba6/install/irc_ros_description
[8.368s] Invoking command in '/home/perry/Jesus/Prueba6/build/irc_ros_description': CMAKE_PREFIX_PATH=${CMAKE_PREFIX_PATH}:/home/perry/Jesus/Prueba6/install/my_package:/opt/ros/humble /usr/bin/cmake --build /home/perry/Jesus/Prueba6/build/irc_ros_description -- -j4 -l4
[8.985s] Invoked command in '/home/perry/Jesus/Prueba6/build/irc_ros_description' returned '0': CMAKE_PREFIX_PATH=${CMAKE_PREFIX_PATH}:/home/perry/Jesus/Prueba6/install/my_package:/opt/ros/humble /usr/bin/cmake --build /home/perry/Jesus/Prueba6/build/irc_ros_description -- -j4 -l4
[9.152s] Invoking command in '/home/perry/Jesus/Prueba6/build/irc_ros_description': CMAKE_PREFIX_PATH=${CMAKE_PREFIX_PATH}:/home/perry/Jesus/Prueba6/install/my_package:/opt/ros/humble /usr/bin/cmake --install /home/perry/Jesus/Prueba6/build/irc_ros_description
[9.283s] -- Install configuration: "Debug"
[9.284s] -- Execute custom install script
[9.294s] -- Symlinking: /home/perry/Jesus/Prueba6/install/irc_ros_description/share/irc_ros_description/meshes/cpr_platform_medium/body.dae
[9.435s] -- Symlinking: /home/perry/Jesus/Prueba6/install/irc_ros_description/share/irc_ros_description/meshes/cpr_platform_medium/bodyColl.dae
[9.538s] -- Symlinking: /home/perry/Jesus/Prueba6/install/irc_ros_description/share/irc_ros_description/meshes/cpr_platform_medium/wheel.dae
[9.625s] -- Symlinking: /home/perry/Jesus/Prueba6/install/irc_ros_description/share/irc_ros_description/meshes/cpr_platform_medium/wheelColl.dae
[9.744s] -- Symlinking: /home/perry/Jesus/Prueba6/install/irc_ros_description/share/irc_ros_description/meshes/gripper_schmalz_ecbpmi/Joint0.dae
[9.902s] -- Symlinking: /home/perry/Jesus/Prueba6/install/irc_ros_description/share/irc_ros_description/meshes/gripper_schmalz_ecbpmi/Joint0Coll.dae
[10.035s] -- Symlinking: /home/perry/Jesus/Prueba6/install/irc_ros_description/share/irc_ros_description/meshes/igus_rebel_4dof_00/Joint0.dae
[10.132s] -- Symlinking: /home/perry/Jesus/Prueba6/install/irc_ros_description/share/irc_ros_description/meshes/igus_rebel_4dof_00/Joint0Coll.dae
[10.232s] -- Symlinking: /home/perry/Jesus/Prueba6/install/irc_ros_description/share/irc_ros_description/meshes/igus_rebel_4dof_00/Joint1.dae
[10.373s] -- Symlinking: /home/perry/Jesus/Prueba6/install/irc_ros_description/share/irc_ros_description/meshes/igus_rebel_4dof_00/Joint1Coll.dae
[10.462s] -- Symlinking: /home/perry/Jesus/Prueba6/install/irc_ros_description/share/irc_ros_description/meshes/igus_rebel_4dof_00/Joint2.dae
[10.593s] -- Symlinking: /home/perry/Jesus/Prueba6/install/irc_ros_description/share/irc_ros_description/meshes/igus_rebel_4dof_00/Joint2Coll.dae
[10.676s] -- Symlinking: /home/perry/Jesus/Prueba6/install/irc_ros_description/share/irc_ros_description/meshes/igus_rebel_4dof_00/Joint3.dae
[10.824s] -- Symlinking: /home/perry/Jesus/Prueba6/install/irc_ros_description/share/irc_ros_description/meshes/igus_rebel_4dof_00/Joint3Coll.dae
[11.009s] -- Symlinking: /home/perry/Jesus/Prueba6/install/irc_ros_description/share/irc_ros_description/meshes/igus_rebel_4dof_00/Joint4.dae
[11.182s] -- Symlinking: /home/perry/Jesus/Prueba6/install/irc_ros_description/share/irc_ros_description/meshes/igus_rebel_4dof_00/Joint4Coll.dae
[11.271s] -- Symlinking: /home/perry/Jesus/Prueba6/install/irc_ros_description/share/irc_ros_description/meshes/igus_rebel_4dof_pre/Joint0.dae
[11.363s] -- Symlinking: /home/perry/Jesus/Prueba6/install/irc_ros_description/share/irc_ros_description/meshes/igus_rebel_4dof_pre/Joint0Coll.dae
[11.461s] -- Symlinking: /home/perry/Jesus/Prueba6/install/irc_ros_description/share/irc_ros_description/meshes/igus_rebel_4dof_pre/Joint1.dae
[11.589s] -- Symlinking: /home/perry/Jesus/Prueba6/install/irc_ros_description/share/irc_ros_description/meshes/igus_rebel_4dof_pre/Joint1Coll.dae
[11.723s] -- Symlinking: /home/perry/Jesus/Prueba6/install/irc_ros_description/share/irc_ros_description/meshes/igus_rebel_4dof_pre/Joint2.dae
[11.866s] -- Symlinking: /home/perry/Jesus/Prueba6/install/irc_ros_description/share/irc_ros_description/meshes/igus_rebel_4dof_pre/Joint2Coll.dae
[11.968s] -- Symlinking: /home/perry/Jesus/Prueba6/install/irc_ros_description/share/irc_ros_description/meshes/igus_rebel_4dof_pre/Joint3.dae
[12.103s] -- Symlinking: /home/perry/Jesus/Prueba6/install/irc_ros_description/share/irc_ros_description/meshes/igus_rebel_4dof_pre/Joint3Coll.dae
[12.252s] -- Symlinking: /home/perry/Jesus/Prueba6/install/irc_ros_description/share/irc_ros_description/meshes/igus_rebel_4dof_pre/Joint4.dae
[12.361s] -- Symlinking: /home/perry/Jesus/Prueba6/install/irc_ros_description/share/irc_ros_description/meshes/igus_rebel_4dof_pre/Joint4Coll.dae
[12.507s] -- Symlinking: /home/perry/Jesus/Prueba6/install/irc_ros_description/share/irc_ros_description/meshes/igus_rebel_6dof_00/Joint0.dae
[12.634s] -- Symlinking: /home/perry/Jesus/Prueba6/install/irc_ros_description/share/irc_ros_description/meshes/igus_rebel_6dof_00/Joint0Coll.dae
[12.770s] -- Symlinking: /home/perry/Jesus/Prueba6/install/irc_ros_description/share/irc_ros_description/meshes/igus_rebel_6dof_00/Joint1.dae
[12.933s] -- Symlinking: /home/perry/Jesus/Prueba6/install/irc_ros_description/share/irc_ros_description/meshes/igus_rebel_6dof_00/Joint1Coll.dae
[13.058s] -- Symlinking: /home/perry/Jesus/Prueba6/install/irc_ros_description/share/irc_ros_description/meshes/igus_rebel_6dof_00/Joint2.dae
[13.157s] -- Symlinking: /home/perry/Jesus/Prueba6/install/irc_ros_description/share/irc_ros_description/meshes/igus_rebel_6dof_00/Joint2Coll.dae
[13.265s] -- Symlinking: /home/perry/Jesus/Prueba6/install/irc_ros_description/share/irc_ros_description/meshes/igus_rebel_6dof_00/Joint3.dae
[13.317s] -- Symlinking: /home/perry/Jesus/Prueba6/install/irc_ros_description/share/irc_ros_description/meshes/igus_rebel_6dof_00/Joint3Coll.dae
[13.416s] -- Symlinking: /home/perry/Jesus/Prueba6/install/irc_ros_description/share/irc_ros_description/meshes/igus_rebel_6dof_00/Joint4.dae
[13.513s] -- Symlinking: /home/perry/Jesus/Prueba6/install/irc_ros_description/share/irc_ros_description/meshes/igus_rebel_6dof_00/Joint4Coll.dae
[13.648s] -- Symlinking: /home/perry/Jesus/Prueba6/install/irc_ros_description/share/irc_ros_description/meshes/igus_rebel_6dof_00/Joint5.dae
[13.792s] -- Symlinking: /home/perry/Jesus/Prueba6/install/irc_ros_description/share/irc_ros_description/meshes/igus_rebel_6dof_00/Joint5Coll.dae
[13.971s] -- Symlinking: /home/perry/Jesus/Prueba6/install/irc_ros_description/share/irc_ros_description/meshes/igus_rebel_6dof_00/Joint6.dae
[14.080s] -- Symlinking: /home/perry/Jesus/Prueba6/install/irc_ros_description/share/irc_ros_description/meshes/igus_rebel_6dof_00/Joint6Coll.dae
[14.200s] -- Symlinking: /home/perry/Jesus/Prueba6/install/irc_ros_description/share/irc_ros_description/meshes/igus_rebel_6dof_pre/Joint0.dae
[14.320s] -- Symlinking: /home/perry/Jesus/Prueba6/install/irc_ros_description/share/irc_ros_description/meshes/igus_rebel_6dof_pre/Joint0Coll.dae
[14.408s] -- Symlinking: /home/perry/Jesus/Prueba6/install/irc_ros_description/share/irc_ros_description/meshes/igus_rebel_6dof_pre/Joint1.dae
[14.531s] -- Symlinking: /home/perry/Jesus/Prueba6/install/irc_ros_description/share/irc_ros_description/meshes/igus_rebel_6dof_pre/Joint1Coll.dae
[14.603s] -- Symlinking: /home/perry/Jesus/Prueba6/install/irc_ros_description/share/irc_ros_description/meshes/igus_rebel_6dof_pre/Joint2.dae
[14.696s] -- Symlinking: /home/perry/Jesus/Prueba6/install/irc_ros_description/share/irc_ros_description/meshes/igus_rebel_6dof_pre/Joint2Coll.dae
[14.776s] -- Symlinking: /home/perry/Jesus/Prueba6/install/irc_ros_description/share/irc_ros_description/meshes/igus_rebel_6dof_pre/Joint3.dae
[14.841s] -- Symlinking: /home/perry/Jesus/Prueba6/install/irc_ros_description/share/irc_ros_description/meshes/igus_rebel_6dof_pre/Joint3Coll.dae
[14.916s] -- Symlinking: /home/perry/Jesus/Prueba6/install/irc_ros_description/share/irc_ros_description/meshes/igus_rebel_6dof_pre/Joint4.dae
[15.019s] -- Symlinking: /home/perry/Jesus/Prueba6/install/irc_ros_description/share/irc_ros_description/meshes/igus_rebel_6dof_pre/Joint4Coll.dae
[15.124s] -- Symlinking: /home/perry/Jesus/Prueba6/install/irc_ros_description/share/irc_ros_description/meshes/igus_rebel_6dof_pre/Joint5.dae
[15.293s] -- Symlinking: /home/perry/Jesus/Prueba6/install/irc_ros_description/share/irc_ros_description/meshes/igus_rebel_6dof_pre/Joint5Coll.dae
[15.469s] -- Symlinking: /home/perry/Jesus/Prueba6/install/irc_ros_description/share/irc_ros_description/meshes/igus_rebel_6dof_pre/Joint6.dae
[15.647s] -- Symlinking: /home/perry/Jesus/Prueba6/install/irc_ros_description/share/irc_ros_description/meshes/igus_rebel_6dof_pre/Joint6Coll.dae
[15.753s] -- Symlinking: /home/perry/Jesus/Prueba6/install/irc_ros_description/share/irc_ros_description/meshes/igus_robolink_rl_dp_5/Joint0.dae
[15.861s] -- Symlinking: /home/perry/Jesus/Prueba6/install/irc_ros_description/share/irc_ros_description/meshes/igus_robolink_rl_dp_5/Joint0Coll.dae
[16.044s] -- Symlinking: /home/perry/Jesus/Prueba6/install/irc_ros_description/share/irc_ros_description/meshes/igus_robolink_rl_dp_5/Joint1.dae
[16.177s] -- Symlinking: /home/perry/Jesus/Prueba6/install/irc_ros_description/share/irc_ros_description/meshes/igus_robolink_rl_dp_5/Joint1Coll.dae
[16.327s] -- Symlinking: /home/perry/Jesus/Prueba6/install/irc_ros_description/share/irc_ros_description/meshes/igus_robolink_rl_dp_5/Joint2.dae
[16.582s] -- Symlinking: /home/perry/Jesus/Prueba6/install/irc_ros_description/share/irc_ros_description/meshes/igus_robolink_rl_dp_5/Joint2Coll.dae
[16.712s] -- Symlinking: /home/perry/Jesus/Prueba6/install/irc_ros_description/share/irc_ros_description/meshes/igus_robolink_rl_dp_5/Joint3.dae
[16.828s] -- Symlinking: /home/perry/Jesus/Prueba6/install/irc_ros_description/share/irc_ros_description/meshes/igus_robolink_rl_dp_5/Joint3Coll.dae
[17.072s] -- Symlinking: /home/perry/Jesus/Prueba6/install/irc_ros_description/share/irc_ros_description/meshes/igus_robolink_rl_dp_5/Joint4.dae
[17.212s] -- Symlinking: /home/perry/Jesus/Prueba6/install/irc_ros_description/share/irc_ros_description/meshes/igus_robolink_rl_dp_5/Joint4Coll.dae
[17.412s] -- Symlinking: /home/perry/Jesus/Prueba6/install/irc_ros_description/share/irc_ros_description/meshes/igus_robolink_rl_dp_5/Joint5.dae
[17.600s] -- Symlinking: /home/perry/Jesus/Prueba6/install/irc_ros_description/share/irc_ros_description/meshes/igus_robolink_rl_dp_5/Joint5Coll.dae
[17.756s] -- Symlinking: /home/perry/Jesus/Prueba6/install/irc_ros_description/share/irc_ros_description/launch/visualize.launch.py
[18.032s] -- Symlinking: /home/perry/Jesus/Prueba6/install/irc_ros_description/share/irc_ros_description/urdf/cpr_platform_medium.urdf.xacro
[18.155s] -- Symlinking: /home/perry/Jesus/Prueba6/install/irc_ros_description/share/irc_ros_description/urdf/grippers/ext_dio_gripper.description.xacro
[18.273s] -- Symlinking: /home/perry/Jesus/Prueba6/install/irc_ros_description/share/irc_ros_description/urdf/grippers/ext_dio_gripper.ros2_control.xacro
[18.391s] -- Symlinking: /home/perry/Jesus/Prueba6/install/irc_ros_description/share/irc_ros_description/urdf/grippers/grippers.macro.xacro
[18.469s] -- Symlinking: /home/perry/Jesus/Prueba6/install/irc_ros_description/share/irc_ros_description/urdf/grippers/schmalz_ecbpmi.description.xacro
[18.562s] -- Symlinking: /home/perry/Jesus/Prueba6/install/irc_ros_description/share/irc_ros_description/urdf/igus_rebel_4dof.urdf.xacro
[18.706s] -- Symlinking: /home/perry/Jesus/Prueba6/install/irc_ros_description/share/irc_ros_description/urdf/igus_rebel_6dof.urdf.xacro
[18.795s] -- Symlinking: /home/perry/Jesus/Prueba6/install/irc_ros_description/share/irc_ros_description/urdf/igus_robolink_rl_dp_5.urdf.xacro
[18.888s] -- Symlinking: /home/perry/Jesus/Prueba6/install/irc_ros_description/share/irc_ros_description/urdf/modules/din_rail.ros2_control.xacro
[18.990s] -- Symlinking: /home/perry/Jesus/Prueba6/install/irc_ros_description/share/irc_ros_description/urdf/modules/rebel.ros2_control.xacro
[19.144s] -- Symlinking: /home/perry/Jesus/Prueba6/install/irc_ros_description/share/irc_ros_description/urdf/platforms/cpr_platform_medium.description.xacro
[19.277s] -- Symlinking: /home/perry/Jesus/Prueba6/install/irc_ros_description/share/irc_ros_description/urdf/platforms/cpr_platform_medium.macro.xacro
[19.406s] -- Symlinking: /home/perry/Jesus/Prueba6/install/irc_ros_description/share/irc_ros_description/urdf/platforms/cpr_platform_medium.ros2_control.xacro
[19.491s] -- Symlinking: /home/perry/Jesus/Prueba6/install/irc_ros_description/share/irc_ros_description/urdf/rebel_on_platform.urdf.xacro
[19.613s] -- Symlinking: /home/perry/Jesus/Prueba6/install/irc_ros_description/share/irc_ros_description/urdf/robots/igus_rebel_4dof.macro.xacro
[19.803s] -- Symlinking: /home/perry/Jesus/Prueba6/install/irc_ros_description/share/irc_ros_description/urdf/robots/igus_rebel_4dof_00.description.xacro
[19.887s] -- Symlinking: /home/perry/Jesus/Prueba6/install/irc_ros_description/share/irc_ros_description/urdf/robots/igus_rebel_4dof_00.ros2_control.xacro
[19.950s] -- Symlinking: /home/perry/Jesus/Prueba6/install/irc_ros_description/share/irc_ros_description/urdf/robots/igus_rebel_4dof_01.description.xacro
[20.062s] -- Symlinking: /home/perry/Jesus/Prueba6/install/irc_ros_description/share/irc_ros_description/urdf/robots/igus_rebel_4dof_01.ros2_control.xacro
[20.157s] -- Symlinking: /home/perry/Jesus/Prueba6/install/irc_ros_description/share/irc_ros_description/urdf/robots/igus_rebel_6dof.macro.xacro
[20.310s] -- Symlinking: /home/perry/Jesus/Prueba6/install/irc_ros_description/share/irc_ros_description/urdf/robots/igus_rebel_6dof_00.description.xacro
[20.404s] -- Symlinking: /home/perry/Jesus/Prueba6/install/irc_ros_description/share/irc_ros_description/urdf/robots/igus_rebel_6dof_00.ros2_control.xacro
[20.509s] -- Symlinking: /home/perry/Jesus/Prueba6/install/irc_ros_description/share/irc_ros_description/urdf/robots/igus_rebel_6dof_01.description.xacro
[20.705s] -- Symlinking: /home/perry/Jesus/Prueba6/install/irc_ros_description/share/irc_ros_description/urdf/robots/igus_rebel_6dof_01.ros2_control.xacro
[20.785s] -- Symlinking: /home/perry/Jesus/Prueba6/install/irc_ros_description/share/irc_ros_description/urdf/robots/igus_rebel_6dof_pre.description.xacro
[20.876s] -- Symlinking: /home/perry/Jesus/Prueba6/install/irc_ros_description/share/irc_ros_description/urdf/robots/igus_rebel_6dof_pre.ros2_control.xacro
[20.989s] -- Symlinking: /home/perry/Jesus/Prueba6/install/irc_ros_description/share/irc_ros_description/urdf/robots/igus_robolink_rl_dp_5.description.xacro
[21.092s] -- Symlinking: /home/perry/Jesus/Prueba6/install/irc_ros_description/share/irc_ros_description/urdf/robots/igus_robolink_rl_dp_5.macro.xacro
[21.184s] -- Symlinking: /home/perry/Jesus/Prueba6/install/irc_ros_description/share/irc_ros_description/urdf/robots/igus_robolink_rl_dp_5.ros2_control.xacro
[21.293s] -- Symlinking: /home/perry/Jesus/Prueba6/install/irc_ros_description/share/irc_ros_description/rviz/platform.rviz
[21.453s] -- Symlinking: /home/perry/Jesus/Prueba6/install/irc_ros_description/share/irc_ros_description/rviz/rebel.rviz
[21.590s] -- Symlinking: /home/perry/Jesus/Prueba6/install/irc_ros_description/share/ament_index/resource_index/package_run_dependencies/irc_ros_description
[21.730s] -- Symlinking: /home/perry/Jesus/Prueba6/install/irc_ros_description/share/ament_index/resource_index/parent_prefix_path/irc_ros_description
[21.853s] -- Symlinking: /home/perry/Jesus/Prueba6/install/irc_ros_description/share/irc_ros_description/environment/ament_prefix_path.sh
[21.965s] -- Symlinking: /home/perry/Jesus/Prueba6/install/irc_ros_description/share/irc_ros_description/environment/ament_prefix_path.dsv
[22.049s] -- Symlinking: /home/perry/Jesus/Prueba6/install/irc_ros_description/share/irc_ros_description/environment/path.sh
[22.139s] -- Symlinking: /home/perry/Jesus/Prueba6/install/irc_ros_description/share/irc_ros_description/environment/path.dsv
[22.268s] -- Symlinking: /home/perry/Jesus/Prueba6/install/irc_ros_description/share/irc_ros_description/local_setup.bash
[22.384s] -- Symlinking: /home/perry/Jesus/Prueba6/install/irc_ros_description/share/irc_ros_description/local_setup.sh
[22.495s] -- Symlinking: /home/perry/Jesus/Prueba6/install/irc_ros_description/share/irc_ros_description/local_setup.zsh
[22.608s] -- Symlinking: /home/perry/Jesus/Prueba6/install/irc_ros_description/share/irc_ros_description/local_setup.dsv
[22.732s] -- Symlinking: /home/perry/Jesus/Prueba6/install/irc_ros_description/share/irc_ros_description/package.dsv
[22.859s] -- Symlinking: /home/perry/Jesus/Prueba6/install/irc_ros_description/share/ament_index/resource_index/packages/irc_ros_description
[22.949s] -- Symlinking: /home/perry/Jesus/Prueba6/install/irc_ros_description/share/irc_ros_description/cmake/irc_ros_descriptionConfig.cmake
[23.065s] -- Symlinking: /home/perry/Jesus/Prueba6/install/irc_ros_description/share/irc_ros_description/cmake/irc_ros_descriptionConfig-version.cmake
[23.268s] -- Symlinking: /home/perry/Jesus/Prueba6/install/irc_ros_description/share/irc_ros_description/package.xml
[23.452s] Invoked command in '/home/perry/Jesus/Prueba6/build/irc_ros_description' returned '0': CMAKE_PREFIX_PATH=${CMAKE_PREFIX_PATH}:/home/perry/Jesus/Prueba6/install/my_package:/opt/ros/humble /usr/bin/cmake --install /home/perry/Jesus/Prueba6/build/irc_ros_description
