[10.712s] Invoking command in '/home/perry/Jesus/Prueba6/src/moveit2/moveit_configs_utils': PYTHONPATH=/home/perry/Jesus/Prueba6/build/moveit_configs_utils/prefix_override:/usr/lib/python3/dist-packages/colcon_core/task/python/colcon_distutils_commands:/home/perry/Jesus/Prueba6/install/moveit_configs_utils/lib/python3.10/site-packages:${PYTHONPATH} /usr/bin/python3 -W ignore:setup.py install is deprecated -W ignore:easy_install command is deprecated setup.py egg_info --egg-base ../../../build/moveit_configs_utils build --build-base /home/perry/Jesus/Prueba6/build/moveit_configs_utils/build install --record /home/perry/Jesus/Prueba6/build/moveit_configs_utils/install.log --single-version-externally-managed install_data
[16.349s] running egg_info
[16.356s] creating ../../../build/moveit_configs_utils/moveit_configs_utils.egg-info
[16.357s] writing ../../../build/moveit_configs_utils/moveit_configs_utils.egg-info/PKG-INFO
[16.374s] writing dependency_links to ../../../build/moveit_configs_utils/moveit_configs_utils.egg-info/dependency_links.txt
[16.375s] writing entry points to ../../../build/moveit_configs_utils/moveit_configs_utils.egg-info/entry_points.txt
[16.382s] writing requirements to ../../../build/moveit_configs_utils/moveit_configs_utils.egg-info/requires.txt
[16.382s] writing top-level names to ../../../build/moveit_configs_utils/moveit_configs_utils.egg-info/top_level.txt
[16.383s] writing manifest file '../../../build/moveit_configs_utils/moveit_configs_utils.egg-info/SOURCES.txt'
[16.414s] reading manifest file '../../../build/moveit_configs_utils/moveit_configs_utils.egg-info/SOURCES.txt'
[16.430s] writing manifest file '../../../build/moveit_configs_utils/moveit_configs_utils.egg-info/SOURCES.txt'
[16.431s] running build
[16.433s] running build_py
[16.437s] creating /home/perry/Jesus/Prueba6/build/moveit_configs_utils/build
[16.443s] creating /home/perry/Jesus/Prueba6/build/moveit_configs_utils/build/lib
[16.443s] creating /home/perry/Jesus/Prueba6/build/moveit_configs_utils/build/lib/moveit_configs_utils
[16.444s] copying moveit_configs_utils/launches.py -> /home/perry/Jesus/Prueba6/build/moveit_configs_utils/build/lib/moveit_configs_utils
[16.445s] copying moveit_configs_utils/__init__.py -> /home/perry/Jesus/Prueba6/build/moveit_configs_utils/build/lib/moveit_configs_utils
[16.445s] copying moveit_configs_utils/moveit_configs_builder.py -> /home/perry/Jesus/Prueba6/build/moveit_configs_utils/build/lib/moveit_configs_utils
[16.468s] copying moveit_configs_utils/launch_utils.py -> /home/perry/Jesus/Prueba6/build/moveit_configs_utils/build/lib/moveit_configs_utils
[16.474s] creating /home/perry/Jesus/Prueba6/build/moveit_configs_utils/build/lib/moveit_configs_utils/substitutions
[16.475s] copying moveit_configs_utils/substitutions/__init__.py -> /home/perry/Jesus/Prueba6/build/moveit_configs_utils/build/lib/moveit_configs_utils/substitutions
[16.476s] copying moveit_configs_utils/substitutions/xacro.py -> /home/perry/Jesus/Prueba6/build/moveit_configs_utils/build/lib/moveit_configs_utils/substitutions
[16.477s] running install
[16.487s] running install_lib
[16.502s] creating /home/perry/Jesus/Prueba6/install/moveit_configs_utils/lib/python3.10/site-packages/moveit_configs_utils
[16.503s] copying /home/perry/Jesus/Prueba6/build/moveit_configs_utils/build/lib/moveit_configs_utils/launches.py -> /home/perry/Jesus/Prueba6/install/moveit_configs_utils/lib/python3.10/site-packages/moveit_configs_utils
[16.504s] creating /home/perry/Jesus/Prueba6/install/moveit_configs_utils/lib/python3.10/site-packages/moveit_configs_utils/substitutions
[16.504s] copying /home/perry/Jesus/Prueba6/build/moveit_configs_utils/build/lib/moveit_configs_utils/substitutions/__init__.py -> /home/perry/Jesus/Prueba6/install/moveit_configs_utils/lib/python3.10/site-packages/moveit_configs_utils/substitutions
[16.505s] copying /home/perry/Jesus/Prueba6/build/moveit_configs_utils/build/lib/moveit_configs_utils/substitutions/xacro.py -> /home/perry/Jesus/Prueba6/install/moveit_configs_utils/lib/python3.10/site-packages/moveit_configs_utils/substitutions
[16.511s] copying /home/perry/Jesus/Prueba6/build/moveit_configs_utils/build/lib/moveit_configs_utils/__init__.py -> /home/perry/Jesus/Prueba6/install/moveit_configs_utils/lib/python3.10/site-packages/moveit_configs_utils
[16.512s] copying /home/perry/Jesus/Prueba6/build/moveit_configs_utils/build/lib/moveit_configs_utils/moveit_configs_builder.py -> /home/perry/Jesus/Prueba6/install/moveit_configs_utils/lib/python3.10/site-packages/moveit_configs_utils
[16.518s] copying /home/perry/Jesus/Prueba6/build/moveit_configs_utils/build/lib/moveit_configs_utils/launch_utils.py -> /home/perry/Jesus/Prueba6/install/moveit_configs_utils/lib/python3.10/site-packages/moveit_configs_utils
[16.519s] byte-compiling /home/perry/Jesus/Prueba6/install/moveit_configs_utils/lib/python3.10/site-packages/moveit_configs_utils/launches.py to launches.cpython-310.pyc
[16.532s] byte-compiling /home/perry/Jesus/Prueba6/install/moveit_configs_utils/lib/python3.10/site-packages/moveit_configs_utils/substitutions/__init__.py to __init__.cpython-310.pyc
[16.534s] byte-compiling /home/perry/Jesus/Prueba6/install/moveit_configs_utils/lib/python3.10/site-packages/moveit_configs_utils/substitutions/xacro.py to xacro.cpython-310.pyc
[16.552s] byte-compiling /home/perry/Jesus/Prueba6/install/moveit_configs_utils/lib/python3.10/site-packages/moveit_configs_utils/__init__.py to __init__.cpython-310.pyc
[16.554s] byte-compiling /home/perry/Jesus/Prueba6/install/moveit_configs_utils/lib/python3.10/site-packages/moveit_configs_utils/moveit_configs_builder.py to moveit_configs_builder.cpython-310.pyc
[16.599s] byte-compiling /home/perry/Jesus/Prueba6/install/moveit_configs_utils/lib/python3.10/site-packages/moveit_configs_utils/launch_utils.py to launch_utils.cpython-310.pyc
[16.605s] running install_data
[16.607s] creating /home/perry/Jesus/Prueba6/install/moveit_configs_utils/share/ament_index
[16.615s] creating /home/perry/Jesus/Prueba6/install/moveit_configs_utils/share/ament_index/resource_index
[16.617s] creating /home/perry/Jesus/Prueba6/install/moveit_configs_utils/share/ament_index/resource_index/packages
[16.618s] copying resource/moveit_configs_utils -> /home/perry/Jesus/Prueba6/install/moveit_configs_utils/share/ament_index/resource_index/packages
[16.619s] copying package.xml -> /home/perry/Jesus/Prueba6/install/moveit_configs_utils/share/moveit_configs_utils
[16.620s] creating /home/perry/Jesus/Prueba6/install/moveit_configs_utils/share/moveit_configs_utils/default_configs
[16.621s] copying default_configs/ompl_defaults.yaml -> /home/perry/Jesus/Prueba6/install/moveit_configs_utils/share/moveit_configs_utils/default_configs
[16.631s] copying default_configs/pilz_industrial_motion_planner_planning.yaml -> /home/perry/Jesus/Prueba6/install/moveit_configs_utils/share/moveit_configs_utils/default_configs
[16.632s] copying default_configs/chomp_planning.yaml -> /home/perry/Jesus/Prueba6/install/moveit_configs_utils/share/moveit_configs_utils/default_configs
[16.632s] copying default_configs/ompl_planning.yaml -> /home/perry/Jesus/Prueba6/install/moveit_configs_utils/share/moveit_configs_utils/default_configs
[16.633s] running install_egg_info
[16.647s] Copying ../../../build/moveit_configs_utils/moveit_configs_utils.egg-info to /home/perry/Jesus/Prueba6/install/moveit_configs_utils/lib/python3.10/site-packages/moveit_configs_utils-2.5.9-py3.10.egg-info
[16.676s] running install_scripts
[17.000s] writing list of installed files to '/home/perry/Jesus/Prueba6/build/moveit_configs_utils/install.log'
[17.375s] Invoked command in '/home/perry/Jesus/Prueba6/src/moveit2/moveit_configs_utils' returned '0': PYTHONPATH=/home/perry/Jesus/Prueba6/build/moveit_configs_utils/prefix_override:/usr/lib/python3/dist-packages/colcon_core/task/python/colcon_distutils_commands:/home/perry/Jesus/Prueba6/install/moveit_configs_utils/lib/python3.10/site-packages:${PYTHONPATH} /usr/bin/python3 -W ignore:setup.py install is deprecated -W ignore:easy_install command is deprecated setup.py egg_info --egg-base ../../../build/moveit_configs_utils build --build-base /home/perry/Jesus/Prueba6/build/moveit_configs_utils/build install --record /home/perry/Jesus/Prueba6/build/moveit_configs_utils/install.log --single-version-externally-managed install_data
