[19.978s] Invoking command in '/home/perry/Jesus/Prueba6/src/my_package': PYTHONPATH=/home/perry/Jesus/Prueba6/build/my_package/prefix_override:/usr/lib/python3/dist-packages/colcon_core/task/python/colcon_distutils_commands:/home/perry/Jesus/Prueba6/install/my_package/lib/python3.10/site-packages:${PYTHONPATH} /usr/bin/python3 -W ignore:setup.py install is deprecated -W ignore:easy_install command is deprecated setup.py egg_info --egg-base ../../build/my_package build --build-base /home/perry/Jesus/Prueba6/build/my_package/build install --record /home/perry/Jesus/Prueba6/build/my_package/install.log --single-version-externally-managed install_data
[24.987s] running egg_info
[24.994s] writing ../../build/my_package/my_package.egg-info/PKG-INFO
[24.996s] writing dependency_links to ../../build/my_package/my_package.egg-info/dependency_links.txt
[25.001s] writing entry points to ../../build/my_package/my_package.egg-info/entry_points.txt
[25.004s] writing requirements to ../../build/my_package/my_package.egg-info/requires.txt
[25.006s] writing top-level names to ../../build/my_package/my_package.egg-info/top_level.txt
[25.036s] reading manifest file '../../build/my_package/my_package.egg-info/SOURCES.txt'
[25.050s] writing manifest file '../../build/my_package/my_package.egg-info/SOURCES.txt'
[25.052s] running build
[25.053s] running build_py
[25.063s] running install
[25.065s] running install_lib
[25.085s] running install_data
[25.088s] running install_egg_info
[25.113s] removing '/home/perry/Jesus/Prueba6/install/my_package/lib/python3.10/site-packages/my_package-0.0.0-py3.10.egg-info' (and everything under it)
[25.119s] Copying ../../build/my_package/my_package.egg-info to /home/perry/Jesus/Prueba6/install/my_package/lib/python3.10/site-packages/my_package-0.0.0-py3.10.egg-info
[25.146s] running install_scripts
[25.448s] Installing nodo_cinematica script to /home/perry/Jesus/Prueba6/install/my_package/lib/my_package
[25.452s] Installing nodo_mando script to /home/perry/Jesus/Prueba6/install/my_package/lib/my_package
[25.455s] Installing pose_moveit script to /home/perry/Jesus/Prueba6/install/my_package/lib/my_package
[25.463s] writing list of installed files to '/home/perry/Jesus/Prueba6/build/my_package/install.log'
[25.915s] Invoked command in '/home/perry/Jesus/Prueba6/src/my_package' returned '0': PYTHONPATH=/home/perry/Jesus/Prueba6/build/my_package/prefix_override:/usr/lib/python3/dist-packages/colcon_core/task/python/colcon_distutils_commands:/home/perry/Jesus/Prueba6/install/my_package/lib/python3.10/site-packages:${PYTHONPATH} /usr/bin/python3 -W ignore:setup.py install is deprecated -W ignore:easy_install command is deprecated setup.py egg_info --egg-base ../../build/my_package build --build-base /home/perry/Jesus/Prueba6/build/my_package/build install --record /home/perry/Jesus/Prueba6/build/my_package/install.log --single-version-externally-managed install_data
