-- Found ament_cmake: 1.3.11 (/opt/ros/humble/share/ament_cmake/cmake)
-- Override CMake install command with custom implementation using symlinks instead of copying resources
-- Configuring done
-- Generating done
-- Build files have been written to: /home/perry/Jesus/Prueba6/build/moveit
-- Install configuration: "Debug"
-- Execute custom install script
-- Symlinking: /home/perry/Jesus/Prueba6/install/moveit/share/ament_index/resource_index/package_run_dependencies/moveit
-- Symlinking: /home/perry/Jesus/Prueba6/install/moveit/share/ament_index/resource_index/parent_prefix_path/moveit
-- Symlinking: /home/perry/Jesus/Prueba6/install/moveit/share/moveit/environment/ament_prefix_path.sh
-- Symlinking: /home/perry/Jesus/Prueba6/install/moveit/share/moveit/environment/ament_prefix_path.dsv
-- Symlinking: /home/perry/Jesus/Prueba6/install/moveit/share/moveit/environment/path.sh
-- Symlinking: /home/perry/Jesus/Prueba6/install/moveit/share/moveit/environment/path.dsv
-- Symlinking: /home/perry/Jesus/Prueba6/install/moveit/share/moveit/local_setup.bash
-- Symlinking: /home/perry/Jesus/Prueba6/install/moveit/share/moveit/local_setup.sh
-- Symlinking: /home/perry/Jesus/Prueba6/install/moveit/share/moveit/local_setup.zsh
-- Symlinking: /home/perry/Jesus/Prueba6/install/moveit/share/moveit/local_setup.dsv
-- Symlinking: /home/perry/Jesus/Prueba6/install/moveit/share/moveit/package.dsv
-- Symlinking: /home/perry/Jesus/Prueba6/install/moveit/share/ament_index/resource_index/packages/moveit
-- Symlinking: /home/perry/Jesus/Prueba6/install/moveit/share/moveit/cmake/moveitConfig.cmake
-- Symlinking: /home/perry/Jesus/Prueba6/install/moveit/share/moveit/cmake/moveitConfig-version.cmake
-- Symlinking: /home/perry/Jesus/Prueba6/install/moveit/share/moveit/package.xml
-- Symlinking: /home/perry/Jesus/Prueba6/install/moveit/share/moveit/config/igus_rebel_6dof.ros2_control.xacro
-- Symlinking: /home/perry/Jesus/Prueba6/install/moveit/share/moveit/config/igus_rebel_6dof.srdf
-- Symlinking: /home/perry/Jesus/Prueba6/install/moveit/share/moveit/config/igus_rebel_6dof.urdf.xacro
-- Symlinking: /home/perry/Jesus/Prueba6/install/moveit/share/moveit/config/initial_positions.yaml
-- Symlinking: /home/perry/Jesus/Prueba6/install/moveit/share/moveit/config/joint_limits.yaml
-- Symlinking: /home/perry/Jesus/Prueba6/install/moveit/share/moveit/config/kinematics.yaml
-- Symlinking: /home/perry/Jesus/Prueba6/install/moveit/share/moveit/config/pilz_cartesian_limits.yaml
-- Symlinking: /home/perry/Jesus/Prueba6/install/moveit/share/moveit/.setup_assistant
