[0.232s] Invoking command in '/home/perry/Jesus/Prueba6/build/moveit_common': CMAKE_PREFIX_PATH=${CMAKE_PREFIX_PATH}:/home/perry/Jesus/Prueba6/install/my_package:/opt/ros/humble /usr/bin/cmake /home/perry/Jesus/Prueba6/src/moveit2/moveit_common -DCMAKE_INSTALL_PREFIX=/home/perry/Jesus/Prueba6/install/moveit_common
[3.049s] -- Found ament_cmake: 1.3.11 (/opt/ros/humble/share/ament_cmake/cmake)
[3.049s] -- Found Python3: /usr/bin/python3 (found version "3.10.12") found components: Interpreter 
[3.857s] -- Found ament_lint_auto: 0.12.12 (/opt/ros/humble/share/ament_lint_auto/cmake)
[5.145s] -- Added test 'copyright' to check source files copyright and LICENSE
[5.178s] -- Added test 'lint_cmake' to check CMake code style
[5.204s] -- Added test 'xmllint' to check XML markup files
[5.241s] -- Configuring done
[5.303s] -- Generating done
[5.322s] -- Build files have been written to: /home/perry/Jesus/Prueba6/build/moveit_common
[5.359s] Invoked command in '/home/perry/Jesus/Prueba6/build/moveit_common' returned '0': CMAKE_PREFIX_PATH=${CMAKE_PREFIX_PATH}:/home/perry/Jesus/Prueba6/install/my_package:/opt/ros/humble /usr/bin/cmake /home/perry/Jesus/Prueba6/src/moveit2/moveit_common -DCMAKE_INSTALL_PREFIX=/home/perry/Jesus/Prueba6/install/moveit_common
[5.362s] Invoking command in '/home/perry/Jesus/Prueba6/build/moveit_common': CMAKE_PREFIX_PATH=${CMAKE_PREFIX_PATH}:/home/perry/Jesus/Prueba6/install/my_package:/opt/ros/humble /usr/bin/cmake --build /home/perry/Jesus/Prueba6/build/moveit_common -- -j4 -l4
[5.852s] Invoked command in '/home/perry/Jesus/Prueba6/build/moveit_common' returned '0': CMAKE_PREFIX_PATH=${CMAKE_PREFIX_PATH}:/home/perry/Jesus/Prueba6/install/my_package:/opt/ros/humble /usr/bin/cmake --build /home/perry/Jesus/Prueba6/build/moveit_common -- -j4 -l4
[5.969s] Invoking command in '/home/perry/Jesus/Prueba6/build/moveit_common': CMAKE_PREFIX_PATH=${CMAKE_PREFIX_PATH}:/home/perry/Jesus/Prueba6/install/my_package:/opt/ros/humble /usr/bin/cmake --install /home/perry/Jesus/Prueba6/build/moveit_common
[6.016s] -- Install configuration: ""
[6.018s] -- Installing: /home/perry/Jesus/Prueba6/install/moveit_common/share/ament_index/resource_index/package_run_dependencies/moveit_common
[6.019s] -- Installing: /home/perry/Jesus/Prueba6/install/moveit_common/share/ament_index/resource_index/parent_prefix_path/moveit_common
[6.022s] -- Installing: /home/perry/Jesus/Prueba6/install/moveit_common/share/moveit_common/environment/ament_prefix_path.sh
[6.024s] -- Installing: /home/perry/Jesus/Prueba6/install/moveit_common/share/moveit_common/environment/ament_prefix_path.dsv
[6.026s] -- Installing: /home/perry/Jesus/Prueba6/install/moveit_common/share/moveit_common/environment/path.sh
[6.056s] -- Installing: /home/perry/Jesus/Prueba6/install/moveit_common/share/moveit_common/environment/path.dsv
[6.056s] -- Installing: /home/perry/Jesus/Prueba6/install/moveit_common/share/moveit_common/local_setup.bash
[6.057s] -- Installing: /home/perry/Jesus/Prueba6/install/moveit_common/share/moveit_common/local_setup.sh
[6.058s] -- Installing: /home/perry/Jesus/Prueba6/install/moveit_common/share/moveit_common/local_setup.zsh
[6.058s] -- Installing: /home/perry/Jesus/Prueba6/install/moveit_common/share/moveit_common/local_setup.dsv
[6.059s] -- Installing: /home/perry/Jesus/Prueba6/install/moveit_common/share/moveit_common/package.dsv
[6.060s] -- Installing: /home/perry/Jesus/Prueba6/install/moveit_common/share/ament_index/resource_index/packages/moveit_common
[6.061s] -- Installing: /home/perry/Jesus/Prueba6/install/moveit_common/share/moveit_common/cmake/moveit_common-extras.cmake
[6.067s] -- Installing: /home/perry/Jesus/Prueba6/install/moveit_common/share/moveit_common/cmake/moveit_commonConfig.cmake
[6.068s] -- Installing: /home/perry/Jesus/Prueba6/install/moveit_common/share/moveit_common/cmake/moveit_commonConfig-version.cmake
[6.069s] -- Installing: /home/perry/Jesus/Prueba6/install/moveit_common/share/moveit_common/package.xml
[6.069s] -- Up-to-date: /home/perry/Jesus/Prueba6/install/moveit_common/share/moveit_common/cmake
[6.070s] -- Installing: /home/perry/Jesus/Prueba6/install/moveit_common/share/moveit_common/cmake/moveit_package.cmake
[6.085s] Invoked command in '/home/perry/Jesus/Prueba6/build/moveit_common' returned '0': CMAKE_PREFIX_PATH=${CMAKE_PREFIX_PATH}:/home/perry/Jesus/Prueba6/install/my_package:/opt/ros/humble /usr/bin/cmake --install /home/perry/Jesus/Prueba6/build/moveit_common
