[70.575s] Invoking command in '/home/perry/Jesus/Prueba6/src/my_package': PYTHONPATH=/home/perry/Jesus/Prueba6/build/my_package/prefix_override:/usr/lib/python3/dist-packages/colcon_core/task/python/colcon_distutils_commands:/home/perry/Jesus/Prueba6/install/my_package/lib/python3.10/site-packages:${PYTHONPATH} /usr/bin/python3 -W ignore:setup.py install is deprecated -W ignore:easy_install command is deprecated setup.py egg_info --egg-base ../../build/my_package build --build-base /home/perry/Jesus/Prueba6/build/my_package/build install --record /home/perry/Jesus/Prueba6/build/my_package/install.log --single-version-externally-managed install_data
[89.040s] running egg_info
[89.072s] writing ../../build/my_package/my_package.egg-info/PKG-INFO
[89.081s] writing dependency_links to ../../build/my_package/my_package.egg-info/dependency_links.txt
[89.083s] writing entry points to ../../build/my_package/my_package.egg-info/entry_points.txt
[89.094s] writing requirements to ../../build/my_package/my_package.egg-info/requires.txt
[89.112s] writing top-level names to ../../build/my_package/my_package.egg-info/top_level.txt
[89.168s] reading manifest file '../../build/my_package/my_package.egg-info/SOURCES.txt'
[89.174s] writing manifest file '../../build/my_package/my_package.egg-info/SOURCES.txt'
[89.185s] running build
[89.192s] running build_py
[89.213s] copying my_package/nodo_cinematica.py -> /home/perry/Jesus/Prueba6/build/my_package/build/lib/my_package
[89.238s] running install
[89.251s] running install_lib
[89.292s] copying /home/perry/Jesus/Prueba6/build/my_package/build/lib/my_package/nodo_cinematica.py -> /home/perry/Jesus/Prueba6/install/my_package/lib/python3.10/site-packages/my_package
[89.338s] byte-compiling /home/perry/Jesus/Prueba6/install/my_package/lib/python3.10/site-packages/my_package/nodo_cinematica.py to nodo_cinematica.cpython-310.pyc
[89.365s] running install_data
[89.381s] running install_egg_info
[89.426s] removing '/home/perry/Jesus/Prueba6/install/my_package/lib/python3.10/site-packages/my_package-0.0.0-py3.10.egg-info' (and everything under it)
[89.443s] Copying ../../build/my_package/my_package.egg-info to /home/perry/Jesus/Prueba6/install/my_package/lib/python3.10/site-packages/my_package-0.0.0-py3.10.egg-info
[89.469s] running install_scripts
[91.573s] Installing nodo_cinematica script to /home/perry/Jesus/Prueba6/install/my_package/lib/my_package
[91.615s] Installing nodo_mando script to /home/perry/Jesus/Prueba6/install/my_package/lib/my_package
[91.621s] Installing pose_moveit script to /home/perry/Jesus/Prueba6/install/my_package/lib/my_package
[91.627s] writing list of installed files to '/home/perry/Jesus/Prueba6/build/my_package/install.log'
[92.228s] Invoked command in '/home/perry/Jesus/Prueba6/src/my_package' returned '0': PYTHONPATH=/home/perry/Jesus/Prueba6/build/my_package/prefix_override:/usr/lib/python3/dist-packages/colcon_core/task/python/colcon_distutils_commands:/home/perry/Jesus/Prueba6/install/my_package/lib/python3.10/site-packages:${PYTHONPATH} /usr/bin/python3 -W ignore:setup.py install is deprecated -W ignore:easy_install command is deprecated setup.py egg_info --egg-base ../../build/my_package build --build-base /home/perry/Jesus/Prueba6/build/my_package/build install --record /home/perry/Jesus/Prueba6/build/my_package/install.log --single-version-externally-managed install_data
