[0.479s] Invoking command in '/home/perry/Jesus/Prueba6/build/moveit': CMAKE_PREFIX_PATH=/opt/ros/humble /usr/bin/cmake /home/perry/Jesus/Prueba6/src/moveit -DCMAKE_BUILD_TYPE=Debug -DCMAKE_INSTALL_PREFIX=/home/perry/Jesus/Prueba6/install/moveit
[9.757s] -- Found ament_cmake: 1.3.11 (/opt/ros/humble/share/ament_cmake/cmake)
[9.758s] -- Found ament_lint_auto: 0.12.12 (/opt/ros/humble/share/ament_lint_auto/cmake)
[9.759s] -- Added test 'lint_cmake' to check CMake code style
[9.760s] -- Added test 'xmllint' to check XML markup files
[9.761s] -- Configuring done
[9.771s] -- Generating done
[9.772s] -- Build files have been written to: /home/perry/Jesus/Prueba6/build/moveit
[9.892s] Invoked command in '/home/perry/Jesus/Prueba6/build/moveit' returned '0': CMAKE_PREFIX_PATH=/opt/ros/humble /usr/bin/cmake /home/perry/Jesus/Prueba6/src/moveit -DCMAKE_BUILD_TYPE=Debug -DCMAKE_INSTALL_PREFIX=/home/perry/Jesus/Prueba6/install/moveit
[9.913s] Invoking command in '/home/perry/Jesus/Prueba6/build/moveit': CMAKE_PREFIX_PATH=/opt/ros/humble /usr/bin/cmake --build /home/perry/Jesus/Prueba6/build/moveit -- -j4 -l4
[11.039s] Invoked command in '/home/perry/Jesus/Prueba6/build/moveit' returned '0': CMAKE_PREFIX_PATH=/opt/ros/humble /usr/bin/cmake --build /home/perry/Jesus/Prueba6/build/moveit -- -j4 -l4
[11.079s] Invoking command in '/home/perry/Jesus/Prueba6/build/moveit': CMAKE_PREFIX_PATH=/opt/ros/humble /usr/bin/cmake --install /home/perry/Jesus/Prueba6/build/moveit
[11.479s] -- Install configuration: "Debug"
[11.480s] -- Up-to-date: /home/perry/Jesus/Prueba6/install/moveit/share/ament_index/resource_index/package_run_dependencies/moveit
[11.496s] -- Installing: /home/perry/Jesus/Prueba6/install/moveit/share/ament_index/resource_index/parent_prefix_path/moveit
[11.543s] -- Up-to-date: /home/perry/Jesus/Prueba6/install/moveit/share/moveit/environment/ament_prefix_path.sh
[11.545s] -- Installing: /home/perry/Jesus/Prueba6/install/moveit/share/moveit/environment/ament_prefix_path.dsv
[11.546s] -- Up-to-date: /home/perry/Jesus/Prueba6/install/moveit/share/moveit/environment/path.sh
[11.547s] -- Installing: /home/perry/Jesus/Prueba6/install/moveit/share/moveit/environment/path.dsv
[11.548s] -- Up-to-date: /home/perry/Jesus/Prueba6/install/moveit/share/moveit/local_setup.bash
[11.549s] -- Up-to-date: /home/perry/Jesus/Prueba6/install/moveit/share/moveit/local_setup.sh
[11.574s] -- Up-to-date: /home/perry/Jesus/Prueba6/install/moveit/share/moveit/local_setup.zsh
[11.576s] -- Installing: /home/perry/Jesus/Prueba6/install/moveit/share/moveit/local_setup.dsv
[11.578s] -- Installing: /home/perry/Jesus/Prueba6/install/moveit/share/moveit/package.dsv
[11.580s] -- Up-to-date: /home/perry/Jesus/Prueba6/install/moveit/share/ament_index/resource_index/packages/moveit
[11.581s] -- Up-to-date: /home/perry/Jesus/Prueba6/install/moveit/share/moveit/cmake/moveitConfig.cmake
[11.595s] -- Up-to-date: /home/perry/Jesus/Prueba6/install/moveit/share/moveit/cmake/moveitConfig-version.cmake
[11.597s] -- Up-to-date: /home/perry/Jesus/Prueba6/install/moveit/share/moveit/package.xml
[11.782s] Invoked command in '/home/perry/Jesus/Prueba6/build/moveit' returned '0': CMAKE_PREFIX_PATH=/opt/ros/humble /usr/bin/cmake --install /home/perry/Jesus/Prueba6/build/moveit
