[3.524s] DEBUG:colcon:Command line arguments: ['/usr/bin/colcon', 'build', '--packages-select', 'my_packages']
[3.525s] DEBUG:colcon:Parsed command line arguments: Namespace(log_base=None, log_level=None, verb_name='build', build_base='build', install_base='install', merge_install=False, symlink_install=False, test_result_base=None, continue_on_error=False, executor='parallel', parallel_workers=4, event_handlers=None, ignore_user_meta=False, metas=['./colcon.meta'], base_paths=['.'], packages_ignore=None, packages_ignore_regex=None, paths=None, packages_up_to=None, packages_up_to_regex=None, packages_above=None, packages_above_and_dependencies=None, packages_above_depth=None, packages_select_by_dep=None, packages_skip_by_dep=None, packages_skip_up_to=None, packages_select_build_failed=False, packages_skip_build_finished=False, packages_select_test_failures=False, packages_skip_test_passed=False, packages_select=['my_packages'], packages_skip=None, packages_select_regex=None, packages_skip_regex=None, packages_start=None, packages_end=None, allow_overriding=[], cmake_args=None, cmake_target=None, cmake_target_skip_unavailable=False, cmake_clean_cache=False, cmake_clean_first=False, cmake_force_configure=False, ament_cmake_args=None, catkin_cmake_args=None, catkin_skip_building_tests=False, mixin_files=None, mixin=None, verb_parser=<colcon_mixin.mixin.mixin_argument.MixinArgumentDecorator object at 0xffffba800cd0>, verb_extension=<colcon_core.verb.build.BuildVerb object at 0xffffba800820>, main=<bound method BuildVerb.main of <colcon_core.verb.build.BuildVerb object at 0xffffba800820>>, mixin_verb=('build',))
[8.867s] Level 1:colcon.colcon_core.package_discovery:discover_packages(colcon_meta) check parameters
[8.869s] Level 1:colcon.colcon_core.package_discovery:discover_packages(recursive) check parameters
[8.870s] Level 1:colcon.colcon_core.package_discovery:discover_packages(ignore) check parameters
[8.870s] Level 1:colcon.colcon_core.package_discovery:discover_packages(path) check parameters
[8.870s] Level 1:colcon.colcon_core.package_discovery:discover_packages(colcon_meta) discover
[8.871s] Level 1:colcon.colcon_core.package_discovery:discover_packages(recursive) discover
[8.871s] INFO:colcon.colcon_core.package_discovery:Crawling recursively for packages in '/home/perry/Jesus/Prueba6'
[8.872s] Level 1:colcon.colcon_core.package_identification:_identify(.) by extensions ['ignore', 'ignore_ament_install']
[8.875s] Level 1:colcon.colcon_core.package_identification:_identify(.) by extension 'ignore'
[8.876s] Level 1:colcon.colcon_core.package_identification:_identify(.) by extension 'ignore_ament_install'
[8.881s] Level 1:colcon.colcon_core.package_identification:_identify(.) by extensions ['colcon_pkg']
[8.881s] Level 1:colcon.colcon_core.package_identification:_identify(.) by extension 'colcon_pkg'
[8.882s] Level 1:colcon.colcon_core.package_identification:_identify(.) by extensions ['colcon_meta']
[8.883s] Level 1:colcon.colcon_core.package_identification:_identify(.) by extension 'colcon_meta'
[8.883s] Level 1:colcon.colcon_core.package_identification:_identify(.) by extensions ['ros']
[8.884s] Level 1:colcon.colcon_core.package_identification:_identify(.) by extension 'ros'
[9.171s] Level 1:colcon.colcon_core.package_identification:_identify(.) by extensions ['cmake', 'python']
[9.172s] Level 1:colcon.colcon_core.package_identification:_identify(.) by extension 'cmake'
[9.174s] Level 1:colcon.colcon_core.package_identification:_identify(.) by extension 'python'
[9.174s] Level 1:colcon.colcon_core.package_identification:_identify(.) by extensions ['python_setup_py']
[9.175s] Level 1:colcon.colcon_core.package_identification:_identify(.) by extension 'python_setup_py'
[9.176s] Level 1:colcon.colcon_core.package_identification:_identify(build) by extensions ['ignore', 'ignore_ament_install']
[9.176s] Level 1:colcon.colcon_core.package_identification:_identify(build) by extension 'ignore'
[9.177s] Level 1:colcon.colcon_core.package_identification:_identify(build) ignored
[9.178s] Level 1:colcon.colcon_core.package_identification:_identify(install) by extensions ['ignore', 'ignore_ament_install']
[9.179s] Level 1:colcon.colcon_core.package_identification:_identify(install) by extension 'ignore'
[9.179s] Level 1:colcon.colcon_core.package_identification:_identify(install) ignored
[9.185s] Level 1:colcon.colcon_core.package_identification:_identify(log) by extensions ['ignore', 'ignore_ament_install']
[9.186s] Level 1:colcon.colcon_core.package_identification:_identify(log) by extension 'ignore'
[9.187s] Level 1:colcon.colcon_core.package_identification:_identify(log) ignored
[9.188s] Level 1:colcon.colcon_core.package_identification:_identify(src) by extensions ['ignore', 'ignore_ament_install']
[9.210s] Level 1:colcon.colcon_core.package_identification:_identify(src) by extension 'ignore'
[9.211s] Level 1:colcon.colcon_core.package_identification:_identify(src) by extension 'ignore_ament_install'
[9.212s] Level 1:colcon.colcon_core.package_identification:_identify(src) by extensions ['colcon_pkg']
[9.213s] Level 1:colcon.colcon_core.package_identification:_identify(src) by extension 'colcon_pkg'
[9.214s] Level 1:colcon.colcon_core.package_identification:_identify(src) by extensions ['colcon_meta']
[9.215s] Level 1:colcon.colcon_core.package_identification:_identify(src) by extension 'colcon_meta'
[9.215s] Level 1:colcon.colcon_core.package_identification:_identify(src) by extensions ['ros']
[9.216s] Level 1:colcon.colcon_core.package_identification:_identify(src) by extension 'ros'
[9.217s] Level 1:colcon.colcon_core.package_identification:_identify(src) by extensions ['cmake', 'python']
[9.218s] Level 1:colcon.colcon_core.package_identification:_identify(src) by extension 'cmake'
[9.218s] Level 1:colcon.colcon_core.package_identification:_identify(src) by extension 'python'
[9.219s] Level 1:colcon.colcon_core.package_identification:_identify(src) by extensions ['python_setup_py']
[9.220s] Level 1:colcon.colcon_core.package_identification:_identify(src) by extension 'python_setup_py'
[9.226s] Level 1:colcon.colcon_core.package_identification:_identify(src/hello_moveit) by extensions ['ignore', 'ignore_ament_install']
[9.227s] Level 1:colcon.colcon_core.package_identification:_identify(src/hello_moveit) by extension 'ignore'
[9.227s] Level 1:colcon.colcon_core.package_identification:_identify(src/hello_moveit) by extension 'ignore_ament_install'
[9.228s] Level 1:colcon.colcon_core.package_identification:_identify(src/hello_moveit) by extensions ['colcon_pkg']
[9.228s] Level 1:colcon.colcon_core.package_identification:_identify(src/hello_moveit) by extension 'colcon_pkg'
[9.229s] Level 1:colcon.colcon_core.package_identification:_identify(src/hello_moveit) by extensions ['colcon_meta']
[9.233s] Level 1:colcon.colcon_core.package_identification:_identify(src/hello_moveit) by extension 'colcon_meta'
[9.234s] Level 1:colcon.colcon_core.package_identification:_identify(src/hello_moveit) by extensions ['ros']
[9.235s] Level 1:colcon.colcon_core.package_identification:_identify(src/hello_moveit) by extension 'ros'
[9.274s] DEBUG:colcon.colcon_core.package_identification:Package 'src/hello_moveit' with type 'ros.ament_cmake' and name 'hello_moveit'
[9.276s] Level 1:colcon.colcon_core.package_identification:_identify(src/irc_ros_description) by extensions ['ignore', 'ignore_ament_install']
[9.277s] Level 1:colcon.colcon_core.package_identification:_identify(src/irc_ros_description) by extension 'ignore'
[9.279s] Level 1:colcon.colcon_core.package_identification:_identify(src/irc_ros_description) by extension 'ignore_ament_install'
[9.280s] Level 1:colcon.colcon_core.package_identification:_identify(src/irc_ros_description) by extensions ['colcon_pkg']
[9.280s] Level 1:colcon.colcon_core.package_identification:_identify(src/irc_ros_description) by extension 'colcon_pkg'
[9.290s] Level 1:colcon.colcon_core.package_identification:_identify(src/irc_ros_description) by extensions ['colcon_meta']
[9.291s] Level 1:colcon.colcon_core.package_identification:_identify(src/irc_ros_description) by extension 'colcon_meta'
[9.291s] Level 1:colcon.colcon_core.package_identification:_identify(src/irc_ros_description) by extensions ['ros']
[9.292s] Level 1:colcon.colcon_core.package_identification:_identify(src/irc_ros_description) by extension 'ros'
[9.313s] DEBUG:colcon.colcon_core.package_identification:Package 'src/irc_ros_description' with type 'ros.ament_cmake' and name 'irc_ros_description'
[9.315s] Level 1:colcon.colcon_core.package_identification:_identify(src/moveit2_pose_target) by extensions ['ignore', 'ignore_ament_install']
[9.317s] Level 1:colcon.colcon_core.package_identification:_identify(src/moveit2_pose_target) by extension 'ignore'
[9.318s] Level 1:colcon.colcon_core.package_identification:_identify(src/moveit2_pose_target) by extension 'ignore_ament_install'
[9.320s] Level 1:colcon.colcon_core.package_identification:_identify(src/moveit2_pose_target) by extensions ['colcon_pkg']
[9.320s] Level 1:colcon.colcon_core.package_identification:_identify(src/moveit2_pose_target) by extension 'colcon_pkg'
[9.320s] Level 1:colcon.colcon_core.package_identification:_identify(src/moveit2_pose_target) by extensions ['colcon_meta']
[9.322s] Level 1:colcon.colcon_core.package_identification:_identify(src/moveit2_pose_target) by extension 'colcon_meta'
[9.323s] Level 1:colcon.colcon_core.package_identification:_identify(src/moveit2_pose_target) by extensions ['ros']
[9.324s] Level 1:colcon.colcon_core.package_identification:_identify(src/moveit2_pose_target) by extension 'ros'
[9.331s] DEBUG:colcon.colcon_core.package_identification:Package 'src/moveit2_pose_target' with type 'ros.ament_cmake' and name 'moveit2_pose_target'
[9.332s] Level 1:colcon.colcon_core.package_identification:_identify(src/my_package) by extensions ['ignore', 'ignore_ament_install']
[9.333s] Level 1:colcon.colcon_core.package_identification:_identify(src/my_package) by extension 'ignore'
[9.333s] Level 1:colcon.colcon_core.package_identification:_identify(src/my_package) by extension 'ignore_ament_install'
[9.334s] Level 1:colcon.colcon_core.package_identification:_identify(src/my_package) by extensions ['colcon_pkg']
[9.335s] Level 1:colcon.colcon_core.package_identification:_identify(src/my_package) by extension 'colcon_pkg'
[9.335s] Level 1:colcon.colcon_core.package_identification:_identify(src/my_package) by extensions ['colcon_meta']
[9.335s] Level 1:colcon.colcon_core.package_identification:_identify(src/my_package) by extension 'colcon_meta'
[9.336s] Level 1:colcon.colcon_core.package_identification:_identify(src/my_package) by extensions ['ros']
[9.336s] Level 1:colcon.colcon_core.package_identification:_identify(src/my_package) by extension 'ros'
[9.352s] DEBUG:colcon.colcon_core.package_identification:Package 'src/my_package' with type 'ros.ament_python' and name 'my_package'
[9.355s] Level 1:colcon.colcon_core.package_identification:_identify(src/robot) by extensions ['ignore', 'ignore_ament_install']
[9.355s] Level 1:colcon.colcon_core.package_identification:_identify(src/robot) by extension 'ignore'
[9.356s] Level 1:colcon.colcon_core.package_identification:_identify(src/robot) by extension 'ignore_ament_install'
[9.357s] Level 1:colcon.colcon_core.package_identification:_identify(src/robot) by extensions ['colcon_pkg']
[9.357s] Level 1:colcon.colcon_core.package_identification:_identify(src/robot) by extension 'colcon_pkg'
[9.357s] Level 1:colcon.colcon_core.package_identification:_identify(src/robot) by extensions ['colcon_meta']
[9.358s] Level 1:colcon.colcon_core.package_identification:_identify(src/robot) by extension 'colcon_meta'
[9.358s] Level 1:colcon.colcon_core.package_identification:_identify(src/robot) by extensions ['ros']
[9.359s] Level 1:colcon.colcon_core.package_identification:_identify(src/robot) by extension 'ros'
[9.380s] DEBUG:colcon.colcon_core.package_identification:Package 'src/robot' with type 'ros.ament_cmake' and name 'robot'
[9.381s] Level 1:colcon.colcon_core.package_discovery:discover_packages(recursive) using defaults
[9.382s] Level 1:colcon.colcon_core.package_discovery:discover_packages(ignore) discover
[9.382s] Level 1:colcon.colcon_core.package_discovery:discover_packages(ignore) using defaults
[9.383s] Level 1:colcon.colcon_core.package_discovery:discover_packages(path) discover
[9.384s] Level 1:colcon.colcon_core.package_discovery:discover_packages(path) using defaults
[9.387s] WARNING:colcon.colcon_core.package_selection:ignoring unknown package 'my_packages' in --packages-select
[9.780s] INFO:colcon.colcon_core.package_selection:Skipping not selected package 'hello_moveit' in 'src/hello_moveit'
[9.783s] INFO:colcon.colcon_core.package_selection:Skipping not selected package 'irc_ros_description' in 'src/irc_ros_description'
[9.783s] INFO:colcon.colcon_core.package_selection:Skipping not selected package 'moveit2_pose_target' in 'src/moveit2_pose_target'
[9.786s] INFO:colcon.colcon_core.package_selection:Skipping not selected package 'my_package' in 'src/my_package'
[9.787s] INFO:colcon.colcon_core.package_selection:Skipping not selected package 'robot' in 'src/robot'
[9.795s] Level 1:colcon.colcon_core.package_discovery:discover_packages(prefix_path) check parameters
[9.796s] Level 1:colcon.colcon_core.package_discovery:discover_packages(prefix_path) discover
[9.851s] DEBUG:colcon.colcon_installed_package_information.package_discovery:Found 12 installed packages in /home/perry/Jesus/Prueba6/install
[9.878s] DEBUG:colcon.colcon_installed_package_information.package_discovery:Found 444 installed packages in /opt/ros/humble
[9.915s] Level 1:colcon.colcon_core.package_discovery:discover_packages(prefix_path) using defaults
[11.247s] INFO:colcon.colcon_core.executor:Executing jobs using 'parallel' executor
[11.255s] DEBUG:colcon.colcon_parallel_executor.executor.parallel:run_until_complete
[11.256s] DEBUG:colcon.colcon_parallel_executor.executor.parallel:closing loop
[11.256s] DEBUG:colcon.colcon_parallel_executor.executor.parallel:loop closed
[11.257s] DEBUG:colcon.colcon_parallel_executor.executor.parallel:run_until_complete finished with '0'
[11.258s] DEBUG:colcon.colcon_core.event_reactor:joining thread
[11.378s] INFO:colcon.colcon_core.plugin_system:Skipping extension 'colcon_notification.desktop_notification.terminal_notifier': Not used on non-Darwin systems
[11.380s] INFO:colcon.colcon_core.plugin_system:Skipping extension 'colcon_notification.desktop_notification.win32': Not used on non-Windows systems
[11.380s] INFO:colcon.colcon_notification.desktop_notification:Sending desktop notification using 'notify2'
[12.112s] DEBUG:colcon.colcon_core.event_reactor:joined thread
[12.166s] INFO:colcon.colcon_core.plugin_system:Skipping extension 'colcon_core.shell.bat': Not used on non-Windows systems
[12.169s] INFO:colcon.colcon_core.shell:Creating prefix script '/home/perry/Jesus/Prueba6/install/local_setup.ps1'
[12.197s] INFO:colcon.colcon_core.shell:Creating prefix util module '/home/perry/Jesus/Prueba6/install/_local_setup_util_ps1.py'
[12.256s] INFO:colcon.colcon_core.shell:Creating prefix chain script '/home/perry/Jesus/Prueba6/install/setup.ps1'
[12.303s] INFO:colcon.colcon_core.shell:Creating prefix script '/home/perry/Jesus/Prueba6/install/local_setup.sh'
[12.329s] INFO:colcon.colcon_core.shell:Creating prefix util module '/home/perry/Jesus/Prueba6/install/_local_setup_util_sh.py'
[12.339s] INFO:colcon.colcon_core.shell:Creating prefix chain script '/home/perry/Jesus/Prueba6/install/setup.sh'
[12.367s] INFO:colcon.colcon_core.shell:Creating prefix script '/home/perry/Jesus/Prueba6/install/local_setup.bash'
[12.383s] INFO:colcon.colcon_core.shell:Creating prefix chain script '/home/perry/Jesus/Prueba6/install/setup.bash'
[12.438s] INFO:colcon.colcon_core.shell:Creating prefix script '/home/perry/Jesus/Prueba6/install/local_setup.zsh'
[12.451s] INFO:colcon.colcon_core.shell:Creating prefix chain script '/home/perry/Jesus/Prueba6/install/setup.zsh'
