[0.334s] Invoking command in '/home/perry/Jesus/Prueba6/build/hello_moveit': CMAKE_PREFIX_PATH=${CMAKE_PREFIX_PATH}:/home/perry/Jesus/Prueba6/install/my_package:/opt/ros/humble /usr/bin/cmake /home/perry/Jesus/Prueba6/src/hello_moveit -DCMAKE_BUILD_TYPE=Debug -DCMAKE_INSTALL_PREFIX=/home/perry/Jesus/Prueba6/install/hello_moveit
[0.670s] -- Found ament_cmake: 1.3.11 (/opt/ros/humble/share/ament_cmake/cmake)
[3.211s] -- Override CMake install command with custom implementation using symlinks instead of copying resources
[3.393s] -- Found moveit_ros_planning_interface: 2.5.8 (/opt/ros/humble/share/moveit_ros_planning_interface/cmake)
[3.670s] -- Found Boost: /usr/lib/aarch64-linux-gnu/cmake/Boost-1.74.0/BoostConfig.cmake (found version "1.74.0") found components: date_time filesystem program_options system thread 
[4.448s] -- Found rosidl_generator_c: 3.1.6 (/opt/ros/humble/share/rosidl_generator_c/cmake)
[4.503s] -- Found rosidl_adapter: 3.1.6 (/opt/ros/humble/share/rosidl_adapter/cmake)
[4.702s] -- Found rosidl_generator_cpp: 3.1.6 (/opt/ros/humble/share/rosidl_generator_cpp/cmake)
[4.929s] -- Using all available rosidl_typesupport_c: rosidl_typesupport_fastrtps_c;rosidl_typesupport_introspection_c
[5.174s] -- Using all available rosidl_typesupport_cpp: rosidl_typesupport_fastrtps_cpp;rosidl_typesupport_introspection_cpp
[7.944s] -- Found Boost: /usr/lib/aarch64-linux-gnu/cmake/Boost-1.74.0/BoostConfig.cmake (found version "1.74.0") found components: chrono date_time filesystem iostreams program_options regex serialization system thread 
[8.530s] -- Found parameter_traits: 0.4.0 (/opt/ros/humble/share/parameter_traits/cmake)
[9.052s] -- Found rmw_implementation_cmake: 6.1.2 (/opt/ros/humble/share/rmw_implementation_cmake/cmake)
[9.088s] -- Found rmw_fastrtps_cpp: 6.2.7 (/opt/ros/humble/share/rmw_fastrtps_cpp/cmake)
[12.400s] -- Using RMW implementation 'rmw_fastrtps_cpp' as default
[13.324s] -- Found rclcpp_lifecycle: 16.0.12 (/opt/ros/humble/share/rclcpp_lifecycle/cmake)
[13.704s] -- Found Boost: /usr/lib/aarch64-linux-gnu/cmake/Boost-1.74.0/BoostConfig.cmake (found version "1.74.0") found components: filesystem 
[14.646s] -- library: /usr/lib/aarch64-linux-gnu/libcurl.so
[15.190s] -- Ensuring Eigen3 include directory is part of orocos-kdl CMake target
[17.176s] -- Found Boost: /usr/lib/aarch64-linux-gnu/cmake/Boost-1.74.0/BoostConfig.cmake (found version "1.74.0") found components: system filesystem date_time program_options thread chrono 
[17.587s] -- Found Boost: /usr/lib/aarch64-linux-gnu/cmake/Boost-1.74.0/BoostConfig.cmake (found version "1.74.0") found components: thread system filesystem regex date_time program_options 
[17.827s] -- Found Boost: /usr/lib/aarch64-linux-gnu/cmake/Boost-1.74.0/BoostConfig.cmake (found version "1.74.0") found components: system filesystem date_time program_options thread 
[18.139s] -- Found ament_lint_auto: 0.12.12 (/opt/ros/humble/share/ament_lint_auto/cmake)
[19.449s] -- Added test 'cppcheck' to perform static code analysis on C / C++ code
[19.452s] -- Configured cppcheck include dirs: $<BUILD_INTERFACE:/home/perry/Jesus/Prueba6/src/hello_moveit/include>
[19.453s] -- Configured cppcheck exclude dirs and/or files: 
[19.477s] -- Added test 'lint_cmake' to check CMake code style
[19.479s] -- Added test 'uncrustify' to check C / C++ code style
[19.480s] -- Configured uncrustify additional arguments: 
[19.487s] -- Added test 'xmllint' to check XML markup files
[19.495s] -- Configuring done
[19.911s] -- Generating done
[20.003s] -- Build files have been written to: /home/perry/Jesus/Prueba6/build/hello_moveit
[20.157s] Invoked command in '/home/perry/Jesus/Prueba6/build/hello_moveit' returned '0': CMAKE_PREFIX_PATH=${CMAKE_PREFIX_PATH}:/home/perry/Jesus/Prueba6/install/my_package:/opt/ros/humble /usr/bin/cmake /home/perry/Jesus/Prueba6/src/hello_moveit -DCMAKE_BUILD_TYPE=Debug -DCMAKE_INSTALL_PREFIX=/home/perry/Jesus/Prueba6/install/hello_moveit
[20.161s] Invoking command in '/home/perry/Jesus/Prueba6/build/hello_moveit': CMAKE_PREFIX_PATH=${CMAKE_PREFIX_PATH}:/home/perry/Jesus/Prueba6/install/my_package:/opt/ros/humble /usr/bin/cmake --build /home/perry/Jesus/Prueba6/build/hello_moveit -- -j4 -l4
[20.601s] [35m[1mConsolidate compiler generated dependencies of target hello_moveit[0m
[20.711s] [100%] Built target hello_moveit
[20.844s] Invoked command in '/home/perry/Jesus/Prueba6/build/hello_moveit' returned '0': CMAKE_PREFIX_PATH=${CMAKE_PREFIX_PATH}:/home/perry/Jesus/Prueba6/install/my_package:/opt/ros/humble /usr/bin/cmake --build /home/perry/Jesus/Prueba6/build/hello_moveit -- -j4 -l4
[20.865s] Invoking command in '/home/perry/Jesus/Prueba6/build/hello_moveit': CMAKE_PREFIX_PATH=${CMAKE_PREFIX_PATH}:/home/perry/Jesus/Prueba6/install/my_package:/opt/ros/humble /usr/bin/cmake --install /home/perry/Jesus/Prueba6/build/hello_moveit
[20.967s] -- Install configuration: "Debug"
[20.976s] -- Execute custom install script
[20.986s] -- Up-to-date symlink: /home/perry/Jesus/Prueba6/install/hello_moveit/lib/hello_moveit/hello_moveit
[20.997s] -- Up-to-date symlink: /home/perry/Jesus/Prueba6/install/hello_moveit/share/ament_index/resource_index/package_run_dependencies/hello_moveit
[21.002s] -- Up-to-date symlink: /home/perry/Jesus/Prueba6/install/hello_moveit/share/ament_index/resource_index/parent_prefix_path/hello_moveit
[21.011s] -- Up-to-date symlink: /home/perry/Jesus/Prueba6/install/hello_moveit/share/hello_moveit/environment/ament_prefix_path.sh
[21.018s] -- Up-to-date symlink: /home/perry/Jesus/Prueba6/install/hello_moveit/share/hello_moveit/environment/ament_prefix_path.dsv
[21.023s] -- Up-to-date symlink: /home/perry/Jesus/Prueba6/install/hello_moveit/share/hello_moveit/environment/path.sh
[21.028s] -- Up-to-date symlink: /home/perry/Jesus/Prueba6/install/hello_moveit/share/hello_moveit/environment/path.dsv
[21.031s] -- Up-to-date symlink: /home/perry/Jesus/Prueba6/install/hello_moveit/share/hello_moveit/local_setup.bash
[21.034s] -- Up-to-date symlink: /home/perry/Jesus/Prueba6/install/hello_moveit/share/hello_moveit/local_setup.sh
[21.036s] -- Up-to-date symlink: /home/perry/Jesus/Prueba6/install/hello_moveit/share/hello_moveit/local_setup.zsh
[21.038s] -- Up-to-date symlink: /home/perry/Jesus/Prueba6/install/hello_moveit/share/hello_moveit/local_setup.dsv
[21.042s] -- Symlinking: /home/perry/Jesus/Prueba6/install/hello_moveit/share/hello_moveit/package.dsv
[21.157s] -- Up-to-date symlink: /home/perry/Jesus/Prueba6/install/hello_moveit/share/ament_index/resource_index/packages/hello_moveit
[21.159s] -- Up-to-date symlink: /home/perry/Jesus/Prueba6/install/hello_moveit/share/hello_moveit/cmake/hello_moveitConfig.cmake
[21.161s] -- Up-to-date symlink: /home/perry/Jesus/Prueba6/install/hello_moveit/share/hello_moveit/cmake/hello_moveitConfig-version.cmake
[21.165s] -- Up-to-date symlink: /home/perry/Jesus/Prueba6/install/hello_moveit/share/hello_moveit/package.xml
[21.220s] Invoked command in '/home/perry/Jesus/Prueba6/build/hello_moveit' returned '0': CMAKE_PREFIX_PATH=${CMAKE_PREFIX_PATH}:/home/perry/Jesus/Prueba6/install/my_package:/opt/ros/humble /usr/bin/cmake --install /home/perry/Jesus/Prueba6/build/hello_moveit
