[0.217s] Invoking command in '/home/perry/Jesus/Prueba6/build/moveit': CMAKE_PREFIX_PATH=/home/perry/Jesus/Prueba6/install/irc_ros_description:/home/perry/Jesus/Prueba6/install/moveit:/home/perry/Jesus/Prueba6/install/hello_moveit:/home/perry/Jesus/Prueba6/install/my_package:/opt/ros/humble /usr/bin/cmake --build /home/perry/Jesus/Prueba6/build/moveit -- -j4 -l4
[0.699s] Invoked command in '/home/perry/Jesus/Prueba6/build/moveit' returned '0': CMAKE_PREFIX_PATH=/home/perry/Jesus/Prueba6/install/irc_ros_description:/home/perry/Jesus/Prueba6/install/moveit:/home/perry/Jesus/Prueba6/install/hello_moveit:/home/perry/Jesus/Prueba6/install/my_package:/opt/ros/humble /usr/bin/cmake --build /home/perry/Jesus/Prueba6/build/moveit -- -j4 -l4
[0.725s] Invoking command in '/home/perry/Jesus/Prueba6/build/moveit': CMAKE_PREFIX_PATH=/home/perry/Jesus/Prueba6/install/irc_ros_description:/home/perry/Jesus/Prueba6/install/moveit:/home/perry/Jesus/Prueba6/install/hello_moveit:/home/perry/Jesus/Prueba6/install/my_package:/opt/ros/humble /usr/bin/cmake --install /home/perry/Jesus/Prueba6/build/moveit
[0.841s] -- Install configuration: "Debug"
[0.846s] -- Execute custom install script
[0.850s] -- Up-to-date symlink: /home/perry/Jesus/Prueba6/install/moveit/share/ament_index/resource_index/package_run_dependencies/moveit
[0.854s] -- Up-to-date symlink: /home/perry/Jesus/Prueba6/install/moveit/share/ament_index/resource_index/parent_prefix_path/moveit
[0.855s] -- Up-to-date symlink: /home/perry/Jesus/Prueba6/install/moveit/share/moveit/environment/ament_prefix_path.sh
[0.873s] -- Up-to-date symlink: /home/perry/Jesus/Prueba6/install/moveit/share/moveit/environment/ament_prefix_path.dsv
[0.883s] -- Up-to-date symlink: /home/perry/Jesus/Prueba6/install/moveit/share/moveit/environment/path.sh
[0.894s] -- Up-to-date symlink: /home/perry/Jesus/Prueba6/install/moveit/share/moveit/environment/path.dsv
[0.900s] -- Up-to-date symlink: /home/perry/Jesus/Prueba6/install/moveit/share/moveit/local_setup.bash
[0.901s] -- Up-to-date symlink: /home/perry/Jesus/Prueba6/install/moveit/share/moveit/local_setup.sh
[0.902s] -- Up-to-date symlink: /home/perry/Jesus/Prueba6/install/moveit/share/moveit/local_setup.zsh
[0.903s] -- Up-to-date symlink: /home/perry/Jesus/Prueba6/install/moveit/share/moveit/local_setup.dsv
[0.904s] -- Symlinking: /home/perry/Jesus/Prueba6/install/moveit/share/moveit/package.dsv
[0.962s] -- Up-to-date symlink: /home/perry/Jesus/Prueba6/install/moveit/share/ament_index/resource_index/packages/moveit
[0.964s] -- Up-to-date symlink: /home/perry/Jesus/Prueba6/install/moveit/share/moveit/cmake/moveitConfig.cmake
[0.964s] -- Up-to-date symlink: /home/perry/Jesus/Prueba6/install/moveit/share/moveit/cmake/moveitConfig-version.cmake
[0.978s] -- Up-to-date symlink: /home/perry/Jesus/Prueba6/install/moveit/share/moveit/package.xml
[0.995s] -- Up-to-date symlink: /home/perry/Jesus/Prueba6/install/moveit/share/moveit/launch/demo.launch.py
[0.996s] -- Up-to-date symlink: /home/perry/Jesus/Prueba6/install/moveit/share/moveit/launch/move_group.launch.py
[1.003s] -- Up-to-date symlink: /home/perry/Jesus/Prueba6/install/moveit/share/moveit/launch/moveit_rviz.launch.py
[1.005s] -- Up-to-date symlink: /home/perry/Jesus/Prueba6/install/moveit/share/moveit/launch/rsp.launch.py
[1.017s] -- Up-to-date symlink: /home/perry/Jesus/Prueba6/install/moveit/share/moveit/launch/setup_assistant.launch.py
[1.018s] -- Up-to-date symlink: /home/perry/Jesus/Prueba6/install/moveit/share/moveit/launch/spawn_controllers.launch.py
[1.018s] -- Up-to-date symlink: /home/perry/Jesus/Prueba6/install/moveit/share/moveit/launch/static_virtual_joint_tfs.launch.py
[1.019s] -- Up-to-date symlink: /home/perry/Jesus/Prueba6/install/moveit/share/moveit/launch/warehouse_db.launch.py
[1.028s] -- Up-to-date symlink: /home/perry/Jesus/Prueba6/install/moveit/share/moveit/config/igus_rebel_6dof.ros2_control.xacro
[1.030s] -- Up-to-date symlink: /home/perry/Jesus/Prueba6/install/moveit/share/moveit/config/igus_rebel_6dof.srdf
[1.032s] -- Up-to-date symlink: /home/perry/Jesus/Prueba6/install/moveit/share/moveit/config/igus_rebel_6dof.urdf.xacro
[1.033s] -- Up-to-date symlink: /home/perry/Jesus/Prueba6/install/moveit/share/moveit/config/initial_positions.yaml
[1.033s] -- Up-to-date symlink: /home/perry/Jesus/Prueba6/install/moveit/share/moveit/config/joint_limits.yaml
[1.034s] -- Up-to-date symlink: /home/perry/Jesus/Prueba6/install/moveit/share/moveit/config/kinematics.yaml
[1.035s] -- Up-to-date symlink: /home/perry/Jesus/Prueba6/install/moveit/share/moveit/config/moveit.rviz
[1.038s] -- Up-to-date symlink: /home/perry/Jesus/Prueba6/install/moveit/share/moveit/config/moveit_controllers.yaml
[1.039s] -- Up-to-date symlink: /home/perry/Jesus/Prueba6/install/moveit/share/moveit/config/pilz_cartesian_limits.yaml
[1.040s] -- Up-to-date symlink: /home/perry/Jesus/Prueba6/install/moveit/share/moveit/config/ros2_controllers.yaml
[1.049s] -- Up-to-date symlink: /home/perry/Jesus/Prueba6/install/moveit/share/moveit/.setup_assistant
[1.050s] Invoked command in '/home/perry/Jesus/Prueba6/build/moveit' returned '0': CMAKE_PREFIX_PATH=/home/perry/Jesus/Prueba6/install/irc_ros_description:/home/perry/Jesus/Prueba6/install/moveit:/home/perry/Jesus/Prueba6/install/hello_moveit:/home/perry/Jesus/Prueba6/install/my_package:/opt/ros/humble /usr/bin/cmake --install /home/perry/Jesus/Prueba6/build/moveit
