[0.081s] Invoking command in '/home/perry/Jesus/Prueba6/build/moveit2_tutorials': AMENT_PREFIX_PATH=/home/perry/Jesus/Prueba6/install/moveit:/home/perry/Jesus/Prueba6/install/irc_ros_description:${AMENT_PREFIX_PATH} CMAKE_PREFIX_PATH=/home/perry/Jesus/Prueba6/install/moveit:/home/perry/Jesus/Prueba6/install/irc_ros_description:/opt/ros/humble /usr/bin/cmake /home/perry/Jesus/Prueba6/src/moveit2_tutorials -DCMAKE_INSTALL_PREFIX=/home/perry/Jesus/Prueba6/install/moveit2_tutorials
[0.142s] -- Found moveit_common: 2.5.8 (/opt/ros/humble/share/moveit_common/cmake)
[0.145s] -- Found ament_cmake: 1.3.11 (/opt/ros/humble/share/ament_cmake/cmake)
[1.566s] [0mmoveit2_tutorials: You did not request a specific build type: Choosing 'Release' for maximum performance[0m
[1.658s] -- Found Boost: /usr/lib/aarch64-linux-gnu/cmake/Boost-1.74.0/BoostConfig.cmake (found version "1.74.0") found components: system filesystem date_time thread 
[1.664s] -- Found control_msgs: 4.8.0 (/opt/ros/humble/share/control_msgs/cmake)
[1.938s] -- Found rosidl_generator_c: 3.1.6 (/opt/ros/humble/share/rosidl_generator_c/cmake)
[1.965s] -- Found rosidl_adapter: 3.1.6 (/opt/ros/humble/share/rosidl_adapter/cmake)
[2.015s] -- Found rosidl_generator_cpp: 3.1.6 (/opt/ros/humble/share/rosidl_generator_cpp/cmake)
[2.082s] -- Using all available rosidl_typesupport_c: rosidl_typesupport_fastrtps_c;rosidl_typesupport_introspection_c
[2.157s] -- Using all available rosidl_typesupport_cpp: rosidl_typesupport_fastrtps_cpp;rosidl_typesupport_introspection_cpp
[2.965s] -- Found moveit_core: 2.5.8 (/opt/ros/humble/share/moveit_core/cmake)
[3.019s] -- Found Boost: /usr/lib/aarch64-linux-gnu/cmake/Boost-1.74.0/BoostConfig.cmake (found version "1.74.0") found components: chrono date_time filesystem iostreams program_options regex serialization system thread 
[3.221s] -- Found parameter_traits: 0.4.0 (/opt/ros/humble/share/parameter_traits/cmake)
[3.475s] -- Found rmw_implementation_cmake: 6.1.2 (/opt/ros/humble/share/rmw_implementation_cmake/cmake)
[3.476s] -- Found rmw_fastrtps_cpp: 6.2.7 (/opt/ros/humble/share/rmw_fastrtps_cpp/cmake)
[4.843s] -- Using RMW implementation 'rmw_fastrtps_cpp' as default
[5.120s] -- Found rclcpp_lifecycle: 16.0.12 (/opt/ros/humble/share/rclcpp_lifecycle/cmake)
[5.233s] -- Found Boost: /usr/lib/aarch64-linux-gnu/cmake/Boost-1.74.0/BoostConfig.cmake (found version "1.74.0") found components: filesystem 
[5.617s] -- library: /usr/lib/aarch64-linux-gnu/libcurl.so
[5.869s] -- Ensuring Eigen3 include directory is part of orocos-kdl CMake target
[7.260s] [31mCMake Error at CMakeLists.txt:13 (find_package):
[7.261s]   By not providing "Findmoveit_task_constructor_core.cmake" in
[7.261s]   CMAKE_MODULE_PATH this project has asked CMake to find a package
[7.262s]   configuration file provided by "moveit_task_constructor_core", but CMake
[7.263s]   did not find one.
[7.263s] 
[7.264s]   Could not find a package configuration file provided by
[7.264s]   "moveit_task_constructor_core" with any of the following names:
[7.267s] 
[7.268s]     moveit_task_constructor_coreConfig.cmake
[7.270s]     moveit_task_constructor_core-config.cmake
[7.270s] 
[7.271s]   Add the installation prefix of "moveit_task_constructor_core" to
[7.272s]   CMAKE_PREFIX_PATH or set "moveit_task_constructor_core_DIR" to a directory
[7.272s]   containing one of the above files.  If "moveit_task_constructor_core"
[7.273s]   provides a separate development package or SDK, be sure it has been
[7.274s]   installed.
[7.276s] 
[7.279s] [0m
[7.280s] -- Configuring incomplete, errors occurred!
[7.281s] See also "/home/perry/Jesus/Prueba6/build/moveit2_tutorials/CMakeFiles/CMakeOutput.log".
[7.333s] Invoked command in '/home/perry/Jesus/Prueba6/build/moveit2_tutorials' returned '1': AMENT_PREFIX_PATH=/home/perry/Jesus/Prueba6/install/moveit:/home/perry/Jesus/Prueba6/install/irc_ros_description:${AMENT_PREFIX_PATH} CMAKE_PREFIX_PATH=/home/perry/Jesus/Prueba6/install/moveit:/home/perry/Jesus/Prueba6/install/irc_ros_description:/opt/ros/humble /usr/bin/cmake /home/perry/Jesus/Prueba6/src/moveit2_tutorials -DCMAKE_INSTALL_PREFIX=/home/perry/Jesus/Prueba6/install/moveit2_tutorials
