[0.262s] Invoking command in '/home/perry/Jesus/Prueba6/build/hello_moveit': CMAKE_PREFIX_PATH=/opt/ros/humble /usr/bin/cmake /home/perry/Jesus/Prueba6/src/hello_moveit -DAMENT_CMAKE_SYMLINK_INSTALL=1 -DCMAKE_INSTALL_PREFIX=/home/perry/Jesus/Prueba6/install/hello_moveit
[0.929s] -- Found ament_cmake: 1.3.11 (/opt/ros/humble/share/ament_cmake/cmake)
[3.138s] -- Override CMake install command with custom implementation using symlinks instead of copying resources
[3.473s] -- Found moveit_ros_planning_interface: 2.5.8 (/opt/ros/humble/share/moveit_ros_planning_interface/cmake)
[3.781s] -- Found Boost: /usr/lib/aarch64-linux-gnu/cmake/Boost-1.74.0/BoostConfig.cmake (found version "1.74.0") found components: date_time filesystem program_options system thread 
[4.702s] -- Found rosidl_generator_c: 3.1.6 (/opt/ros/humble/share/rosidl_generator_c/cmake)
[4.776s] -- Found rosidl_adapter: 3.1.6 (/opt/ros/humble/share/rosidl_adapter/cmake)
[4.899s] -- Found rosidl_generator_cpp: 3.1.6 (/opt/ros/humble/share/rosidl_generator_cpp/cmake)
[5.063s] -- Using all available rosidl_typesupport_c: rosidl_typesupport_fastrtps_c;rosidl_typesupport_introspection_c
[5.284s] -- Using all available rosidl_typesupport_cpp: rosidl_typesupport_fastrtps_cpp;rosidl_typesupport_introspection_cpp
[8.509s] -- Found Boost: /usr/lib/aarch64-linux-gnu/cmake/Boost-1.74.0/BoostConfig.cmake (found version "1.74.0") found components: chrono date_time filesystem iostreams program_options regex serialization system thread 
[9.061s] -- Found parameter_traits: 0.4.0 (/opt/ros/humble/share/parameter_traits/cmake)
[10.000s] -- Found rmw_implementation_cmake: 6.1.2 (/opt/ros/humble/share/rmw_implementation_cmake/cmake)
[10.053s] -- Found rmw_fastrtps_cpp: 6.2.7 (/opt/ros/humble/share/rmw_fastrtps_cpp/cmake)
[12.682s] -- Using RMW implementation 'rmw_fastrtps_cpp' as default
[13.762s] -- Found rclcpp_lifecycle: 16.0.12 (/opt/ros/humble/share/rclcpp_lifecycle/cmake)
[14.252s] -- Found Boost: /usr/lib/aarch64-linux-gnu/cmake/Boost-1.74.0/BoostConfig.cmake (found version "1.74.0") found components: filesystem 
[14.996s] -- library: /usr/lib/aarch64-linux-gnu/libcurl.so
[15.411s] -- Ensuring Eigen3 include directory is part of orocos-kdl CMake target
[17.922s] -- Found Boost: /usr/lib/aarch64-linux-gnu/cmake/Boost-1.74.0/BoostConfig.cmake (found version "1.74.0") found components: system filesystem date_time program_options thread chrono 
[18.229s] -- Found Boost: /usr/lib/aarch64-linux-gnu/cmake/Boost-1.74.0/BoostConfig.cmake (found version "1.74.0") found components: thread system filesystem regex date_time program_options 
[18.452s] -- Found Boost: /usr/lib/aarch64-linux-gnu/cmake/Boost-1.74.0/BoostConfig.cmake (found version "1.74.0") found components: system filesystem date_time program_options thread 
[18.912s] -- Found ament_lint_auto: 0.12.12 (/opt/ros/humble/share/ament_lint_auto/cmake)
[20.026s] -- Added test 'cppcheck' to perform static code analysis on C / C++ code
[20.027s] -- Configured cppcheck include dirs: $<BUILD_INTERFACE:/home/perry/Jesus/Prueba6/src/hello_moveit/include>
[20.028s] -- Configured cppcheck exclude dirs and/or files: 
[20.039s] -- Added test 'lint_cmake' to check CMake code style
[20.074s] -- Added test 'uncrustify' to check C / C++ code style
[20.077s] -- Configured uncrustify additional arguments: 
[20.088s] -- Added test 'xmllint' to check XML markup files
[20.112s] -- Configuring done
[20.665s] -- Generating done
[20.733s] -- Build files have been written to: /home/perry/Jesus/Prueba6/build/hello_moveit
[20.860s] Invoked command in '/home/perry/Jesus/Prueba6/build/hello_moveit' returned '0': CMAKE_PREFIX_PATH=/opt/ros/humble /usr/bin/cmake /home/perry/Jesus/Prueba6/src/hello_moveit -DAMENT_CMAKE_SYMLINK_INSTALL=1 -DCMAKE_INSTALL_PREFIX=/home/perry/Jesus/Prueba6/install/hello_moveit
[20.865s] Invoking command in '/home/perry/Jesus/Prueba6/build/hello_moveit': CMAKE_PREFIX_PATH=/opt/ros/humble /usr/bin/cmake --build /home/perry/Jesus/Prueba6/build/hello_moveit -- -j4 -l4
[21.358s] [35m[1mConsolidate compiler generated dependencies of target hello_moveit[0m
[21.789s] [100%] Built target hello_moveit
[21.921s] Invoked command in '/home/perry/Jesus/Prueba6/build/hello_moveit' returned '0': CMAKE_PREFIX_PATH=/opt/ros/humble /usr/bin/cmake --build /home/perry/Jesus/Prueba6/build/hello_moveit -- -j4 -l4
[21.949s] Invoking command in '/home/perry/Jesus/Prueba6/build/hello_moveit': CMAKE_PREFIX_PATH=/opt/ros/humble /usr/bin/cmake --install /home/perry/Jesus/Prueba6/build/hello_moveit
[22.021s] -- Install configuration: "Debug"
[22.024s] -- Execute custom install script
[22.031s] -- Up-to-date symlink: /home/perry/Jesus/Prueba6/install/hello_moveit/lib/hello_moveit/hello_moveit
[22.035s] -- Up-to-date symlink: /home/perry/Jesus/Prueba6/install/hello_moveit/share/ament_index/resource_index/package_run_dependencies/hello_moveit
[22.036s] -- Up-to-date symlink: /home/perry/Jesus/Prueba6/install/hello_moveit/share/ament_index/resource_index/parent_prefix_path/hello_moveit
[22.037s] -- Up-to-date symlink: /home/perry/Jesus/Prueba6/install/hello_moveit/share/hello_moveit/environment/ament_prefix_path.sh
[22.044s] -- Up-to-date symlink: /home/perry/Jesus/Prueba6/install/hello_moveit/share/hello_moveit/environment/ament_prefix_path.dsv
[22.046s] -- Up-to-date symlink: /home/perry/Jesus/Prueba6/install/hello_moveit/share/hello_moveit/environment/path.sh
[22.048s] -- Up-to-date symlink: /home/perry/Jesus/Prueba6/install/hello_moveit/share/hello_moveit/environment/path.dsv
[22.052s] -- Up-to-date symlink: /home/perry/Jesus/Prueba6/install/hello_moveit/share/hello_moveit/local_setup.bash
[22.053s] -- Up-to-date symlink: /home/perry/Jesus/Prueba6/install/hello_moveit/share/hello_moveit/local_setup.sh
[22.053s] -- Up-to-date symlink: /home/perry/Jesus/Prueba6/install/hello_moveit/share/hello_moveit/local_setup.zsh
[22.054s] -- Up-to-date symlink: /home/perry/Jesus/Prueba6/install/hello_moveit/share/hello_moveit/local_setup.dsv
[22.055s] -- Symlinking: /home/perry/Jesus/Prueba6/install/hello_moveit/share/hello_moveit/package.dsv
[22.122s] -- Up-to-date symlink: /home/perry/Jesus/Prueba6/install/hello_moveit/share/ament_index/resource_index/packages/hello_moveit
[22.123s] -- Up-to-date symlink: /home/perry/Jesus/Prueba6/install/hello_moveit/share/hello_moveit/cmake/hello_moveitConfig.cmake
[22.126s] -- Up-to-date symlink: /home/perry/Jesus/Prueba6/install/hello_moveit/share/hello_moveit/cmake/hello_moveitConfig-version.cmake
[22.134s] -- Up-to-date symlink: /home/perry/Jesus/Prueba6/install/hello_moveit/share/hello_moveit/package.xml
[22.153s] Invoked command in '/home/perry/Jesus/Prueba6/build/hello_moveit' returned '0': CMAKE_PREFIX_PATH=/opt/ros/humble /usr/bin/cmake --install /home/perry/Jesus/Prueba6/build/hello_moveit
