[0.420s] Invoking command in '/home/perry/Jesus/Prueba6/build/hello_moveit': CMAKE_PREFIX_PATH=/opt/ros/humble /usr/bin/cmake /home/perry/Jesus/Prueba6/src/hello_moveit -DCMAKE_BUILD_TYPE=Debug -DCMAKE_INSTALL_PREFIX=/home/perry/Jesus/Prueba6/install/hello_moveit
[9.818s] -- The C compiler identification is GNU 11.4.0
[9.827s] -- The CXX compiler identification is GNU 11.4.0
[9.830s] -- Detecting C compiler ABI info
[9.832s] -- Detecting C compiler ABI info - done
[9.835s] -- Check for working C compiler: /usr/bin/cc - skipped
[9.843s] -- Detecting C compile features
[9.874s] -- Detecting C compile features - done
[9.876s] -- Detecting CXX compiler ABI info
[9.877s] -- Detecting CXX compiler ABI info - done
[9.879s] -- Check for working CXX compiler: /usr/bin/c++ - skipped
[9.881s] -- Detecting CXX compile features
[9.905s] -- Detecting CXX compile features - done
[9.907s] -- Found ament_cmake: 1.3.11 (/opt/ros/humble/share/ament_cmake/cmake)
[12.428s] -- Found Python3: /usr/bin/python3 (found version "3.10.12") found components: Interpreter 
[14.504s] -- Found moveit_ros_planning_interface: 2.5.8 (/opt/ros/humble/share/moveit_ros_planning_interface/cmake)
[17.149s] -- Found Boost: /usr/lib/aarch64-linux-gnu/cmake/Boost-1.74.0/BoostConfig.cmake (found version "1.74.0") found components: date_time filesystem program_options system thread 
[18.483s] -- Found rosidl_generator_c: 3.1.6 (/opt/ros/humble/share/rosidl_generator_c/cmake)
[18.802s] -- Found rosidl_adapter: 3.1.6 (/opt/ros/humble/share/rosidl_adapter/cmake)
[19.125s] -- Found rosidl_generator_cpp: 3.1.6 (/opt/ros/humble/share/rosidl_generator_cpp/cmake)
[19.565s] -- Using all available rosidl_typesupport_c: rosidl_typesupport_fastrtps_c;rosidl_typesupport_introspection_c
[19.961s] -- Using all available rosidl_typesupport_cpp: rosidl_typesupport_fastrtps_cpp;rosidl_typesupport_introspection_cpp
[24.637s] -- Found Boost: /usr/lib/aarch64-linux-gnu/cmake/Boost-1.74.0/BoostConfig.cmake (found version "1.74.0") found components: chrono date_time filesystem iostreams program_options regex serialization system thread 
[25.960s] -- Found parameter_traits: 0.4.0 (/opt/ros/humble/share/parameter_traits/cmake)
[27.173s] -- Found rmw_implementation_cmake: 6.1.2 (/opt/ros/humble/share/rmw_implementation_cmake/cmake)
[27.264s] -- Found rmw_fastrtps_cpp: 6.2.7 (/opt/ros/humble/share/rmw_fastrtps_cpp/cmake)
[29.346s] -- Found OpenSSL: /usr/lib/aarch64-linux-gnu/libcrypto.so (found version "3.0.2")  
[29.792s] -- Found FastRTPS: /opt/ros/humble/include  
[30.610s] -- Using RMW implementation 'rmw_fastrtps_cpp' as default
[30.937s] -- Found Threads: TRUE  
[31.823s] -- Found Eigen3: TRUE (found version "3.4.0") 
[31.900s] -- Found rclcpp_lifecycle: 16.0.12 (/opt/ros/humble/share/rclcpp_lifecycle/cmake)
[32.385s] -- Found Boost: /usr/lib/aarch64-linux-gnu/cmake/Boost-1.74.0/BoostConfig.cmake (found version "1.74.0") found components: filesystem 
[33.925s] -- library: /usr/lib/aarch64-linux-gnu/libcurl.so
[34.508s] -- Ensuring Eigen3 include directory is part of orocos-kdl CMake target
[37.519s] -- Found Boost: /usr/lib/aarch64-linux-gnu/cmake/Boost-1.74.0/BoostConfig.cmake (found version "1.74.0") found components: system filesystem date_time program_options thread chrono 
[37.948s] -- Found Boost: /usr/lib/aarch64-linux-gnu/cmake/Boost-1.74.0/BoostConfig.cmake (found version "1.74.0") found components: thread system filesystem regex date_time program_options 
[38.319s] -- Found Boost: /usr/lib/aarch64-linux-gnu/cmake/Boost-1.74.0/BoostConfig.cmake (found version "1.74.0") found components: system filesystem date_time program_options thread 
[38.778s] -- Found ament_lint_auto: 0.12.12 (/opt/ros/humble/share/ament_lint_auto/cmake)
[40.189s] -- Added test 'cppcheck' to perform static code analysis on C / C++ code
[40.196s] -- Configured cppcheck include dirs: $<BUILD_INTERFACE:/home/perry/Jesus/Prueba6/src/hello_moveit/include>
[40.205s] -- Configured cppcheck exclude dirs and/or files: 
[40.207s] -- Added test 'lint_cmake' to check CMake code style
[40.228s] -- Added test 'uncrustify' to check C / C++ code style
[40.231s] -- Configured uncrustify additional arguments: 
[40.236s] -- Added test 'xmllint' to check XML markup files
[40.258s] -- Configuring done
[41.191s] -- Generating done
[41.287s] -- Build files have been written to: /home/perry/Jesus/Prueba6/build/hello_moveit
[41.500s] Invoked command in '/home/perry/Jesus/Prueba6/build/hello_moveit' returned '0': CMAKE_PREFIX_PATH=/opt/ros/humble /usr/bin/cmake /home/perry/Jesus/Prueba6/src/hello_moveit -DCMAKE_BUILD_TYPE=Debug -DCMAKE_INSTALL_PREFIX=/home/perry/Jesus/Prueba6/install/hello_moveit
[41.505s] Invoking command in '/home/perry/Jesus/Prueba6/build/hello_moveit': CMAKE_PREFIX_PATH=/opt/ros/humble /usr/bin/cmake --build /home/perry/Jesus/Prueba6/build/hello_moveit -- -j4 -l4
[42.200s] [ 50%] [32mBuilding CXX object CMakeFiles/hello_moveit.dir/src/hello_moveit.cpp.o[0m
[42.824s] [100%] [32m[1mLinking CXX executable hello_moveit[0m
[146.176s] [100%] Built target hello_moveit
[146.299s] Invoked command in '/home/perry/Jesus/Prueba6/build/hello_moveit' returned '0': CMAKE_PREFIX_PATH=/opt/ros/humble /usr/bin/cmake --build /home/perry/Jesus/Prueba6/build/hello_moveit -- -j4 -l4
[146.321s] Invoking command in '/home/perry/Jesus/Prueba6/build/hello_moveit': CMAKE_PREFIX_PATH=/opt/ros/humble /usr/bin/cmake --install /home/perry/Jesus/Prueba6/build/hello_moveit
[146.415s] -- Install configuration: "Debug"
[146.419s] -- Installing: /home/perry/Jesus/Prueba6/install/hello_moveit/lib/hello_moveit/hello_moveit
[146.424s] -- Set runtime path of "/home/perry/Jesus/Prueba6/install/hello_moveit/lib/hello_moveit/hello_moveit" to ""
[146.427s] -- Installing: /home/perry/Jesus/Prueba6/install/hello_moveit/share/ament_index/resource_index/package_run_dependencies/hello_moveit
[146.432s] -- Installing: /home/perry/Jesus/Prueba6/install/hello_moveit/share/ament_index/resource_index/parent_prefix_path/hello_moveit
[146.440s] -- Installing: /home/perry/Jesus/Prueba6/install/hello_moveit/share/hello_moveit/environment/ament_prefix_path.sh
[146.446s] -- Installing: /home/perry/Jesus/Prueba6/install/hello_moveit/share/hello_moveit/environment/ament_prefix_path.dsv
[146.453s] -- Installing: /home/perry/Jesus/Prueba6/install/hello_moveit/share/hello_moveit/environment/path.sh
[146.456s] -- Installing: /home/perry/Jesus/Prueba6/install/hello_moveit/share/hello_moveit/environment/path.dsv
[146.462s] -- Installing: /home/perry/Jesus/Prueba6/install/hello_moveit/share/hello_moveit/local_setup.bash
[146.467s] -- Installing: /home/perry/Jesus/Prueba6/install/hello_moveit/share/hello_moveit/local_setup.sh
[146.473s] -- Installing: /home/perry/Jesus/Prueba6/install/hello_moveit/share/hello_moveit/local_setup.zsh
[146.477s] -- Installing: /home/perry/Jesus/Prueba6/install/hello_moveit/share/hello_moveit/local_setup.dsv
[146.480s] -- Installing: /home/perry/Jesus/Prueba6/install/hello_moveit/share/hello_moveit/package.dsv
[146.491s] -- Installing: /home/perry/Jesus/Prueba6/install/hello_moveit/share/ament_index/resource_index/packages/hello_moveit
[146.493s] -- Installing: /home/perry/Jesus/Prueba6/install/hello_moveit/share/hello_moveit/cmake/hello_moveitConfig.cmake
[146.495s] -- Installing: /home/perry/Jesus/Prueba6/install/hello_moveit/share/hello_moveit/cmake/hello_moveitConfig-version.cmake
[146.500s] -- Installing: /home/perry/Jesus/Prueba6/install/hello_moveit/share/hello_moveit/package.xml
[146.512s] Invoked command in '/home/perry/Jesus/Prueba6/build/hello_moveit' returned '0': CMAKE_PREFIX_PATH=/opt/ros/humble /usr/bin/cmake --install /home/perry/Jesus/Prueba6/build/hello_moveit
