[4.738s] DEBUG:colcon:Command line arguments: ['/usr/bin/colcon', 'build', '--packages-select', 'moveit2_pose_target']
[4.739s] DEBUG:colcon:Parsed command line arguments: Namespace(log_base=None, log_level=None, verb_name='build', build_base='build', install_base='install', merge_install=False, symlink_install=False, test_result_base=None, continue_on_error=False, executor='parallel', parallel_workers=4, event_handlers=None, ignore_user_meta=False, metas=['./colcon.meta'], base_paths=['.'], packages_ignore=None, packages_ignore_regex=None, paths=None, packages_up_to=None, packages_up_to_regex=None, packages_above=None, packages_above_and_dependencies=None, packages_above_depth=None, packages_select_by_dep=None, packages_skip_by_dep=None, packages_skip_up_to=None, packages_select_build_failed=False, packages_skip_build_finished=False, packages_select_test_failures=False, packages_skip_test_passed=False, packages_select=['moveit2_pose_target'], packages_skip=None, packages_select_regex=None, packages_skip_regex=None, packages_start=None, packages_end=None, allow_overriding=[], cmake_args=None, cmake_target=None, cmake_target_skip_unavailable=False, cmake_clean_cache=False, cmake_clean_first=False, cmake_force_configure=False, ament_cmake_args=None, catkin_cmake_args=None, catkin_skip_building_tests=False, mixin_files=None, mixin=None, verb_parser=<colcon_mixin.mixin.mixin_argument.MixinArgumentDecorator object at 0xffffb7177ee0>, verb_extension=<colcon_core.verb.build.BuildVerb object at 0xffffb7177a30>, main=<bound method BuildVerb.main of <colcon_core.verb.build.BuildVerb object at 0xffffb7177a30>>, mixin_verb=('build',))
[9.853s] Level 1:colcon.colcon_core.package_discovery:discover_packages(colcon_meta) check parameters
[9.856s] Level 1:colcon.colcon_core.package_discovery:discover_packages(recursive) check parameters
[9.857s] Level 1:colcon.colcon_core.package_discovery:discover_packages(ignore) check parameters
[9.857s] Level 1:colcon.colcon_core.package_discovery:discover_packages(path) check parameters
[9.857s] Level 1:colcon.colcon_core.package_discovery:discover_packages(colcon_meta) discover
[9.860s] Level 1:colcon.colcon_core.package_discovery:discover_packages(recursive) discover
[9.861s] INFO:colcon.colcon_core.package_discovery:Crawling recursively for packages in '/home/perry/Jesus/Prueba6'
[9.862s] Level 1:colcon.colcon_core.package_identification:_identify(.) by extensions ['ignore', 'ignore_ament_install']
[9.864s] Level 1:colcon.colcon_core.package_identification:_identify(.) by extension 'ignore'
[9.866s] Level 1:colcon.colcon_core.package_identification:_identify(.) by extension 'ignore_ament_install'
[9.867s] Level 1:colcon.colcon_core.package_identification:_identify(.) by extensions ['colcon_pkg']
[9.870s] Level 1:colcon.colcon_core.package_identification:_identify(.) by extension 'colcon_pkg'
[9.872s] Level 1:colcon.colcon_core.package_identification:_identify(.) by extensions ['colcon_meta']
[9.875s] Level 1:colcon.colcon_core.package_identification:_identify(.) by extension 'colcon_meta'
[9.876s] Level 1:colcon.colcon_core.package_identification:_identify(.) by extensions ['ros']
[9.877s] Level 1:colcon.colcon_core.package_identification:_identify(.) by extension 'ros'
[10.215s] Level 1:colcon.colcon_core.package_identification:_identify(.) by extensions ['cmake', 'python']
[10.216s] Level 1:colcon.colcon_core.package_identification:_identify(.) by extension 'cmake'
[10.217s] Level 1:colcon.colcon_core.package_identification:_identify(.) by extension 'python'
[10.218s] Level 1:colcon.colcon_core.package_identification:_identify(.) by extensions ['python_setup_py']
[10.219s] Level 1:colcon.colcon_core.package_identification:_identify(.) by extension 'python_setup_py'
[10.221s] Level 1:colcon.colcon_core.package_identification:_identify(build) by extensions ['ignore', 'ignore_ament_install']
[10.222s] Level 1:colcon.colcon_core.package_identification:_identify(build) by extension 'ignore'
[10.223s] Level 1:colcon.colcon_core.package_identification:_identify(build) ignored
[10.227s] Level 1:colcon.colcon_core.package_identification:_identify(install) by extensions ['ignore', 'ignore_ament_install']
[10.229s] Level 1:colcon.colcon_core.package_identification:_identify(install) by extension 'ignore'
[10.230s] Level 1:colcon.colcon_core.package_identification:_identify(install) ignored
[10.234s] Level 1:colcon.colcon_core.package_identification:_identify(log) by extensions ['ignore', 'ignore_ament_install']
[10.238s] Level 1:colcon.colcon_core.package_identification:_identify(log) by extension 'ignore'
[10.240s] Level 1:colcon.colcon_core.package_identification:_identify(log) ignored
[10.243s] Level 1:colcon.colcon_core.package_identification:_identify(src) by extensions ['ignore', 'ignore_ament_install']
[10.246s] Level 1:colcon.colcon_core.package_identification:_identify(src) by extension 'ignore'
[10.247s] Level 1:colcon.colcon_core.package_identification:_identify(src) by extension 'ignore_ament_install'
[10.248s] Level 1:colcon.colcon_core.package_identification:_identify(src) by extensions ['colcon_pkg']
[10.249s] Level 1:colcon.colcon_core.package_identification:_identify(src) by extension 'colcon_pkg'
[10.251s] Level 1:colcon.colcon_core.package_identification:_identify(src) by extensions ['colcon_meta']
[10.252s] Level 1:colcon.colcon_core.package_identification:_identify(src) by extension 'colcon_meta'
[10.253s] Level 1:colcon.colcon_core.package_identification:_identify(src) by extensions ['ros']
[10.254s] Level 1:colcon.colcon_core.package_identification:_identify(src) by extension 'ros'
[10.258s] Level 1:colcon.colcon_core.package_identification:_identify(src) by extensions ['cmake', 'python']
[10.260s] Level 1:colcon.colcon_core.package_identification:_identify(src) by extension 'cmake'
[10.262s] Level 1:colcon.colcon_core.package_identification:_identify(src) by extension 'python'
[10.263s] Level 1:colcon.colcon_core.package_identification:_identify(src) by extensions ['python_setup_py']
[10.265s] Level 1:colcon.colcon_core.package_identification:_identify(src) by extension 'python_setup_py'
[10.267s] Level 1:colcon.colcon_core.package_identification:_identify(src/hello_moveit) by extensions ['ignore', 'ignore_ament_install']
[10.268s] Level 1:colcon.colcon_core.package_identification:_identify(src/hello_moveit) by extension 'ignore'
[10.269s] Level 1:colcon.colcon_core.package_identification:_identify(src/hello_moveit) by extension 'ignore_ament_install'
[10.271s] Level 1:colcon.colcon_core.package_identification:_identify(src/hello_moveit) by extensions ['colcon_pkg']
[10.271s] Level 1:colcon.colcon_core.package_identification:_identify(src/hello_moveit) by extension 'colcon_pkg'
[10.272s] Level 1:colcon.colcon_core.package_identification:_identify(src/hello_moveit) by extensions ['colcon_meta']
[10.273s] Level 1:colcon.colcon_core.package_identification:_identify(src/hello_moveit) by extension 'colcon_meta'
[10.275s] Level 1:colcon.colcon_core.package_identification:_identify(src/hello_moveit) by extensions ['ros']
[10.276s] Level 1:colcon.colcon_core.package_identification:_identify(src/hello_moveit) by extension 'ros'
[10.323s] DEBUG:colcon.colcon_core.package_identification:Package 'src/hello_moveit' with type 'ros.ament_cmake' and name 'hello_moveit'
[10.326s] Level 1:colcon.colcon_core.package_identification:_identify(src/irc_ros_description) by extensions ['ignore', 'ignore_ament_install']
[10.327s] Level 1:colcon.colcon_core.package_identification:_identify(src/irc_ros_description) by extension 'ignore'
[10.339s] Level 1:colcon.colcon_core.package_identification:_identify(src/irc_ros_description) by extension 'ignore_ament_install'
[10.341s] Level 1:colcon.colcon_core.package_identification:_identify(src/irc_ros_description) by extensions ['colcon_pkg']
[10.343s] Level 1:colcon.colcon_core.package_identification:_identify(src/irc_ros_description) by extension 'colcon_pkg'
[10.346s] Level 1:colcon.colcon_core.package_identification:_identify(src/irc_ros_description) by extensions ['colcon_meta']
[10.346s] Level 1:colcon.colcon_core.package_identification:_identify(src/irc_ros_description) by extension 'colcon_meta'
[10.348s] Level 1:colcon.colcon_core.package_identification:_identify(src/irc_ros_description) by extensions ['ros']
[10.349s] Level 1:colcon.colcon_core.package_identification:_identify(src/irc_ros_description) by extension 'ros'
[10.360s] DEBUG:colcon.colcon_core.package_identification:Package 'src/irc_ros_description' with type 'ros.ament_cmake' and name 'irc_ros_description'
[10.363s] Level 1:colcon.colcon_core.package_identification:_identify(src/moveit2_pose_target) by extensions ['ignore', 'ignore_ament_install']
[10.364s] Level 1:colcon.colcon_core.package_identification:_identify(src/moveit2_pose_target) by extension 'ignore'
[10.365s] Level 1:colcon.colcon_core.package_identification:_identify(src/moveit2_pose_target) by extension 'ignore_ament_install'
[10.367s] Level 1:colcon.colcon_core.package_identification:_identify(src/moveit2_pose_target) by extensions ['colcon_pkg']
[10.367s] Level 1:colcon.colcon_core.package_identification:_identify(src/moveit2_pose_target) by extension 'colcon_pkg'
[10.370s] Level 1:colcon.colcon_core.package_identification:_identify(src/moveit2_pose_target) by extensions ['colcon_meta']
[10.370s] Level 1:colcon.colcon_core.package_identification:_identify(src/moveit2_pose_target) by extension 'colcon_meta'
[10.371s] Level 1:colcon.colcon_core.package_identification:_identify(src/moveit2_pose_target) by extensions ['ros']
[10.372s] Level 1:colcon.colcon_core.package_identification:_identify(src/moveit2_pose_target) by extension 'ros'
[10.387s] DEBUG:colcon.colcon_core.package_identification:Package 'src/moveit2_pose_target' with type 'ros.ament_cmake' and name 'moveit2_pose_target'
[10.390s] Level 1:colcon.colcon_core.package_identification:_identify(src/my_package) by extensions ['ignore', 'ignore_ament_install']
[10.392s] Level 1:colcon.colcon_core.package_identification:_identify(src/my_package) by extension 'ignore'
[10.394s] Level 1:colcon.colcon_core.package_identification:_identify(src/my_package) by extension 'ignore_ament_install'
[10.398s] Level 1:colcon.colcon_core.package_identification:_identify(src/my_package) by extensions ['colcon_pkg']
[10.399s] Level 1:colcon.colcon_core.package_identification:_identify(src/my_package) by extension 'colcon_pkg'
[10.400s] Level 1:colcon.colcon_core.package_identification:_identify(src/my_package) by extensions ['colcon_meta']
[10.401s] Level 1:colcon.colcon_core.package_identification:_identify(src/my_package) by extension 'colcon_meta'
[10.402s] Level 1:colcon.colcon_core.package_identification:_identify(src/my_package) by extensions ['ros']
[10.403s] Level 1:colcon.colcon_core.package_identification:_identify(src/my_package) by extension 'ros'
[10.416s] DEBUG:colcon.colcon_core.package_identification:Package 'src/my_package' with type 'ros.ament_python' and name 'my_package'
[10.418s] Level 1:colcon.colcon_core.package_identification:_identify(src/robot) by extensions ['ignore', 'ignore_ament_install']
[10.419s] Level 1:colcon.colcon_core.package_identification:_identify(src/robot) by extension 'ignore'
[10.420s] Level 1:colcon.colcon_core.package_identification:_identify(src/robot) by extension 'ignore_ament_install'
[10.421s] Level 1:colcon.colcon_core.package_identification:_identify(src/robot) by extensions ['colcon_pkg']
[10.422s] Level 1:colcon.colcon_core.package_identification:_identify(src/robot) by extension 'colcon_pkg'
[10.422s] Level 1:colcon.colcon_core.package_identification:_identify(src/robot) by extensions ['colcon_meta']
[10.423s] Level 1:colcon.colcon_core.package_identification:_identify(src/robot) by extension 'colcon_meta'
[10.425s] Level 1:colcon.colcon_core.package_identification:_identify(src/robot) by extensions ['ros']
[10.426s] Level 1:colcon.colcon_core.package_identification:_identify(src/robot) by extension 'ros'
[10.440s] DEBUG:colcon.colcon_core.package_identification:Package 'src/robot' with type 'ros.ament_cmake' and name 'robot'
[10.442s] Level 1:colcon.colcon_core.package_discovery:discover_packages(recursive) using defaults
[10.443s] Level 1:colcon.colcon_core.package_discovery:discover_packages(ignore) discover
[10.444s] Level 1:colcon.colcon_core.package_discovery:discover_packages(ignore) using defaults
[10.445s] Level 1:colcon.colcon_core.package_discovery:discover_packages(path) discover
[10.445s] Level 1:colcon.colcon_core.package_discovery:discover_packages(path) using defaults
[10.836s] INFO:colcon.colcon_core.package_selection:Skipping not selected package 'hello_moveit' in 'src/hello_moveit'
[10.838s] INFO:colcon.colcon_core.package_selection:Skipping not selected package 'irc_ros_description' in 'src/irc_ros_description'
[10.839s] INFO:colcon.colcon_core.package_selection:Skipping not selected package 'my_package' in 'src/my_package'
[10.840s] INFO:colcon.colcon_core.package_selection:Skipping not selected package 'robot' in 'src/robot'
[10.853s] Level 1:colcon.colcon_core.package_discovery:discover_packages(prefix_path) check parameters
[10.853s] Level 1:colcon.colcon_core.package_discovery:discover_packages(prefix_path) discover
[10.936s] DEBUG:colcon.colcon_installed_package_information.package_discovery:Found 444 installed packages in /opt/ros/humble
[10.957s] Level 1:colcon.colcon_core.package_discovery:discover_packages(prefix_path) using defaults
[12.034s] Level 5:colcon.colcon_core.verb:set package 'moveit2_pose_target' build argument 'cmake_args' from command line to 'None'
[12.035s] Level 5:colcon.colcon_core.verb:set package 'moveit2_pose_target' build argument 'cmake_target' from command line to 'None'
[12.036s] Level 5:colcon.colcon_core.verb:set package 'moveit2_pose_target' build argument 'cmake_target_skip_unavailable' from command line to 'False'
[12.036s] Level 5:colcon.colcon_core.verb:set package 'moveit2_pose_target' build argument 'cmake_clean_cache' from command line to 'False'
[12.037s] Level 5:colcon.colcon_core.verb:set package 'moveit2_pose_target' build argument 'cmake_clean_first' from command line to 'False'
[12.037s] Level 5:colcon.colcon_core.verb:set package 'moveit2_pose_target' build argument 'cmake_force_configure' from command line to 'False'
[12.038s] Level 5:colcon.colcon_core.verb:set package 'moveit2_pose_target' build argument 'ament_cmake_args' from command line to 'None'
[12.038s] Level 5:colcon.colcon_core.verb:set package 'moveit2_pose_target' build argument 'catkin_cmake_args' from command line to 'None'
[12.039s] Level 5:colcon.colcon_core.verb:set package 'moveit2_pose_target' build argument 'catkin_skip_building_tests' from command line to 'False'
[12.039s] DEBUG:colcon.colcon_core.verb:Building package 'moveit2_pose_target' with the following arguments: {'ament_cmake_args': None, 'build_base': '/home/perry/Jesus/Prueba6/build/moveit2_pose_target', 'catkin_cmake_args': None, 'catkin_skip_building_tests': False, 'cmake_args': None, 'cmake_clean_cache': False, 'cmake_clean_first': False, 'cmake_force_configure': False, 'cmake_target': None, 'cmake_target_skip_unavailable': False, 'install_base': '/home/perry/Jesus/Prueba6/install/moveit2_pose_target', 'merge_install': False, 'path': '/home/perry/Jesus/Prueba6/src/moveit2_pose_target', 'symlink_install': False, 'test_result_base': None}
[12.041s] INFO:colcon.colcon_core.executor:Executing jobs using 'parallel' executor
[12.051s] DEBUG:colcon.colcon_parallel_executor.executor.parallel:run_until_complete
[12.055s] INFO:colcon.colcon_ros.task.ament_cmake.build:Building ROS package in '/home/perry/Jesus/Prueba6/src/moveit2_pose_target' with build type 'ament_cmake'
[12.056s] INFO:colcon.colcon_cmake.task.cmake.build:Building CMake package in '/home/perry/Jesus/Prueba6/src/moveit2_pose_target'
[12.159s] INFO:colcon.colcon_core.plugin_system:Skipping extension 'colcon_core.shell.bat': Not used on non-Windows systems
[12.161s] INFO:colcon.colcon_core.shell:Skip shell extension 'powershell' for command environment: Not usable outside of PowerShell
[12.161s] DEBUG:colcon.colcon_core.shell:Skip shell extension 'dsv' for command environment
[12.291s] DEBUG:colcon.colcon_core.event_handler.log_command:Invoking command in '/home/perry/Jesus/Prueba6/build/moveit2_pose_target': CMAKE_PREFIX_PATH=/opt/ros/humble /usr/bin/cmake --build /home/perry/Jesus/Prueba6/build/moveit2_pose_target -- -j4 -l4
