[17.933s] Invoking command in '/home/perry/Jesus/Prueba6/src/my_package': PYTHONPATH=/home/perry/Jesus/Prueba6/build/my_package/prefix_override:/usr/lib/python3/dist-packages/colcon_core/task/python/colcon_distutils_commands:/home/perry/Jesus/Prueba6/install/my_package/lib/python3.10/site-packages:${PYTHONPATH} /usr/bin/python3 -W ignore:setup.py install is deprecated -W ignore:easy_install command is deprecated setup.py egg_info --egg-base ../../build/my_package build --build-base /home/perry/Jesus/Prueba6/build/my_package/build install --record /home/perry/Jesus/Prueba6/build/my_package/install.log --single-version-externally-managed install_data
[25.361s] running egg_info
[25.376s] writing ../../build/my_package/my_package.egg-info/PKG-INFO
[25.383s] writing dependency_links to ../../build/my_package/my_package.egg-info/dependency_links.txt
[25.385s] writing entry points to ../../build/my_package/my_package.egg-info/entry_points.txt
[25.395s] writing requirements to ../../build/my_package/my_package.egg-info/requires.txt
[25.397s] writing top-level names to ../../build/my_package/my_package.egg-info/top_level.txt
[25.418s] reading manifest file '../../build/my_package/my_package.egg-info/SOURCES.txt'
[25.431s] writing manifest file '../../build/my_package/my_package.egg-info/SOURCES.txt'
[25.433s] running build
[25.457s] running build_py
[25.459s] running install
[25.460s] running install_lib
[25.467s] running install_data
[25.483s] running install_egg_info
[25.488s] removing '/home/perry/Jesus/Prueba6/install/my_package/lib/python3.10/site-packages/my_package-0.0.0-py3.10.egg-info' (and everything under it)
[25.491s] Copying ../../build/my_package/my_package.egg-info to /home/perry/Jesus/Prueba6/install/my_package/lib/python3.10/site-packages/my_package-0.0.0-py3.10.egg-info
[25.506s] running install_scripts
[25.752s] Installing nodo_cinematica script to /home/perry/Jesus/Prueba6/install/my_package/lib/my_package
[25.759s] Installing nodo_cinematica_inv script to /home/perry/Jesus/Prueba6/install/my_package/lib/my_package
[25.759s] Installing nodo_mando script to /home/perry/Jesus/Prueba6/install/my_package/lib/my_package
[25.768s] writing list of installed files to '/home/perry/Jesus/Prueba6/build/my_package/install.log'
[26.173s] Invoked command in '/home/perry/Jesus/Prueba6/src/my_package' returned '0': PYTHONPATH=/home/perry/Jesus/Prueba6/build/my_package/prefix_override:/usr/lib/python3/dist-packages/colcon_core/task/python/colcon_distutils_commands:/home/perry/Jesus/Prueba6/install/my_package/lib/python3.10/site-packages:${PYTHONPATH} /usr/bin/python3 -W ignore:setup.py install is deprecated -W ignore:easy_install command is deprecated setup.py egg_info --egg-base ../../build/my_package build --build-base /home/perry/Jesus/Prueba6/build/my_package/build install --record /home/perry/Jesus/Prueba6/build/my_package/install.log --single-version-externally-managed install_data
