[6.249s] Invoking command in '/home/perry/Jesus/Prueba6/src/my_package': PYTHONPATH=/home/perry/Jesus/Prueba6/build/my_package/prefix_override:/usr/lib/python3/dist-packages/colcon_core/task/python/colcon_distutils_commands:/home/perry/Jesus/Prueba6/install/my_package/lib/python3.10/site-packages:${PYTHONPATH} /usr/bin/python3 -W ignore:setup.py install is deprecated -W ignore:easy_install command is deprecated setup.py egg_info --egg-base ../../build/my_package build --build-base /home/perry/Jesus/Prueba6/build/my_package/build install --record /home/perry/Jesus/Prueba6/build/my_package/install.log --single-version-externally-managed install_data
[8.174s] running egg_info
[8.177s] writing ../../build/my_package/my_package.egg-info/PKG-INFO
[8.179s] writing dependency_links to ../../build/my_package/my_package.egg-info/dependency_links.txt
[8.180s] writing entry points to ../../build/my_package/my_package.egg-info/entry_points.txt
[8.181s] writing requirements to ../../build/my_package/my_package.egg-info/requires.txt
[8.182s] writing top-level names to ../../build/my_package/my_package.egg-info/top_level.txt
[8.193s] reading manifest file '../../build/my_package/my_package.egg-info/SOURCES.txt'
[8.200s] writing manifest file '../../build/my_package/my_package.egg-info/SOURCES.txt'
[8.201s] running build
[8.201s] running build_py
[8.208s] running install
[8.210s] running install_lib
[8.222s] running install_data
[8.225s] running install_egg_info
[8.234s] removing '/home/perry/Jesus/Prueba6/install/my_package/lib/python3.10/site-packages/my_package-0.0.0-py3.10.egg-info' (and everything under it)
[8.237s] Copying ../../build/my_package/my_package.egg-info to /home/perry/Jesus/Prueba6/install/my_package/lib/python3.10/site-packages/my_package-0.0.0-py3.10.egg-info
[8.246s] running install_scripts
[8.348s] Installing nodo_cinematica script to /home/perry/Jesus/Prueba6/install/my_package/lib/my_package
[8.350s] Installing nodo_cinematica_inv script to /home/perry/Jesus/Prueba6/install/my_package/lib/my_package
[8.351s] Installing nodo_mando script to /home/perry/Jesus/Prueba6/install/my_package/lib/my_package
[8.354s] writing list of installed files to '/home/perry/Jesus/Prueba6/build/my_package/install.log'
[8.488s] Invoked command in '/home/perry/Jesus/Prueba6/src/my_package' returned '0': PYTHONPATH=/home/perry/Jesus/Prueba6/build/my_package/prefix_override:/usr/lib/python3/dist-packages/colcon_core/task/python/colcon_distutils_commands:/home/perry/Jesus/Prueba6/install/my_package/lib/python3.10/site-packages:${PYTHONPATH} /usr/bin/python3 -W ignore:setup.py install is deprecated -W ignore:easy_install command is deprecated setup.py egg_info --egg-base ../../build/my_package build --build-base /home/perry/Jesus/Prueba6/build/my_package/build install --record /home/perry/Jesus/Prueba6/build/my_package/install.log --single-version-externally-managed install_data
