[0.134s] Invoking command in '/home/perry/Jesus/Prueba6/build/robot': CMAKE_PREFIX_PATH=/home/perry/Jesus/Prueba6/install/irc_ros_description:/home/perry/Jesus/Prueba6/install/rviz_marker_tools:/home/perry/Jesus/Prueba6/install/robot:/home/perry/Jesus/Prueba6/install/moveit_task_constructor_msgs:/home/perry/Jesus/Prueba6/install/moveit_resources_prbt_support:/home/perry/Jesus/Prueba6/install/moveit:/home/perry/Jesus/Prueba6/install/moveit_common:/home/perry/Jesus/Prueba6/install/moveit2_pose_target:/home/perry/Jesus/Prueba6/install/hello_moveit:/home/perry/Jesus/Prueba6/install/my_package:/home/perry/Jesus/Prueba6/install/moveit_configs_utils:/opt/ros/humble /usr/bin/cmake /home/perry/Jesus/Prueba6/src/robot -DCMAKE_INSTALL_PREFIX=/home/perry/Jesus/Prueba6/install/robot
[0.427s] -- Found ament_cmake: 1.3.11 (/opt/ros/humble/share/ament_cmake/cmake)
[2.953s] -- Override CMake install command with custom implementation using symlinks instead of copying resources
[4.545s] -- Configuring done
[4.639s] -- Generating done
[4.704s] -- Build files have been written to: /home/perry/Jesus/Prueba6/build/robot
[4.745s] Invoked command in '/home/perry/Jesus/Prueba6/build/robot' returned '0': CMAKE_PREFIX_PATH=/home/perry/Jesus/Prueba6/install/irc_ros_description:/home/perry/Jesus/Prueba6/install/rviz_marker_tools:/home/perry/Jesus/Prueba6/install/robot:/home/perry/Jesus/Prueba6/install/moveit_task_constructor_msgs:/home/perry/Jesus/Prueba6/install/moveit_resources_prbt_support:/home/perry/Jesus/Prueba6/install/moveit:/home/perry/Jesus/Prueba6/install/moveit_common:/home/perry/Jesus/Prueba6/install/moveit2_pose_target:/home/perry/Jesus/Prueba6/install/hello_moveit:/home/perry/Jesus/Prueba6/install/my_package:/home/perry/Jesus/Prueba6/install/moveit_configs_utils:/opt/ros/humble /usr/bin/cmake /home/perry/Jesus/Prueba6/src/robot -DCMAKE_INSTALL_PREFIX=/home/perry/Jesus/Prueba6/install/robot
[4.752s] Invoking command in '/home/perry/Jesus/Prueba6/build/robot': CMAKE_PREFIX_PATH=/home/perry/Jesus/Prueba6/install/irc_ros_description:/home/perry/Jesus/Prueba6/install/rviz_marker_tools:/home/perry/Jesus/Prueba6/install/robot:/home/perry/Jesus/Prueba6/install/moveit_task_constructor_msgs:/home/perry/Jesus/Prueba6/install/moveit_resources_prbt_support:/home/perry/Jesus/Prueba6/install/moveit:/home/perry/Jesus/Prueba6/install/moveit_common:/home/perry/Jesus/Prueba6/install/moveit2_pose_target:/home/perry/Jesus/Prueba6/install/hello_moveit:/home/perry/Jesus/Prueba6/install/my_package:/home/perry/Jesus/Prueba6/install/moveit_configs_utils:/opt/ros/humble /usr/bin/cmake --build /home/perry/Jesus/Prueba6/build/robot -- -j4 -l4
[5.678s] Invoked command in '/home/perry/Jesus/Prueba6/build/robot' returned '0': CMAKE_PREFIX_PATH=/home/perry/Jesus/Prueba6/install/irc_ros_description:/home/perry/Jesus/Prueba6/install/rviz_marker_tools:/home/perry/Jesus/Prueba6/install/robot:/home/perry/Jesus/Prueba6/install/moveit_task_constructor_msgs:/home/perry/Jesus/Prueba6/install/moveit_resources_prbt_support:/home/perry/Jesus/Prueba6/install/moveit:/home/perry/Jesus/Prueba6/install/moveit_common:/home/perry/Jesus/Prueba6/install/moveit2_pose_target:/home/perry/Jesus/Prueba6/install/hello_moveit:/home/perry/Jesus/Prueba6/install/my_package:/home/perry/Jesus/Prueba6/install/moveit_configs_utils:/opt/ros/humble /usr/bin/cmake --build /home/perry/Jesus/Prueba6/build/robot -- -j4 -l4
[5.715s] Invoking command in '/home/perry/Jesus/Prueba6/build/robot': CMAKE_PREFIX_PATH=/home/perry/Jesus/Prueba6/install/irc_ros_description:/home/perry/Jesus/Prueba6/install/rviz_marker_tools:/home/perry/Jesus/Prueba6/install/robot:/home/perry/Jesus/Prueba6/install/moveit_task_constructor_msgs:/home/perry/Jesus/Prueba6/install/moveit_resources_prbt_support:/home/perry/Jesus/Prueba6/install/moveit:/home/perry/Jesus/Prueba6/install/moveit_common:/home/perry/Jesus/Prueba6/install/moveit2_pose_target:/home/perry/Jesus/Prueba6/install/hello_moveit:/home/perry/Jesus/Prueba6/install/my_package:/home/perry/Jesus/Prueba6/install/moveit_configs_utils:/opt/ros/humble /usr/bin/cmake --install /home/perry/Jesus/Prueba6/build/robot
[5.833s] -- Install configuration: "Debug"
[5.841s] -- Execute custom install script
[5.845s] -- Up-to-date symlink: /home/perry/Jesus/Prueba6/install/robot/share/ament_index/resource_index/package_run_dependencies/robot
[5.869s] -- Up-to-date symlink: /home/perry/Jesus/Prueba6/install/robot/share/ament_index/resource_index/parent_prefix_path/robot
[5.876s] -- Up-to-date symlink: /home/perry/Jesus/Prueba6/install/robot/share/robot/environment/ament_prefix_path.sh
[5.884s] -- Up-to-date symlink: /home/perry/Jesus/Prueba6/install/robot/share/robot/environment/ament_prefix_path.dsv
[5.906s] -- Up-to-date symlink: /home/perry/Jesus/Prueba6/install/robot/share/robot/environment/path.sh
[5.911s] -- Up-to-date symlink: /home/perry/Jesus/Prueba6/install/robot/share/robot/environment/path.dsv
[5.940s] -- Up-to-date symlink: /home/perry/Jesus/Prueba6/install/robot/share/robot/local_setup.bash
[5.948s] -- Up-to-date symlink: /home/perry/Jesus/Prueba6/install/robot/share/robot/local_setup.sh
[5.961s] -- Up-to-date symlink: /home/perry/Jesus/Prueba6/install/robot/share/robot/local_setup.zsh
[5.970s] -- Up-to-date symlink: /home/perry/Jesus/Prueba6/install/robot/share/robot/local_setup.dsv
[5.978s] -- Symlinking: /home/perry/Jesus/Prueba6/install/robot/share/robot/package.dsv
[6.167s] -- Up-to-date symlink: /home/perry/Jesus/Prueba6/install/robot/share/ament_index/resource_index/packages/robot
[6.176s] -- Up-to-date symlink: /home/perry/Jesus/Prueba6/install/robot/share/robot/cmake/robotConfig.cmake
[6.177s] -- Up-to-date symlink: /home/perry/Jesus/Prueba6/install/robot/share/robot/cmake/robotConfig-version.cmake
[6.180s] -- Up-to-date symlink: /home/perry/Jesus/Prueba6/install/robot/share/robot/package.xml
[6.192s] -- Up-to-date symlink: /home/perry/Jesus/Prueba6/install/robot/share/robot/launch/demo.launch.py
[6.198s] -- Up-to-date symlink: /home/perry/Jesus/Prueba6/install/robot/share/robot/launch/move_group.launch.py
[6.202s] -- Up-to-date symlink: /home/perry/Jesus/Prueba6/install/robot/share/robot/launch/moveit_rviz.launch.py
[6.212s] -- Up-to-date symlink: /home/perry/Jesus/Prueba6/install/robot/share/robot/launch/rsp.launch.py
[6.218s] -- Up-to-date symlink: /home/perry/Jesus/Prueba6/install/robot/share/robot/launch/setup_assistant.launch.py
[6.236s] -- Up-to-date symlink: /home/perry/Jesus/Prueba6/install/robot/share/robot/launch/spawn_controllers.launch.py
[6.237s] -- Up-to-date symlink: /home/perry/Jesus/Prueba6/install/robot/share/robot/launch/static_virtual_joint_tfs.launch.py
[6.239s] -- Up-to-date symlink: /home/perry/Jesus/Prueba6/install/robot/share/robot/launch/warehouse_db.launch.py
[6.266s] -- Up-to-date symlink: /home/perry/Jesus/Prueba6/install/robot/share/robot/config/igus_rebel_6dof.srdf
[6.272s] -- Up-to-date symlink: /home/perry/Jesus/Prueba6/install/robot/share/robot/config/joint_limits.yaml
[6.274s] -- Up-to-date symlink: /home/perry/Jesus/Prueba6/install/robot/share/robot/config/kinematics.yaml
[6.285s] -- Up-to-date symlink: /home/perry/Jesus/Prueba6/install/robot/share/robot/config/moveit.rviz
[6.297s] -- Up-to-date symlink: /home/perry/Jesus/Prueba6/install/robot/share/robot/config/moveit_controllers.yaml
[6.300s] -- Up-to-date symlink: /home/perry/Jesus/Prueba6/install/robot/share/robot/config/pilz_cartesian_limits.yaml
[6.318s] -- Up-to-date symlink: /home/perry/Jesus/Prueba6/install/robot/share/robot/config/ros2_controllers.yaml
[6.320s] -- Up-to-date symlink: /home/perry/Jesus/Prueba6/install/robot/share/robot/config/sensors_3d.yaml
[6.337s] -- Up-to-date symlink: /home/perry/Jesus/Prueba6/install/robot/share/robot/.setup_assistant
[6.373s] Invoked command in '/home/perry/Jesus/Prueba6/build/robot' returned '0': CMAKE_PREFIX_PATH=/home/perry/Jesus/Prueba6/install/irc_ros_description:/home/perry/Jesus/Prueba6/install/rviz_marker_tools:/home/perry/Jesus/Prueba6/install/robot:/home/perry/Jesus/Prueba6/install/moveit_task_constructor_msgs:/home/perry/Jesus/Prueba6/install/moveit_resources_prbt_support:/home/perry/Jesus/Prueba6/install/moveit:/home/perry/Jesus/Prueba6/install/moveit_common:/home/perry/Jesus/Prueba6/install/moveit2_pose_target:/home/perry/Jesus/Prueba6/install/hello_moveit:/home/perry/Jesus/Prueba6/install/my_package:/home/perry/Jesus/Prueba6/install/moveit_configs_utils:/opt/ros/humble /usr/bin/cmake --install /home/perry/Jesus/Prueba6/build/robot
