[0.419s] Invoking command in '/home/perry/Jesus/Prueba6/build/irc_ros_description': CMAKE_PREFIX_PATH=/opt/ros/humble /usr/bin/cmake --build /home/perry/Jesus/Prueba6/build/irc_ros_description -- -j4 -l4
[7.581s] Invoked command in '/home/perry/Jesus/Prueba6/build/irc_ros_description' returned '0': CMAKE_PREFIX_PATH=/opt/ros/humble /usr/bin/cmake --build /home/perry/Jesus/Prueba6/build/irc_ros_description -- -j4 -l4
[7.705s] Invoking command in '/home/perry/Jesus/Prueba6/build/irc_ros_description': CMAKE_PREFIX_PATH=/opt/ros/humble /usr/bin/cmake --install /home/perry/Jesus/Prueba6/build/irc_ros_description
[7.893s] -- Install configuration: "Debug"
[7.895s] -- Up-to-date: /home/perry/Jesus/Prueba6/install/irc_ros_description/share/irc_ros_description/meshes
[7.896s] -- Up-to-date: /home/perry/Jesus/Prueba6/install/irc_ros_description/share/irc_ros_description/meshes/gripper_schmalz_ecbpmi
[7.897s] -- Up-to-date: /home/perry/Jesus/Prueba6/install/irc_ros_description/share/irc_ros_description/meshes/gripper_schmalz_ecbpmi/Joint0.dae
[7.900s] -- Up-to-date: /home/perry/Jesus/Prueba6/install/irc_ros_description/share/irc_ros_description/meshes/gripper_schmalz_ecbpmi/Joint0Coll.dae
[7.913s] -- Up-to-date: /home/perry/Jesus/Prueba6/install/irc_ros_description/share/irc_ros_description/meshes/igus_rebel_4dof_pre
[7.925s] -- Up-to-date: /home/perry/Jesus/Prueba6/install/irc_ros_description/share/irc_ros_description/meshes/igus_rebel_4dof_pre/Joint3.dae
[7.941s] -- Up-to-date: /home/perry/Jesus/Prueba6/install/irc_ros_description/share/irc_ros_description/meshes/igus_rebel_4dof_pre/Joint4.dae
[7.947s] -- Up-to-date: /home/perry/Jesus/Prueba6/install/irc_ros_description/share/irc_ros_description/meshes/igus_rebel_4dof_pre/Joint1Coll.dae
[7.948s] -- Up-to-date: /home/perry/Jesus/Prueba6/install/irc_ros_description/share/irc_ros_description/meshes/igus_rebel_4dof_pre/Joint2Coll.dae
[7.950s] -- Up-to-date: /home/perry/Jesus/Prueba6/install/irc_ros_description/share/irc_ros_description/meshes/igus_rebel_4dof_pre/Joint0.dae
[7.951s] -- Up-to-date: /home/perry/Jesus/Prueba6/install/irc_ros_description/share/irc_ros_description/meshes/igus_rebel_4dof_pre/Joint3Coll.dae
[7.955s] -- Up-to-date: /home/perry/Jesus/Prueba6/install/irc_ros_description/share/irc_ros_description/meshes/igus_rebel_4dof_pre/Joint0Coll.dae
[7.960s] -- Up-to-date: /home/perry/Jesus/Prueba6/install/irc_ros_description/share/irc_ros_description/meshes/igus_rebel_4dof_pre/Joint2.dae
[7.988s] -- Up-to-date: /home/perry/Jesus/Prueba6/install/irc_ros_description/share/irc_ros_description/meshes/igus_rebel_4dof_pre/Joint1.dae
[8.008s] -- Up-to-date: /home/perry/Jesus/Prueba6/install/irc_ros_description/share/irc_ros_description/meshes/igus_rebel_4dof_pre/Joint4Coll.dae
[8.088s] -- Up-to-date: /home/perry/Jesus/Prueba6/install/irc_ros_description/share/irc_ros_description/meshes/cpr_platform_medium
[8.090s] -- Up-to-date: /home/perry/Jesus/Prueba6/install/irc_ros_description/share/irc_ros_description/meshes/cpr_platform_medium/body.dae
[8.091s] -- Up-to-date: /home/perry/Jesus/Prueba6/install/irc_ros_description/share/irc_ros_description/meshes/cpr_platform_medium/wheelColl.dae
[8.092s] -- Up-to-date: /home/perry/Jesus/Prueba6/install/irc_ros_description/share/irc_ros_description/meshes/cpr_platform_medium/bodyColl.dae
[8.111s] -- Up-to-date: /home/perry/Jesus/Prueba6/install/irc_ros_description/share/irc_ros_description/meshes/cpr_platform_medium/wheel.dae
[8.124s] -- Up-to-date: /home/perry/Jesus/Prueba6/install/irc_ros_description/share/irc_ros_description/meshes/igus_rebel_4dof_00
[8.140s] -- Up-to-date: /home/perry/Jesus/Prueba6/install/irc_ros_description/share/irc_ros_description/meshes/igus_rebel_4dof_00/Joint3.dae
[8.142s] -- Up-to-date: /home/perry/Jesus/Prueba6/install/irc_ros_description/share/irc_ros_description/meshes/igus_rebel_4dof_00/Joint4.dae
[8.143s] -- Up-to-date: /home/perry/Jesus/Prueba6/install/irc_ros_description/share/irc_ros_description/meshes/igus_rebel_4dof_00/Joint1Coll.dae
[8.155s] -- Up-to-date: /home/perry/Jesus/Prueba6/install/irc_ros_description/share/irc_ros_description/meshes/igus_rebel_4dof_00/Joint2Coll.dae
[8.157s] -- Up-to-date: /home/perry/Jesus/Prueba6/install/irc_ros_description/share/irc_ros_description/meshes/igus_rebel_4dof_00/Joint0.dae
[8.159s] -- Up-to-date: /home/perry/Jesus/Prueba6/install/irc_ros_description/share/irc_ros_description/meshes/igus_rebel_4dof_00/Joint3Coll.dae
[8.170s] -- Up-to-date: /home/perry/Jesus/Prueba6/install/irc_ros_description/share/irc_ros_description/meshes/igus_rebel_4dof_00/Joint0Coll.dae
[8.174s] -- Up-to-date: /home/perry/Jesus/Prueba6/install/irc_ros_description/share/irc_ros_description/meshes/igus_rebel_4dof_00/Joint2.dae
[8.176s] -- Up-to-date: /home/perry/Jesus/Prueba6/install/irc_ros_description/share/irc_ros_description/meshes/igus_rebel_4dof_00/Joint1.dae
[8.183s] -- Up-to-date: /home/perry/Jesus/Prueba6/install/irc_ros_description/share/irc_ros_description/meshes/igus_rebel_4dof_00/Joint4Coll.dae
[8.196s] -- Up-to-date: /home/perry/Jesus/Prueba6/install/irc_ros_description/share/irc_ros_description/meshes/igus_robolink_rl_dp_5
[8.197s] -- Up-to-date: /home/perry/Jesus/Prueba6/install/irc_ros_description/share/irc_ros_description/meshes/igus_robolink_rl_dp_5/Joint3.dae
[8.198s] -- Up-to-date: /home/perry/Jesus/Prueba6/install/irc_ros_description/share/irc_ros_description/meshes/igus_robolink_rl_dp_5/Joint4.dae
[8.199s] -- Up-to-date: /home/perry/Jesus/Prueba6/install/irc_ros_description/share/irc_ros_description/meshes/igus_robolink_rl_dp_5/Joint1Coll.dae
[8.211s] -- Up-to-date: /home/perry/Jesus/Prueba6/install/irc_ros_description/share/irc_ros_description/meshes/igus_robolink_rl_dp_5/Joint5.dae
[8.213s] -- Up-to-date: /home/perry/Jesus/Prueba6/install/irc_ros_description/share/irc_ros_description/meshes/igus_robolink_rl_dp_5/Joint2Coll.dae
[8.221s] -- Up-to-date: /home/perry/Jesus/Prueba6/install/irc_ros_description/share/irc_ros_description/meshes/igus_robolink_rl_dp_5/Joint0.dae
[8.224s] -- Up-to-date: /home/perry/Jesus/Prueba6/install/irc_ros_description/share/irc_ros_description/meshes/igus_robolink_rl_dp_5/Joint3Coll.dae
[8.226s] -- Up-to-date: /home/perry/Jesus/Prueba6/install/irc_ros_description/share/irc_ros_description/meshes/igus_robolink_rl_dp_5/Joint0Coll.dae
[8.235s] -- Up-to-date: /home/perry/Jesus/Prueba6/install/irc_ros_description/share/irc_ros_description/meshes/igus_robolink_rl_dp_5/Joint2.dae
[8.237s] -- Up-to-date: /home/perry/Jesus/Prueba6/install/irc_ros_description/share/irc_ros_description/meshes/igus_robolink_rl_dp_5/Joint1.dae
[8.239s] -- Up-to-date: /home/perry/Jesus/Prueba6/install/irc_ros_description/share/irc_ros_description/meshes/igus_robolink_rl_dp_5/Joint4Coll.dae
[8.253s] -- Up-to-date: /home/perry/Jesus/Prueba6/install/irc_ros_description/share/irc_ros_description/meshes/igus_robolink_rl_dp_5/Joint5Coll.dae
[8.255s] -- Up-to-date: /home/perry/Jesus/Prueba6/install/irc_ros_description/share/irc_ros_description/meshes/igus_rebel_6dof_pre
[8.261s] -- Up-to-date: /home/perry/Jesus/Prueba6/install/irc_ros_description/share/irc_ros_description/meshes/igus_rebel_6dof_pre/Joint3.dae
[8.263s] -- Up-to-date: /home/perry/Jesus/Prueba6/install/irc_ros_description/share/irc_ros_description/meshes/igus_rebel_6dof_pre/Joint4.dae
[8.271s] -- Up-to-date: /home/perry/Jesus/Prueba6/install/irc_ros_description/share/irc_ros_description/meshes/igus_rebel_6dof_pre/Joint1Coll.dae
[8.274s] -- Up-to-date: /home/perry/Jesus/Prueba6/install/irc_ros_description/share/irc_ros_description/meshes/igus_rebel_6dof_pre/Joint5.dae
[8.290s] -- Up-to-date: /home/perry/Jesus/Prueba6/install/irc_ros_description/share/irc_ros_description/meshes/igus_rebel_6dof_pre/Joint6Coll.dae
[8.293s] -- Up-to-date: /home/perry/Jesus/Prueba6/install/irc_ros_description/share/irc_ros_description/meshes/igus_rebel_6dof_pre/Joint2Coll.dae
[8.298s] -- Up-to-date: /home/perry/Jesus/Prueba6/install/irc_ros_description/share/irc_ros_description/meshes/igus_rebel_6dof_pre/Joint0.dae
[8.300s] -- Up-to-date: /home/perry/Jesus/Prueba6/install/irc_ros_description/share/irc_ros_description/meshes/igus_rebel_6dof_pre/Joint3Coll.dae
[8.311s] -- Up-to-date: /home/perry/Jesus/Prueba6/install/irc_ros_description/share/irc_ros_description/meshes/igus_rebel_6dof_pre/Joint0Coll.dae
[8.315s] -- Up-to-date: /home/perry/Jesus/Prueba6/install/irc_ros_description/share/irc_ros_description/meshes/igus_rebel_6dof_pre/Joint2.dae
[8.336s] -- Up-to-date: /home/perry/Jesus/Prueba6/install/irc_ros_description/share/irc_ros_description/meshes/igus_rebel_6dof_pre/Joint1.dae
[8.342s] -- Up-to-date: /home/perry/Jesus/Prueba6/install/irc_ros_description/share/irc_ros_description/meshes/igus_rebel_6dof_pre/Joint6.dae
[8.349s] -- Up-to-date: /home/perry/Jesus/Prueba6/install/irc_ros_description/share/irc_ros_description/meshes/igus_rebel_6dof_pre/Joint4Coll.dae
[8.350s] -- Up-to-date: /home/perry/Jesus/Prueba6/install/irc_ros_description/share/irc_ros_description/meshes/igus_rebel_6dof_pre/Joint5Coll.dae
[8.351s] -- Up-to-date: /home/perry/Jesus/Prueba6/install/irc_ros_description/share/irc_ros_description/meshes/igus_rebel_6dof_00
[8.353s] -- Up-to-date: /home/perry/Jesus/Prueba6/install/irc_ros_description/share/irc_ros_description/meshes/igus_rebel_6dof_00/Joint3.dae
[8.354s] -- Up-to-date: /home/perry/Jesus/Prueba6/install/irc_ros_description/share/irc_ros_description/meshes/igus_rebel_6dof_00/Joint4.dae
[8.355s] -- Up-to-date: /home/perry/Jesus/Prueba6/install/irc_ros_description/share/irc_ros_description/meshes/igus_rebel_6dof_00/Joint1Coll.dae
[8.356s] -- Up-to-date: /home/perry/Jesus/Prueba6/install/irc_ros_description/share/irc_ros_description/meshes/igus_rebel_6dof_00/Joint5.dae
[8.378s] -- Up-to-date: /home/perry/Jesus/Prueba6/install/irc_ros_description/share/irc_ros_description/meshes/igus_rebel_6dof_00/Joint6Coll.dae
[8.380s] -- Up-to-date: /home/perry/Jesus/Prueba6/install/irc_ros_description/share/irc_ros_description/meshes/igus_rebel_6dof_00/Joint2Coll.dae
[8.382s] -- Up-to-date: /home/perry/Jesus/Prueba6/install/irc_ros_description/share/irc_ros_description/meshes/igus_rebel_6dof_00/Joint0.dae
[8.383s] -- Up-to-date: /home/perry/Jesus/Prueba6/install/irc_ros_description/share/irc_ros_description/meshes/igus_rebel_6dof_00/Joint3Coll.dae
[8.385s] -- Up-to-date: /home/perry/Jesus/Prueba6/install/irc_ros_description/share/irc_ros_description/meshes/igus_rebel_6dof_00/Joint0Coll.dae
[8.387s] -- Up-to-date: /home/perry/Jesus/Prueba6/install/irc_ros_description/share/irc_ros_description/meshes/igus_rebel_6dof_00/Joint2.dae
[8.400s] -- Up-to-date: /home/perry/Jesus/Prueba6/install/irc_ros_description/share/irc_ros_description/meshes/igus_rebel_6dof_00/Joint1.dae
[8.406s] -- Up-to-date: /home/perry/Jesus/Prueba6/install/irc_ros_description/share/irc_ros_description/meshes/igus_rebel_6dof_00/Joint6.dae
[8.411s] -- Up-to-date: /home/perry/Jesus/Prueba6/install/irc_ros_description/share/irc_ros_description/meshes/igus_rebel_6dof_00/Joint4Coll.dae
[8.414s] -- Up-to-date: /home/perry/Jesus/Prueba6/install/irc_ros_description/share/irc_ros_description/meshes/igus_rebel_6dof_00/Joint5Coll.dae
[8.415s] -- Up-to-date: /home/perry/Jesus/Prueba6/install/irc_ros_description/share/irc_ros_description/launch
[8.417s] -- Up-to-date: /home/perry/Jesus/Prueba6/install/irc_ros_description/share/irc_ros_description/launch/visualize.launch.py
[8.437s] -- Up-to-date: /home/perry/Jesus/Prueba6/install/irc_ros_description/share/irc_ros_description/urdf
[8.441s] -- Up-to-date: /home/perry/Jesus/Prueba6/install/irc_ros_description/share/irc_ros_description/urdf/platforms
[8.443s] -- Up-to-date: /home/perry/Jesus/Prueba6/install/irc_ros_description/share/irc_ros_description/urdf/platforms/cpr_platform_medium.ros2_control.xacro
[8.464s] -- Up-to-date: /home/perry/Jesus/Prueba6/install/irc_ros_description/share/irc_ros_description/urdf/platforms/cpr_platform_medium.description.xacro
[8.465s] -- Up-to-date: /home/perry/Jesus/Prueba6/install/irc_ros_description/share/irc_ros_description/urdf/platforms/cpr_platform_medium.macro.xacro
[8.467s] -- Up-to-date: /home/perry/Jesus/Prueba6/install/irc_ros_description/share/irc_ros_description/urdf/grippers
[8.468s] -- Up-to-date: /home/perry/Jesus/Prueba6/install/irc_ros_description/share/irc_ros_description/urdf/grippers/ext_dio_gripper.description.xacro
[8.474s] -- Up-to-date: /home/perry/Jesus/Prueba6/install/irc_ros_description/share/irc_ros_description/urdf/grippers/ext_dio_gripper.ros2_control.xacro
[8.476s] -- Up-to-date: /home/perry/Jesus/Prueba6/install/irc_ros_description/share/irc_ros_description/urdf/grippers/grippers.macro.xacro
[8.479s] -- Up-to-date: /home/perry/Jesus/Prueba6/install/irc_ros_description/share/irc_ros_description/urdf/grippers/schmalz_ecbpmi.description.xacro
[8.481s] -- Up-to-date: /home/perry/Jesus/Prueba6/install/irc_ros_description/share/irc_ros_description/urdf/modules
[8.483s] -- Up-to-date: /home/perry/Jesus/Prueba6/install/irc_ros_description/share/irc_ros_description/urdf/modules/din_rail.ros2_control.xacro
[8.485s] -- Up-to-date: /home/perry/Jesus/Prueba6/install/irc_ros_description/share/irc_ros_description/urdf/modules/rebel.ros2_control.xacro
[8.487s] -- Up-to-date: /home/perry/Jesus/Prueba6/install/irc_ros_description/share/irc_ros_description/urdf/igus_robolink_rl_dp_5.urdf.xacro
[8.489s] -- Up-to-date: /home/perry/Jesus/Prueba6/install/irc_ros_description/share/irc_ros_description/urdf/cpr_platform_medium.urdf.xacro
[8.501s] -- Up-to-date: /home/perry/Jesus/Prueba6/install/irc_ros_description/share/irc_ros_description/urdf/igus_rebel_4dof.urdf.xacro
[8.503s] -- Up-to-date: /home/perry/Jesus/Prueba6/install/irc_ros_description/share/irc_ros_description/urdf/robots
[8.511s] -- Up-to-date: /home/perry/Jesus/Prueba6/install/irc_ros_description/share/irc_ros_description/urdf/robots/igus_rebel_4dof_00.ros2_control.xacro
[8.516s] -- Up-to-date: /home/perry/Jesus/Prueba6/install/irc_ros_description/share/irc_ros_description/urdf/robots/igus_robolink_rl_dp_5.ros2_control.xacro
[8.518s] -- Up-to-date: /home/perry/Jesus/Prueba6/install/irc_ros_description/share/irc_ros_description/urdf/robots/igus_rebel_4dof.macro.xacro
[8.520s] -- Up-to-date: /home/perry/Jesus/Prueba6/install/irc_ros_description/share/irc_ros_description/urdf/robots/igus_rebel_4dof_00.description.xacro
[8.532s] -- Up-to-date: /home/perry/Jesus/Prueba6/install/irc_ros_description/share/irc_ros_description/urdf/robots/igus_rebel_4dof_01.ros2_control.xacro
[8.535s] -- Up-to-date: /home/perry/Jesus/Prueba6/install/irc_ros_description/share/irc_ros_description/urdf/robots/igus_rebel_4dof_01.description.xacro
[8.540s] -- Up-to-date: /home/perry/Jesus/Prueba6/install/irc_ros_description/share/irc_ros_description/urdf/robots/igus_rebel_6dof.macro.xacro
[8.553s] -- Up-to-date: /home/perry/Jesus/Prueba6/install/irc_ros_description/share/irc_ros_description/urdf/robots/igus_rebel_6dof_01.ros2_control.xacro
[8.555s] -- Up-to-date: /home/perry/Jesus/Prueba6/install/irc_ros_description/share/irc_ros_description/urdf/robots/igus_rebel_6dof_01.description.xacro
[8.565s] -- Up-to-date: /home/perry/Jesus/Prueba6/install/irc_ros_description/share/irc_ros_description/urdf/robots/igus_robolink_rl_dp_5.macro.xacro
[8.567s] -- Up-to-date: /home/perry/Jesus/Prueba6/install/irc_ros_description/share/irc_ros_description/urdf/robots/igus_rebel_6dof_pre.ros2_control.xacro
[8.573s] -- Up-to-date: /home/perry/Jesus/Prueba6/install/irc_ros_description/share/irc_ros_description/urdf/robots/igus_rebel_6dof_00.description.xacro
[8.580s] -- Up-to-date: /home/perry/Jesus/Prueba6/install/irc_ros_description/share/irc_ros_description/urdf/robots/igus_rebel_6dof_pre.description.xacro
[8.586s] -- Up-to-date: /home/perry/Jesus/Prueba6/install/irc_ros_description/share/irc_ros_description/urdf/robots/igus_robolink_rl_dp_5.description.xacro
[8.588s] -- Up-to-date: /home/perry/Jesus/Prueba6/install/irc_ros_description/share/irc_ros_description/urdf/robots/igus_rebel_6dof_00.ros2_control.xacro
[8.593s] -- Up-to-date: /home/perry/Jesus/Prueba6/install/irc_ros_description/share/irc_ros_description/urdf/rebel_on_platform.urdf.xacro
[8.595s] -- Up-to-date: /home/perry/Jesus/Prueba6/install/irc_ros_description/share/irc_ros_description/urdf/igus_rebel_6dof.urdf.xacro
[8.597s] -- Up-to-date: /home/perry/Jesus/Prueba6/install/irc_ros_description/share/irc_ros_description/rviz
[8.599s] -- Up-to-date: /home/perry/Jesus/Prueba6/install/irc_ros_description/share/irc_ros_description/rviz/platform.rviz
[8.601s] -- Up-to-date: /home/perry/Jesus/Prueba6/install/irc_ros_description/share/irc_ros_description/rviz/rebel.rviz
[8.605s] -- Up-to-date: /home/perry/Jesus/Prueba6/install/irc_ros_description/share/ament_index/resource_index/package_run_dependencies/irc_ros_description
[8.606s] -- Up-to-date: /home/perry/Jesus/Prueba6/install/irc_ros_description/share/ament_index/resource_index/parent_prefix_path/irc_ros_description
[8.607s] -- Up-to-date: /home/perry/Jesus/Prueba6/install/irc_ros_description/share/irc_ros_description/environment/ament_prefix_path.sh
[8.633s] -- Up-to-date: /home/perry/Jesus/Prueba6/install/irc_ros_description/share/irc_ros_description/environment/ament_prefix_path.dsv
[8.635s] -- Up-to-date: /home/perry/Jesus/Prueba6/install/irc_ros_description/share/irc_ros_description/environment/path.sh
[8.636s] -- Up-to-date: /home/perry/Jesus/Prueba6/install/irc_ros_description/share/irc_ros_description/environment/path.dsv
[8.638s] -- Up-to-date: /home/perry/Jesus/Prueba6/install/irc_ros_description/share/irc_ros_description/local_setup.bash
[8.639s] -- Up-to-date: /home/perry/Jesus/Prueba6/install/irc_ros_description/share/irc_ros_description/local_setup.sh
[8.640s] -- Up-to-date: /home/perry/Jesus/Prueba6/install/irc_ros_description/share/irc_ros_description/local_setup.zsh
[8.643s] -- Up-to-date: /home/perry/Jesus/Prueba6/install/irc_ros_description/share/irc_ros_description/local_setup.dsv
[8.645s] -- Installing: /home/perry/Jesus/Prueba6/install/irc_ros_description/share/irc_ros_description/package.dsv
[8.664s] -- Up-to-date: /home/perry/Jesus/Prueba6/install/irc_ros_description/share/ament_index/resource_index/packages/irc_ros_description
[8.666s] -- Up-to-date: /home/perry/Jesus/Prueba6/install/irc_ros_description/share/irc_ros_description/cmake/irc_ros_descriptionConfig.cmake
[8.668s] -- Up-to-date: /home/perry/Jesus/Prueba6/install/irc_ros_description/share/irc_ros_description/cmake/irc_ros_descriptionConfig-version.cmake
[8.670s] -- Up-to-date: /home/perry/Jesus/Prueba6/install/irc_ros_description/share/irc_ros_description/package.xml
[8.758s] Invoked command in '/home/perry/Jesus/Prueba6/build/irc_ros_description' returned '0': CMAKE_PREFIX_PATH=/opt/ros/humble /usr/bin/cmake --install /home/perry/Jesus/Prueba6/build/irc_ros_description
