[17.522s] Invoking command in '/home/perry/Jesus/Prueba6/src/my_package': PYTHONPATH=/home/perry/Jesus/Prueba6/build/my_package/prefix_override:/usr/lib/python3/dist-packages/colcon_core/task/python/colcon_distutils_commands:/home/perry/Jesus/Prueba6/install/my_package/lib/python3.10/site-packages:${PYTHONPATH} /usr/bin/python3 -W ignore:setup.py install is deprecated -W ignore:easy_install command is deprecated setup.py egg_info --egg-base ../../build/my_package build --build-base /home/perry/Jesus/Prueba6/build/my_package/build install --record /home/perry/Jesus/Prueba6/build/my_package/install.log --single-version-externally-managed install_data
[23.053s] running egg_info
[23.067s] writing ../../build/my_package/my_package.egg-info/PKG-INFO
[23.082s] writing dependency_links to ../../build/my_package/my_package.egg-info/dependency_links.txt
[23.088s] writing entry points to ../../build/my_package/my_package.egg-info/entry_points.txt
[23.091s] writing requirements to ../../build/my_package/my_package.egg-info/requires.txt
[23.093s] writing top-level names to ../../build/my_package/my_package.egg-info/top_level.txt
[23.107s] reading manifest file '../../build/my_package/my_package.egg-info/SOURCES.txt'
[23.119s] writing manifest file '../../build/my_package/my_package.egg-info/SOURCES.txt'
[23.121s] running build
[23.124s] running build_py
[23.128s] running install
[23.132s] running install_lib
[23.152s] running install_data
[23.154s] running install_egg_info
[23.178s] removing '/home/perry/Jesus/Prueba6/install/my_package/lib/python3.10/site-packages/my_package-0.0.0-py3.10.egg-info' (and everything under it)
[23.181s] Copying ../../build/my_package/my_package.egg-info to /home/perry/Jesus/Prueba6/install/my_package/lib/python3.10/site-packages/my_package-0.0.0-py3.10.egg-info
[23.206s] running install_scripts
[23.490s] Installing nodo_cinematica script to /home/perry/Jesus/Prueba6/install/my_package/lib/my_package
[23.492s] Installing nodo_mando script to /home/perry/Jesus/Prueba6/install/my_package/lib/my_package
[23.494s] Installing pose_moveit script to /home/perry/Jesus/Prueba6/install/my_package/lib/my_package
[23.503s] writing list of installed files to '/home/perry/Jesus/Prueba6/build/my_package/install.log'
[23.943s] Invoked command in '/home/perry/Jesus/Prueba6/src/my_package' returned '0': PYTHONPATH=/home/perry/Jesus/Prueba6/build/my_package/prefix_override:/usr/lib/python3/dist-packages/colcon_core/task/python/colcon_distutils_commands:/home/perry/Jesus/Prueba6/install/my_package/lib/python3.10/site-packages:${PYTHONPATH} /usr/bin/python3 -W ignore:setup.py install is deprecated -W ignore:easy_install command is deprecated setup.py egg_info --egg-base ../../build/my_package build --build-base /home/perry/Jesus/Prueba6/build/my_package/build install --record /home/perry/Jesus/Prueba6/build/my_package/install.log --single-version-externally-managed install_data
