[20.836s] Invoking command in '/home/perry/Jesus/Prueba6/src/my_package': PYTHONPATH=/home/perry/Jesus/Prueba6/build/my_package/prefix_override:/usr/lib/python3/dist-packages/colcon_core/task/python/colcon_distutils_commands:/home/perry/Jesus/Prueba6/install/my_package/lib/python3.10/site-packages:${PYTHONPATH} /usr/bin/python3 -W ignore:setup.py install is deprecated -W ignore:easy_install command is deprecated setup.py egg_info --egg-base ../../build/my_package build --build-base /home/perry/Jesus/Prueba6/build/my_package/build install --record /home/perry/Jesus/Prueba6/build/my_package/install.log --single-version-externally-managed install_data
[27.775s] running egg_info
[27.788s] writing ../../build/my_package/my_package.egg-info/PKG-INFO
[27.801s] writing dependency_links to ../../build/my_package/my_package.egg-info/dependency_links.txt
[27.808s] writing entry points to ../../build/my_package/my_package.egg-info/entry_points.txt
[27.810s] writing requirements to ../../build/my_package/my_package.egg-info/requires.txt
[27.816s] writing top-level names to ../../build/my_package/my_package.egg-info/top_level.txt
[27.859s] reading manifest file '../../build/my_package/my_package.egg-info/SOURCES.txt'
[27.868s] writing manifest file '../../build/my_package/my_package.egg-info/SOURCES.txt'
[27.885s] running build
[27.895s] running build_py
[27.909s] running install
[27.920s] running install_lib
[27.945s] running install_data
[27.951s] running install_egg_info
[27.990s] removing '/home/perry/Jesus/Prueba6/install/my_package/lib/python3.10/site-packages/my_package-0.0.0-py3.10.egg-info' (and everything under it)
[27.995s] Copying ../../build/my_package/my_package.egg-info to /home/perry/Jesus/Prueba6/install/my_package/lib/python3.10/site-packages/my_package-0.0.0-py3.10.egg-info
[28.023s] running install_scripts
[28.335s] Installing nodo_cinematica script to /home/perry/Jesus/Prueba6/install/my_package/lib/my_package
[28.347s] Installing nodo_cinematica_inv script to /home/perry/Jesus/Prueba6/install/my_package/lib/my_package
[28.362s] Installing nodo_mando script to /home/perry/Jesus/Prueba6/install/my_package/lib/my_package
[28.370s] writing list of installed files to '/home/perry/Jesus/Prueba6/build/my_package/install.log'
[28.817s] Invoked command in '/home/perry/Jesus/Prueba6/src/my_package' returned '0': PYTHONPATH=/home/perry/Jesus/Prueba6/build/my_package/prefix_override:/usr/lib/python3/dist-packages/colcon_core/task/python/colcon_distutils_commands:/home/perry/Jesus/Prueba6/install/my_package/lib/python3.10/site-packages:${PYTHONPATH} /usr/bin/python3 -W ignore:setup.py install is deprecated -W ignore:easy_install command is deprecated setup.py egg_info --egg-base ../../build/my_package build --build-base /home/perry/Jesus/Prueba6/build/my_package/build install --record /home/perry/Jesus/Prueba6/build/my_package/install.log --single-version-externally-managed install_data
