/home/perry/Jesus/Prueba6/install/my_package/lib/python3.10/site-packages/my_package/nodo_cinematica.py
/home/perry/Jesus/Prueba6/install/my_package/lib/python3.10/site-packages/my_package/nodo_pose_moveit.py
/home/perry/Jesus/Prueba6/install/my_package/lib/python3.10/site-packages/my_package/nodo_IO.py
/home/perry/Jesus/Prueba6/install/my_package/lib/python3.10/site-packages/my_package/__init__.py
/home/perry/Jesus/Prueba6/install/my_package/lib/python3.10/site-packages/my_package/nodo_mando.py
/home/perry/Jesus/Prueba6/install/my_package/lib/python3.10/site-packages/my_package/nodo_mensaje_recibido.py
/home/perry/Jesus/Prueba6/install/my_package/lib/python3.10/site-packages/my_package/nodo_mensaje_vel.py
/home/perry/Jesus/Prueba6/install/my_package/lib/python3.10/site-packages/my_package/__pycache__/nodo_cinematica.cpython-310.pyc
/home/perry/Jesus/Prueba6/install/my_package/lib/python3.10/site-packages/my_package/__pycache__/nodo_pose_moveit.cpython-310.pyc
/home/perry/Jesus/Prueba6/install/my_package/lib/python3.10/site-packages/my_package/__pycache__/nodo_IO.cpython-310.pyc
/home/perry/Jesus/Prueba6/install/my_package/lib/python3.10/site-packages/my_package/__pycache__/__init__.cpython-310.pyc
/home/perry/Jesus/Prueba6/install/my_package/lib/python3.10/site-packages/my_package/__pycache__/nodo_mando.cpython-310.pyc
/home/perry/Jesus/Prueba6/install/my_package/lib/python3.10/site-packages/my_package/__pycache__/nodo_mensaje_recibido.cpython-310.pyc
/home/perry/Jesus/Prueba6/install/my_package/lib/python3.10/site-packages/my_package/__pycache__/nodo_mensaje_vel.cpython-310.pyc
/home/perry/Jesus/Prueba6/install/my_package/share/ament_index/resource_index/packages/my_package
/home/perry/Jesus/Prueba6/install/my_package/share/my_package/package.xml
/home/perry/Jesus/Prueba6/install/my_package/lib/python3.10/site-packages/my_package-0.0.0-py3.10.egg-info/zip-safe
/home/perry/Jesus/Prueba6/install/my_package/lib/python3.10/site-packages/my_package-0.0.0-py3.10.egg-info/PKG-INFO
/home/perry/Jesus/Prueba6/install/my_package/lib/python3.10/site-packages/my_package-0.0.0-py3.10.egg-info/top_level.txt
/home/perry/Jesus/Prueba6/install/my_package/lib/python3.10/site-packages/my_package-0.0.0-py3.10.egg-info/requires.txt
/home/perry/Jesus/Prueba6/install/my_package/lib/python3.10/site-packages/my_package-0.0.0-py3.10.egg-info/entry_points.txt
/home/perry/Jesus/Prueba6/install/my_package/lib/python3.10/site-packages/my_package-0.0.0-py3.10.egg-info/dependency_links.txt
/home/perry/Jesus/Prueba6/install/my_package/lib/python3.10/site-packages/my_package-0.0.0-py3.10.egg-info/SOURCES.txt
/home/perry/Jesus/Prueba6/install/my_package/lib/my_package/nodo_IO
/home/perry/Jesus/Prueba6/install/my_package/lib/my_package/nodo_cinematica
/home/perry/Jesus/Prueba6/install/my_package/lib/my_package/nodo_mando
/home/perry/Jesus/Prueba6/install/my_package/lib/my_package/nodo_mensaje_recibido
/home/perry/Jesus/Prueba6/install/my_package/lib/my_package/pose_moveit
