[0.261s] Invoking command in '/home/perry/Jesus/Prueba6/build/robot': CMAKE_PREFIX_PATH=/home/perry/Jesus/Prueba6/install/irc_ros_description:/home/perry/Jesus/Prueba6/install/rviz_marker_tools:/home/perry/Jesus/Prueba6/install/robot:/home/perry/Jesus/Prueba6/install/moveit_task_constructor_msgs:/home/perry/Jesus/Prueba6/install/moveit_resources_prbt_support:/home/perry/Jesus/Prueba6/install/moveit:/home/perry/Jesus/Prueba6/install/moveit_common:/home/perry/Jesus/Prueba6/install/moveit2_pose_target:/home/perry/Jesus/Prueba6/install/hello_moveit:/home/perry/Jesus/Prueba6/install/my_package:/home/perry/Jesus/Prueba6/install/moveit_configs_utils:/opt/ros/humble /usr/bin/cmake --build /home/perry/Jesus/Prueba6/build/robot -- -j4 -l4
[1.079s] Invoked command in '/home/perry/Jesus/Prueba6/build/robot' returned '0': CMAKE_PREFIX_PATH=/home/perry/Jesus/Prueba6/install/irc_ros_description:/home/perry/Jesus/Prueba6/install/rviz_marker_tools:/home/perry/Jesus/Prueba6/install/robot:/home/perry/Jesus/Prueba6/install/moveit_task_constructor_msgs:/home/perry/Jesus/Prueba6/install/moveit_resources_prbt_support:/home/perry/Jesus/Prueba6/install/moveit:/home/perry/Jesus/Prueba6/install/moveit_common:/home/perry/Jesus/Prueba6/install/moveit2_pose_target:/home/perry/Jesus/Prueba6/install/hello_moveit:/home/perry/Jesus/Prueba6/install/my_package:/home/perry/Jesus/Prueba6/install/moveit_configs_utils:/opt/ros/humble /usr/bin/cmake --build /home/perry/Jesus/Prueba6/build/robot -- -j4 -l4
[1.156s] Invoking command in '/home/perry/Jesus/Prueba6/build/robot': CMAKE_PREFIX_PATH=/home/perry/Jesus/Prueba6/install/irc_ros_description:/home/perry/Jesus/Prueba6/install/rviz_marker_tools:/home/perry/Jesus/Prueba6/install/robot:/home/perry/Jesus/Prueba6/install/moveit_task_constructor_msgs:/home/perry/Jesus/Prueba6/install/moveit_resources_prbt_support:/home/perry/Jesus/Prueba6/install/moveit:/home/perry/Jesus/Prueba6/install/moveit_common:/home/perry/Jesus/Prueba6/install/moveit2_pose_target:/home/perry/Jesus/Prueba6/install/hello_moveit:/home/perry/Jesus/Prueba6/install/my_package:/home/perry/Jesus/Prueba6/install/moveit_configs_utils:/opt/ros/humble /usr/bin/cmake --install /home/perry/Jesus/Prueba6/build/robot
[1.307s] -- Install configuration: "Debug"
[1.315s] -- Execute custom install script
[1.321s] -- Up-to-date symlink: /home/perry/Jesus/Prueba6/install/robot/share/ament_index/resource_index/package_run_dependencies/robot
[1.330s] -- Up-to-date symlink: /home/perry/Jesus/Prueba6/install/robot/share/ament_index/resource_index/parent_prefix_path/robot
[1.336s] -- Up-to-date symlink: /home/perry/Jesus/Prueba6/install/robot/share/robot/environment/ament_prefix_path.sh
[1.340s] -- Up-to-date symlink: /home/perry/Jesus/Prueba6/install/robot/share/robot/environment/ament_prefix_path.dsv
[1.351s] -- Up-to-date symlink: /home/perry/Jesus/Prueba6/install/robot/share/robot/environment/path.sh
[1.358s] -- Up-to-date symlink: /home/perry/Jesus/Prueba6/install/robot/share/robot/environment/path.dsv
[1.360s] -- Up-to-date symlink: /home/perry/Jesus/Prueba6/install/robot/share/robot/local_setup.bash
[1.366s] -- Up-to-date symlink: /home/perry/Jesus/Prueba6/install/robot/share/robot/local_setup.sh
[1.386s] -- Up-to-date symlink: /home/perry/Jesus/Prueba6/install/robot/share/robot/local_setup.zsh
[1.388s] -- Up-to-date symlink: /home/perry/Jesus/Prueba6/install/robot/share/robot/local_setup.dsv
[1.389s] -- Symlinking: /home/perry/Jesus/Prueba6/install/robot/share/robot/package.dsv
[1.467s] -- Up-to-date symlink: /home/perry/Jesus/Prueba6/install/robot/share/ament_index/resource_index/packages/robot
[1.472s] -- Up-to-date symlink: /home/perry/Jesus/Prueba6/install/robot/share/robot/cmake/robotConfig.cmake
[1.476s] -- Up-to-date symlink: /home/perry/Jesus/Prueba6/install/robot/share/robot/cmake/robotConfig-version.cmake
[1.482s] -- Up-to-date symlink: /home/perry/Jesus/Prueba6/install/robot/share/robot/package.xml
[1.491s] -- Up-to-date symlink: /home/perry/Jesus/Prueba6/install/robot/share/robot/launch/demo.launch.py
[1.497s] -- Up-to-date symlink: /home/perry/Jesus/Prueba6/install/robot/share/robot/launch/move_group.launch.py
[1.499s] -- Up-to-date symlink: /home/perry/Jesus/Prueba6/install/robot/share/robot/launch/moveit_rviz.launch.py
[1.501s] -- Up-to-date symlink: /home/perry/Jesus/Prueba6/install/robot/share/robot/launch/rsp.launch.py
[1.516s] -- Up-to-date symlink: /home/perry/Jesus/Prueba6/install/robot/share/robot/launch/setup_assistant.launch.py
[1.534s] -- Up-to-date symlink: /home/perry/Jesus/Prueba6/install/robot/share/robot/launch/spawn_controllers.launch.py
[1.537s] -- Up-to-date symlink: /home/perry/Jesus/Prueba6/install/robot/share/robot/launch/static_virtual_joint_tfs.launch.py
[1.554s] -- Up-to-date symlink: /home/perry/Jesus/Prueba6/install/robot/share/robot/launch/warehouse_db.launch.py
[1.557s] -- Up-to-date symlink: /home/perry/Jesus/Prueba6/install/robot/share/robot/config/igus_rebel_6dof.srdf
[1.575s] -- Up-to-date symlink: /home/perry/Jesus/Prueba6/install/robot/share/robot/config/joint_limits.yaml
[1.577s] -- Up-to-date symlink: /home/perry/Jesus/Prueba6/install/robot/share/robot/config/kinematics.yaml
[1.589s] -- Up-to-date symlink: /home/perry/Jesus/Prueba6/install/robot/share/robot/config/moveit.rviz
[1.607s] -- Up-to-date symlink: /home/perry/Jesus/Prueba6/install/robot/share/robot/config/moveit_controllers.yaml
[1.610s] -- Up-to-date symlink: /home/perry/Jesus/Prueba6/install/robot/share/robot/config/pilz_cartesian_limits.yaml
[1.629s] -- Up-to-date symlink: /home/perry/Jesus/Prueba6/install/robot/share/robot/config/ros2_controllers.yaml
[1.639s] -- Up-to-date symlink: /home/perry/Jesus/Prueba6/install/robot/share/robot/config/sensors_3d.yaml
[1.648s] -- Up-to-date symlink: /home/perry/Jesus/Prueba6/install/robot/share/robot/.setup_assistant
[1.711s] Invoked command in '/home/perry/Jesus/Prueba6/build/robot' returned '0': CMAKE_PREFIX_PATH=/home/perry/Jesus/Prueba6/install/irc_ros_description:/home/perry/Jesus/Prueba6/install/rviz_marker_tools:/home/perry/Jesus/Prueba6/install/robot:/home/perry/Jesus/Prueba6/install/moveit_task_constructor_msgs:/home/perry/Jesus/Prueba6/install/moveit_resources_prbt_support:/home/perry/Jesus/Prueba6/install/moveit:/home/perry/Jesus/Prueba6/install/moveit_common:/home/perry/Jesus/Prueba6/install/moveit2_pose_target:/home/perry/Jesus/Prueba6/install/hello_moveit:/home/perry/Jesus/Prueba6/install/my_package:/home/perry/Jesus/Prueba6/install/moveit_configs_utils:/opt/ros/humble /usr/bin/cmake --install /home/perry/Jesus/Prueba6/build/robot
