[0.289s] Invoking command in '/home/perry/Jesus/Prueba6/build/irc_ros_description': CMAKE_PREFIX_PATH=/opt/ros/humble /usr/bin/cmake /home/perry/Jesus/Prueba6/src/irc_ros_description -DCMAKE_INSTALL_PREFIX=/home/perry/Jesus/Prueba6/install/irc_ros_description
[6.574s] -- Found ament_cmake: 1.3.11 (/opt/ros/humble/share/ament_cmake/cmake)
[6.575s] -- Override CMake install command with custom implementation using symlinks instead of copying resources
[6.576s] -- Configuring done
[6.577s] -- Generating done
[6.578s] -- Build files have been written to: /home/perry/Jesus/Prueba6/build/irc_ros_description
[6.667s] Invoked command in '/home/perry/Jesus/Prueba6/build/irc_ros_description' returned '0': CMAKE_PREFIX_PATH=/opt/ros/humble /usr/bin/cmake /home/perry/Jesus/Prueba6/src/irc_ros_description -DCMAKE_INSTALL_PREFIX=/home/perry/Jesus/Prueba6/install/irc_ros_description
[6.670s] Invoking command in '/home/perry/Jesus/Prueba6/build/irc_ros_description': CMAKE_PREFIX_PATH=/opt/ros/humble /usr/bin/cmake --build /home/perry/Jesus/Prueba6/build/irc_ros_description -- -j4 -l4
[7.219s] Invoked command in '/home/perry/Jesus/Prueba6/build/irc_ros_description' returned '0': CMAKE_PREFIX_PATH=/opt/ros/humble /usr/bin/cmake --build /home/perry/Jesus/Prueba6/build/irc_ros_description -- -j4 -l4
[7.346s] Invoking command in '/home/perry/Jesus/Prueba6/build/irc_ros_description': CMAKE_PREFIX_PATH=/opt/ros/humble /usr/bin/cmake --install /home/perry/Jesus/Prueba6/build/irc_ros_description
[7.404s] -- Install configuration: "Debug"
[7.405s] -- Execute custom install script
[7.421s] -- Up-to-date symlink: /home/perry/Jesus/Prueba6/install/irc_ros_description/share/irc_ros_description/meshes/cpr_platform_medium/body.dae
[7.428s] -- Up-to-date symlink: /home/perry/Jesus/Prueba6/install/irc_ros_description/share/irc_ros_description/meshes/cpr_platform_medium/bodyColl.dae
[7.436s] -- Up-to-date symlink: /home/perry/Jesus/Prueba6/install/irc_ros_description/share/irc_ros_description/meshes/cpr_platform_medium/wheel.dae
[7.437s] -- Up-to-date symlink: /home/perry/Jesus/Prueba6/install/irc_ros_description/share/irc_ros_description/meshes/cpr_platform_medium/wheelColl.dae
[7.446s] -- Up-to-date symlink: /home/perry/Jesus/Prueba6/install/irc_ros_description/share/irc_ros_description/meshes/gripper_schmalz_ecbpmi/Joint0.dae
[7.459s] -- Up-to-date symlink: /home/perry/Jesus/Prueba6/install/irc_ros_description/share/irc_ros_description/meshes/gripper_schmalz_ecbpmi/Joint0Coll.dae
[7.478s] -- Up-to-date symlink: /home/perry/Jesus/Prueba6/install/irc_ros_description/share/irc_ros_description/meshes/igus_rebel_4dof_00/Joint0.dae
[7.487s] -- Up-to-date symlink: /home/perry/Jesus/Prueba6/install/irc_ros_description/share/irc_ros_description/meshes/igus_rebel_4dof_00/Joint0Coll.dae
[7.499s] -- Up-to-date symlink: /home/perry/Jesus/Prueba6/install/irc_ros_description/share/irc_ros_description/meshes/igus_rebel_4dof_00/Joint1.dae
[7.508s] -- Up-to-date symlink: /home/perry/Jesus/Prueba6/install/irc_ros_description/share/irc_ros_description/meshes/igus_rebel_4dof_00/Joint1Coll.dae
[7.515s] -- Up-to-date symlink: /home/perry/Jesus/Prueba6/install/irc_ros_description/share/irc_ros_description/meshes/igus_rebel_4dof_00/Joint2.dae
[7.521s] -- Up-to-date symlink: /home/perry/Jesus/Prueba6/install/irc_ros_description/share/irc_ros_description/meshes/igus_rebel_4dof_00/Joint2Coll.dae
[7.525s] -- Up-to-date symlink: /home/perry/Jesus/Prueba6/install/irc_ros_description/share/irc_ros_description/meshes/igus_rebel_4dof_00/Joint3.dae
[7.534s] -- Up-to-date symlink: /home/perry/Jesus/Prueba6/install/irc_ros_description/share/irc_ros_description/meshes/igus_rebel_4dof_00/Joint3Coll.dae
[7.540s] -- Up-to-date symlink: /home/perry/Jesus/Prueba6/install/irc_ros_description/share/irc_ros_description/meshes/igus_rebel_4dof_00/Joint4.dae
[7.547s] -- Up-to-date symlink: /home/perry/Jesus/Prueba6/install/irc_ros_description/share/irc_ros_description/meshes/igus_rebel_4dof_00/Joint4Coll.dae
[7.556s] -- Up-to-date symlink: /home/perry/Jesus/Prueba6/install/irc_ros_description/share/irc_ros_description/meshes/igus_rebel_4dof_pre/Joint0.dae
[7.563s] -- Up-to-date symlink: /home/perry/Jesus/Prueba6/install/irc_ros_description/share/irc_ros_description/meshes/igus_rebel_4dof_pre/Joint0Coll.dae
[7.570s] -- Up-to-date symlink: /home/perry/Jesus/Prueba6/install/irc_ros_description/share/irc_ros_description/meshes/igus_rebel_4dof_pre/Joint1.dae
[7.574s] -- Up-to-date symlink: /home/perry/Jesus/Prueba6/install/irc_ros_description/share/irc_ros_description/meshes/igus_rebel_4dof_pre/Joint1Coll.dae
[7.584s] -- Up-to-date symlink: /home/perry/Jesus/Prueba6/install/irc_ros_description/share/irc_ros_description/meshes/igus_rebel_4dof_pre/Joint2.dae
[7.592s] -- Up-to-date symlink: /home/perry/Jesus/Prueba6/install/irc_ros_description/share/irc_ros_description/meshes/igus_rebel_4dof_pre/Joint2Coll.dae
[7.606s] -- Up-to-date symlink: /home/perry/Jesus/Prueba6/install/irc_ros_description/share/irc_ros_description/meshes/igus_rebel_4dof_pre/Joint3.dae
[7.615s] -- Up-to-date symlink: /home/perry/Jesus/Prueba6/install/irc_ros_description/share/irc_ros_description/meshes/igus_rebel_4dof_pre/Joint3Coll.dae
[7.628s] -- Up-to-date symlink: /home/perry/Jesus/Prueba6/install/irc_ros_description/share/irc_ros_description/meshes/igus_rebel_4dof_pre/Joint4.dae
[7.638s] -- Up-to-date symlink: /home/perry/Jesus/Prueba6/install/irc_ros_description/share/irc_ros_description/meshes/igus_rebel_4dof_pre/Joint4Coll.dae
[7.642s] -- Up-to-date symlink: /home/perry/Jesus/Prueba6/install/irc_ros_description/share/irc_ros_description/meshes/igus_rebel_6dof_00/Joint0.dae
[7.648s] -- Up-to-date symlink: /home/perry/Jesus/Prueba6/install/irc_ros_description/share/irc_ros_description/meshes/igus_rebel_6dof_00/Joint0Coll.dae
[7.651s] -- Up-to-date symlink: /home/perry/Jesus/Prueba6/install/irc_ros_description/share/irc_ros_description/meshes/igus_rebel_6dof_00/Joint1.dae
[7.657s] -- Up-to-date symlink: /home/perry/Jesus/Prueba6/install/irc_ros_description/share/irc_ros_description/meshes/igus_rebel_6dof_00/Joint1Coll.dae
[7.661s] -- Up-to-date symlink: /home/perry/Jesus/Prueba6/install/irc_ros_description/share/irc_ros_description/meshes/igus_rebel_6dof_00/Joint2.dae
[7.667s] -- Up-to-date symlink: /home/perry/Jesus/Prueba6/install/irc_ros_description/share/irc_ros_description/meshes/igus_rebel_6dof_00/Joint2Coll.dae
[7.672s] -- Up-to-date symlink: /home/perry/Jesus/Prueba6/install/irc_ros_description/share/irc_ros_description/meshes/igus_rebel_6dof_00/Joint3.dae
[7.675s] -- Up-to-date symlink: /home/perry/Jesus/Prueba6/install/irc_ros_description/share/irc_ros_description/meshes/igus_rebel_6dof_00/Joint3Coll.dae
[7.683s] -- Up-to-date symlink: /home/perry/Jesus/Prueba6/install/irc_ros_description/share/irc_ros_description/meshes/igus_rebel_6dof_00/Joint4.dae
[7.688s] -- Up-to-date symlink: /home/perry/Jesus/Prueba6/install/irc_ros_description/share/irc_ros_description/meshes/igus_rebel_6dof_00/Joint4Coll.dae
[7.697s] -- Up-to-date symlink: /home/perry/Jesus/Prueba6/install/irc_ros_description/share/irc_ros_description/meshes/igus_rebel_6dof_00/Joint5.dae
[7.705s] -- Up-to-date symlink: /home/perry/Jesus/Prueba6/install/irc_ros_description/share/irc_ros_description/meshes/igus_rebel_6dof_00/Joint5Coll.dae
[7.711s] -- Up-to-date symlink: /home/perry/Jesus/Prueba6/install/irc_ros_description/share/irc_ros_description/meshes/igus_rebel_6dof_00/Joint6.dae
[7.712s] -- Up-to-date symlink: /home/perry/Jesus/Prueba6/install/irc_ros_description/share/irc_ros_description/meshes/igus_rebel_6dof_00/Joint6Coll.dae
[7.731s] -- Up-to-date symlink: /home/perry/Jesus/Prueba6/install/irc_ros_description/share/irc_ros_description/meshes/igus_rebel_6dof_pre/Joint0.dae
[7.733s] -- Up-to-date symlink: /home/perry/Jesus/Prueba6/install/irc_ros_description/share/irc_ros_description/meshes/igus_rebel_6dof_pre/Joint0Coll.dae
[7.740s] -- Up-to-date symlink: /home/perry/Jesus/Prueba6/install/irc_ros_description/share/irc_ros_description/meshes/igus_rebel_6dof_pre/Joint1.dae
[7.749s] -- Up-to-date symlink: /home/perry/Jesus/Prueba6/install/irc_ros_description/share/irc_ros_description/meshes/igus_rebel_6dof_pre/Joint1Coll.dae
[7.751s] -- Up-to-date symlink: /home/perry/Jesus/Prueba6/install/irc_ros_description/share/irc_ros_description/meshes/igus_rebel_6dof_pre/Joint2.dae
[7.754s] -- Up-to-date symlink: /home/perry/Jesus/Prueba6/install/irc_ros_description/share/irc_ros_description/meshes/igus_rebel_6dof_pre/Joint2Coll.dae
[7.757s] -- Up-to-date symlink: /home/perry/Jesus/Prueba6/install/irc_ros_description/share/irc_ros_description/meshes/igus_rebel_6dof_pre/Joint3.dae
[7.759s] -- Up-to-date symlink: /home/perry/Jesus/Prueba6/install/irc_ros_description/share/irc_ros_description/meshes/igus_rebel_6dof_pre/Joint3Coll.dae
[7.764s] -- Up-to-date symlink: /home/perry/Jesus/Prueba6/install/irc_ros_description/share/irc_ros_description/meshes/igus_rebel_6dof_pre/Joint4.dae
[7.765s] -- Up-to-date symlink: /home/perry/Jesus/Prueba6/install/irc_ros_description/share/irc_ros_description/meshes/igus_rebel_6dof_pre/Joint4Coll.dae
[7.773s] -- Up-to-date symlink: /home/perry/Jesus/Prueba6/install/irc_ros_description/share/irc_ros_description/meshes/igus_rebel_6dof_pre/Joint5.dae
[7.774s] -- Up-to-date symlink: /home/perry/Jesus/Prueba6/install/irc_ros_description/share/irc_ros_description/meshes/igus_rebel_6dof_pre/Joint5Coll.dae
[7.775s] -- Up-to-date symlink: /home/perry/Jesus/Prueba6/install/irc_ros_description/share/irc_ros_description/meshes/igus_rebel_6dof_pre/Joint6.dae
[7.782s] -- Up-to-date symlink: /home/perry/Jesus/Prueba6/install/irc_ros_description/share/irc_ros_description/meshes/igus_rebel_6dof_pre/Joint6Coll.dae
[7.792s] -- Up-to-date symlink: /home/perry/Jesus/Prueba6/install/irc_ros_description/share/irc_ros_description/meshes/igus_robolink_rl_dp_5/Joint0.dae
[7.800s] -- Up-to-date symlink: /home/perry/Jesus/Prueba6/install/irc_ros_description/share/irc_ros_description/meshes/igus_robolink_rl_dp_5/Joint0Coll.dae
[7.803s] -- Up-to-date symlink: /home/perry/Jesus/Prueba6/install/irc_ros_description/share/irc_ros_description/meshes/igus_robolink_rl_dp_5/Joint1.dae
[7.818s] -- Up-to-date symlink: /home/perry/Jesus/Prueba6/install/irc_ros_description/share/irc_ros_description/meshes/igus_robolink_rl_dp_5/Joint1Coll.dae
[7.822s] -- Up-to-date symlink: /home/perry/Jesus/Prueba6/install/irc_ros_description/share/irc_ros_description/meshes/igus_robolink_rl_dp_5/Joint2.dae
[7.836s] -- Up-to-date symlink: /home/perry/Jesus/Prueba6/install/irc_ros_description/share/irc_ros_description/meshes/igus_robolink_rl_dp_5/Joint2Coll.dae
[7.839s] -- Up-to-date symlink: /home/perry/Jesus/Prueba6/install/irc_ros_description/share/irc_ros_description/meshes/igus_robolink_rl_dp_5/Joint3.dae
[7.843s] -- Up-to-date symlink: /home/perry/Jesus/Prueba6/install/irc_ros_description/share/irc_ros_description/meshes/igus_robolink_rl_dp_5/Joint3Coll.dae
[7.847s] -- Up-to-date symlink: /home/perry/Jesus/Prueba6/install/irc_ros_description/share/irc_ros_description/meshes/igus_robolink_rl_dp_5/Joint4.dae
[7.855s] -- Up-to-date symlink: /home/perry/Jesus/Prueba6/install/irc_ros_description/share/irc_ros_description/meshes/igus_robolink_rl_dp_5/Joint4Coll.dae
[7.857s] -- Up-to-date symlink: /home/perry/Jesus/Prueba6/install/irc_ros_description/share/irc_ros_description/meshes/igus_robolink_rl_dp_5/Joint5.dae
[7.863s] -- Up-to-date symlink: /home/perry/Jesus/Prueba6/install/irc_ros_description/share/irc_ros_description/meshes/igus_robolink_rl_dp_5/Joint5Coll.dae
[7.864s] -- Up-to-date symlink: /home/perry/Jesus/Prueba6/install/irc_ros_description/share/irc_ros_description/launch/visualize.launch.py
[7.882s] -- Up-to-date symlink: /home/perry/Jesus/Prueba6/install/irc_ros_description/share/irc_ros_description/urdf/cpr_platform_medium.urdf.xacro
[7.884s] -- Up-to-date symlink: /home/perry/Jesus/Prueba6/install/irc_ros_description/share/irc_ros_description/urdf/grippers/ext_dio_gripper.description.xacro
[7.890s] -- Up-to-date symlink: /home/perry/Jesus/Prueba6/install/irc_ros_description/share/irc_ros_description/urdf/grippers/ext_dio_gripper.ros2_control.xacro
[7.894s] -- Up-to-date symlink: /home/perry/Jesus/Prueba6/install/irc_ros_description/share/irc_ros_description/urdf/grippers/grippers.macro.xacro
[7.899s] -- Up-to-date symlink: /home/perry/Jesus/Prueba6/install/irc_ros_description/share/irc_ros_description/urdf/grippers/schmalz_ecbpmi.description.xacro
[7.903s] -- Up-to-date symlink: /home/perry/Jesus/Prueba6/install/irc_ros_description/share/irc_ros_description/urdf/igus_rebel_4dof.urdf.xacro
[7.907s] -- Up-to-date symlink: /home/perry/Jesus/Prueba6/install/irc_ros_description/share/irc_ros_description/urdf/igus_rebel_6dof.urdf.xacro
[7.911s] -- Up-to-date symlink: /home/perry/Jesus/Prueba6/install/irc_ros_description/share/irc_ros_description/urdf/igus_robolink_rl_dp_5.urdf.xacro
[7.912s] -- Up-to-date symlink: /home/perry/Jesus/Prueba6/install/irc_ros_description/share/irc_ros_description/urdf/modules/din_rail.ros2_control.xacro
[7.918s] -- Up-to-date symlink: /home/perry/Jesus/Prueba6/install/irc_ros_description/share/irc_ros_description/urdf/modules/rebel.ros2_control.xacro
[7.919s] -- Up-to-date symlink: /home/perry/Jesus/Prueba6/install/irc_ros_description/share/irc_ros_description/urdf/platforms/cpr_platform_medium.description.xacro
[7.925s] -- Up-to-date symlink: /home/perry/Jesus/Prueba6/install/irc_ros_description/share/irc_ros_description/urdf/platforms/cpr_platform_medium.macro.xacro
[7.929s] -- Up-to-date symlink: /home/perry/Jesus/Prueba6/install/irc_ros_description/share/irc_ros_description/urdf/platforms/cpr_platform_medium.ros2_control.xacro
[7.936s] -- Up-to-date symlink: /home/perry/Jesus/Prueba6/install/irc_ros_description/share/irc_ros_description/urdf/rebel_on_platform.urdf.xacro
[7.941s] -- Up-to-date symlink: /home/perry/Jesus/Prueba6/install/irc_ros_description/share/irc_ros_description/urdf/robots/igus_rebel_4dof.macro.xacro
[7.945s] -- Up-to-date symlink: /home/perry/Jesus/Prueba6/install/irc_ros_description/share/irc_ros_description/urdf/robots/igus_rebel_4dof_00.description.xacro
[7.946s] -- Up-to-date symlink: /home/perry/Jesus/Prueba6/install/irc_ros_description/share/irc_ros_description/urdf/robots/igus_rebel_4dof_00.ros2_control.xacro
[7.954s] -- Up-to-date symlink: /home/perry/Jesus/Prueba6/install/irc_ros_description/share/irc_ros_description/urdf/robots/igus_rebel_4dof_01.description.xacro
[7.954s] -- Up-to-date symlink: /home/perry/Jesus/Prueba6/install/irc_ros_description/share/irc_ros_description/urdf/robots/igus_rebel_4dof_01.ros2_control.xacro
[7.958s] -- Up-to-date symlink: /home/perry/Jesus/Prueba6/install/irc_ros_description/share/irc_ros_description/urdf/robots/igus_rebel_6dof.macro.xacro
[7.965s] -- Up-to-date symlink: /home/perry/Jesus/Prueba6/install/irc_ros_description/share/irc_ros_description/urdf/robots/igus_rebel_6dof_00.description.xacro
[7.966s] -- Up-to-date symlink: /home/perry/Jesus/Prueba6/install/irc_ros_description/share/irc_ros_description/urdf/robots/igus_rebel_6dof_00.ros2_control.xacro
[7.966s] -- Up-to-date symlink: /home/perry/Jesus/Prueba6/install/irc_ros_description/share/irc_ros_description/urdf/robots/igus_rebel_6dof_01.description.xacro
[7.970s] -- Up-to-date symlink: /home/perry/Jesus/Prueba6/install/irc_ros_description/share/irc_ros_description/urdf/robots/igus_rebel_6dof_01.ros2_control.xacro
[7.971s] -- Up-to-date symlink: /home/perry/Jesus/Prueba6/install/irc_ros_description/share/irc_ros_description/urdf/robots/igus_rebel_6dof_pre.description.xacro
[7.976s] -- Up-to-date symlink: /home/perry/Jesus/Prueba6/install/irc_ros_description/share/irc_ros_description/urdf/robots/igus_rebel_6dof_pre.ros2_control.xacro
[7.977s] -- Up-to-date symlink: /home/perry/Jesus/Prueba6/install/irc_ros_description/share/irc_ros_description/urdf/robots/igus_robolink_rl_dp_5.description.xacro
[7.978s] -- Up-to-date symlink: /home/perry/Jesus/Prueba6/install/irc_ros_description/share/irc_ros_description/urdf/robots/igus_robolink_rl_dp_5.macro.xacro
[7.979s] -- Up-to-date symlink: /home/perry/Jesus/Prueba6/install/irc_ros_description/share/irc_ros_description/urdf/robots/igus_robolink_rl_dp_5.ros2_control.xacro
[7.980s] -- Up-to-date symlink: /home/perry/Jesus/Prueba6/install/irc_ros_description/share/irc_ros_description/rviz/platform.rviz
[7.987s] -- Up-to-date symlink: /home/perry/Jesus/Prueba6/install/irc_ros_description/share/irc_ros_description/rviz/rebel.rviz
[7.988s] -- Up-to-date symlink: /home/perry/Jesus/Prueba6/install/irc_ros_description/share/ament_index/resource_index/package_run_dependencies/irc_ros_description
[7.989s] -- Up-to-date symlink: /home/perry/Jesus/Prueba6/install/irc_ros_description/share/ament_index/resource_index/parent_prefix_path/irc_ros_description
[7.998s] -- Up-to-date symlink: /home/perry/Jesus/Prueba6/install/irc_ros_description/share/irc_ros_description/environment/ament_prefix_path.sh
[7.999s] -- Up-to-date symlink: /home/perry/Jesus/Prueba6/install/irc_ros_description/share/irc_ros_description/environment/ament_prefix_path.dsv
[8.000s] -- Up-to-date symlink: /home/perry/Jesus/Prueba6/install/irc_ros_description/share/irc_ros_description/environment/path.sh
[8.006s] -- Up-to-date symlink: /home/perry/Jesus/Prueba6/install/irc_ros_description/share/irc_ros_description/environment/path.dsv
[8.007s] -- Up-to-date symlink: /home/perry/Jesus/Prueba6/install/irc_ros_description/share/irc_ros_description/local_setup.bash
[8.008s] -- Up-to-date symlink: /home/perry/Jesus/Prueba6/install/irc_ros_description/share/irc_ros_description/local_setup.sh
[8.016s] -- Up-to-date symlink: /home/perry/Jesus/Prueba6/install/irc_ros_description/share/irc_ros_description/local_setup.zsh
[8.028s] -- Up-to-date symlink: /home/perry/Jesus/Prueba6/install/irc_ros_description/share/irc_ros_description/local_setup.dsv
[8.030s] -- Symlinking: /home/perry/Jesus/Prueba6/install/irc_ros_description/share/irc_ros_description/package.dsv
[8.200s] -- Up-to-date symlink: /home/perry/Jesus/Prueba6/install/irc_ros_description/share/ament_index/resource_index/packages/irc_ros_description
[8.200s] -- Up-to-date symlink: /home/perry/Jesus/Prueba6/install/irc_ros_description/share/irc_ros_description/cmake/irc_ros_descriptionConfig.cmake
[8.202s] -- Up-to-date symlink: /home/perry/Jesus/Prueba6/install/irc_ros_description/share/irc_ros_description/cmake/irc_ros_descriptionConfig-version.cmake
[8.207s] -- Up-to-date symlink: /home/perry/Jesus/Prueba6/install/irc_ros_description/share/irc_ros_description/package.xml
[8.225s] Invoked command in '/home/perry/Jesus/Prueba6/build/irc_ros_description' returned '0': CMAKE_PREFIX_PATH=/opt/ros/humble /usr/bin/cmake --install /home/perry/Jesus/Prueba6/build/irc_ros_description
