[0.430s] Invoking command in '/home/perry/Jesus/Prueba6/build/moveit2_pose_target': CMAKE_PREFIX_PATH=${CMAKE_PREFIX_PATH}:/home/perry/Jesus/Prueba6/install/my_package:/home/perry/Jesus/Prueba6/install/moveit_configs_utils:/opt/ros/humble /usr/bin/cmake --build /home/perry/Jesus/Prueba6/build/moveit2_pose_target -- -j4 -l4
[2.194s] [35m[1mConsolidate compiler generated dependencies of target move_to_pose_node[0m
[2.731s] [100%] Built target move_to_pose_node
[7.688s] Invoked command in '/home/perry/Jesus/Prueba6/build/moveit2_pose_target' returned '0': CMAKE_PREFIX_PATH=${CMAKE_PREFIX_PATH}:/home/perry/Jesus/Prueba6/install/my_package:/home/perry/Jesus/Prueba6/install/moveit_configs_utils:/opt/ros/humble /usr/bin/cmake --build /home/perry/Jesus/Prueba6/build/moveit2_pose_target -- -j4 -l4
[7.717s] Invoking command in '/home/perry/Jesus/Prueba6/build/moveit2_pose_target': CMAKE_PREFIX_PATH=${CMAKE_PREFIX_PATH}:/home/perry/Jesus/Prueba6/install/my_package:/home/perry/Jesus/Prueba6/install/moveit_configs_utils:/opt/ros/humble /usr/bin/cmake --install /home/perry/Jesus/Prueba6/build/moveit2_pose_target
[8.290s] -- Install configuration: "Debug"
[8.292s] -- Execute custom install script
[8.293s] -- Up-to-date symlink: /home/perry/Jesus/Prueba6/install/moveit2_pose_target/lib/moveit2_pose_target/move_to_pose_node
[8.368s] -- Up-to-date symlink: /home/perry/Jesus/Prueba6/install/moveit2_pose_target/share/ament_index/resource_index/package_run_dependencies/moveit2_pose_target
[8.371s] -- Up-to-date symlink: /home/perry/Jesus/Prueba6/install/moveit2_pose_target/share/ament_index/resource_index/parent_prefix_path/moveit2_pose_target
[8.372s] -- Up-to-date symlink: /home/perry/Jesus/Prueba6/install/moveit2_pose_target/share/moveit2_pose_target/environment/ament_prefix_path.sh
[8.372s] -- Up-to-date symlink: /home/perry/Jesus/Prueba6/install/moveit2_pose_target/share/moveit2_pose_target/environment/ament_prefix_path.dsv
[8.401s] -- Up-to-date symlink: /home/perry/Jesus/Prueba6/install/moveit2_pose_target/share/moveit2_pose_target/environment/path.sh
[8.403s] -- Up-to-date symlink: /home/perry/Jesus/Prueba6/install/moveit2_pose_target/share/moveit2_pose_target/environment/path.dsv
[8.430s] -- Up-to-date symlink: /home/perry/Jesus/Prueba6/install/moveit2_pose_target/share/moveit2_pose_target/local_setup.bash
[8.432s] -- Up-to-date symlink: /home/perry/Jesus/Prueba6/install/moveit2_pose_target/share/moveit2_pose_target/local_setup.sh
[8.434s] -- Up-to-date symlink: /home/perry/Jesus/Prueba6/install/moveit2_pose_target/share/moveit2_pose_target/local_setup.zsh
[8.469s] -- Up-to-date symlink: /home/perry/Jesus/Prueba6/install/moveit2_pose_target/share/moveit2_pose_target/local_setup.dsv
[8.471s] -- Symlinking: /home/perry/Jesus/Prueba6/install/moveit2_pose_target/share/moveit2_pose_target/package.dsv
[8.549s] -- Up-to-date symlink: /home/perry/Jesus/Prueba6/install/moveit2_pose_target/share/ament_index/resource_index/packages/moveit2_pose_target
[8.551s] -- Up-to-date symlink: /home/perry/Jesus/Prueba6/install/moveit2_pose_target/share/moveit2_pose_target/cmake/moveit2_pose_targetConfig.cmake
[8.552s] -- Up-to-date symlink: /home/perry/Jesus/Prueba6/install/moveit2_pose_target/share/moveit2_pose_target/cmake/moveit2_pose_targetConfig-version.cmake
[8.570s] -- Up-to-date symlink: /home/perry/Jesus/Prueba6/install/moveit2_pose_target/share/moveit2_pose_target/package.xml
[8.580s] Invoked command in '/home/perry/Jesus/Prueba6/build/moveit2_pose_target' returned '0': CMAKE_PREFIX_PATH=${CMAKE_PREFIX_PATH}:/home/perry/Jesus/Prueba6/install/my_package:/home/perry/Jesus/Prueba6/install/moveit_configs_utils:/opt/ros/humble /usr/bin/cmake --install /home/perry/Jesus/Prueba6/build/moveit2_pose_target
