[0.195s] Invoking command in '/home/perry/Jesus/Prueba6/build/moveit2_pose_target': CMAKE_PREFIX_PATH=${CMAKE_PREFIX_PATH}:/home/perry/Jesus/Prueba6/install/my_package:/home/perry/Jesus/Prueba6/install/moveit_configs_utils:/opt/ros/humble /usr/bin/cmake --build /home/perry/Jesus/Prueba6/build/moveit2_pose_target -- -j4 -l4
[1.693s] [ 50%] [32mBuilding CXX object CMakeFiles/move_to_pose_node.dir/src/move_to_pose_node.cpp.o[0m
[297.560s] [100%] [32m[1mLinking CXX executable move_to_pose_node[0m
[313.589s] [100%] Built target move_to_pose_node
[313.899s] Invoked command in '/home/perry/Jesus/Prueba6/build/moveit2_pose_target' returned '0': CMAKE_PREFIX_PATH=${CMAKE_PREFIX_PATH}:/home/perry/Jesus/Prueba6/install/my_package:/home/perry/Jesus/Prueba6/install/moveit_configs_utils:/opt/ros/humble /usr/bin/cmake --build /home/perry/Jesus/Prueba6/build/moveit2_pose_target -- -j4 -l4
[314.180s] Invoking command in '/home/perry/Jesus/Prueba6/build/moveit2_pose_target': CMAKE_PREFIX_PATH=${CMAKE_PREFIX_PATH}:/home/perry/Jesus/Prueba6/install/my_package:/home/perry/Jesus/Prueba6/install/moveit_configs_utils:/opt/ros/humble /usr/bin/cmake --install /home/perry/Jesus/Prueba6/build/moveit2_pose_target
[314.323s] -- Install configuration: "Debug"
[314.345s] -- Execute custom install script
[314.362s] -- Up-to-date symlink: /home/perry/Jesus/Prueba6/install/moveit2_pose_target/lib/moveit2_pose_target/move_to_pose_node
[314.401s] -- Up-to-date symlink: /home/perry/Jesus/Prueba6/install/moveit2_pose_target/share/ament_index/resource_index/package_run_dependencies/moveit2_pose_target
[314.413s] -- Up-to-date symlink: /home/perry/Jesus/Prueba6/install/moveit2_pose_target/share/ament_index/resource_index/parent_prefix_path/moveit2_pose_target
[314.431s] -- Up-to-date symlink: /home/perry/Jesus/Prueba6/install/moveit2_pose_target/share/moveit2_pose_target/environment/ament_prefix_path.sh
[314.458s] -- Up-to-date symlink: /home/perry/Jesus/Prueba6/install/moveit2_pose_target/share/moveit2_pose_target/environment/ament_prefix_path.dsv
[314.466s] -- Up-to-date symlink: /home/perry/Jesus/Prueba6/install/moveit2_pose_target/share/moveit2_pose_target/environment/path.sh
[314.476s] -- Up-to-date symlink: /home/perry/Jesus/Prueba6/install/moveit2_pose_target/share/moveit2_pose_target/environment/path.dsv
[314.489s] -- Up-to-date symlink: /home/perry/Jesus/Prueba6/install/moveit2_pose_target/share/moveit2_pose_target/local_setup.bash
[314.501s] -- Up-to-date symlink: /home/perry/Jesus/Prueba6/install/moveit2_pose_target/share/moveit2_pose_target/local_setup.sh
[314.520s] -- Up-to-date symlink: /home/perry/Jesus/Prueba6/install/moveit2_pose_target/share/moveit2_pose_target/local_setup.zsh
[314.532s] -- Up-to-date symlink: /home/perry/Jesus/Prueba6/install/moveit2_pose_target/share/moveit2_pose_target/local_setup.dsv
[314.539s] -- Symlinking: /home/perry/Jesus/Prueba6/install/moveit2_pose_target/share/moveit2_pose_target/package.dsv
[314.702s] -- Up-to-date symlink: /home/perry/Jesus/Prueba6/install/moveit2_pose_target/share/ament_index/resource_index/packages/moveit2_pose_target
[314.710s] -- Up-to-date symlink: /home/perry/Jesus/Prueba6/install/moveit2_pose_target/share/moveit2_pose_target/cmake/moveit2_pose_targetConfig.cmake
[314.719s] -- Up-to-date symlink: /home/perry/Jesus/Prueba6/install/moveit2_pose_target/share/moveit2_pose_target/cmake/moveit2_pose_targetConfig-version.cmake
[314.730s] -- Up-to-date symlink: /home/perry/Jesus/Prueba6/install/moveit2_pose_target/share/moveit2_pose_target/package.xml
[314.767s] Invoked command in '/home/perry/Jesus/Prueba6/build/moveit2_pose_target' returned '0': CMAKE_PREFIX_PATH=${CMAKE_PREFIX_PATH}:/home/perry/Jesus/Prueba6/install/my_package:/home/perry/Jesus/Prueba6/install/moveit_configs_utils:/opt/ros/humble /usr/bin/cmake --install /home/perry/Jesus/Prueba6/build/moveit2_pose_target
