[7.654s] Invoking command in '/home/perry/Jesus/Prueba6/build/my_package': PYTHONPATH=/home/perry/Jesus/Prueba6/build/my_package/prefix_override:/usr/lib/python3/dist-packages/colcon_core/task/python/colcon_distutils_commands:/home/perry/Jesus/Prueba6/install/my_package/lib/python3.10/site-packages:${PYTHONPATH} /usr/bin/python3 -W ignore:setup.py install is deprecated -W ignore:easy_install command is deprecated setup.py develop --uninstall --editable --build-directory /home/perry/Jesus/Prueba6/build/my_package/build
[10.187s] running develop
[11.806s] Removing /home/perry/Jesus/Prueba6/install/my_package/lib/python3.10/site-packages/my-package.egg-link (link to .)
[11.985s] Invoked command in '/home/perry/Jesus/Prueba6/build/my_package' returned '0': PYTHONPATH=/home/perry/Jesus/Prueba6/build/my_package/prefix_override:/usr/lib/python3/dist-packages/colcon_core/task/python/colcon_distutils_commands:/home/perry/Jesus/Prueba6/install/my_package/lib/python3.10/site-packages:${PYTHONPATH} /usr/bin/python3 -W ignore:setup.py install is deprecated -W ignore:easy_install command is deprecated setup.py develop --uninstall --editable --build-directory /home/perry/Jesus/Prueba6/build/my_package/build
[11.998s] Invoking command in '/home/perry/Jesus/Prueba6/src/my_package': PYTHONPATH=/home/perry/Jesus/Prueba6/build/my_package/prefix_override:/usr/lib/python3/dist-packages/colcon_core/task/python/colcon_distutils_commands:/home/perry/Jesus/Prueba6/install/my_package/lib/python3.10/site-packages:${PYTHONPATH} /usr/bin/python3 -W ignore:setup.py install is deprecated -W ignore:easy_install command is deprecated setup.py egg_info --egg-base ../../build/my_package build --build-base /home/perry/Jesus/Prueba6/build/my_package/build install --record /home/perry/Jesus/Prueba6/build/my_package/install.log --single-version-externally-managed install_data --force
[13.898s] running egg_info
[13.902s] writing ../../build/my_package/my_package.egg-info/PKG-INFO
[13.903s] writing dependency_links to ../../build/my_package/my_package.egg-info/dependency_links.txt
[13.904s] writing entry points to ../../build/my_package/my_package.egg-info/entry_points.txt
[13.905s] writing requirements to ../../build/my_package/my_package.egg-info/requires.txt
[13.906s] writing top-level names to ../../build/my_package/my_package.egg-info/top_level.txt
[13.917s] reading manifest file '../../build/my_package/my_package.egg-info/SOURCES.txt'
[13.923s] writing manifest file '../../build/my_package/my_package.egg-info/SOURCES.txt'
[13.925s] running build
[13.925s] running build_py
[13.926s] copying my_package/nodo_pose_moveit.py -> /home/perry/Jesus/Prueba6/build/my_package/build/lib/my_package
[13.928s] running install
[13.930s] running install_lib
[13.934s] creating /home/perry/Jesus/Prueba6/install/my_package/lib/python3.10/site-packages/my_package
[13.935s] copying /home/perry/Jesus/Prueba6/build/my_package/build/lib/my_package/nodo_cinematica.py -> /home/perry/Jesus/Prueba6/install/my_package/lib/python3.10/site-packages/my_package
[13.936s] copying /home/perry/Jesus/Prueba6/build/my_package/build/lib/my_package/nodo_pose_moveit.py -> /home/perry/Jesus/Prueba6/install/my_package/lib/python3.10/site-packages/my_package
[13.937s] copying /home/perry/Jesus/Prueba6/build/my_package/build/lib/my_package/__init__.py -> /home/perry/Jesus/Prueba6/install/my_package/lib/python3.10/site-packages/my_package
[13.938s] copying /home/perry/Jesus/Prueba6/build/my_package/build/lib/my_package/nodo_mando.py -> /home/perry/Jesus/Prueba6/install/my_package/lib/python3.10/site-packages/my_package
[13.939s] copying /home/perry/Jesus/Prueba6/build/my_package/build/lib/my_package/nodo_mensaje_recibido.py -> /home/perry/Jesus/Prueba6/install/my_package/lib/python3.10/site-packages/my_package
[13.940s] copying /home/perry/Jesus/Prueba6/build/my_package/build/lib/my_package/nodo_mensaje_vel.py -> /home/perry/Jesus/Prueba6/install/my_package/lib/python3.10/site-packages/my_package
[13.941s] copying /home/perry/Jesus/Prueba6/build/my_package/build/lib/my_package/nodo_cinematica_inv.py -> /home/perry/Jesus/Prueba6/install/my_package/lib/python3.10/site-packages/my_package
[13.944s] byte-compiling /home/perry/Jesus/Prueba6/install/my_package/lib/python3.10/site-packages/my_package/nodo_cinematica.py to nodo_cinematica.cpython-310.pyc
[13.950s] byte-compiling /home/perry/Jesus/Prueba6/install/my_package/lib/python3.10/site-packages/my_package/nodo_pose_moveit.py to nodo_pose_moveit.cpython-310.pyc
[13.971s] byte-compiling /home/perry/Jesus/Prueba6/install/my_package/lib/python3.10/site-packages/my_package/__init__.py to __init__.cpython-310.pyc
[13.974s] byte-compiling /home/perry/Jesus/Prueba6/install/my_package/lib/python3.10/site-packages/my_package/nodo_mando.py to nodo_mando.cpython-310.pyc
[13.977s] byte-compiling /home/perry/Jesus/Prueba6/install/my_package/lib/python3.10/site-packages/my_package/nodo_mensaje_recibido.py to nodo_mensaje_recibido.cpython-310.pyc
[13.977s] byte-compiling /home/perry/Jesus/Prueba6/install/my_package/lib/python3.10/site-packages/my_package/nodo_mensaje_vel.py to nodo_mensaje_vel.cpython-310.pyc
[13.978s] byte-compiling /home/perry/Jesus/Prueba6/install/my_package/lib/python3.10/site-packages/my_package/nodo_cinematica_inv.py to nodo_cinematica_inv.cpython-310.pyc
[13.979s] running install_data
[13.980s] copying resource/my_package -> /home/perry/Jesus/Prueba6/install/my_package/share/ament_index/resource_index/packages
[13.981s] copying package.xml -> /home/perry/Jesus/Prueba6/install/my_package/share/my_package
[13.981s] running install_egg_info
[13.992s] Copying ../../build/my_package/my_package.egg-info to /home/perry/Jesus/Prueba6/install/my_package/lib/python3.10/site-packages/my_package-0.0.0-py3.10.egg-info
[14.000s] running install_scripts
[14.102s] Installing nodo_cinematica script to /home/perry/Jesus/Prueba6/install/my_package/lib/my_package
[14.103s] Installing nodo_cinematica_inv script to /home/perry/Jesus/Prueba6/install/my_package/lib/my_package
[14.104s] Installing nodo_mando script to /home/perry/Jesus/Prueba6/install/my_package/lib/my_package
[14.107s] writing list of installed files to '/home/perry/Jesus/Prueba6/build/my_package/install.log'
