[22.764s] DEBUG:colcon:Command line arguments: ['/usr/bin/colcon', 'build', '--symlink-install']
[22.765s] DEBUG:colcon:Parsed command line arguments: Namespace(log_base=None, log_level=None, verb_name='build', build_base='build', install_base='install', merge_install=False, symlink_install=True, test_result_base=None, continue_on_error=False, executor='parallel', parallel_workers=4, event_handlers=None, ignore_user_meta=False, metas=['./colcon.meta'], base_paths=['.'], packages_ignore=None, packages_ignore_regex=None, paths=None, packages_up_to=None, packages_up_to_regex=None, packages_above=None, packages_above_and_dependencies=None, packages_above_depth=None, packages_select_by_dep=None, packages_skip_by_dep=None, packages_skip_up_to=None, packages_select_build_failed=False, packages_skip_build_finished=False, packages_select_test_failures=False, packages_skip_test_passed=False, packages_select=None, packages_skip=None, packages_select_regex=None, packages_skip_regex=None, packages_start=None, packages_end=None, allow_overriding=[], cmake_args=None, cmake_target=None, cmake_target_skip_unavailable=False, cmake_clean_cache=False, cmake_clean_first=False, cmake_force_configure=False, ament_cmake_args=None, catkin_cmake_args=None, catkin_skip_building_tests=False, mixin_files=None, mixin=None, verb_parser=<colcon_mixin.mixin.mixin_argument.MixinArgumentDecorator object at 0xffff921a7eb0>, verb_extension=<colcon_core.verb.build.BuildVerb object at 0xffff921a7a00>, main=<bound method BuildVerb.main of <colcon_core.verb.build.BuildVerb object at 0xffff921a7a00>>, mixin_verb=('build',))
[37.817s] Level 1:colcon.colcon_core.package_discovery:discover_packages(colcon_meta) check parameters
[37.818s] Level 1:colcon.colcon_core.package_discovery:discover_packages(recursive) check parameters
[37.818s] Level 1:colcon.colcon_core.package_discovery:discover_packages(ignore) check parameters
[37.819s] Level 1:colcon.colcon_core.package_discovery:discover_packages(path) check parameters
[37.819s] Level 1:colcon.colcon_core.package_discovery:discover_packages(colcon_meta) discover
[37.820s] Level 1:colcon.colcon_core.package_discovery:discover_packages(recursive) discover
[37.820s] INFO:colcon.colcon_core.package_discovery:Crawling recursively for packages in '/home/perry/Jesus/Prueba6'
[37.821s] Level 1:colcon.colcon_core.package_identification:_identify(.) by extensions ['ignore', 'ignore_ament_install']
[37.822s] Level 1:colcon.colcon_core.package_identification:_identify(.) by extension 'ignore'
[37.823s] Level 1:colcon.colcon_core.package_identification:_identify(.) by extension 'ignore_ament_install'
[37.824s] Level 1:colcon.colcon_core.package_identification:_identify(.) by extensions ['colcon_pkg']
[37.824s] Level 1:colcon.colcon_core.package_identification:_identify(.) by extension 'colcon_pkg'
[37.825s] Level 1:colcon.colcon_core.package_identification:_identify(.) by extensions ['colcon_meta']
[37.825s] Level 1:colcon.colcon_core.package_identification:_identify(.) by extension 'colcon_meta'
[37.826s] Level 1:colcon.colcon_core.package_identification:_identify(.) by extensions ['ros']
[37.826s] Level 1:colcon.colcon_core.package_identification:_identify(.) by extension 'ros'
[37.991s] Level 1:colcon.colcon_core.package_identification:_identify(.) by extensions ['cmake', 'python']
[37.992s] Level 1:colcon.colcon_core.package_identification:_identify(.) by extension 'cmake'
[37.992s] Level 1:colcon.colcon_core.package_identification:_identify(.) by extension 'python'
[37.993s] Level 1:colcon.colcon_core.package_identification:_identify(.) by extensions ['python_setup_py']
[37.993s] Level 1:colcon.colcon_core.package_identification:_identify(.) by extension 'python_setup_py'
[37.995s] Level 1:colcon.colcon_core.package_identification:_identify(build) by extensions ['ignore', 'ignore_ament_install']
[37.995s] Level 1:colcon.colcon_core.package_identification:_identify(build) by extension 'ignore'
[37.996s] Level 1:colcon.colcon_core.package_identification:_identify(build) ignored
[37.997s] Level 1:colcon.colcon_core.package_identification:_identify(install) by extensions ['ignore', 'ignore_ament_install']
[37.998s] Level 1:colcon.colcon_core.package_identification:_identify(install) by extension 'ignore'
[37.999s] Level 1:colcon.colcon_core.package_identification:_identify(install) ignored
[38.000s] Level 1:colcon.colcon_core.package_identification:_identify(log) by extensions ['ignore', 'ignore_ament_install']
[38.001s] Level 1:colcon.colcon_core.package_identification:_identify(log) by extension 'ignore'
[38.001s] Level 1:colcon.colcon_core.package_identification:_identify(log) ignored
[38.002s] Level 1:colcon.colcon_core.package_identification:_identify(src) by extensions ['ignore', 'ignore_ament_install']
[38.003s] Level 1:colcon.colcon_core.package_identification:_identify(src) by extension 'ignore'
[38.003s] Level 1:colcon.colcon_core.package_identification:_identify(src) by extension 'ignore_ament_install'
[38.004s] Level 1:colcon.colcon_core.package_identification:_identify(src) by extensions ['colcon_pkg']
[38.005s] Level 1:colcon.colcon_core.package_identification:_identify(src) by extension 'colcon_pkg'
[38.005s] Level 1:colcon.colcon_core.package_identification:_identify(src) by extensions ['colcon_meta']
[38.005s] Level 1:colcon.colcon_core.package_identification:_identify(src) by extension 'colcon_meta'
[38.006s] Level 1:colcon.colcon_core.package_identification:_identify(src) by extensions ['ros']
[38.006s] Level 1:colcon.colcon_core.package_identification:_identify(src) by extension 'ros'
[38.007s] Level 1:colcon.colcon_core.package_identification:_identify(src) by extensions ['cmake', 'python']
[38.007s] Level 1:colcon.colcon_core.package_identification:_identify(src) by extension 'cmake'
[38.008s] Level 1:colcon.colcon_core.package_identification:_identify(src) by extension 'python'
[38.008s] Level 1:colcon.colcon_core.package_identification:_identify(src) by extensions ['python_setup_py']
[38.009s] Level 1:colcon.colcon_core.package_identification:_identify(src) by extension 'python_setup_py'
[38.010s] Level 1:colcon.colcon_core.package_identification:_identify(src/hello_moveit) by extensions ['ignore', 'ignore_ament_install']
[38.011s] Level 1:colcon.colcon_core.package_identification:_identify(src/hello_moveit) by extension 'ignore'
[38.011s] Level 1:colcon.colcon_core.package_identification:_identify(src/hello_moveit) by extension 'ignore_ament_install'
[38.012s] Level 1:colcon.colcon_core.package_identification:_identify(src/hello_moveit) by extensions ['colcon_pkg']
[38.012s] Level 1:colcon.colcon_core.package_identification:_identify(src/hello_moveit) by extension 'colcon_pkg'
[38.013s] Level 1:colcon.colcon_core.package_identification:_identify(src/hello_moveit) by extensions ['colcon_meta']
[38.013s] Level 1:colcon.colcon_core.package_identification:_identify(src/hello_moveit) by extension 'colcon_meta'
[38.014s] Level 1:colcon.colcon_core.package_identification:_identify(src/hello_moveit) by extensions ['ros']
[38.014s] Level 1:colcon.colcon_core.package_identification:_identify(src/hello_moveit) by extension 'ros'
[38.042s] DEBUG:colcon.colcon_core.package_identification:Package 'src/hello_moveit' with type 'ros.ament_cmake' and name 'hello_moveit'
[38.043s] Level 1:colcon.colcon_core.package_identification:_identify(src/irc_ros_description) by extensions ['ignore', 'ignore_ament_install']
[38.044s] Level 1:colcon.colcon_core.package_identification:_identify(src/irc_ros_description) by extension 'ignore'
[38.044s] Level 1:colcon.colcon_core.package_identification:_identify(src/irc_ros_description) by extension 'ignore_ament_install'
[38.045s] Level 1:colcon.colcon_core.package_identification:_identify(src/irc_ros_description) by extensions ['colcon_pkg']
[38.046s] Level 1:colcon.colcon_core.package_identification:_identify(src/irc_ros_description) by extension 'colcon_pkg'
[38.046s] Level 1:colcon.colcon_core.package_identification:_identify(src/irc_ros_description) by extensions ['colcon_meta']
[38.047s] Level 1:colcon.colcon_core.package_identification:_identify(src/irc_ros_description) by extension 'colcon_meta'
[38.047s] Level 1:colcon.colcon_core.package_identification:_identify(src/irc_ros_description) by extensions ['ros']
[38.048s] Level 1:colcon.colcon_core.package_identification:_identify(src/irc_ros_description) by extension 'ros'
[38.056s] DEBUG:colcon.colcon_core.package_identification:Package 'src/irc_ros_description' with type 'ros.ament_cmake' and name 'irc_ros_description'
[38.057s] Level 1:colcon.colcon_core.package_identification:_identify(src/moveit) by extensions ['ignore', 'ignore_ament_install']
[38.058s] Level 1:colcon.colcon_core.package_identification:_identify(src/moveit) by extension 'ignore'
[38.058s] Level 1:colcon.colcon_core.package_identification:_identify(src/moveit) by extension 'ignore_ament_install'
[38.059s] Level 1:colcon.colcon_core.package_identification:_identify(src/moveit) by extensions ['colcon_pkg']
[38.059s] Level 1:colcon.colcon_core.package_identification:_identify(src/moveit) by extension 'colcon_pkg'
[38.060s] Level 1:colcon.colcon_core.package_identification:_identify(src/moveit) by extensions ['colcon_meta']
[38.060s] Level 1:colcon.colcon_core.package_identification:_identify(src/moveit) by extension 'colcon_meta'
[38.061s] Level 1:colcon.colcon_core.package_identification:_identify(src/moveit) by extensions ['ros']
[38.061s] Level 1:colcon.colcon_core.package_identification:_identify(src/moveit) by extension 'ros'
[38.069s] DEBUG:colcon.colcon_core.package_identification:Package 'src/moveit' with type 'ros.ament_cmake' and name 'moveit'
[38.070s] Level 1:colcon.colcon_core.package_identification:_identify(src/my_package) by extensions ['ignore', 'ignore_ament_install']
[38.071s] Level 1:colcon.colcon_core.package_identification:_identify(src/my_package) by extension 'ignore'
[38.071s] Level 1:colcon.colcon_core.package_identification:_identify(src/my_package) by extension 'ignore_ament_install'
[38.072s] Level 1:colcon.colcon_core.package_identification:_identify(src/my_package) by extensions ['colcon_pkg']
[38.073s] Level 1:colcon.colcon_core.package_identification:_identify(src/my_package) by extension 'colcon_pkg'
[38.073s] Level 1:colcon.colcon_core.package_identification:_identify(src/my_package) by extensions ['colcon_meta']
[38.074s] Level 1:colcon.colcon_core.package_identification:_identify(src/my_package) by extension 'colcon_meta'
[38.074s] Level 1:colcon.colcon_core.package_identification:_identify(src/my_package) by extensions ['ros']
[38.075s] Level 1:colcon.colcon_core.package_identification:_identify(src/my_package) by extension 'ros'
[38.078s] DEBUG:colcon.colcon_core.package_identification:Package 'src/my_package' with type 'ros.ament_python' and name 'my_package'
[38.079s] Level 1:colcon.colcon_core.package_discovery:discover_packages(recursive) using defaults
[38.080s] Level 1:colcon.colcon_core.package_discovery:discover_packages(ignore) discover
[38.080s] Level 1:colcon.colcon_core.package_discovery:discover_packages(ignore) using defaults
[38.080s] Level 1:colcon.colcon_core.package_discovery:discover_packages(path) discover
[38.081s] Level 1:colcon.colcon_core.package_discovery:discover_packages(path) using defaults
[38.308s] Level 1:colcon.colcon_core.package_discovery:discover_packages(prefix_path) check parameters
[38.309s] Level 1:colcon.colcon_core.package_discovery:discover_packages(prefix_path) discover
[38.346s] DEBUG:colcon.colcon_installed_package_information.package_discovery:Found 437 installed packages in /opt/ros/humble
[38.364s] Level 1:colcon.colcon_core.package_discovery:discover_packages(prefix_path) using defaults
[39.247s] Level 5:colcon.colcon_core.verb:set package 'hello_moveit' build argument 'cmake_args' from command line to 'None'
[39.248s] Level 5:colcon.colcon_core.verb:set package 'hello_moveit' build argument 'cmake_target' from command line to 'None'
[39.249s] Level 5:colcon.colcon_core.verb:set package 'hello_moveit' build argument 'cmake_target_skip_unavailable' from command line to 'False'
[39.249s] Level 5:colcon.colcon_core.verb:set package 'hello_moveit' build argument 'cmake_clean_cache' from command line to 'False'
[39.250s] Level 5:colcon.colcon_core.verb:set package 'hello_moveit' build argument 'cmake_clean_first' from command line to 'False'
[39.250s] Level 5:colcon.colcon_core.verb:set package 'hello_moveit' build argument 'cmake_force_configure' from command line to 'False'
[39.250s] Level 5:colcon.colcon_core.verb:set package 'hello_moveit' build argument 'ament_cmake_args' from command line to 'None'
[39.251s] Level 5:colcon.colcon_core.verb:set package 'hello_moveit' build argument 'catkin_cmake_args' from command line to 'None'
[39.251s] Level 5:colcon.colcon_core.verb:set package 'hello_moveit' build argument 'catkin_skip_building_tests' from command line to 'False'
[39.251s] DEBUG:colcon.colcon_core.verb:Building package 'hello_moveit' with the following arguments: {'ament_cmake_args': None, 'build_base': '/home/perry/Jesus/Prueba6/build/hello_moveit', 'catkin_cmake_args': None, 'catkin_skip_building_tests': False, 'cmake_args': None, 'cmake_clean_cache': False, 'cmake_clean_first': False, 'cmake_force_configure': False, 'cmake_target': None, 'cmake_target_skip_unavailable': False, 'install_base': '/home/perry/Jesus/Prueba6/install/hello_moveit', 'merge_install': False, 'path': '/home/perry/Jesus/Prueba6/src/hello_moveit', 'symlink_install': True, 'test_result_base': None}
[39.253s] Level 5:colcon.colcon_core.verb:set package 'irc_ros_description' build argument 'cmake_args' from command line to 'None'
[39.254s] Level 5:colcon.colcon_core.verb:set package 'irc_ros_description' build argument 'cmake_target' from command line to 'None'
[39.254s] Level 5:colcon.colcon_core.verb:set package 'irc_ros_description' build argument 'cmake_target_skip_unavailable' from command line to 'False'
[39.254s] Level 5:colcon.colcon_core.verb:set package 'irc_ros_description' build argument 'cmake_clean_cache' from command line to 'False'
[39.254s] Level 5:colcon.colcon_core.verb:set package 'irc_ros_description' build argument 'cmake_clean_first' from command line to 'False'
[39.254s] Level 5:colcon.colcon_core.verb:set package 'irc_ros_description' build argument 'cmake_force_configure' from command line to 'False'
[39.254s] Level 5:colcon.colcon_core.verb:set package 'irc_ros_description' build argument 'ament_cmake_args' from command line to 'None'
[39.254s] Level 5:colcon.colcon_core.verb:set package 'irc_ros_description' build argument 'catkin_cmake_args' from command line to 'None'
[39.255s] Level 5:colcon.colcon_core.verb:set package 'irc_ros_description' build argument 'catkin_skip_building_tests' from command line to 'False'
[39.255s] DEBUG:colcon.colcon_core.verb:Building package 'irc_ros_description' with the following arguments: {'ament_cmake_args': None, 'build_base': '/home/perry/Jesus/Prueba6/build/irc_ros_description', 'catkin_cmake_args': None, 'catkin_skip_building_tests': False, 'cmake_args': None, 'cmake_clean_cache': False, 'cmake_clean_first': False, 'cmake_force_configure': False, 'cmake_target': None, 'cmake_target_skip_unavailable': False, 'install_base': '/home/perry/Jesus/Prueba6/install/irc_ros_description', 'merge_install': False, 'path': '/home/perry/Jesus/Prueba6/src/irc_ros_description', 'symlink_install': True, 'test_result_base': None}
[39.257s] Level 5:colcon.colcon_core.verb:set package 'my_package' build argument 'cmake_args' from command line to 'None'
[39.257s] Level 5:colcon.colcon_core.verb:set package 'my_package' build argument 'cmake_target' from command line to 'None'
[39.257s] Level 5:colcon.colcon_core.verb:set package 'my_package' build argument 'cmake_target_skip_unavailable' from command line to 'False'
[39.258s] Level 5:colcon.colcon_core.verb:set package 'my_package' build argument 'cmake_clean_cache' from command line to 'False'
[39.258s] Level 5:colcon.colcon_core.verb:set package 'my_package' build argument 'cmake_clean_first' from command line to 'False'
[39.258s] Level 5:colcon.colcon_core.verb:set package 'my_package' build argument 'cmake_force_configure' from command line to 'False'
[39.258s] Level 5:colcon.colcon_core.verb:set package 'my_package' build argument 'ament_cmake_args' from command line to 'None'
[39.258s] Level 5:colcon.colcon_core.verb:set package 'my_package' build argument 'catkin_cmake_args' from command line to 'None'
[39.258s] Level 5:colcon.colcon_core.verb:set package 'my_package' build argument 'catkin_skip_building_tests' from command line to 'False'
[39.259s] DEBUG:colcon.colcon_core.verb:Building package 'my_package' with the following arguments: {'ament_cmake_args': None, 'build_base': '/home/perry/Jesus/Prueba6/build/my_package', 'catkin_cmake_args': None, 'catkin_skip_building_tests': False, 'cmake_args': None, 'cmake_clean_cache': False, 'cmake_clean_first': False, 'cmake_force_configure': False, 'cmake_target': None, 'cmake_target_skip_unavailable': False, 'install_base': '/home/perry/Jesus/Prueba6/install/my_package', 'merge_install': False, 'path': '/home/perry/Jesus/Prueba6/src/my_package', 'symlink_install': True, 'test_result_base': None}
[39.261s] Level 5:colcon.colcon_core.verb:set package 'moveit' build argument 'cmake_args' from command line to 'None'
[39.261s] Level 5:colcon.colcon_core.verb:set package 'moveit' build argument 'cmake_target' from command line to 'None'
[39.261s] Level 5:colcon.colcon_core.verb:set package 'moveit' build argument 'cmake_target_skip_unavailable' from command line to 'False'
[39.262s] Level 5:colcon.colcon_core.verb:set package 'moveit' build argument 'cmake_clean_cache' from command line to 'False'
[39.262s] Level 5:colcon.colcon_core.verb:set package 'moveit' build argument 'cmake_clean_first' from command line to 'False'
[39.262s] Level 5:colcon.colcon_core.verb:set package 'moveit' build argument 'cmake_force_configure' from command line to 'False'
[39.262s] Level 5:colcon.colcon_core.verb:set package 'moveit' build argument 'ament_cmake_args' from command line to 'None'
[39.262s] Level 5:colcon.colcon_core.verb:set package 'moveit' build argument 'catkin_cmake_args' from command line to 'None'
[39.262s] Level 5:colcon.colcon_core.verb:set package 'moveit' build argument 'catkin_skip_building_tests' from command line to 'False'
[39.263s] DEBUG:colcon.colcon_core.verb:Building package 'moveit' with the following arguments: {'ament_cmake_args': None, 'build_base': '/home/perry/Jesus/Prueba6/build/moveit', 'catkin_cmake_args': None, 'catkin_skip_building_tests': False, 'cmake_args': None, 'cmake_clean_cache': False, 'cmake_clean_first': False, 'cmake_force_configure': False, 'cmake_target': None, 'cmake_target_skip_unavailable': False, 'install_base': '/home/perry/Jesus/Prueba6/install/moveit', 'merge_install': False, 'path': '/home/perry/Jesus/Prueba6/src/moveit', 'symlink_install': True, 'test_result_base': None}
[39.263s] INFO:colcon.colcon_core.executor:Executing jobs using 'parallel' executor
[39.268s] DEBUG:colcon.colcon_parallel_executor.executor.parallel:run_until_complete
[39.269s] INFO:colcon.colcon_ros.task.ament_cmake.build:Building ROS package in '/home/perry/Jesus/Prueba6/src/irc_ros_description' with build type 'ament_cmake'
[39.270s] INFO:colcon.colcon_cmake.task.cmake.build:Building CMake package in '/home/perry/Jesus/Prueba6/src/irc_ros_description'
[39.304s] INFO:colcon.colcon_core.plugin_system:Skipping extension 'colcon_core.shell.bat': Not used on non-Windows systems
[39.305s] INFO:colcon.colcon_core.shell:Skip shell extension 'powershell' for command environment: Not usable outside of PowerShell
[39.306s] DEBUG:colcon.colcon_core.shell:Skip shell extension 'dsv' for command environment
[39.345s] INFO:colcon.colcon_ros.task.ament_cmake.build:Building ROS package in '/home/perry/Jesus/Prueba6/src/hello_moveit' with build type 'ament_cmake'
[39.346s] INFO:colcon.colcon_cmake.task.cmake.build:Building CMake package in '/home/perry/Jesus/Prueba6/src/hello_moveit'
[39.347s] INFO:colcon.colcon_core.shell:Skip shell extension 'powershell' for command environment: Not usable outside of PowerShell
[39.348s] DEBUG:colcon.colcon_core.shell:Skip shell extension 'dsv' for command environment
[39.380s] INFO:colcon.colcon_ros.task.ament_python.build:Building ROS package in '/home/perry/Jesus/Prueba6/src/my_package' with build type 'ament_python'
[39.383s] Level 1:colcon.colcon_core.shell:create_environment_hook('my_package', 'ament_prefix_path')
[39.385s] INFO:colcon.colcon_core.shell:Creating environment hook '/home/perry/Jesus/Prueba6/install/my_package/share/my_package/hook/ament_prefix_path.ps1'
[39.405s] INFO:colcon.colcon_core.shell:Creating environment descriptor '/home/perry/Jesus/Prueba6/install/my_package/share/my_package/hook/ament_prefix_path.dsv'
[39.415s] INFO:colcon.colcon_core.shell:Creating environment hook '/home/perry/Jesus/Prueba6/install/my_package/share/my_package/hook/ament_prefix_path.sh'
[39.431s] INFO:colcon.colcon_core.shell:Skip shell extension 'powershell' for command environment: Not usable outside of PowerShell
[39.434s] DEBUG:colcon.colcon_core.shell:Skip shell extension 'dsv' for command environment
[39.546s] DEBUG:colcon.colcon_core.event_handler.log_command:Invoking command in '/home/perry/Jesus/Prueba6/build/irc_ros_description': CMAKE_PREFIX_PATH=/opt/ros/humble /usr/bin/cmake /home/perry/Jesus/Prueba6/src/irc_ros_description -DAMENT_CMAKE_SYMLINK_INSTALL=1 -DCMAKE_INSTALL_PREFIX=/home/perry/Jesus/Prueba6/install/irc_ros_description
[39.616s] DEBUG:colcon.colcon_core.event_handler.log_command:Invoking command in '/home/perry/Jesus/Prueba6/build/hello_moveit': CMAKE_PREFIX_PATH=/opt/ros/humble /usr/bin/cmake /home/perry/Jesus/Prueba6/src/hello_moveit -DAMENT_CMAKE_SYMLINK_INSTALL=1 -DCMAKE_INSTALL_PREFIX=/home/perry/Jesus/Prueba6/install/hello_moveit
[45.690s] INFO:colcon.colcon_core.task.python.build:Building Python package in '/home/perry/Jesus/Prueba6/src/my_package'
[45.692s] INFO:colcon.colcon_core.shell:Skip shell extension 'powershell' for command environment: Not usable outside of PowerShell
[45.692s] DEBUG:colcon.colcon_core.shell:Skip shell extension 'dsv' for command environment
[45.766s] DEBUG:colcon.colcon_core.event_handler.log_command:Invoked command in '/home/perry/Jesus/Prueba6/build/irc_ros_description' returned '0': CMAKE_PREFIX_PATH=/opt/ros/humble /usr/bin/cmake /home/perry/Jesus/Prueba6/src/irc_ros_description -DAMENT_CMAKE_SYMLINK_INSTALL=1 -DCMAKE_INSTALL_PREFIX=/home/perry/Jesus/Prueba6/install/irc_ros_description
[45.792s] DEBUG:colcon.colcon_core.event_handler.log_command:Invoking command in '/home/perry/Jesus/Prueba6/build/irc_ros_description': CMAKE_PREFIX_PATH=/opt/ros/humble /usr/bin/cmake --build /home/perry/Jesus/Prueba6/build/irc_ros_description -- -j4 -l4
[46.283s] DEBUG:colcon.colcon_core.event_handler.log_command:Invoked command in '/home/perry/Jesus/Prueba6/build/irc_ros_description' returned '0': CMAKE_PREFIX_PATH=/opt/ros/humble /usr/bin/cmake --build /home/perry/Jesus/Prueba6/build/irc_ros_description -- -j4 -l4
[46.404s] DEBUG:colcon.colcon_core.event_handler.log_command:Invoking command in '/home/perry/Jesus/Prueba6/build/irc_ros_description': CMAKE_PREFIX_PATH=/opt/ros/humble /usr/bin/cmake --install /home/perry/Jesus/Prueba6/build/irc_ros_description
[46.983s] Level 1:colcon.colcon_core.environment:create_environment_scripts_only(irc_ros_description)
[46.987s] DEBUG:colcon.colcon_core.event_handler.log_command:Invoked command in '/home/perry/Jesus/Prueba6/build/irc_ros_description' returned '0': CMAKE_PREFIX_PATH=/opt/ros/humble /usr/bin/cmake --install /home/perry/Jesus/Prueba6/build/irc_ros_description
[47.050s] Level 1:colcon.colcon_core.environment:checking '/home/perry/Jesus/Prueba6/install/irc_ros_description' for CMake module files
[47.055s] Level 1:colcon.colcon_core.environment:checking '/home/perry/Jesus/Prueba6/install/irc_ros_description' for CMake config files
[47.089s] Level 1:colcon.colcon_core.shell:create_environment_hook('irc_ros_description', 'cmake_prefix_path')
[47.091s] INFO:colcon.colcon_core.shell:Creating environment hook '/home/perry/Jesus/Prueba6/install/irc_ros_description/share/irc_ros_description/hook/cmake_prefix_path.ps1'
[47.114s] INFO:colcon.colcon_core.shell:Creating environment descriptor '/home/perry/Jesus/Prueba6/install/irc_ros_description/share/irc_ros_description/hook/cmake_prefix_path.dsv'
[47.132s] INFO:colcon.colcon_core.shell:Creating environment hook '/home/perry/Jesus/Prueba6/install/irc_ros_description/share/irc_ros_description/hook/cmake_prefix_path.sh'
[47.153s] Level 1:colcon.colcon_core.environment:checking '/home/perry/Jesus/Prueba6/install/irc_ros_description/bin'
[47.154s] Level 1:colcon.colcon_core.environment:checking '/home/perry/Jesus/Prueba6/install/irc_ros_description/lib/pkgconfig/irc_ros_description.pc'
[47.155s] Level 1:colcon.colcon_core.environment:checking '/home/perry/Jesus/Prueba6/install/irc_ros_description/lib/python3.10/site-packages'
[47.156s] Level 1:colcon.colcon_core.environment:checking '/home/perry/Jesus/Prueba6/install/irc_ros_description/bin'
[47.158s] INFO:colcon.colcon_core.shell:Creating package script '/home/perry/Jesus/Prueba6/install/irc_ros_description/share/irc_ros_description/package.ps1'
[47.165s] INFO:colcon.colcon_core.shell:Creating package descriptor '/home/perry/Jesus/Prueba6/install/irc_ros_description/share/irc_ros_description/package.dsv'
[47.175s] INFO:colcon.colcon_core.shell:Creating package script '/home/perry/Jesus/Prueba6/install/irc_ros_description/share/irc_ros_description/package.sh'
[47.183s] INFO:colcon.colcon_core.shell:Creating package script '/home/perry/Jesus/Prueba6/install/irc_ros_description/share/irc_ros_description/package.bash'
[47.201s] INFO:colcon.colcon_core.shell:Creating package script '/home/perry/Jesus/Prueba6/install/irc_ros_description/share/irc_ros_description/package.zsh'
[47.215s] Level 1:colcon.colcon_core.environment:create_file_with_runtime_dependencies(/home/perry/Jesus/Prueba6/install/irc_ros_description/share/colcon-core/packages/irc_ros_description)
[47.220s] Level 1:colcon.colcon_core.environment:create_environment_scripts_only(irc_ros_description)
[47.222s] Level 1:colcon.colcon_core.environment:checking '/home/perry/Jesus/Prueba6/install/irc_ros_description' for CMake module files
[47.227s] Level 1:colcon.colcon_core.environment:checking '/home/perry/Jesus/Prueba6/install/irc_ros_description' for CMake config files
[47.243s] Level 1:colcon.colcon_core.shell:create_environment_hook('irc_ros_description', 'cmake_prefix_path')
[47.245s] INFO:colcon.colcon_core.shell:Creating environment hook '/home/perry/Jesus/Prueba6/install/irc_ros_description/share/irc_ros_description/hook/cmake_prefix_path.ps1'
[47.248s] INFO:colcon.colcon_core.shell:Creating environment descriptor '/home/perry/Jesus/Prueba6/install/irc_ros_description/share/irc_ros_description/hook/cmake_prefix_path.dsv'
[47.253s] INFO:colcon.colcon_core.shell:Creating environment hook '/home/perry/Jesus/Prueba6/install/irc_ros_description/share/irc_ros_description/hook/cmake_prefix_path.sh'
[47.294s] Level 1:colcon.colcon_core.environment:checking '/home/perry/Jesus/Prueba6/install/irc_ros_description/bin'
[47.295s] Level 1:colcon.colcon_core.environment:checking '/home/perry/Jesus/Prueba6/install/irc_ros_description/lib/pkgconfig/irc_ros_description.pc'
[47.299s] Level 1:colcon.colcon_core.environment:checking '/home/perry/Jesus/Prueba6/install/irc_ros_description/lib/python3.10/site-packages'
[47.312s] Level 1:colcon.colcon_core.environment:checking '/home/perry/Jesus/Prueba6/install/irc_ros_description/bin'
[47.315s] INFO:colcon.colcon_core.shell:Creating package script '/home/perry/Jesus/Prueba6/install/irc_ros_description/share/irc_ros_description/package.ps1'
[47.332s] INFO:colcon.colcon_core.shell:Creating package descriptor '/home/perry/Jesus/Prueba6/install/irc_ros_description/share/irc_ros_description/package.dsv'
[47.340s] INFO:colcon.colcon_core.shell:Creating package script '/home/perry/Jesus/Prueba6/install/irc_ros_description/share/irc_ros_description/package.sh'
[47.346s] INFO:colcon.colcon_core.shell:Creating package script '/home/perry/Jesus/Prueba6/install/irc_ros_description/share/irc_ros_description/package.bash'
[47.352s] INFO:colcon.colcon_core.shell:Creating package script '/home/perry/Jesus/Prueba6/install/irc_ros_description/share/irc_ros_description/package.zsh'
[47.361s] Level 1:colcon.colcon_core.environment:create_file_with_runtime_dependencies(/home/perry/Jesus/Prueba6/install/irc_ros_description/share/colcon-core/packages/irc_ros_description)
[47.371s] INFO:colcon.colcon_ros.task.ament_cmake.build:Building ROS package in '/home/perry/Jesus/Prueba6/src/moveit' with build type 'ament_cmake'
[47.372s] INFO:colcon.colcon_cmake.task.cmake.build:Building CMake package in '/home/perry/Jesus/Prueba6/src/moveit'
[47.374s] INFO:colcon.colcon_core.shell:Skip shell extension 'powershell' for command environment: Not usable outside of PowerShell
[47.375s] DEBUG:colcon.colcon_core.shell:Skip shell extension 'dsv' for command environment
[47.499s] DEBUG:colcon.colcon_core.event_handler.log_command:Invoking command in '/home/perry/Jesus/Prueba6/build/moveit': AMENT_PREFIX_PATH=/home/perry/Jesus/Prueba6/install/irc_ros_description:${AMENT_PREFIX_PATH} CMAKE_PREFIX_PATH=/home/perry/Jesus/Prueba6/install/irc_ros_description:/opt/ros/humble /usr/bin/cmake /home/perry/Jesus/Prueba6/src/moveit -DAMENT_CMAKE_SYMLINK_INSTALL=1 -DCMAKE_INSTALL_PREFIX=/home/perry/Jesus/Prueba6/install/moveit
[50.853s] DEBUG:colcon.colcon_core.event_handler.log_command:Invoked command in '/home/perry/Jesus/Prueba6/build/moveit' returned '0': AMENT_PREFIX_PATH=/home/perry/Jesus/Prueba6/install/irc_ros_description:${AMENT_PREFIX_PATH} CMAKE_PREFIX_PATH=/home/perry/Jesus/Prueba6/install/irc_ros_description:/opt/ros/humble /usr/bin/cmake /home/perry/Jesus/Prueba6/src/moveit -DAMENT_CMAKE_SYMLINK_INSTALL=1 -DCMAKE_INSTALL_PREFIX=/home/perry/Jesus/Prueba6/install/moveit
[50.863s] DEBUG:colcon.colcon_core.event_handler.log_command:Invoking command in '/home/perry/Jesus/Prueba6/build/moveit': AMENT_PREFIX_PATH=/home/perry/Jesus/Prueba6/install/irc_ros_description:${AMENT_PREFIX_PATH} CMAKE_PREFIX_PATH=/home/perry/Jesus/Prueba6/install/irc_ros_description:/opt/ros/humble /usr/bin/cmake --build /home/perry/Jesus/Prueba6/build/moveit -- -j4 -l4
[51.366s] DEBUG:colcon.colcon_core.event_handler.log_command:Invoked command in '/home/perry/Jesus/Prueba6/build/moveit' returned '0': AMENT_PREFIX_PATH=/home/perry/Jesus/Prueba6/install/irc_ros_description:${AMENT_PREFIX_PATH} CMAKE_PREFIX_PATH=/home/perry/Jesus/Prueba6/install/irc_ros_description:/opt/ros/humble /usr/bin/cmake --build /home/perry/Jesus/Prueba6/build/moveit -- -j4 -l4
[51.373s] DEBUG:colcon.colcon_core.event_handler.log_command:Invoking command in '/home/perry/Jesus/Prueba6/build/moveit': AMENT_PREFIX_PATH=/home/perry/Jesus/Prueba6/install/irc_ros_description:${AMENT_PREFIX_PATH} CMAKE_PREFIX_PATH=/home/perry/Jesus/Prueba6/install/irc_ros_description:/opt/ros/humble /usr/bin/cmake --install /home/perry/Jesus/Prueba6/build/moveit
[51.713s] Level 1:colcon.colcon_core.environment:create_environment_scripts_only(moveit)
[51.725s] Level 1:colcon.colcon_core.environment:checking '/home/perry/Jesus/Prueba6/install/moveit' for CMake module files
[51.722s] DEBUG:colcon.colcon_core.event_handler.log_command:Invoked command in '/home/perry/Jesus/Prueba6/build/moveit' returned '0': AMENT_PREFIX_PATH=/home/perry/Jesus/Prueba6/install/irc_ros_description:${AMENT_PREFIX_PATH} CMAKE_PREFIX_PATH=/home/perry/Jesus/Prueba6/install/irc_ros_description:/opt/ros/humble /usr/bin/cmake --install /home/perry/Jesus/Prueba6/build/moveit
[51.731s] Level 1:colcon.colcon_core.environment:checking '/home/perry/Jesus/Prueba6/install/moveit' for CMake config files
[51.740s] Level 1:colcon.colcon_core.shell:create_environment_hook('moveit', 'cmake_prefix_path')
[51.743s] INFO:colcon.colcon_core.shell:Creating environment hook '/home/perry/Jesus/Prueba6/install/moveit/share/moveit/hook/cmake_prefix_path.ps1'
[51.754s] INFO:colcon.colcon_core.shell:Creating environment descriptor '/home/perry/Jesus/Prueba6/install/moveit/share/moveit/hook/cmake_prefix_path.dsv'
[51.762s] INFO:colcon.colcon_core.shell:Creating environment hook '/home/perry/Jesus/Prueba6/install/moveit/share/moveit/hook/cmake_prefix_path.sh'
[51.772s] Level 1:colcon.colcon_core.environment:checking '/home/perry/Jesus/Prueba6/install/moveit/bin'
[51.775s] Level 1:colcon.colcon_core.environment:checking '/home/perry/Jesus/Prueba6/install/moveit/lib/pkgconfig/moveit.pc'
[51.779s] Level 1:colcon.colcon_core.environment:checking '/home/perry/Jesus/Prueba6/install/moveit/lib/python3.10/site-packages'
[51.783s] Level 1:colcon.colcon_core.environment:checking '/home/perry/Jesus/Prueba6/install/moveit/bin'
[51.787s] INFO:colcon.colcon_core.shell:Creating package script '/home/perry/Jesus/Prueba6/install/moveit/share/moveit/package.ps1'
[51.791s] INFO:colcon.colcon_core.shell:Creating package descriptor '/home/perry/Jesus/Prueba6/install/moveit/share/moveit/package.dsv'
[51.795s] INFO:colcon.colcon_core.shell:Creating package script '/home/perry/Jesus/Prueba6/install/moveit/share/moveit/package.sh'
[51.800s] INFO:colcon.colcon_core.shell:Creating package script '/home/perry/Jesus/Prueba6/install/moveit/share/moveit/package.bash'
[51.807s] INFO:colcon.colcon_core.shell:Creating package script '/home/perry/Jesus/Prueba6/install/moveit/share/moveit/package.zsh'
[51.812s] Level 1:colcon.colcon_core.environment:create_file_with_runtime_dependencies(/home/perry/Jesus/Prueba6/install/moveit/share/colcon-core/packages/moveit)
[51.820s] Level 1:colcon.colcon_core.environment:create_environment_scripts_only(moveit)
[51.822s] Level 1:colcon.colcon_core.environment:checking '/home/perry/Jesus/Prueba6/install/moveit' for CMake module files
[51.828s] Level 1:colcon.colcon_core.environment:checking '/home/perry/Jesus/Prueba6/install/moveit' for CMake config files
[51.836s] Level 1:colcon.colcon_core.shell:create_environment_hook('moveit', 'cmake_prefix_path')
[51.840s] INFO:colcon.colcon_core.shell:Creating environment hook '/home/perry/Jesus/Prueba6/install/moveit/share/moveit/hook/cmake_prefix_path.ps1'
[51.845s] INFO:colcon.colcon_core.shell:Creating environment descriptor '/home/perry/Jesus/Prueba6/install/moveit/share/moveit/hook/cmake_prefix_path.dsv'
[51.848s] INFO:colcon.colcon_core.shell:Creating environment hook '/home/perry/Jesus/Prueba6/install/moveit/share/moveit/hook/cmake_prefix_path.sh'
[51.853s] Level 1:colcon.colcon_core.environment:checking '/home/perry/Jesus/Prueba6/install/moveit/bin'
[51.853s] Level 1:colcon.colcon_core.environment:checking '/home/perry/Jesus/Prueba6/install/moveit/lib/pkgconfig/moveit.pc'
[51.855s] Level 1:colcon.colcon_core.environment:checking '/home/perry/Jesus/Prueba6/install/moveit/lib/python3.10/site-packages'
[51.857s] Level 1:colcon.colcon_core.environment:checking '/home/perry/Jesus/Prueba6/install/moveit/bin'
[51.859s] INFO:colcon.colcon_core.shell:Creating package script '/home/perry/Jesus/Prueba6/install/moveit/share/moveit/package.ps1'
[51.863s] INFO:colcon.colcon_core.shell:Creating package descriptor '/home/perry/Jesus/Prueba6/install/moveit/share/moveit/package.dsv'
[51.867s] INFO:colcon.colcon_core.shell:Creating package script '/home/perry/Jesus/Prueba6/install/moveit/share/moveit/package.sh'
[51.870s] INFO:colcon.colcon_core.shell:Creating package script '/home/perry/Jesus/Prueba6/install/moveit/share/moveit/package.bash'
[51.873s] INFO:colcon.colcon_core.shell:Creating package script '/home/perry/Jesus/Prueba6/install/moveit/share/moveit/package.zsh'
[51.877s] Level 1:colcon.colcon_core.environment:create_file_with_runtime_dependencies(/home/perry/Jesus/Prueba6/install/moveit/share/colcon-core/packages/moveit)
[56.447s] DEBUG:colcon.colcon_core.task.python.build:While undoing a previous installation files outside the Python library path are being ignored: /home/perry/Jesus/Prueba6/install/my_package/share/ament_index/resource_index/packages/my_package
[56.447s] DEBUG:colcon.colcon_core.task.python.build:While undoing a previous installation files outside the Python library path are being ignored: /home/perry/Jesus/Prueba6/install/my_package/share/my_package/package.xml
[56.452s] DEBUG:colcon.colcon_core.task.python.build:While undoing a previous installation files outside the Python library path are being ignored: /home/perry/Jesus/Prueba6/install/my_package/lib/my_package/nodo_cinematica
[56.452s] DEBUG:colcon.colcon_core.task.python.build:While undoing a previous installation files outside the Python library path are being ignored: /home/perry/Jesus/Prueba6/install/my_package/lib/my_package/nodo_cinematica_inv
[56.453s] DEBUG:colcon.colcon_core.task.python.build:While undoing a previous installation files outside the Python library path are being ignored: /home/perry/Jesus/Prueba6/install/my_package/lib/my_package/nodo_mando
[56.499s] DEBUG:colcon.colcon_core.event_handler.log_command:Invoking command in '/home/perry/Jesus/Prueba6/build/my_package': PYTHONPATH=/home/perry/Jesus/Prueba6/build/my_package/prefix_override:/usr/lib/python3/dist-packages/colcon_core/task/python/colcon_distutils_commands:/home/perry/Jesus/Prueba6/install/my_package/lib/python3.10/site-packages:${PYTHONPATH} /usr/bin/python3 -W ignore:setup.py install is deprecated -W ignore:easy_install command is deprecated setup.py develop --editable --build-directory /home/perry/Jesus/Prueba6/build/my_package/build --no-deps symlink_data --force
[60.214s] DEBUG:colcon.colcon_core.event_handler.log_command:Invoked command in '/home/perry/Jesus/Prueba6/build/hello_moveit' returned '0': CMAKE_PREFIX_PATH=/opt/ros/humble /usr/bin/cmake /home/perry/Jesus/Prueba6/src/hello_moveit -DAMENT_CMAKE_SYMLINK_INSTALL=1 -DCMAKE_INSTALL_PREFIX=/home/perry/Jesus/Prueba6/install/hello_moveit
[60.219s] DEBUG:colcon.colcon_core.event_handler.log_command:Invoking command in '/home/perry/Jesus/Prueba6/build/hello_moveit': CMAKE_PREFIX_PATH=/opt/ros/humble /usr/bin/cmake --build /home/perry/Jesus/Prueba6/build/hello_moveit -- -j4 -l4
[61.275s] DEBUG:colcon.colcon_core.event_handler.log_command:Invoked command in '/home/perry/Jesus/Prueba6/build/hello_moveit' returned '0': CMAKE_PREFIX_PATH=/opt/ros/humble /usr/bin/cmake --build /home/perry/Jesus/Prueba6/build/hello_moveit -- -j4 -l4
[61.303s] DEBUG:colcon.colcon_core.event_handler.log_command:Invoking command in '/home/perry/Jesus/Prueba6/build/hello_moveit': CMAKE_PREFIX_PATH=/opt/ros/humble /usr/bin/cmake --install /home/perry/Jesus/Prueba6/build/hello_moveit
[61.504s] Level 1:colcon.colcon_core.environment:create_environment_scripts_only(hello_moveit)
[61.507s] DEBUG:colcon.colcon_core.event_handler.log_command:Invoked command in '/home/perry/Jesus/Prueba6/build/hello_moveit' returned '0': CMAKE_PREFIX_PATH=/opt/ros/humble /usr/bin/cmake --install /home/perry/Jesus/Prueba6/build/hello_moveit
[61.512s] Level 1:colcon.colcon_core.environment:checking '/home/perry/Jesus/Prueba6/install/hello_moveit' for CMake module files
[61.528s] Level 1:colcon.colcon_core.environment:checking '/home/perry/Jesus/Prueba6/install/hello_moveit' for CMake config files
[61.542s] Level 1:colcon.colcon_core.shell:create_environment_hook('hello_moveit', 'cmake_prefix_path')
[61.543s] INFO:colcon.colcon_core.shell:Creating environment hook '/home/perry/Jesus/Prueba6/install/hello_moveit/share/hello_moveit/hook/cmake_prefix_path.ps1'
[61.553s] INFO:colcon.colcon_core.shell:Creating environment descriptor '/home/perry/Jesus/Prueba6/install/hello_moveit/share/hello_moveit/hook/cmake_prefix_path.dsv'
[61.558s] INFO:colcon.colcon_core.shell:Creating environment hook '/home/perry/Jesus/Prueba6/install/hello_moveit/share/hello_moveit/hook/cmake_prefix_path.sh'
[61.571s] Level 1:colcon.colcon_core.environment:checking '/home/perry/Jesus/Prueba6/install/hello_moveit/lib'
[61.581s] Level 1:colcon.colcon_core.environment:checking '/home/perry/Jesus/Prueba6/install/hello_moveit/bin'
[61.582s] Level 1:colcon.colcon_core.environment:checking '/home/perry/Jesus/Prueba6/install/hello_moveit/lib/pkgconfig/hello_moveit.pc'
[61.589s] Level 1:colcon.colcon_core.environment:checking '/home/perry/Jesus/Prueba6/install/hello_moveit/lib/python3.10/site-packages'
[61.591s] Level 1:colcon.colcon_core.environment:checking '/home/perry/Jesus/Prueba6/install/hello_moveit/bin'
[61.594s] INFO:colcon.colcon_core.shell:Creating package script '/home/perry/Jesus/Prueba6/install/hello_moveit/share/hello_moveit/package.ps1'
[61.610s] INFO:colcon.colcon_core.shell:Creating package descriptor '/home/perry/Jesus/Prueba6/install/hello_moveit/share/hello_moveit/package.dsv'
[61.620s] INFO:colcon.colcon_core.shell:Creating package script '/home/perry/Jesus/Prueba6/install/hello_moveit/share/hello_moveit/package.sh'
[61.630s] INFO:colcon.colcon_core.shell:Creating package script '/home/perry/Jesus/Prueba6/install/hello_moveit/share/hello_moveit/package.bash'
[61.644s] INFO:colcon.colcon_core.shell:Creating package script '/home/perry/Jesus/Prueba6/install/hello_moveit/share/hello_moveit/package.zsh'
[61.650s] Level 1:colcon.colcon_core.environment:create_file_with_runtime_dependencies(/home/perry/Jesus/Prueba6/install/hello_moveit/share/colcon-core/packages/hello_moveit)
[61.669s] Level 1:colcon.colcon_core.environment:create_environment_scripts_only(hello_moveit)
[61.672s] Level 1:colcon.colcon_core.environment:checking '/home/perry/Jesus/Prueba6/install/hello_moveit' for CMake module files
[61.678s] Level 1:colcon.colcon_core.environment:checking '/home/perry/Jesus/Prueba6/install/hello_moveit' for CMake config files
[61.683s] Level 1:colcon.colcon_core.shell:create_environment_hook('hello_moveit', 'cmake_prefix_path')
[61.688s] INFO:colcon.colcon_core.shell:Creating environment hook '/home/perry/Jesus/Prueba6/install/hello_moveit/share/hello_moveit/hook/cmake_prefix_path.ps1'
[61.694s] INFO:colcon.colcon_core.shell:Creating environment descriptor '/home/perry/Jesus/Prueba6/install/hello_moveit/share/hello_moveit/hook/cmake_prefix_path.dsv'
[61.698s] INFO:colcon.colcon_core.shell:Creating environment hook '/home/perry/Jesus/Prueba6/install/hello_moveit/share/hello_moveit/hook/cmake_prefix_path.sh'
[61.703s] Level 1:colcon.colcon_core.environment:checking '/home/perry/Jesus/Prueba6/install/hello_moveit/lib'
[61.704s] Level 1:colcon.colcon_core.environment:checking '/home/perry/Jesus/Prueba6/install/hello_moveit/bin'
[61.705s] Level 1:colcon.colcon_core.environment:checking '/home/perry/Jesus/Prueba6/install/hello_moveit/lib/pkgconfig/hello_moveit.pc'
[61.707s] Level 1:colcon.colcon_core.environment:checking '/home/perry/Jesus/Prueba6/install/hello_moveit/lib/python3.10/site-packages'
[61.710s] Level 1:colcon.colcon_core.environment:checking '/home/perry/Jesus/Prueba6/install/hello_moveit/bin'
[61.714s] INFO:colcon.colcon_core.shell:Creating package script '/home/perry/Jesus/Prueba6/install/hello_moveit/share/hello_moveit/package.ps1'
[61.725s] INFO:colcon.colcon_core.shell:Creating package descriptor '/home/perry/Jesus/Prueba6/install/hello_moveit/share/hello_moveit/package.dsv'
[61.735s] INFO:colcon.colcon_core.shell:Creating package script '/home/perry/Jesus/Prueba6/install/hello_moveit/share/hello_moveit/package.sh'
[61.748s] INFO:colcon.colcon_core.shell:Creating package script '/home/perry/Jesus/Prueba6/install/hello_moveit/share/hello_moveit/package.bash'
[61.758s] INFO:colcon.colcon_core.shell:Creating package script '/home/perry/Jesus/Prueba6/install/hello_moveit/share/hello_moveit/package.zsh'
[61.763s] Level 1:colcon.colcon_core.environment:create_file_with_runtime_dependencies(/home/perry/Jesus/Prueba6/install/hello_moveit/share/colcon-core/packages/hello_moveit)
[66.068s] Level 1:colcon.colcon_core.shell:create_environment_hook('my_package', 'pythonpath_develop')
[66.070s] INFO:colcon.colcon_core.shell:Creating environment hook '/home/perry/Jesus/Prueba6/build/my_package/share/my_package/hook/pythonpath_develop.ps1'
[66.074s] INFO:colcon.colcon_core.shell:Creating environment descriptor '/home/perry/Jesus/Prueba6/build/my_package/share/my_package/hook/pythonpath_develop.dsv'
[66.080s] DEBUG:colcon.colcon_core.event_handler.log_command:Invoked command in '/home/perry/Jesus/Prueba6/build/my_package' returned '0': PYTHONPATH=/home/perry/Jesus/Prueba6/build/my_package/prefix_override:/usr/lib/python3/dist-packages/colcon_core/task/python/colcon_distutils_commands:/home/perry/Jesus/Prueba6/install/my_package/lib/python3.10/site-packages:${PYTHONPATH} /usr/bin/python3 -W ignore:setup.py install is deprecated -W ignore:easy_install command is deprecated setup.py develop --editable --build-directory /home/perry/Jesus/Prueba6/build/my_package/build --no-deps symlink_data --force
[66.081s] INFO:colcon.colcon_core.shell:Creating environment hook '/home/perry/Jesus/Prueba6/build/my_package/share/my_package/hook/pythonpath_develop.sh'
[66.093s] Level 1:colcon.colcon_core.environment:checking '/home/perry/Jesus/Prueba6/install/my_package' for CMake module files
[66.104s] Level 1:colcon.colcon_core.environment:checking '/home/perry/Jesus/Prueba6/install/my_package' for CMake config files
[66.111s] Level 1:colcon.colcon_core.environment:checking '/home/perry/Jesus/Prueba6/install/my_package/lib'
[66.114s] Level 1:colcon.colcon_core.environment:checking '/home/perry/Jesus/Prueba6/install/my_package/bin'
[66.116s] Level 1:colcon.colcon_core.environment:checking '/home/perry/Jesus/Prueba6/install/my_package/lib/pkgconfig/my_package.pc'
[66.119s] Level 1:colcon.colcon_core.environment:checking '/home/perry/Jesus/Prueba6/install/my_package/lib/python3.10/site-packages'
[66.121s] Level 1:colcon.colcon_core.shell:create_environment_hook('my_package', 'pythonpath')
[66.125s] INFO:colcon.colcon_core.shell:Creating environment hook '/home/perry/Jesus/Prueba6/install/my_package/share/my_package/hook/pythonpath.ps1'
[66.133s] INFO:colcon.colcon_core.shell:Creating environment descriptor '/home/perry/Jesus/Prueba6/install/my_package/share/my_package/hook/pythonpath.dsv'
[66.138s] INFO:colcon.colcon_core.shell:Creating environment hook '/home/perry/Jesus/Prueba6/install/my_package/share/my_package/hook/pythonpath.sh'
[66.143s] Level 1:colcon.colcon_core.environment:checking '/home/perry/Jesus/Prueba6/install/my_package/bin'
[66.144s] Level 1:colcon.colcon_core.environment:create_environment_scripts_only(my_package)
[66.146s] INFO:colcon.colcon_core.shell:Creating package script '/home/perry/Jesus/Prueba6/install/my_package/share/my_package/package.ps1'
[66.155s] INFO:colcon.colcon_core.shell:Creating package descriptor '/home/perry/Jesus/Prueba6/install/my_package/share/my_package/package.dsv'
[66.160s] INFO:colcon.colcon_core.shell:Creating package script '/home/perry/Jesus/Prueba6/install/my_package/share/my_package/package.sh'
[66.164s] INFO:colcon.colcon_core.shell:Creating package script '/home/perry/Jesus/Prueba6/install/my_package/share/my_package/package.bash'
[66.169s] INFO:colcon.colcon_core.shell:Creating package script '/home/perry/Jesus/Prueba6/install/my_package/share/my_package/package.zsh'
[66.173s] Level 1:colcon.colcon_core.environment:create_file_with_runtime_dependencies(/home/perry/Jesus/Prueba6/install/my_package/share/colcon-core/packages/my_package)
[66.178s] DEBUG:colcon.colcon_parallel_executor.executor.parallel:closing loop
[66.179s] DEBUG:colcon.colcon_parallel_executor.executor.parallel:loop closed
[66.180s] DEBUG:colcon.colcon_parallel_executor.executor.parallel:run_until_complete finished with '0'
[66.181s] DEBUG:colcon.colcon_core.event_reactor:joining thread
[66.297s] INFO:colcon.colcon_core.plugin_system:Skipping extension 'colcon_notification.desktop_notification.terminal_notifier': Not used on non-Darwin systems
[66.298s] INFO:colcon.colcon_core.plugin_system:Skipping extension 'colcon_notification.desktop_notification.win32': Not used on non-Windows systems
[66.298s] INFO:colcon.colcon_notification.desktop_notification:Sending desktop notification using 'notify2'
[66.942s] DEBUG:colcon.colcon_core.event_reactor:joined thread
[66.944s] INFO:colcon.colcon_core.shell:Creating prefix script '/home/perry/Jesus/Prueba6/install/local_setup.ps1'
[66.954s] INFO:colcon.colcon_core.shell:Creating prefix util module '/home/perry/Jesus/Prueba6/install/_local_setup_util_ps1.py'
[66.969s] INFO:colcon.colcon_core.shell:Creating prefix chain script '/home/perry/Jesus/Prueba6/install/setup.ps1'
[66.985s] INFO:colcon.colcon_core.shell:Creating prefix script '/home/perry/Jesus/Prueba6/install/local_setup.sh'
[66.996s] INFO:colcon.colcon_core.shell:Creating prefix util module '/home/perry/Jesus/Prueba6/install/_local_setup_util_sh.py'
[67.011s] INFO:colcon.colcon_core.shell:Creating prefix chain script '/home/perry/Jesus/Prueba6/install/setup.sh'
[67.032s] INFO:colcon.colcon_core.shell:Creating prefix script '/home/perry/Jesus/Prueba6/install/local_setup.bash'
[67.049s] INFO:colcon.colcon_core.shell:Creating prefix chain script '/home/perry/Jesus/Prueba6/install/setup.bash'
[67.066s] INFO:colcon.colcon_core.shell:Creating prefix script '/home/perry/Jesus/Prueba6/install/local_setup.zsh'
[67.073s] INFO:colcon.colcon_core.shell:Creating prefix chain script '/home/perry/Jesus/Prueba6/install/setup.zsh'
