[3.579s] DEBUG:colcon:Command line arguments: ['/usr/bin/colcon', 'build', '--packages-select', 'my_packages']
[3.581s] DEBUG:colcon:Parsed command line arguments: Namespace(log_base=None, log_level=None, verb_name='build', build_base='build', install_base='install', merge_install=False, symlink_install=False, test_result_base=None, continue_on_error=False, executor='parallel', parallel_workers=4, event_handlers=None, ignore_user_meta=False, metas=['./colcon.meta'], base_paths=['.'], packages_ignore=None, packages_ignore_regex=None, paths=None, packages_up_to=None, packages_up_to_regex=None, packages_above=None, packages_above_and_dependencies=None, packages_above_depth=None, packages_select_by_dep=None, packages_skip_by_dep=None, packages_skip_up_to=None, packages_select_build_failed=False, packages_skip_build_finished=False, packages_select_test_failures=False, packages_skip_test_passed=False, packages_select=['my_packages'], packages_skip=None, packages_select_regex=None, packages_skip_regex=None, packages_start=None, packages_end=None, allow_overriding=[], cmake_args=None, cmake_target=None, cmake_target_skip_unavailable=False, cmake_clean_cache=False, cmake_clean_first=False, cmake_force_configure=False, ament_cmake_args=None, catkin_cmake_args=None, catkin_skip_building_tests=False, mixin_files=None, mixin=None, verb_parser=<colcon_mixin.mixin.mixin_argument.MixinArgumentDecorator object at 0xffff8ab70f70>, verb_extension=<colcon_core.verb.build.BuildVerb object at 0xffff8ab70ac0>, main=<bound method BuildVerb.main of <colcon_core.verb.build.BuildVerb object at 0xffff8ab70ac0>>, mixin_verb=('build',))
[12.374s] Level 1:colcon.colcon_core.package_discovery:discover_packages(colcon_meta) check parameters
[12.377s] Level 1:colcon.colcon_core.package_discovery:discover_packages(recursive) check parameters
[12.378s] Level 1:colcon.colcon_core.package_discovery:discover_packages(ignore) check parameters
[12.379s] Level 1:colcon.colcon_core.package_discovery:discover_packages(path) check parameters
[12.380s] Level 1:colcon.colcon_core.package_discovery:discover_packages(colcon_meta) discover
[12.381s] Level 1:colcon.colcon_core.package_discovery:discover_packages(recursive) discover
[12.385s] INFO:colcon.colcon_core.package_discovery:Crawling recursively for packages in '/home/perry/Jesus/Prueba6'
[12.388s] Level 1:colcon.colcon_core.package_identification:_identify(.) by extensions ['ignore', 'ignore_ament_install']
[12.389s] Level 1:colcon.colcon_core.package_identification:_identify(.) by extension 'ignore'
[12.390s] Level 1:colcon.colcon_core.package_identification:_identify(.) by extension 'ignore_ament_install'
[12.399s] Level 1:colcon.colcon_core.package_identification:_identify(.) by extensions ['colcon_pkg']
[12.404s] Level 1:colcon.colcon_core.package_identification:_identify(.) by extension 'colcon_pkg'
[12.405s] Level 1:colcon.colcon_core.package_identification:_identify(.) by extensions ['colcon_meta']
[12.407s] Level 1:colcon.colcon_core.package_identification:_identify(.) by extension 'colcon_meta'
[12.408s] Level 1:colcon.colcon_core.package_identification:_identify(.) by extensions ['ros']
[12.409s] Level 1:colcon.colcon_core.package_identification:_identify(.) by extension 'ros'
[12.709s] Level 1:colcon.colcon_core.package_identification:_identify(.) by extensions ['cmake', 'python']
[12.710s] Level 1:colcon.colcon_core.package_identification:_identify(.) by extension 'cmake'
[12.711s] Level 1:colcon.colcon_core.package_identification:_identify(.) by extension 'python'
[12.712s] Level 1:colcon.colcon_core.package_identification:_identify(.) by extensions ['python_setup_py']
[12.712s] Level 1:colcon.colcon_core.package_identification:_identify(.) by extension 'python_setup_py'
[12.715s] Level 1:colcon.colcon_core.package_identification:_identify(build) by extensions ['ignore', 'ignore_ament_install']
[12.717s] Level 1:colcon.colcon_core.package_identification:_identify(build) by extension 'ignore'
[12.718s] Level 1:colcon.colcon_core.package_identification:_identify(build) ignored
[12.720s] Level 1:colcon.colcon_core.package_identification:_identify(install) by extensions ['ignore', 'ignore_ament_install']
[12.722s] Level 1:colcon.colcon_core.package_identification:_identify(install) by extension 'ignore'
[12.723s] Level 1:colcon.colcon_core.package_identification:_identify(install) ignored
[12.726s] Level 1:colcon.colcon_core.package_identification:_identify(log) by extensions ['ignore', 'ignore_ament_install']
[12.727s] Level 1:colcon.colcon_core.package_identification:_identify(log) by extension 'ignore'
[12.728s] Level 1:colcon.colcon_core.package_identification:_identify(log) ignored
[12.729s] Level 1:colcon.colcon_core.package_identification:_identify(src) by extensions ['ignore', 'ignore_ament_install']
[12.731s] Level 1:colcon.colcon_core.package_identification:_identify(src) by extension 'ignore'
[12.732s] Level 1:colcon.colcon_core.package_identification:_identify(src) by extension 'ignore_ament_install'
[12.734s] Level 1:colcon.colcon_core.package_identification:_identify(src) by extensions ['colcon_pkg']
[12.735s] Level 1:colcon.colcon_core.package_identification:_identify(src) by extension 'colcon_pkg'
[12.735s] Level 1:colcon.colcon_core.package_identification:_identify(src) by extensions ['colcon_meta']
[12.736s] Level 1:colcon.colcon_core.package_identification:_identify(src) by extension 'colcon_meta'
[12.737s] Level 1:colcon.colcon_core.package_identification:_identify(src) by extensions ['ros']
[12.737s] Level 1:colcon.colcon_core.package_identification:_identify(src) by extension 'ros'
[12.738s] Level 1:colcon.colcon_core.package_identification:_identify(src) by extensions ['cmake', 'python']
[12.738s] Level 1:colcon.colcon_core.package_identification:_identify(src) by extension 'cmake'
[12.739s] Level 1:colcon.colcon_core.package_identification:_identify(src) by extension 'python'
[12.741s] Level 1:colcon.colcon_core.package_identification:_identify(src) by extensions ['python_setup_py']
[12.742s] Level 1:colcon.colcon_core.package_identification:_identify(src) by extension 'python_setup_py'
[12.744s] Level 1:colcon.colcon_core.package_identification:_identify(src/hello_moveit) by extensions ['ignore', 'ignore_ament_install']
[12.746s] Level 1:colcon.colcon_core.package_identification:_identify(src/hello_moveit) by extension 'ignore'
[12.748s] Level 1:colcon.colcon_core.package_identification:_identify(src/hello_moveit) by extension 'ignore_ament_install'
[12.750s] Level 1:colcon.colcon_core.package_identification:_identify(src/hello_moveit) by extensions ['colcon_pkg']
[12.752s] Level 1:colcon.colcon_core.package_identification:_identify(src/hello_moveit) by extension 'colcon_pkg'
[12.753s] Level 1:colcon.colcon_core.package_identification:_identify(src/hello_moveit) by extensions ['colcon_meta']
[12.754s] Level 1:colcon.colcon_core.package_identification:_identify(src/hello_moveit) by extension 'colcon_meta'
[12.755s] Level 1:colcon.colcon_core.package_identification:_identify(src/hello_moveit) by extensions ['ros']
[12.755s] Level 1:colcon.colcon_core.package_identification:_identify(src/hello_moveit) by extension 'ros'
[12.788s] DEBUG:colcon.colcon_core.package_identification:Package 'src/hello_moveit' with type 'ros.ament_cmake' and name 'hello_moveit'
[12.790s] Level 1:colcon.colcon_core.package_identification:_identify(src/irc_ros_description) by extensions ['ignore', 'ignore_ament_install']
[12.792s] Level 1:colcon.colcon_core.package_identification:_identify(src/irc_ros_description) by extension 'ignore'
[12.794s] Level 1:colcon.colcon_core.package_identification:_identify(src/irc_ros_description) by extension 'ignore_ament_install'
[12.796s] Level 1:colcon.colcon_core.package_identification:_identify(src/irc_ros_description) by extensions ['colcon_pkg']
[12.797s] Level 1:colcon.colcon_core.package_identification:_identify(src/irc_ros_description) by extension 'colcon_pkg'
[12.798s] Level 1:colcon.colcon_core.package_identification:_identify(src/irc_ros_description) by extensions ['colcon_meta']
[12.799s] Level 1:colcon.colcon_core.package_identification:_identify(src/irc_ros_description) by extension 'colcon_meta'
[12.800s] Level 1:colcon.colcon_core.package_identification:_identify(src/irc_ros_description) by extensions ['ros']
[12.801s] Level 1:colcon.colcon_core.package_identification:_identify(src/irc_ros_description) by extension 'ros'
[12.808s] DEBUG:colcon.colcon_core.package_identification:Package 'src/irc_ros_description' with type 'ros.ament_cmake' and name 'irc_ros_description'
[12.809s] Level 1:colcon.colcon_core.package_identification:_identify(src/moveit2_pose_target) by extensions ['ignore', 'ignore_ament_install']
[12.811s] Level 1:colcon.colcon_core.package_identification:_identify(src/moveit2_pose_target) by extension 'ignore'
[12.812s] Level 1:colcon.colcon_core.package_identification:_identify(src/moveit2_pose_target) by extension 'ignore_ament_install'
[12.814s] Level 1:colcon.colcon_core.package_identification:_identify(src/moveit2_pose_target) by extensions ['colcon_pkg']
[12.815s] Level 1:colcon.colcon_core.package_identification:_identify(src/moveit2_pose_target) by extension 'colcon_pkg'
[12.816s] Level 1:colcon.colcon_core.package_identification:_identify(src/moveit2_pose_target) by extensions ['colcon_meta']
[12.817s] Level 1:colcon.colcon_core.package_identification:_identify(src/moveit2_pose_target) by extension 'colcon_meta'
[12.818s] Level 1:colcon.colcon_core.package_identification:_identify(src/moveit2_pose_target) by extensions ['ros']
[12.819s] Level 1:colcon.colcon_core.package_identification:_identify(src/moveit2_pose_target) by extension 'ros'
[12.830s] DEBUG:colcon.colcon_core.package_identification:Package 'src/moveit2_pose_target' with type 'ros.ament_cmake' and name 'moveit2_pose_target'
[12.832s] Level 1:colcon.colcon_core.package_identification:_identify(src/my_package) by extensions ['ignore', 'ignore_ament_install']
[12.833s] Level 1:colcon.colcon_core.package_identification:_identify(src/my_package) by extension 'ignore'
[12.834s] Level 1:colcon.colcon_core.package_identification:_identify(src/my_package) by extension 'ignore_ament_install'
[12.835s] Level 1:colcon.colcon_core.package_identification:_identify(src/my_package) by extensions ['colcon_pkg']
[12.836s] Level 1:colcon.colcon_core.package_identification:_identify(src/my_package) by extension 'colcon_pkg'
[12.837s] Level 1:colcon.colcon_core.package_identification:_identify(src/my_package) by extensions ['colcon_meta']
[12.838s] Level 1:colcon.colcon_core.package_identification:_identify(src/my_package) by extension 'colcon_meta'
[12.839s] Level 1:colcon.colcon_core.package_identification:_identify(src/my_package) by extensions ['ros']
[12.840s] Level 1:colcon.colcon_core.package_identification:_identify(src/my_package) by extension 'ros'
[12.849s] DEBUG:colcon.colcon_core.package_identification:Package 'src/my_package' with type 'ros.ament_python' and name 'my_package'
[12.850s] Level 1:colcon.colcon_core.package_identification:_identify(src/robot) by extensions ['ignore', 'ignore_ament_install']
[12.851s] Level 1:colcon.colcon_core.package_identification:_identify(src/robot) by extension 'ignore'
[12.852s] Level 1:colcon.colcon_core.package_identification:_identify(src/robot) by extension 'ignore_ament_install'
[12.853s] Level 1:colcon.colcon_core.package_identification:_identify(src/robot) by extensions ['colcon_pkg']
[12.853s] Level 1:colcon.colcon_core.package_identification:_identify(src/robot) by extension 'colcon_pkg'
[12.854s] Level 1:colcon.colcon_core.package_identification:_identify(src/robot) by extensions ['colcon_meta']
[12.855s] Level 1:colcon.colcon_core.package_identification:_identify(src/robot) by extension 'colcon_meta'
[12.856s] Level 1:colcon.colcon_core.package_identification:_identify(src/robot) by extensions ['ros']
[12.857s] Level 1:colcon.colcon_core.package_identification:_identify(src/robot) by extension 'ros'
[12.871s] DEBUG:colcon.colcon_core.package_identification:Package 'src/robot' with type 'ros.ament_cmake' and name 'robot'
[12.872s] Level 1:colcon.colcon_core.package_discovery:discover_packages(recursive) using defaults
[12.874s] Level 1:colcon.colcon_core.package_discovery:discover_packages(ignore) discover
[12.875s] Level 1:colcon.colcon_core.package_discovery:discover_packages(ignore) using defaults
[12.875s] Level 1:colcon.colcon_core.package_discovery:discover_packages(path) discover
[12.875s] Level 1:colcon.colcon_core.package_discovery:discover_packages(path) using defaults
[12.878s] WARNING:colcon.colcon_core.package_selection:ignoring unknown package 'my_packages' in --packages-select
[13.258s] INFO:colcon.colcon_core.package_selection:Skipping not selected package 'hello_moveit' in 'src/hello_moveit'
[13.259s] INFO:colcon.colcon_core.package_selection:Skipping not selected package 'irc_ros_description' in 'src/irc_ros_description'
[13.259s] INFO:colcon.colcon_core.package_selection:Skipping not selected package 'moveit2_pose_target' in 'src/moveit2_pose_target'
[13.260s] INFO:colcon.colcon_core.package_selection:Skipping not selected package 'my_package' in 'src/my_package'
[13.260s] INFO:colcon.colcon_core.package_selection:Skipping not selected package 'robot' in 'src/robot'
[13.270s] Level 1:colcon.colcon_core.package_discovery:discover_packages(prefix_path) check parameters
[13.271s] Level 1:colcon.colcon_core.package_discovery:discover_packages(prefix_path) discover
[13.368s] DEBUG:colcon.colcon_installed_package_information.package_discovery:Found 12 installed packages in /home/perry/Jesus/Prueba6/install
[13.406s] DEBUG:colcon.colcon_installed_package_information.package_discovery:Found 444 installed packages in /opt/ros/humble
[13.427s] Level 1:colcon.colcon_core.package_discovery:discover_packages(prefix_path) using defaults
[15.262s] INFO:colcon.colcon_core.executor:Executing jobs using 'parallel' executor
[15.274s] DEBUG:colcon.colcon_parallel_executor.executor.parallel:run_until_complete
[15.275s] DEBUG:colcon.colcon_parallel_executor.executor.parallel:closing loop
[15.276s] DEBUG:colcon.colcon_parallel_executor.executor.parallel:loop closed
[15.277s] DEBUG:colcon.colcon_parallel_executor.executor.parallel:run_until_complete finished with '0'
[15.280s] DEBUG:colcon.colcon_core.event_reactor:joining thread
[15.369s] INFO:colcon.colcon_core.plugin_system:Skipping extension 'colcon_notification.desktop_notification.terminal_notifier': Not used on non-Darwin systems
[15.370s] INFO:colcon.colcon_core.plugin_system:Skipping extension 'colcon_notification.desktop_notification.win32': Not used on non-Windows systems
[15.377s] INFO:colcon.colcon_notification.desktop_notification:Sending desktop notification using 'notify2'
[15.550s] DEBUG:colcon.colcon_core.event_reactor:joined thread
[15.601s] INFO:colcon.colcon_core.plugin_system:Skipping extension 'colcon_core.shell.bat': Not used on non-Windows systems
[15.606s] INFO:colcon.colcon_core.shell:Creating prefix script '/home/perry/Jesus/Prueba6/install/local_setup.ps1'
[15.631s] INFO:colcon.colcon_core.shell:Creating prefix util module '/home/perry/Jesus/Prueba6/install/_local_setup_util_ps1.py'
[15.651s] INFO:colcon.colcon_core.shell:Creating prefix chain script '/home/perry/Jesus/Prueba6/install/setup.ps1'
[15.675s] INFO:colcon.colcon_core.shell:Creating prefix script '/home/perry/Jesus/Prueba6/install/local_setup.sh'
[15.684s] INFO:colcon.colcon_core.shell:Creating prefix util module '/home/perry/Jesus/Prueba6/install/_local_setup_util_sh.py'
[15.702s] INFO:colcon.colcon_core.shell:Creating prefix chain script '/home/perry/Jesus/Prueba6/install/setup.sh'
[15.723s] INFO:colcon.colcon_core.shell:Creating prefix script '/home/perry/Jesus/Prueba6/install/local_setup.bash'
[15.728s] INFO:colcon.colcon_core.shell:Creating prefix chain script '/home/perry/Jesus/Prueba6/install/setup.bash'
[15.753s] INFO:colcon.colcon_core.shell:Creating prefix script '/home/perry/Jesus/Prueba6/install/local_setup.zsh'
[15.758s] INFO:colcon.colcon_core.shell:Creating prefix chain script '/home/perry/Jesus/Prueba6/install/setup.zsh'
