[20.817s] Invoking command in '/home/perry/Jesus/Prueba6/build/my_package': PYTHONPATH=/home/perry/Jesus/Prueba6/build/my_package/prefix_override:/usr/lib/python3/dist-packages/colcon_core/task/python/colcon_distutils_commands:/home/perry/Jesus/Prueba6/install/my_package/lib/python3.10/site-packages:${PYTHONPATH} /usr/bin/python3 -W ignore:setup.py install is deprecated -W ignore:easy_install command is deprecated setup.py develop --editable --build-directory /home/perry/Jesus/Prueba6/build/my_package/build --no-deps symlink_data --force
[28.588s] running develop
[34.013s] running egg_info
[34.018s] writing my_package.egg-info/PKG-INFO
[34.024s] writing dependency_links to my_package.egg-info/dependency_links.txt
[34.026s] writing entry points to my_package.egg-info/entry_points.txt
[34.028s] writing requirements to my_package.egg-info/requires.txt
[34.035s] writing top-level names to my_package.egg-info/top_level.txt
[34.071s] reading manifest file 'my_package.egg-info/SOURCES.txt'
[34.077s] writing manifest file 'my_package.egg-info/SOURCES.txt'
[34.106s] running build_ext
[34.108s] Creating /home/perry/Jesus/Prueba6/install/my_package/lib/python3.10/site-packages/my-package.egg-link (link to .)
[34.120s] Installing nodo_cinematica script to /home/perry/Jesus/Prueba6/install/my_package/lib/my_package
[34.122s] Installing nodo_mando script to /home/perry/Jesus/Prueba6/install/my_package/lib/my_package
[34.127s] Installing pose_moveit script to /home/perry/Jesus/Prueba6/install/my_package/lib/my_package
[34.130s] 
[34.139s] Installed /home/perry/Jesus/Prueba6/build/my_package
[34.144s] running symlink_data
[34.156s] symbolically linking /home/perry/Jesus/Prueba6/build/my_package/resource/my_package -> /home/perry/Jesus/Prueba6/install/my_package/share/ament_index/resource_index/packages
[34.160s] symbolically linking /home/perry/Jesus/Prueba6/build/my_package/package.xml -> /home/perry/Jesus/Prueba6/install/my_package/share/my_package
[34.622s] Invoked command in '/home/perry/Jesus/Prueba6/build/my_package' returned '0': PYTHONPATH=/home/perry/Jesus/Prueba6/build/my_package/prefix_override:/usr/lib/python3/dist-packages/colcon_core/task/python/colcon_distutils_commands:/home/perry/Jesus/Prueba6/install/my_package/lib/python3.10/site-packages:${PYTHONPATH} /usr/bin/python3 -W ignore:setup.py install is deprecated -W ignore:easy_install command is deprecated setup.py develop --editable --build-directory /home/perry/Jesus/Prueba6/build/my_package/build --no-deps symlink_data --force
