[6.168s] DEBUG:colcon:Command line arguments: ['/usr/bin/colcon', 'list', '-p', '--base-paths', '/home/perry/Jesus/Prueba6']
[6.170s] DEBUG:colcon:Parsed command line arguments: Namespace(log_base=None, log_level=None, verb_name='list', build_base='build', ignore_user_meta=False, metas=['./colcon.meta'], base_paths=['/home/perry/Jesus/Prueba6'], packages_ignore=None, packages_ignore_regex=None, paths=None, packages_up_to=None, packages_up_to_regex=None, packages_above=None, packages_above_and_dependencies=None, packages_above_depth=None, packages_select_by_dep=None, packages_skip_by_dep=None, packages_skip_up_to=None, packages_select_build_failed=False, packages_skip_build_finished=False, packages_select_test_failures=False, packages_skip_test_passed=False, packages_select=None, packages_skip=None, packages_select_regex=None, packages_skip_regex=None, packages_start=None, packages_end=None, allow_overriding=[], topological_order=False, names_only=False, paths_only=True, topological_graph=False, topological_graph_dot=False, topological_graph_density=False, topological_graph_legend=False, topological_graph_dot_cluster=False, topological_graph_dot_include_skipped=False, mixin_files=None, mixin=None, verb_parser=<colcon_mixin.mixin.mixin_argument.MixinArgumentDecorator object at 0xffff85448fa0>, verb_extension=<colcon_package_information.verb.list.ListVerb object at 0xffff85605840>, main=<bound method ListVerb.main of <colcon_package_information.verb.list.ListVerb object at 0xffff85605840>>, mixin_verb=('list',))
[17.862s] Level 1:colcon.colcon_core.package_discovery:discover_packages(colcon_meta) check parameters
[17.863s] Level 1:colcon.colcon_core.package_discovery:discover_packages(recursive) check parameters
[17.863s] Level 1:colcon.colcon_core.package_discovery:discover_packages(ignore) check parameters
[17.864s] Level 1:colcon.colcon_core.package_discovery:discover_packages(path) check parameters
[17.864s] Level 1:colcon.colcon_core.package_discovery:discover_packages(recursive) discover
[17.864s] INFO:colcon.colcon_core.package_discovery:Crawling recursively for packages in '/home/perry/Jesus/Prueba6'
[17.865s] Level 1:colcon.colcon_core.package_identification:_identify(/home/perry/Jesus/Prueba6) by extensions ['ignore', 'ignore_ament_install']
[17.866s] Level 1:colcon.colcon_core.package_identification:_identify(/home/perry/Jesus/Prueba6) by extension 'ignore'
[17.867s] Level 1:colcon.colcon_core.package_identification:_identify(/home/perry/Jesus/Prueba6) by extension 'ignore_ament_install'
[17.868s] Level 1:colcon.colcon_core.package_identification:_identify(/home/perry/Jesus/Prueba6) by extensions ['colcon_pkg']
[17.869s] Level 1:colcon.colcon_core.package_identification:_identify(/home/perry/Jesus/Prueba6) by extension 'colcon_pkg'
[17.870s] Level 1:colcon.colcon_core.package_identification:_identify(/home/perry/Jesus/Prueba6) by extensions ['colcon_meta']
[17.871s] Level 1:colcon.colcon_core.package_identification:_identify(/home/perry/Jesus/Prueba6) by extension 'colcon_meta'
[17.872s] Level 1:colcon.colcon_core.package_identification:_identify(/home/perry/Jesus/Prueba6) by extensions ['ros']
[17.873s] Level 1:colcon.colcon_core.package_identification:_identify(/home/perry/Jesus/Prueba6) by extension 'ros'
[17.962s] Level 1:colcon.colcon_core.package_identification:_identify(/home/perry/Jesus/Prueba6) by extensions ['cmake', 'python']
[17.965s] Level 1:colcon.colcon_core.package_identification:_identify(/home/perry/Jesus/Prueba6) by extension 'cmake'
[17.965s] Level 1:colcon.colcon_core.package_identification:_identify(/home/perry/Jesus/Prueba6) by extension 'python'
[17.966s] Level 1:colcon.colcon_core.package_identification:_identify(/home/perry/Jesus/Prueba6) by extensions ['python_setup_py']
[17.967s] Level 1:colcon.colcon_core.package_identification:_identify(/home/perry/Jesus/Prueba6) by extension 'python_setup_py'
[17.968s] Level 1:colcon.colcon_core.package_identification:_identify(/home/perry/Jesus/Prueba6/build) by extensions ['ignore', 'ignore_ament_install']
[17.969s] Level 1:colcon.colcon_core.package_identification:_identify(/home/perry/Jesus/Prueba6/build) by extension 'ignore'
[17.969s] Level 1:colcon.colcon_core.package_identification:_identify(/home/perry/Jesus/Prueba6/build) ignored
[17.971s] Level 1:colcon.colcon_core.package_identification:_identify(/home/perry/Jesus/Prueba6/install) by extensions ['ignore', 'ignore_ament_install']
[17.972s] Level 1:colcon.colcon_core.package_identification:_identify(/home/perry/Jesus/Prueba6/install) by extension 'ignore'
[17.972s] Level 1:colcon.colcon_core.package_identification:_identify(/home/perry/Jesus/Prueba6/install) ignored
[17.973s] Level 1:colcon.colcon_core.package_identification:_identify(/home/perry/Jesus/Prueba6/log) by extensions ['ignore', 'ignore_ament_install']
[17.974s] Level 1:colcon.colcon_core.package_identification:_identify(/home/perry/Jesus/Prueba6/log) by extension 'ignore'
[17.975s] Level 1:colcon.colcon_core.package_identification:_identify(/home/perry/Jesus/Prueba6/log) ignored
[17.976s] Level 1:colcon.colcon_core.package_identification:_identify(/home/perry/Jesus/Prueba6/src) by extensions ['ignore', 'ignore_ament_install']
[17.977s] Level 1:colcon.colcon_core.package_identification:_identify(/home/perry/Jesus/Prueba6/src) by extension 'ignore'
[17.978s] Level 1:colcon.colcon_core.package_identification:_identify(/home/perry/Jesus/Prueba6/src) by extension 'ignore_ament_install'
[17.978s] Level 1:colcon.colcon_core.package_identification:_identify(/home/perry/Jesus/Prueba6/src) by extensions ['colcon_pkg']
[17.979s] Level 1:colcon.colcon_core.package_identification:_identify(/home/perry/Jesus/Prueba6/src) by extension 'colcon_pkg'
[17.979s] Level 1:colcon.colcon_core.package_identification:_identify(/home/perry/Jesus/Prueba6/src) by extensions ['colcon_meta']
[17.980s] Level 1:colcon.colcon_core.package_identification:_identify(/home/perry/Jesus/Prueba6/src) by extension 'colcon_meta'
[17.980s] Level 1:colcon.colcon_core.package_identification:_identify(/home/perry/Jesus/Prueba6/src) by extensions ['ros']
[17.981s] Level 1:colcon.colcon_core.package_identification:_identify(/home/perry/Jesus/Prueba6/src) by extension 'ros'
[17.982s] Level 1:colcon.colcon_core.package_identification:_identify(/home/perry/Jesus/Prueba6/src) by extensions ['cmake', 'python']
[17.982s] Level 1:colcon.colcon_core.package_identification:_identify(/home/perry/Jesus/Prueba6/src) by extension 'cmake'
[17.983s] Level 1:colcon.colcon_core.package_identification:_identify(/home/perry/Jesus/Prueba6/src) by extension 'python'
[17.984s] Level 1:colcon.colcon_core.package_identification:_identify(/home/perry/Jesus/Prueba6/src) by extensions ['python_setup_py']
[17.984s] Level 1:colcon.colcon_core.package_identification:_identify(/home/perry/Jesus/Prueba6/src) by extension 'python_setup_py'
[17.985s] Level 1:colcon.colcon_core.package_identification:_identify(/home/perry/Jesus/Prueba6/src/hello_moveit) by extensions ['ignore', 'ignore_ament_install']
[17.986s] Level 1:colcon.colcon_core.package_identification:_identify(/home/perry/Jesus/Prueba6/src/hello_moveit) by extension 'ignore'
[17.987s] Level 1:colcon.colcon_core.package_identification:_identify(/home/perry/Jesus/Prueba6/src/hello_moveit) by extension 'ignore_ament_install'
[17.987s] Level 1:colcon.colcon_core.package_identification:_identify(/home/perry/Jesus/Prueba6/src/hello_moveit) by extensions ['colcon_pkg']
[17.988s] Level 1:colcon.colcon_core.package_identification:_identify(/home/perry/Jesus/Prueba6/src/hello_moveit) by extension 'colcon_pkg'
[17.988s] Level 1:colcon.colcon_core.package_identification:_identify(/home/perry/Jesus/Prueba6/src/hello_moveit) by extensions ['colcon_meta']
[17.989s] Level 1:colcon.colcon_core.package_identification:_identify(/home/perry/Jesus/Prueba6/src/hello_moveit) by extension 'colcon_meta'
[17.989s] Level 1:colcon.colcon_core.package_identification:_identify(/home/perry/Jesus/Prueba6/src/hello_moveit) by extensions ['ros']
[17.990s] Level 1:colcon.colcon_core.package_identification:_identify(/home/perry/Jesus/Prueba6/src/hello_moveit) by extension 'ros'
[18.063s] DEBUG:colcon.colcon_core.package_identification:Package '/home/perry/Jesus/Prueba6/src/hello_moveit' with type 'ros.ament_cmake' and name 'hello_moveit'
[18.065s] Level 1:colcon.colcon_core.package_identification:_identify(/home/perry/Jesus/Prueba6/src/irc_ros_description) by extensions ['ignore', 'ignore_ament_install']
[18.065s] Level 1:colcon.colcon_core.package_identification:_identify(/home/perry/Jesus/Prueba6/src/irc_ros_description) by extension 'ignore'
[18.066s] Level 1:colcon.colcon_core.package_identification:_identify(/home/perry/Jesus/Prueba6/src/irc_ros_description) by extension 'ignore_ament_install'
[18.067s] Level 1:colcon.colcon_core.package_identification:_identify(/home/perry/Jesus/Prueba6/src/irc_ros_description) by extensions ['colcon_pkg']
[18.067s] Level 1:colcon.colcon_core.package_identification:_identify(/home/perry/Jesus/Prueba6/src/irc_ros_description) by extension 'colcon_pkg'
[18.068s] Level 1:colcon.colcon_core.package_identification:_identify(/home/perry/Jesus/Prueba6/src/irc_ros_description) by extensions ['colcon_meta']
[18.068s] Level 1:colcon.colcon_core.package_identification:_identify(/home/perry/Jesus/Prueba6/src/irc_ros_description) by extension 'colcon_meta'
[18.069s] Level 1:colcon.colcon_core.package_identification:_identify(/home/perry/Jesus/Prueba6/src/irc_ros_description) by extensions ['ros']
[18.070s] Level 1:colcon.colcon_core.package_identification:_identify(/home/perry/Jesus/Prueba6/src/irc_ros_description) by extension 'ros'
[18.074s] DEBUG:colcon.colcon_core.package_identification:Package '/home/perry/Jesus/Prueba6/src/irc_ros_description' with type 'ros.ament_cmake' and name 'irc_ros_description'
[18.075s] Level 1:colcon.colcon_core.package_identification:_identify(/home/perry/Jesus/Prueba6/src/moveit) by extensions ['ignore', 'ignore_ament_install']
[18.076s] Level 1:colcon.colcon_core.package_identification:_identify(/home/perry/Jesus/Prueba6/src/moveit) by extension 'ignore'
[18.077s] Level 1:colcon.colcon_core.package_identification:_identify(/home/perry/Jesus/Prueba6/src/moveit) by extension 'ignore_ament_install'
[18.080s] Level 1:colcon.colcon_core.package_identification:_identify(/home/perry/Jesus/Prueba6/src/moveit) by extensions ['colcon_pkg']
[18.081s] Level 1:colcon.colcon_core.package_identification:_identify(/home/perry/Jesus/Prueba6/src/moveit) by extension 'colcon_pkg'
[18.081s] Level 1:colcon.colcon_core.package_identification:_identify(/home/perry/Jesus/Prueba6/src/moveit) by extensions ['colcon_meta']
[18.082s] Level 1:colcon.colcon_core.package_identification:_identify(/home/perry/Jesus/Prueba6/src/moveit) by extension 'colcon_meta'
[18.082s] Level 1:colcon.colcon_core.package_identification:_identify(/home/perry/Jesus/Prueba6/src/moveit) by extensions ['ros']
[18.083s] Level 1:colcon.colcon_core.package_identification:_identify(/home/perry/Jesus/Prueba6/src/moveit) by extension 'ros'
[18.087s] DEBUG:colcon.colcon_core.package_identification:Package '/home/perry/Jesus/Prueba6/src/moveit' with type 'ros.ament_cmake' and name 'moveit'
[18.088s] Level 1:colcon.colcon_core.package_identification:_identify(/home/perry/Jesus/Prueba6/src/my_package) by extensions ['ignore', 'ignore_ament_install']
[18.091s] Level 1:colcon.colcon_core.package_identification:_identify(/home/perry/Jesus/Prueba6/src/my_package) by extension 'ignore'
[18.092s] Level 1:colcon.colcon_core.package_identification:_identify(/home/perry/Jesus/Prueba6/src/my_package) by extension 'ignore_ament_install'
[18.096s] Level 1:colcon.colcon_core.package_identification:_identify(/home/perry/Jesus/Prueba6/src/my_package) by extensions ['colcon_pkg']
[18.098s] Level 1:colcon.colcon_core.package_identification:_identify(/home/perry/Jesus/Prueba6/src/my_package) by extension 'colcon_pkg'
[18.101s] Level 1:colcon.colcon_core.package_identification:_identify(/home/perry/Jesus/Prueba6/src/my_package) by extensions ['colcon_meta']
[18.103s] Level 1:colcon.colcon_core.package_identification:_identify(/home/perry/Jesus/Prueba6/src/my_package) by extension 'colcon_meta'
[18.108s] Level 1:colcon.colcon_core.package_identification:_identify(/home/perry/Jesus/Prueba6/src/my_package) by extensions ['ros']
[18.109s] Level 1:colcon.colcon_core.package_identification:_identify(/home/perry/Jesus/Prueba6/src/my_package) by extension 'ros'
[18.112s] DEBUG:colcon.colcon_core.package_identification:Package '/home/perry/Jesus/Prueba6/src/my_package' with type 'ros.ament_python' and name 'my_package'
[18.113s] Level 1:colcon.colcon_core.package_discovery:discover_packages(recursive) using defaults
